[2025-08-16T12:33:04.141+0000] {processor.py:186} INFO - Started process (PID=85) to work on /home/airflow/.local/lib/python3.12/site-packages/airflow/example_dags/example_outlet_event_extra.py
[2025-08-16T12:33:04.143+0000] {processor.py:914} INFO - Processing file /home/airflow/.local/lib/python3.12/site-packages/airflow/example_dags/example_outlet_event_extra.py for tasks to queue
[2025-08-16T12:33:04.151+0000] {logging_mixin.py:190} INFO - [2025-08-16T12:33:04.151+0000] {dagbag.py:588} INFO - Filling up the DagBag from /home/airflow/.local/lib/python3.12/site-packages/airflow/example_dags/example_outlet_event_extra.py
[2025-08-16T12:33:05.079+0000] {processor.py:925} INFO - DAG(s) 'dataset_with_extra_from_classic_operator', 'dataset_with_extra_by_context', 'dataset_with_extra_by_yield' retrieved from /home/airflow/.local/lib/python3.12/site-packages/airflow/example_dags/example_outlet_event_extra.py
[2025-08-16T12:33:05.212+0000] {logging_mixin.py:190} INFO - [2025-08-16T12:33:05.211+0000] {override.py:1912} INFO - Created Permission View: can delete on DAG:dataset_with_extra_from_classic_operator
[2025-08-16T12:33:05.217+0000] {logging_mixin.py:190} INFO - [2025-08-16T12:33:05.217+0000] {override.py:1912} INFO - Created Permission View: can read on DAG:dataset_with_extra_from_classic_operator
[2025-08-16T12:33:05.226+0000] {logging_mixin.py:190} INFO - [2025-08-16T12:33:05.226+0000] {override.py:1912} INFO - Created Permission View: can edit on DAG:dataset_with_extra_from_classic_operator
[2025-08-16T12:33:05.284+0000] {logging_mixin.py:190} INFO - [2025-08-16T12:33:05.284+0000] {override.py:1912} INFO - Created Permission View: can delete on DAG Run:dataset_with_extra_from_classic_operator
[2025-08-16T12:33:05.360+0000] {logging_mixin.py:190} INFO - [2025-08-16T12:33:05.360+0000] {override.py:1912} INFO - Created Permission View: menu access on DAG Run:dataset_with_extra_from_classic_operator
[2025-08-16T12:33:05.398+0000] {logging_mixin.py:190} INFO - [2025-08-16T12:33:05.397+0000] {override.py:1912} INFO - Created Permission View: can read on DAG Run:dataset_with_extra_from_classic_operator
[2025-08-16T12:33:05.423+0000] {logging_mixin.py:190} INFO - [2025-08-16T12:33:05.423+0000] {override.py:1912} INFO - Created Permission View: can create on DAG Run:dataset_with_extra_from_classic_operator
[2025-08-16T12:33:05.430+0000] {logging_mixin.py:190} INFO - [2025-08-16T12:33:05.430+0000] {override.py:1912} INFO - Created Permission View: can delete on DAG:dataset_with_extra_by_context
[2025-08-16T12:33:05.433+0000] {logging_mixin.py:190} INFO - [2025-08-16T12:33:05.433+0000] {override.py:1912} INFO - Created Permission View: can read on DAG:dataset_with_extra_by_context
[2025-08-16T12:33:05.435+0000] {logging_mixin.py:190} INFO - [2025-08-16T12:33:05.435+0000] {override.py:1912} INFO - Created Permission View: can edit on DAG:dataset_with_extra_by_context
[2025-08-16T12:33:05.439+0000] {logging_mixin.py:190} INFO - [2025-08-16T12:33:05.439+0000] {override.py:1912} INFO - Created Permission View: can delete on DAG Run:dataset_with_extra_by_context
[2025-08-16T12:33:05.442+0000] {logging_mixin.py:190} INFO - [2025-08-16T12:33:05.442+0000] {override.py:1912} INFO - Created Permission View: menu access on DAG Run:dataset_with_extra_by_context
[2025-08-16T12:33:05.446+0000] {logging_mixin.py:190} INFO - [2025-08-16T12:33:05.445+0000] {override.py:1912} INFO - Created Permission View: can read on DAG Run:dataset_with_extra_by_context
[2025-08-16T12:33:05.448+0000] {logging_mixin.py:190} INFO - [2025-08-16T12:33:05.448+0000] {override.py:1912} INFO - Created Permission View: can create on DAG Run:dataset_with_extra_by_context
[2025-08-16T12:33:05.454+0000] {logging_mixin.py:190} INFO - [2025-08-16T12:33:05.454+0000] {override.py:1912} INFO - Created Permission View: can delete on DAG:dataset_with_extra_by_yield
[2025-08-16T12:33:05.457+0000] {logging_mixin.py:190} INFO - [2025-08-16T12:33:05.457+0000] {override.py:1912} INFO - Created Permission View: can read on DAG:dataset_with_extra_by_yield
[2025-08-16T12:33:05.462+0000] {logging_mixin.py:190} INFO - [2025-08-16T12:33:05.462+0000] {override.py:1912} INFO - Created Permission View: can edit on DAG:dataset_with_extra_by_yield
[2025-08-16T12:33:05.467+0000] {logging_mixin.py:190} INFO - [2025-08-16T12:33:05.466+0000] {override.py:1912} INFO - Created Permission View: can delete on DAG Run:dataset_with_extra_by_yield
[2025-08-16T12:33:05.474+0000] {logging_mixin.py:190} INFO - [2025-08-16T12:33:05.474+0000] {override.py:1912} INFO - Created Permission View: menu access on DAG Run:dataset_with_extra_by_yield
[2025-08-16T12:33:05.478+0000] {logging_mixin.py:190} INFO - [2025-08-16T12:33:05.478+0000] {override.py:1912} INFO - Created Permission View: can read on DAG Run:dataset_with_extra_by_yield
[2025-08-16T12:33:05.486+0000] {logging_mixin.py:190} INFO - [2025-08-16T12:33:05.486+0000] {override.py:1912} INFO - Created Permission View: can create on DAG Run:dataset_with_extra_by_yield
[2025-08-16T12:33:05.487+0000] {logging_mixin.py:190} INFO - [2025-08-16T12:33:05.487+0000] {dag.py:3239} INFO - Sync 3 DAGs
[2025-08-16T12:33:05.497+0000] {logging_mixin.py:190} INFO - [2025-08-16T12:33:05.496+0000] {dag.py:3262} INFO - Creating ORM DAG for dataset_with_extra_by_context
[2025-08-16T12:33:05.497+0000] {logging_mixin.py:190} INFO - [2025-08-16T12:33:05.497+0000] {dag.py:3262} INFO - Creating ORM DAG for dataset_with_extra_from_classic_operator
[2025-08-16T12:33:05.497+0000] {logging_mixin.py:190} INFO - [2025-08-16T12:33:05.497+0000] {dag.py:3262} INFO - Creating ORM DAG for dataset_with_extra_by_yield
[2025-08-16T12:33:05.505+0000] {logging_mixin.py:190} INFO - [2025-08-16T12:33:05.505+0000] {dag.py:4180} INFO - Setting next_dagrun for dataset_with_extra_by_context to 2025-08-15 00:00:00+00:00, run_after=2025-08-16 00:00:00+00:00
[2025-08-16T12:33:05.507+0000] {logging_mixin.py:190} INFO - [2025-08-16T12:33:05.507+0000] {dag.py:4180} INFO - Setting next_dagrun for dataset_with_extra_by_yield to 2025-08-15 00:00:00+00:00, run_after=2025-08-16 00:00:00+00:00
[2025-08-16T12:33:05.508+0000] {logging_mixin.py:190} INFO - [2025-08-16T12:33:05.508+0000] {dag.py:4180} INFO - Setting next_dagrun for dataset_with_extra_from_classic_operator to 2025-08-15 00:00:00+00:00, run_after=2025-08-16 00:00:00+00:00
[2025-08-16T12:33:05.529+0000] {processor.py:208} INFO - Processing /home/airflow/.local/lib/python3.12/site-packages/airflow/example_dags/example_outlet_event_extra.py took 1.393 seconds
[2025-08-16T12:33:36.171+0000] {processor.py:186} INFO - Started process (PID=150) to work on /home/airflow/.local/lib/python3.12/site-packages/airflow/example_dags/example_outlet_event_extra.py
[2025-08-16T12:33:36.173+0000] {processor.py:914} INFO - Processing file /home/airflow/.local/lib/python3.12/site-packages/airflow/example_dags/example_outlet_event_extra.py for tasks to queue
[2025-08-16T12:33:36.176+0000] {logging_mixin.py:190} INFO - [2025-08-16T12:33:36.175+0000] {dagbag.py:588} INFO - Filling up the DagBag from /home/airflow/.local/lib/python3.12/site-packages/airflow/example_dags/example_outlet_event_extra.py
[2025-08-16T12:33:36.660+0000] {processor.py:925} INFO - DAG(s) 'dataset_with_extra_by_context', 'dataset_with_extra_from_classic_operator', 'dataset_with_extra_by_yield' retrieved from /home/airflow/.local/lib/python3.12/site-packages/airflow/example_dags/example_outlet_event_extra.py
[2025-08-16T12:33:36.676+0000] {logging_mixin.py:190} INFO - [2025-08-16T12:33:36.676+0000] {dag.py:3239} INFO - Sync 3 DAGs
[2025-08-16T12:33:36.689+0000] {logging_mixin.py:190} INFO - [2025-08-16T12:33:36.689+0000] {dag.py:4180} INFO - Setting next_dagrun for dataset_with_extra_by_context to 2025-08-15 00:00:00+00:00, run_after=2025-08-16 00:00:00+00:00
[2025-08-16T12:33:36.693+0000] {logging_mixin.py:190} INFO - [2025-08-16T12:33:36.693+0000] {dag.py:4180} INFO - Setting next_dagrun for dataset_with_extra_by_yield to 2025-08-15 00:00:00+00:00, run_after=2025-08-16 00:00:00+00:00
[2025-08-16T12:33:36.694+0000] {logging_mixin.py:190} INFO - [2025-08-16T12:33:36.694+0000] {dag.py:4180} INFO - Setting next_dagrun for dataset_with_extra_from_classic_operator to 2025-08-15 00:00:00+00:00, run_after=2025-08-16 00:00:00+00:00
[2025-08-16T12:33:36.704+0000] {processor.py:208} INFO - Processing /home/airflow/.local/lib/python3.12/site-packages/airflow/example_dags/example_outlet_event_extra.py took 0.541 seconds
[2025-08-16T12:34:07.524+0000] {processor.py:186} INFO - Started process (PID=218) to work on /home/airflow/.local/lib/python3.12/site-packages/airflow/example_dags/example_outlet_event_extra.py
[2025-08-16T12:34:07.527+0000] {processor.py:914} INFO - Processing file /home/airflow/.local/lib/python3.12/site-packages/airflow/example_dags/example_outlet_event_extra.py for tasks to queue
[2025-08-16T12:34:07.529+0000] {logging_mixin.py:190} INFO - [2025-08-16T12:34:07.529+0000] {dagbag.py:588} INFO - Filling up the DagBag from /home/airflow/.local/lib/python3.12/site-packages/airflow/example_dags/example_outlet_event_extra.py
[2025-08-16T12:34:08.026+0000] {processor.py:925} INFO - DAG(s) 'dataset_with_extra_by_yield', 'dataset_with_extra_from_classic_operator', 'dataset_with_extra_by_context' retrieved from /home/airflow/.local/lib/python3.12/site-packages/airflow/example_dags/example_outlet_event_extra.py
[2025-08-16T12:34:08.041+0000] {logging_mixin.py:190} INFO - [2025-08-16T12:34:08.040+0000] {dag.py:3239} INFO - Sync 3 DAGs
[2025-08-16T12:34:08.053+0000] {logging_mixin.py:190} INFO - [2025-08-16T12:34:08.053+0000] {dag.py:4180} INFO - Setting next_dagrun for dataset_with_extra_by_context to 2025-08-15 00:00:00+00:00, run_after=2025-08-16 00:00:00+00:00
[2025-08-16T12:34:08.055+0000] {logging_mixin.py:190} INFO - [2025-08-16T12:34:08.055+0000] {dag.py:4180} INFO - Setting next_dagrun for dataset_with_extra_by_yield to 2025-08-15 00:00:00+00:00, run_after=2025-08-16 00:00:00+00:00
[2025-08-16T12:34:08.057+0000] {logging_mixin.py:190} INFO - [2025-08-16T12:34:08.056+0000] {dag.py:4180} INFO - Setting next_dagrun for dataset_with_extra_from_classic_operator to 2025-08-15 00:00:00+00:00, run_after=2025-08-16 00:00:00+00:00
[2025-08-16T12:34:08.066+0000] {processor.py:208} INFO - Processing /home/airflow/.local/lib/python3.12/site-packages/airflow/example_dags/example_outlet_event_extra.py took 0.546 seconds
[2025-08-16T12:34:38.090+0000] {processor.py:186} INFO - Started process (PID=287) to work on /home/airflow/.local/lib/python3.12/site-packages/airflow/example_dags/example_outlet_event_extra.py
[2025-08-16T12:34:38.091+0000] {processor.py:914} INFO - Processing file /home/airflow/.local/lib/python3.12/site-packages/airflow/example_dags/example_outlet_event_extra.py for tasks to queue
[2025-08-16T12:34:38.094+0000] {logging_mixin.py:190} INFO - [2025-08-16T12:34:38.094+0000] {dagbag.py:588} INFO - Filling up the DagBag from /home/airflow/.local/lib/python3.12/site-packages/airflow/example_dags/example_outlet_event_extra.py
[2025-08-16T12:34:38.608+0000] {processor.py:925} INFO - DAG(s) 'dataset_with_extra_by_context', 'dataset_with_extra_by_yield', 'dataset_with_extra_from_classic_operator' retrieved from /home/airflow/.local/lib/python3.12/site-packages/airflow/example_dags/example_outlet_event_extra.py
[2025-08-16T12:34:38.626+0000] {logging_mixin.py:190} INFO - [2025-08-16T12:34:38.625+0000] {dag.py:3239} INFO - Sync 3 DAGs
[2025-08-16T12:34:38.641+0000] {logging_mixin.py:190} INFO - [2025-08-16T12:34:38.641+0000] {dag.py:4180} INFO - Setting next_dagrun for dataset_with_extra_by_context to 2025-08-15 00:00:00+00:00, run_after=2025-08-16 00:00:00+00:00
[2025-08-16T12:34:38.644+0000] {logging_mixin.py:190} INFO - [2025-08-16T12:34:38.644+0000] {dag.py:4180} INFO - Setting next_dagrun for dataset_with_extra_by_yield to 2025-08-15 00:00:00+00:00, run_after=2025-08-16 00:00:00+00:00
[2025-08-16T12:34:38.645+0000] {logging_mixin.py:190} INFO - [2025-08-16T12:34:38.645+0000] {dag.py:4180} INFO - Setting next_dagrun for dataset_with_extra_from_classic_operator to 2025-08-15 00:00:00+00:00, run_after=2025-08-16 00:00:00+00:00
[2025-08-16T12:34:38.655+0000] {processor.py:208} INFO - Processing /home/airflow/.local/lib/python3.12/site-packages/airflow/example_dags/example_outlet_event_extra.py took 0.570 seconds
[2025-08-16T12:35:08.884+0000] {processor.py:186} INFO - Started process (PID=350) to work on /home/airflow/.local/lib/python3.12/site-packages/airflow/example_dags/example_outlet_event_extra.py
[2025-08-16T12:35:08.886+0000] {processor.py:914} INFO - Processing file /home/airflow/.local/lib/python3.12/site-packages/airflow/example_dags/example_outlet_event_extra.py for tasks to queue
[2025-08-16T12:35:08.888+0000] {logging_mixin.py:190} INFO - [2025-08-16T12:35:08.888+0000] {dagbag.py:588} INFO - Filling up the DagBag from /home/airflow/.local/lib/python3.12/site-packages/airflow/example_dags/example_outlet_event_extra.py
[2025-08-16T12:35:09.441+0000] {processor.py:925} INFO - DAG(s) 'dataset_with_extra_from_classic_operator', 'dataset_with_extra_by_yield', 'dataset_with_extra_by_context' retrieved from /home/airflow/.local/lib/python3.12/site-packages/airflow/example_dags/example_outlet_event_extra.py
[2025-08-16T12:35:09.461+0000] {logging_mixin.py:190} INFO - [2025-08-16T12:35:09.460+0000] {dag.py:3239} INFO - Sync 3 DAGs
[2025-08-16T12:35:09.476+0000] {logging_mixin.py:190} INFO - [2025-08-16T12:35:09.476+0000] {dag.py:4180} INFO - Setting next_dagrun for dataset_with_extra_by_context to 2025-08-15 00:00:00+00:00, run_after=2025-08-16 00:00:00+00:00
[2025-08-16T12:35:09.478+0000] {logging_mixin.py:190} INFO - [2025-08-16T12:35:09.478+0000] {dag.py:4180} INFO - Setting next_dagrun for dataset_with_extra_by_yield to 2025-08-15 00:00:00+00:00, run_after=2025-08-16 00:00:00+00:00
[2025-08-16T12:35:09.479+0000] {logging_mixin.py:190} INFO - [2025-08-16T12:35:09.479+0000] {dag.py:4180} INFO - Setting next_dagrun for dataset_with_extra_from_classic_operator to 2025-08-15 00:00:00+00:00, run_after=2025-08-16 00:00:00+00:00
[2025-08-16T12:35:09.488+0000] {processor.py:208} INFO - Processing /home/airflow/.local/lib/python3.12/site-packages/airflow/example_dags/example_outlet_event_extra.py took 0.607 seconds
[2025-08-16T12:35:40.160+0000] {processor.py:186} INFO - Started process (PID=412) to work on /home/airflow/.local/lib/python3.12/site-packages/airflow/example_dags/example_outlet_event_extra.py
[2025-08-16T12:35:40.162+0000] {processor.py:914} INFO - Processing file /home/airflow/.local/lib/python3.12/site-packages/airflow/example_dags/example_outlet_event_extra.py for tasks to queue
[2025-08-16T12:35:40.164+0000] {logging_mixin.py:190} INFO - [2025-08-16T12:35:40.164+0000] {dagbag.py:588} INFO - Filling up the DagBag from /home/airflow/.local/lib/python3.12/site-packages/airflow/example_dags/example_outlet_event_extra.py
[2025-08-16T12:35:40.899+0000] {processor.py:925} INFO - DAG(s) 'dataset_with_extra_by_context', 'dataset_with_extra_from_classic_operator', 'dataset_with_extra_by_yield' retrieved from /home/airflow/.local/lib/python3.12/site-packages/airflow/example_dags/example_outlet_event_extra.py
[2025-08-16T12:35:40.922+0000] {logging_mixin.py:190} INFO - [2025-08-16T12:35:40.922+0000] {dag.py:3239} INFO - Sync 3 DAGs
[2025-08-16T12:35:40.937+0000] {logging_mixin.py:190} INFO - [2025-08-16T12:35:40.937+0000] {dag.py:4180} INFO - Setting next_dagrun for dataset_with_extra_by_context to 2025-08-15 00:00:00+00:00, run_after=2025-08-16 00:00:00+00:00
[2025-08-16T12:35:40.941+0000] {logging_mixin.py:190} INFO - [2025-08-16T12:35:40.941+0000] {dag.py:4180} INFO - Setting next_dagrun for dataset_with_extra_by_yield to 2025-08-15 00:00:00+00:00, run_after=2025-08-16 00:00:00+00:00
[2025-08-16T12:35:40.943+0000] {logging_mixin.py:190} INFO - [2025-08-16T12:35:40.943+0000] {dag.py:4180} INFO - Setting next_dagrun for dataset_with_extra_from_classic_operator to 2025-08-15 00:00:00+00:00, run_after=2025-08-16 00:00:00+00:00
[2025-08-16T12:35:40.955+0000] {processor.py:208} INFO - Processing /home/airflow/.local/lib/python3.12/site-packages/airflow/example_dags/example_outlet_event_extra.py took 0.804 seconds
[2025-08-16T12:36:11.262+0000] {processor.py:186} INFO - Started process (PID=475) to work on /home/airflow/.local/lib/python3.12/site-packages/airflow/example_dags/example_outlet_event_extra.py
[2025-08-16T12:36:11.264+0000] {processor.py:914} INFO - Processing file /home/airflow/.local/lib/python3.12/site-packages/airflow/example_dags/example_outlet_event_extra.py for tasks to queue
[2025-08-16T12:36:11.266+0000] {logging_mixin.py:190} INFO - [2025-08-16T12:36:11.266+0000] {dagbag.py:588} INFO - Filling up the DagBag from /home/airflow/.local/lib/python3.12/site-packages/airflow/example_dags/example_outlet_event_extra.py
[2025-08-16T12:36:11.603+0000] {processor.py:925} INFO - DAG(s) 'dataset_with_extra_by_context', 'dataset_with_extra_from_classic_operator', 'dataset_with_extra_by_yield' retrieved from /home/airflow/.local/lib/python3.12/site-packages/airflow/example_dags/example_outlet_event_extra.py
[2025-08-16T12:36:11.615+0000] {logging_mixin.py:190} INFO - [2025-08-16T12:36:11.614+0000] {dag.py:3239} INFO - Sync 3 DAGs
[2025-08-16T12:36:11.625+0000] {logging_mixin.py:190} INFO - [2025-08-16T12:36:11.625+0000] {dag.py:4180} INFO - Setting next_dagrun for dataset_with_extra_by_context to 2025-08-15 00:00:00+00:00, run_after=2025-08-16 00:00:00+00:00
[2025-08-16T12:36:11.627+0000] {logging_mixin.py:190} INFO - [2025-08-16T12:36:11.627+0000] {dag.py:4180} INFO - Setting next_dagrun for dataset_with_extra_by_yield to 2025-08-15 00:00:00+00:00, run_after=2025-08-16 00:00:00+00:00
[2025-08-16T12:36:11.628+0000] {logging_mixin.py:190} INFO - [2025-08-16T12:36:11.628+0000] {dag.py:4180} INFO - Setting next_dagrun for dataset_with_extra_from_classic_operator to 2025-08-15 00:00:00+00:00, run_after=2025-08-16 00:00:00+00:00
[2025-08-16T12:36:11.637+0000] {processor.py:208} INFO - Processing /home/airflow/.local/lib/python3.12/site-packages/airflow/example_dags/example_outlet_event_extra.py took 0.383 seconds
