[2025-08-16T12:33:00.637+0000] {processor.py:186} INFO - Started process (PID=67) to work on /home/airflow/.local/lib/python3.12/site-packages/airflow/example_dags/example_latest_only.py
[2025-08-16T12:33:00.640+0000] {processor.py:914} INFO - Processing file /home/airflow/.local/lib/python3.12/site-packages/airflow/example_dags/example_latest_only.py for tasks to queue
[2025-08-16T12:33:00.650+0000] {logging_mixin.py:190} INFO - [2025-08-16T12:33:00.650+0000] {dagbag.py:588} INFO - Filling up the DagBag from /home/airflow/.local/lib/python3.12/site-packages/airflow/example_dags/example_latest_only.py
[2025-08-16T12:33:00.673+0000] {processor.py:925} INFO - DAG(s) 'latest_only' retrieved from /home/airflow/.local/lib/python3.12/site-packages/airflow/example_dags/example_latest_only.py
[2025-08-16T12:33:01.078+0000] {logging_mixin.py:190} INFO - [2025-08-16T12:33:01.076+0000] {override.py:1912} INFO - Created Permission View: can delete on DAG:latest_only
[2025-08-16T12:33:01.108+0000] {logging_mixin.py:190} INFO - [2025-08-16T12:33:01.107+0000] {override.py:1912} INFO - Created Permission View: can read on DAG:latest_only
[2025-08-16T12:33:01.121+0000] {logging_mixin.py:190} INFO - [2025-08-16T12:33:01.120+0000] {override.py:1912} INFO - Created Permission View: can edit on DAG:latest_only
[2025-08-16T12:33:01.136+0000] {logging_mixin.py:190} INFO - [2025-08-16T12:33:01.136+0000] {override.py:1912} INFO - Created Permission View: can delete on DAG Run:latest_only
[2025-08-16T12:33:01.148+0000] {logging_mixin.py:190} INFO - [2025-08-16T12:33:01.148+0000] {override.py:1912} INFO - Created Permission View: menu access on DAG Run:latest_only
[2025-08-16T12:33:01.158+0000] {logging_mixin.py:190} INFO - [2025-08-16T12:33:01.156+0000] {override.py:1912} INFO - Created Permission View: can read on DAG Run:latest_only
[2025-08-16T12:33:01.174+0000] {logging_mixin.py:190} INFO - [2025-08-16T12:33:01.173+0000] {override.py:1912} INFO - Created Permission View: can create on DAG Run:latest_only
[2025-08-16T12:33:01.174+0000] {logging_mixin.py:190} INFO - [2025-08-16T12:33:01.174+0000] {dag.py:3239} INFO - Sync 1 DAGs
[2025-08-16T12:33:01.234+0000] {logging_mixin.py:190} INFO - [2025-08-16T12:33:01.233+0000] {dag.py:3262} INFO - Creating ORM DAG for latest_only
[2025-08-16T12:33:01.274+0000] {logging_mixin.py:190} INFO - [2025-08-16T12:33:01.274+0000] {dag.py:4180} INFO - Setting next_dagrun for latest_only to 2025-08-16 08:00:00+00:00, run_after=2025-08-16 12:00:00+00:00
[2025-08-16T12:33:01.322+0000] {processor.py:208} INFO - Processing /home/airflow/.local/lib/python3.12/site-packages/airflow/example_dags/example_latest_only.py took 0.709 seconds
[2025-08-16T12:33:31.594+0000] {processor.py:186} INFO - Started process (PID=130) to work on /home/airflow/.local/lib/python3.12/site-packages/airflow/example_dags/example_latest_only.py
[2025-08-16T12:33:31.595+0000] {processor.py:914} INFO - Processing file /home/airflow/.local/lib/python3.12/site-packages/airflow/example_dags/example_latest_only.py for tasks to queue
[2025-08-16T12:33:31.597+0000] {logging_mixin.py:190} INFO - [2025-08-16T12:33:31.597+0000] {dagbag.py:588} INFO - Filling up the DagBag from /home/airflow/.local/lib/python3.12/site-packages/airflow/example_dags/example_latest_only.py
[2025-08-16T12:33:31.606+0000] {processor.py:925} INFO - DAG(s) 'latest_only' retrieved from /home/airflow/.local/lib/python3.12/site-packages/airflow/example_dags/example_latest_only.py
[2025-08-16T12:33:31.627+0000] {logging_mixin.py:190} INFO - [2025-08-16T12:33:31.627+0000] {dag.py:3239} INFO - Sync 1 DAGs
[2025-08-16T12:33:31.642+0000] {logging_mixin.py:190} INFO - [2025-08-16T12:33:31.642+0000] {dag.py:4180} INFO - Setting next_dagrun for latest_only to 2025-08-16 08:00:00+00:00, run_after=2025-08-16 12:00:00+00:00
[2025-08-16T12:33:31.654+0000] {processor.py:208} INFO - Processing /home/airflow/.local/lib/python3.12/site-packages/airflow/example_dags/example_latest_only.py took 0.066 seconds
[2025-08-16T12:34:01.867+0000] {processor.py:186} INFO - Started process (PID=192) to work on /home/airflow/.local/lib/python3.12/site-packages/airflow/example_dags/example_latest_only.py
[2025-08-16T12:34:01.869+0000] {processor.py:914} INFO - Processing file /home/airflow/.local/lib/python3.12/site-packages/airflow/example_dags/example_latest_only.py for tasks to queue
[2025-08-16T12:34:01.872+0000] {logging_mixin.py:190} INFO - [2025-08-16T12:34:01.872+0000] {dagbag.py:588} INFO - Filling up the DagBag from /home/airflow/.local/lib/python3.12/site-packages/airflow/example_dags/example_latest_only.py
[2025-08-16T12:34:01.880+0000] {processor.py:925} INFO - DAG(s) 'latest_only' retrieved from /home/airflow/.local/lib/python3.12/site-packages/airflow/example_dags/example_latest_only.py
[2025-08-16T12:34:01.895+0000] {logging_mixin.py:190} INFO - [2025-08-16T12:34:01.895+0000] {dag.py:3239} INFO - Sync 1 DAGs
[2025-08-16T12:34:01.909+0000] {logging_mixin.py:190} INFO - [2025-08-16T12:34:01.909+0000] {dag.py:4180} INFO - Setting next_dagrun for latest_only to 2025-08-16 08:00:00+00:00, run_after=2025-08-16 12:00:00+00:00
[2025-08-16T12:34:01.920+0000] {processor.py:208} INFO - Processing /home/airflow/.local/lib/python3.12/site-packages/airflow/example_dags/example_latest_only.py took 0.059 seconds
[2025-08-16T12:34:32.776+0000] {processor.py:186} INFO - Started process (PID=255) to work on /home/airflow/.local/lib/python3.12/site-packages/airflow/example_dags/example_latest_only.py
[2025-08-16T12:34:32.778+0000] {processor.py:914} INFO - Processing file /home/airflow/.local/lib/python3.12/site-packages/airflow/example_dags/example_latest_only.py for tasks to queue
[2025-08-16T12:34:32.784+0000] {logging_mixin.py:190} INFO - [2025-08-16T12:34:32.783+0000] {dagbag.py:588} INFO - Filling up the DagBag from /home/airflow/.local/lib/python3.12/site-packages/airflow/example_dags/example_latest_only.py
[2025-08-16T12:34:32.807+0000] {processor.py:925} INFO - DAG(s) 'latest_only' retrieved from /home/airflow/.local/lib/python3.12/site-packages/airflow/example_dags/example_latest_only.py
[2025-08-16T12:34:32.867+0000] {logging_mixin.py:190} INFO - [2025-08-16T12:34:32.866+0000] {dag.py:3239} INFO - Sync 1 DAGs
[2025-08-16T12:34:32.893+0000] {logging_mixin.py:190} INFO - [2025-08-16T12:34:32.893+0000] {dag.py:4180} INFO - Setting next_dagrun for latest_only to 2025-08-16 08:00:00+00:00, run_after=2025-08-16 12:00:00+00:00
[2025-08-16T12:34:32.911+0000] {processor.py:208} INFO - Processing /home/airflow/.local/lib/python3.12/site-packages/airflow/example_dags/example_latest_only.py took 0.147 seconds
[2025-08-16T12:35:03.461+0000] {processor.py:186} INFO - Started process (PID=318) to work on /home/airflow/.local/lib/python3.12/site-packages/airflow/example_dags/example_latest_only.py
[2025-08-16T12:35:03.462+0000] {processor.py:914} INFO - Processing file /home/airflow/.local/lib/python3.12/site-packages/airflow/example_dags/example_latest_only.py for tasks to queue
[2025-08-16T12:35:03.464+0000] {logging_mixin.py:190} INFO - [2025-08-16T12:35:03.464+0000] {dagbag.py:588} INFO - Filling up the DagBag from /home/airflow/.local/lib/python3.12/site-packages/airflow/example_dags/example_latest_only.py
[2025-08-16T12:35:03.472+0000] {processor.py:925} INFO - DAG(s) 'latest_only' retrieved from /home/airflow/.local/lib/python3.12/site-packages/airflow/example_dags/example_latest_only.py
[2025-08-16T12:35:03.492+0000] {logging_mixin.py:190} INFO - [2025-08-16T12:35:03.491+0000] {dag.py:3239} INFO - Sync 1 DAGs
[2025-08-16T12:35:03.512+0000] {logging_mixin.py:190} INFO - [2025-08-16T12:35:03.512+0000] {dag.py:4180} INFO - Setting next_dagrun for latest_only to 2025-08-16 08:00:00+00:00, run_after=2025-08-16 12:00:00+00:00
[2025-08-16T12:35:03.525+0000] {processor.py:208} INFO - Processing /home/airflow/.local/lib/python3.12/site-packages/airflow/example_dags/example_latest_only.py took 0.070 seconds
[2025-08-16T12:35:34.126+0000] {processor.py:186} INFO - Started process (PID=380) to work on /home/airflow/.local/lib/python3.12/site-packages/airflow/example_dags/example_latest_only.py
[2025-08-16T12:35:34.128+0000] {processor.py:914} INFO - Processing file /home/airflow/.local/lib/python3.12/site-packages/airflow/example_dags/example_latest_only.py for tasks to queue
[2025-08-16T12:35:34.132+0000] {logging_mixin.py:190} INFO - [2025-08-16T12:35:34.132+0000] {dagbag.py:588} INFO - Filling up the DagBag from /home/airflow/.local/lib/python3.12/site-packages/airflow/example_dags/example_latest_only.py
[2025-08-16T12:35:34.158+0000] {processor.py:925} INFO - DAG(s) 'latest_only' retrieved from /home/airflow/.local/lib/python3.12/site-packages/airflow/example_dags/example_latest_only.py
[2025-08-16T12:35:34.178+0000] {logging_mixin.py:190} INFO - [2025-08-16T12:35:34.178+0000] {dag.py:3239} INFO - Sync 1 DAGs
[2025-08-16T12:35:34.194+0000] {logging_mixin.py:190} INFO - [2025-08-16T12:35:34.194+0000] {dag.py:4180} INFO - Setting next_dagrun for latest_only to 2025-08-16 08:00:00+00:00, run_after=2025-08-16 12:00:00+00:00
[2025-08-16T12:35:34.206+0000] {processor.py:208} INFO - Processing /home/airflow/.local/lib/python3.12/site-packages/airflow/example_dags/example_latest_only.py took 0.086 seconds
[2025-08-16T12:36:04.484+0000] {processor.py:186} INFO - Started process (PID=443) to work on /home/airflow/.local/lib/python3.12/site-packages/airflow/example_dags/example_latest_only.py
[2025-08-16T12:36:04.487+0000] {processor.py:914} INFO - Processing file /home/airflow/.local/lib/python3.12/site-packages/airflow/example_dags/example_latest_only.py for tasks to queue
[2025-08-16T12:36:04.490+0000] {logging_mixin.py:190} INFO - [2025-08-16T12:36:04.489+0000] {dagbag.py:588} INFO - Filling up the DagBag from /home/airflow/.local/lib/python3.12/site-packages/airflow/example_dags/example_latest_only.py
[2025-08-16T12:36:04.499+0000] {processor.py:925} INFO - DAG(s) 'latest_only' retrieved from /home/airflow/.local/lib/python3.12/site-packages/airflow/example_dags/example_latest_only.py
[2025-08-16T12:36:04.523+0000] {logging_mixin.py:190} INFO - [2025-08-16T12:36:04.523+0000] {dag.py:3239} INFO - Sync 1 DAGs
[2025-08-16T12:36:04.541+0000] {logging_mixin.py:190} INFO - [2025-08-16T12:36:04.541+0000] {dag.py:4180} INFO - Setting next_dagrun for latest_only to 2025-08-16 08:00:00+00:00, run_after=2025-08-16 12:00:00+00:00
[2025-08-16T12:36:04.558+0000] {processor.py:208} INFO - Processing /home/airflow/.local/lib/python3.12/site-packages/airflow/example_dags/example_latest_only.py took 0.078 seconds
[2025-08-16T12:36:34.935+0000] {processor.py:186} INFO - Started process (PID=506) to work on /home/airflow/.local/lib/python3.12/site-packages/airflow/example_dags/example_latest_only.py
[2025-08-16T12:36:34.937+0000] {processor.py:914} INFO - Processing file /home/airflow/.local/lib/python3.12/site-packages/airflow/example_dags/example_latest_only.py for tasks to queue
[2025-08-16T12:36:34.952+0000] {logging_mixin.py:190} INFO - [2025-08-16T12:36:34.952+0000] {dagbag.py:588} INFO - Filling up the DagBag from /home/airflow/.local/lib/python3.12/site-packages/airflow/example_dags/example_latest_only.py
[2025-08-16T12:36:34.963+0000] {processor.py:925} INFO - DAG(s) 'latest_only' retrieved from /home/airflow/.local/lib/python3.12/site-packages/airflow/example_dags/example_latest_only.py
[2025-08-16T12:36:34.981+0000] {logging_mixin.py:190} INFO - [2025-08-16T12:36:34.981+0000] {dag.py:3239} INFO - Sync 1 DAGs
[2025-08-16T12:36:35.006+0000] {logging_mixin.py:190} INFO - [2025-08-16T12:36:35.006+0000] {dag.py:4180} INFO - Setting next_dagrun for latest_only to 2025-08-16 08:00:00+00:00, run_after=2025-08-16 12:00:00+00:00
[2025-08-16T12:36:35.016+0000] {processor.py:208} INFO - Processing /home/airflow/.local/lib/python3.12/site-packages/airflow/example_dags/example_latest_only.py took 0.093 seconds
