[2025-08-16T12:33:03.374+0000] {processor.py:186} INFO - Started process (PID=77) to work on /home/airflow/.local/lib/python3.12/site-packages/airflow/example_dags/example_branch_day_of_week_operator.py
[2025-08-16T12:33:03.375+0000] {processor.py:914} INFO - Processing file /home/airflow/.local/lib/python3.12/site-packages/airflow/example_dags/example_branch_day_of_week_operator.py for tasks to queue
[2025-08-16T12:33:03.377+0000] {logging_mixin.py:190} INFO - [2025-08-16T12:33:03.377+0000] {dagbag.py:588} INFO - Filling up the DagBag from /home/airflow/.local/lib/python3.12/site-packages/airflow/example_dags/example_branch_day_of_week_operator.py
[2025-08-16T12:33:03.386+0000] {processor.py:925} INFO - DAG(s) 'example_weekday_branch_operator' retrieved from /home/airflow/.local/lib/python3.12/site-packages/airflow/example_dags/example_branch_day_of_week_operator.py
[2025-08-16T12:33:03.454+0000] {logging_mixin.py:190} INFO - [2025-08-16T12:33:03.453+0000] {override.py:1912} INFO - Created Permission View: can delete on DAG:example_weekday_branch_operator
[2025-08-16T12:33:03.466+0000] {logging_mixin.py:190} INFO - [2025-08-16T12:33:03.466+0000] {override.py:1912} INFO - Created Permission View: can read on DAG:example_weekday_branch_operator
[2025-08-16T12:33:03.471+0000] {logging_mixin.py:190} INFO - [2025-08-16T12:33:03.471+0000] {override.py:1912} INFO - Created Permission View: can edit on DAG:example_weekday_branch_operator
[2025-08-16T12:33:03.477+0000] {logging_mixin.py:190} INFO - [2025-08-16T12:33:03.476+0000] {override.py:1912} INFO - Created Permission View: can delete on DAG Run:example_weekday_branch_operator
[2025-08-16T12:33:03.481+0000] {logging_mixin.py:190} INFO - [2025-08-16T12:33:03.481+0000] {override.py:1912} INFO - Created Permission View: menu access on DAG Run:example_weekday_branch_operator
[2025-08-16T12:33:03.486+0000] {logging_mixin.py:190} INFO - [2025-08-16T12:33:03.486+0000] {override.py:1912} INFO - Created Permission View: can read on DAG Run:example_weekday_branch_operator
[2025-08-16T12:33:03.491+0000] {logging_mixin.py:190} INFO - [2025-08-16T12:33:03.491+0000] {override.py:1912} INFO - Created Permission View: can create on DAG Run:example_weekday_branch_operator
[2025-08-16T12:33:03.491+0000] {logging_mixin.py:190} INFO - [2025-08-16T12:33:03.491+0000] {dag.py:3239} INFO - Sync 1 DAGs
[2025-08-16T12:33:03.502+0000] {logging_mixin.py:190} INFO - [2025-08-16T12:33:03.502+0000] {dag.py:3262} INFO - Creating ORM DAG for example_weekday_branch_operator
[2025-08-16T12:33:03.510+0000] {logging_mixin.py:190} INFO - [2025-08-16T12:33:03.510+0000] {dag.py:4180} INFO - Setting next_dagrun for example_weekday_branch_operator to 2025-08-15 00:00:00+00:00, run_after=2025-08-16 00:00:00+00:00
[2025-08-16T12:33:03.529+0000] {processor.py:208} INFO - Processing /home/airflow/.local/lib/python3.12/site-packages/airflow/example_dags/example_branch_day_of_week_operator.py took 0.164 seconds
[2025-08-16T12:33:33.865+0000] {processor.py:186} INFO - Started process (PID=140) to work on /home/airflow/.local/lib/python3.12/site-packages/airflow/example_dags/example_branch_day_of_week_operator.py
[2025-08-16T12:33:33.866+0000] {processor.py:914} INFO - Processing file /home/airflow/.local/lib/python3.12/site-packages/airflow/example_dags/example_branch_day_of_week_operator.py for tasks to queue
[2025-08-16T12:33:33.867+0000] {logging_mixin.py:190} INFO - [2025-08-16T12:33:33.867+0000] {dagbag.py:588} INFO - Filling up the DagBag from /home/airflow/.local/lib/python3.12/site-packages/airflow/example_dags/example_branch_day_of_week_operator.py
[2025-08-16T12:33:33.873+0000] {processor.py:925} INFO - DAG(s) 'example_weekday_branch_operator' retrieved from /home/airflow/.local/lib/python3.12/site-packages/airflow/example_dags/example_branch_day_of_week_operator.py
[2025-08-16T12:33:33.886+0000] {logging_mixin.py:190} INFO - [2025-08-16T12:33:33.886+0000] {dag.py:3239} INFO - Sync 1 DAGs
[2025-08-16T12:33:33.898+0000] {logging_mixin.py:190} INFO - [2025-08-16T12:33:33.898+0000] {dag.py:4180} INFO - Setting next_dagrun for example_weekday_branch_operator to 2025-08-15 00:00:00+00:00, run_after=2025-08-16 00:00:00+00:00
[2025-08-16T12:33:33.907+0000] {processor.py:208} INFO - Processing /home/airflow/.local/lib/python3.12/site-packages/airflow/example_dags/example_branch_day_of_week_operator.py took 0.045 seconds
[2025-08-16T12:34:04.701+0000] {processor.py:186} INFO - Started process (PID=203) to work on /home/airflow/.local/lib/python3.12/site-packages/airflow/example_dags/example_branch_day_of_week_operator.py
[2025-08-16T12:34:04.702+0000] {processor.py:914} INFO - Processing file /home/airflow/.local/lib/python3.12/site-packages/airflow/example_dags/example_branch_day_of_week_operator.py for tasks to queue
[2025-08-16T12:34:04.705+0000] {logging_mixin.py:190} INFO - [2025-08-16T12:34:04.704+0000] {dagbag.py:588} INFO - Filling up the DagBag from /home/airflow/.local/lib/python3.12/site-packages/airflow/example_dags/example_branch_day_of_week_operator.py
[2025-08-16T12:34:04.717+0000] {processor.py:925} INFO - DAG(s) 'example_weekday_branch_operator' retrieved from /home/airflow/.local/lib/python3.12/site-packages/airflow/example_dags/example_branch_day_of_week_operator.py
[2025-08-16T12:34:04.732+0000] {logging_mixin.py:190} INFO - [2025-08-16T12:34:04.732+0000] {dag.py:3239} INFO - Sync 1 DAGs
[2025-08-16T12:34:04.746+0000] {logging_mixin.py:190} INFO - [2025-08-16T12:34:04.746+0000] {dag.py:4180} INFO - Setting next_dagrun for example_weekday_branch_operator to 2025-08-15 00:00:00+00:00, run_after=2025-08-16 00:00:00+00:00
[2025-08-16T12:34:04.756+0000] {processor.py:208} INFO - Processing /home/airflow/.local/lib/python3.12/site-packages/airflow/example_dags/example_branch_day_of_week_operator.py took 0.061 seconds
[2025-08-16T12:34:35.719+0000] {processor.py:186} INFO - Started process (PID=266) to work on /home/airflow/.local/lib/python3.12/site-packages/airflow/example_dags/example_branch_day_of_week_operator.py
[2025-08-16T12:34:35.720+0000] {processor.py:914} INFO - Processing file /home/airflow/.local/lib/python3.12/site-packages/airflow/example_dags/example_branch_day_of_week_operator.py for tasks to queue
[2025-08-16T12:34:35.722+0000] {logging_mixin.py:190} INFO - [2025-08-16T12:34:35.722+0000] {dagbag.py:588} INFO - Filling up the DagBag from /home/airflow/.local/lib/python3.12/site-packages/airflow/example_dags/example_branch_day_of_week_operator.py
[2025-08-16T12:34:35.732+0000] {processor.py:925} INFO - DAG(s) 'example_weekday_branch_operator' retrieved from /home/airflow/.local/lib/python3.12/site-packages/airflow/example_dags/example_branch_day_of_week_operator.py
[2025-08-16T12:34:35.749+0000] {logging_mixin.py:190} INFO - [2025-08-16T12:34:35.749+0000] {dag.py:3239} INFO - Sync 1 DAGs
[2025-08-16T12:34:35.765+0000] {logging_mixin.py:190} INFO - [2025-08-16T12:34:35.765+0000] {dag.py:4180} INFO - Setting next_dagrun for example_weekday_branch_operator to 2025-08-15 00:00:00+00:00, run_after=2025-08-16 00:00:00+00:00
[2025-08-16T12:34:35.777+0000] {processor.py:208} INFO - Processing /home/airflow/.local/lib/python3.12/site-packages/airflow/example_dags/example_branch_day_of_week_operator.py took 0.062 seconds
[2025-08-16T12:35:06.440+0000] {processor.py:186} INFO - Started process (PID=328) to work on /home/airflow/.local/lib/python3.12/site-packages/airflow/example_dags/example_branch_day_of_week_operator.py
[2025-08-16T12:35:06.441+0000] {processor.py:914} INFO - Processing file /home/airflow/.local/lib/python3.12/site-packages/airflow/example_dags/example_branch_day_of_week_operator.py for tasks to queue
[2025-08-16T12:35:06.444+0000] {logging_mixin.py:190} INFO - [2025-08-16T12:35:06.444+0000] {dagbag.py:588} INFO - Filling up the DagBag from /home/airflow/.local/lib/python3.12/site-packages/airflow/example_dags/example_branch_day_of_week_operator.py
[2025-08-16T12:35:06.468+0000] {processor.py:925} INFO - DAG(s) 'example_weekday_branch_operator' retrieved from /home/airflow/.local/lib/python3.12/site-packages/airflow/example_dags/example_branch_day_of_week_operator.py
[2025-08-16T12:35:06.491+0000] {logging_mixin.py:190} INFO - [2025-08-16T12:35:06.491+0000] {dag.py:3239} INFO - Sync 1 DAGs
[2025-08-16T12:35:06.510+0000] {logging_mixin.py:190} INFO - [2025-08-16T12:35:06.510+0000] {dag.py:4180} INFO - Setting next_dagrun for example_weekday_branch_operator to 2025-08-15 00:00:00+00:00, run_after=2025-08-16 00:00:00+00:00
[2025-08-16T12:35:06.520+0000] {processor.py:208} INFO - Processing /home/airflow/.local/lib/python3.12/site-packages/airflow/example_dags/example_branch_day_of_week_operator.py took 0.091 seconds
[2025-08-16T12:35:36.774+0000] {processor.py:186} INFO - Started process (PID=390) to work on /home/airflow/.local/lib/python3.12/site-packages/airflow/example_dags/example_branch_day_of_week_operator.py
[2025-08-16T12:35:36.776+0000] {processor.py:914} INFO - Processing file /home/airflow/.local/lib/python3.12/site-packages/airflow/example_dags/example_branch_day_of_week_operator.py for tasks to queue
[2025-08-16T12:35:36.779+0000] {logging_mixin.py:190} INFO - [2025-08-16T12:35:36.778+0000] {dagbag.py:588} INFO - Filling up the DagBag from /home/airflow/.local/lib/python3.12/site-packages/airflow/example_dags/example_branch_day_of_week_operator.py
[2025-08-16T12:35:36.805+0000] {processor.py:925} INFO - DAG(s) 'example_weekday_branch_operator' retrieved from /home/airflow/.local/lib/python3.12/site-packages/airflow/example_dags/example_branch_day_of_week_operator.py
[2025-08-16T12:35:36.834+0000] {logging_mixin.py:190} INFO - [2025-08-16T12:35:36.834+0000] {dag.py:3239} INFO - Sync 1 DAGs
[2025-08-16T12:35:36.857+0000] {logging_mixin.py:190} INFO - [2025-08-16T12:35:36.857+0000] {dag.py:4180} INFO - Setting next_dagrun for example_weekday_branch_operator to 2025-08-15 00:00:00+00:00, run_after=2025-08-16 00:00:00+00:00
[2025-08-16T12:35:36.888+0000] {processor.py:208} INFO - Processing /home/airflow/.local/lib/python3.12/site-packages/airflow/example_dags/example_branch_day_of_week_operator.py took 0.123 seconds
[2025-08-16T12:36:06.953+0000] {processor.py:186} INFO - Started process (PID=452) to work on /home/airflow/.local/lib/python3.12/site-packages/airflow/example_dags/example_branch_day_of_week_operator.py
[2025-08-16T12:36:06.956+0000] {processor.py:914} INFO - Processing file /home/airflow/.local/lib/python3.12/site-packages/airflow/example_dags/example_branch_day_of_week_operator.py for tasks to queue
[2025-08-16T12:36:06.958+0000] {logging_mixin.py:190} INFO - [2025-08-16T12:36:06.958+0000] {dagbag.py:588} INFO - Filling up the DagBag from /home/airflow/.local/lib/python3.12/site-packages/airflow/example_dags/example_branch_day_of_week_operator.py
[2025-08-16T12:36:06.970+0000] {processor.py:925} INFO - DAG(s) 'example_weekday_branch_operator' retrieved from /home/airflow/.local/lib/python3.12/site-packages/airflow/example_dags/example_branch_day_of_week_operator.py
[2025-08-16T12:36:06.994+0000] {logging_mixin.py:190} INFO - [2025-08-16T12:36:06.994+0000] {dag.py:3239} INFO - Sync 1 DAGs
[2025-08-16T12:36:07.007+0000] {logging_mixin.py:190} INFO - [2025-08-16T12:36:07.007+0000] {dag.py:4180} INFO - Setting next_dagrun for example_weekday_branch_operator to 2025-08-15 00:00:00+00:00, run_after=2025-08-16 00:00:00+00:00
[2025-08-16T12:36:07.017+0000] {processor.py:208} INFO - Processing /home/airflow/.local/lib/python3.12/site-packages/airflow/example_dags/example_branch_day_of_week_operator.py took 0.072 seconds
[2025-08-16T12:36:37.351+0000] {processor.py:186} INFO - Started process (PID=515) to work on /home/airflow/.local/lib/python3.12/site-packages/airflow/example_dags/example_branch_day_of_week_operator.py
[2025-08-16T12:36:37.354+0000] {processor.py:914} INFO - Processing file /home/airflow/.local/lib/python3.12/site-packages/airflow/example_dags/example_branch_day_of_week_operator.py for tasks to queue
[2025-08-16T12:36:37.356+0000] {logging_mixin.py:190} INFO - [2025-08-16T12:36:37.356+0000] {dagbag.py:588} INFO - Filling up the DagBag from /home/airflow/.local/lib/python3.12/site-packages/airflow/example_dags/example_branch_day_of_week_operator.py
[2025-08-16T12:36:37.362+0000] {processor.py:925} INFO - DAG(s) 'example_weekday_branch_operator' retrieved from /home/airflow/.local/lib/python3.12/site-packages/airflow/example_dags/example_branch_day_of_week_operator.py
[2025-08-16T12:36:37.375+0000] {logging_mixin.py:190} INFO - [2025-08-16T12:36:37.375+0000] {dag.py:3239} INFO - Sync 1 DAGs
[2025-08-16T12:36:37.388+0000] {logging_mixin.py:190} INFO - [2025-08-16T12:36:37.388+0000] {dag.py:4180} INFO - Setting next_dagrun for example_weekday_branch_operator to 2025-08-15 00:00:00+00:00, run_after=2025-08-16 00:00:00+00:00
[2025-08-16T12:36:37.401+0000] {processor.py:208} INFO - Processing /home/airflow/.local/lib/python3.12/site-packages/airflow/example_dags/example_branch_day_of_week_operator.py took 0.063 seconds
