[2025-08-16T12:33:03.735+0000] {processor.py:186} INFO - Started process (PID=81) to work on /home/airflow/.local/lib/python3.12/site-packages/airflow/example_dags/example_skip_dag.py
[2025-08-16T12:33:03.735+0000] {processor.py:914} INFO - Processing file /home/airflow/.local/lib/python3.12/site-packages/airflow/example_dags/example_skip_dag.py for tasks to queue
[2025-08-16T12:33:03.737+0000] {logging_mixin.py:190} INFO - [2025-08-16T12:33:03.737+0000] {dagbag.py:588} INFO - Filling up the DagBag from /home/airflow/.local/lib/python3.12/site-packages/airflow/example_dags/example_skip_dag.py
[2025-08-16T12:33:03.747+0000] {processor.py:925} INFO - DAG(s) 'example_skip_dag' retrieved from /home/airflow/.local/lib/python3.12/site-packages/airflow/example_dags/example_skip_dag.py
[2025-08-16T12:33:03.821+0000] {logging_mixin.py:190} INFO - [2025-08-16T12:33:03.821+0000] {override.py:1912} INFO - Created Permission View: can delete on DAG:example_skip_dag
[2025-08-16T12:33:03.827+0000] {logging_mixin.py:190} INFO - [2025-08-16T12:33:03.826+0000] {override.py:1912} INFO - Created Permission View: can read on DAG:example_skip_dag
[2025-08-16T12:33:03.829+0000] {logging_mixin.py:190} INFO - [2025-08-16T12:33:03.829+0000] {override.py:1912} INFO - Created Permission View: can edit on DAG:example_skip_dag
[2025-08-16T12:33:03.833+0000] {logging_mixin.py:190} INFO - [2025-08-16T12:33:03.833+0000] {override.py:1912} INFO - Created Permission View: can delete on DAG Run:example_skip_dag
[2025-08-16T12:33:03.840+0000] {logging_mixin.py:190} INFO - [2025-08-16T12:33:03.840+0000] {override.py:1912} INFO - Created Permission View: menu access on DAG Run:example_skip_dag
[2025-08-16T12:33:03.845+0000] {logging_mixin.py:190} INFO - [2025-08-16T12:33:03.844+0000] {override.py:1912} INFO - Created Permission View: can read on DAG Run:example_skip_dag
[2025-08-16T12:33:03.849+0000] {logging_mixin.py:190} INFO - [2025-08-16T12:33:03.849+0000] {override.py:1912} INFO - Created Permission View: can create on DAG Run:example_skip_dag
[2025-08-16T12:33:03.849+0000] {logging_mixin.py:190} INFO - [2025-08-16T12:33:03.849+0000] {dag.py:3239} INFO - Sync 1 DAGs
[2025-08-16T12:33:03.861+0000] {logging_mixin.py:190} INFO - [2025-08-16T12:33:03.861+0000] {dag.py:3262} INFO - Creating ORM DAG for example_skip_dag
[2025-08-16T12:33:03.867+0000] {logging_mixin.py:190} INFO - [2025-08-16T12:33:03.867+0000] {dag.py:4180} INFO - Setting next_dagrun for example_skip_dag to 2025-08-15 00:00:00+00:00, run_after=2025-08-16 00:00:00+00:00
[2025-08-16T12:33:03.876+0000] {processor.py:208} INFO - Processing /home/airflow/.local/lib/python3.12/site-packages/airflow/example_dags/example_skip_dag.py took 0.146 seconds
[2025-08-16T12:33:33.977+0000] {processor.py:186} INFO - Started process (PID=144) to work on /home/airflow/.local/lib/python3.12/site-packages/airflow/example_dags/example_skip_dag.py
[2025-08-16T12:33:33.978+0000] {processor.py:914} INFO - Processing file /home/airflow/.local/lib/python3.12/site-packages/airflow/example_dags/example_skip_dag.py for tasks to queue
[2025-08-16T12:33:33.979+0000] {logging_mixin.py:190} INFO - [2025-08-16T12:33:33.979+0000] {dagbag.py:588} INFO - Filling up the DagBag from /home/airflow/.local/lib/python3.12/site-packages/airflow/example_dags/example_skip_dag.py
[2025-08-16T12:33:33.983+0000] {processor.py:925} INFO - DAG(s) 'example_skip_dag' retrieved from /home/airflow/.local/lib/python3.12/site-packages/airflow/example_dags/example_skip_dag.py
[2025-08-16T12:33:33.999+0000] {logging_mixin.py:190} INFO - [2025-08-16T12:33:33.998+0000] {dag.py:3239} INFO - Sync 1 DAGs
[2025-08-16T12:33:34.010+0000] {logging_mixin.py:190} INFO - [2025-08-16T12:33:34.010+0000] {dag.py:4180} INFO - Setting next_dagrun for example_skip_dag to 2025-08-15 00:00:00+00:00, run_after=2025-08-16 00:00:00+00:00
[2025-08-16T12:33:34.018+0000] {processor.py:208} INFO - Processing /home/airflow/.local/lib/python3.12/site-packages/airflow/example_dags/example_skip_dag.py took 0.044 seconds
[2025-08-16T12:34:04.972+0000] {processor.py:186} INFO - Started process (PID=207) to work on /home/airflow/.local/lib/python3.12/site-packages/airflow/example_dags/example_skip_dag.py
[2025-08-16T12:34:04.973+0000] {processor.py:914} INFO - Processing file /home/airflow/.local/lib/python3.12/site-packages/airflow/example_dags/example_skip_dag.py for tasks to queue
[2025-08-16T12:34:04.974+0000] {logging_mixin.py:190} INFO - [2025-08-16T12:34:04.974+0000] {dagbag.py:588} INFO - Filling up the DagBag from /home/airflow/.local/lib/python3.12/site-packages/airflow/example_dags/example_skip_dag.py
[2025-08-16T12:34:04.978+0000] {processor.py:925} INFO - DAG(s) 'example_skip_dag' retrieved from /home/airflow/.local/lib/python3.12/site-packages/airflow/example_dags/example_skip_dag.py
[2025-08-16T12:34:04.999+0000] {logging_mixin.py:190} INFO - [2025-08-16T12:34:04.999+0000] {dag.py:3239} INFO - Sync 1 DAGs
[2025-08-16T12:34:05.015+0000] {logging_mixin.py:190} INFO - [2025-08-16T12:34:05.015+0000] {dag.py:4180} INFO - Setting next_dagrun for example_skip_dag to 2025-08-15 00:00:00+00:00, run_after=2025-08-16 00:00:00+00:00
[2025-08-16T12:34:05.026+0000] {processor.py:208} INFO - Processing /home/airflow/.local/lib/python3.12/site-packages/airflow/example_dags/example_skip_dag.py took 0.058 seconds
[2025-08-16T12:34:36.162+0000] {processor.py:186} INFO - Started process (PID=270) to work on /home/airflow/.local/lib/python3.12/site-packages/airflow/example_dags/example_skip_dag.py
[2025-08-16T12:34:36.164+0000] {processor.py:914} INFO - Processing file /home/airflow/.local/lib/python3.12/site-packages/airflow/example_dags/example_skip_dag.py for tasks to queue
[2025-08-16T12:34:36.166+0000] {logging_mixin.py:190} INFO - [2025-08-16T12:34:36.166+0000] {dagbag.py:588} INFO - Filling up the DagBag from /home/airflow/.local/lib/python3.12/site-packages/airflow/example_dags/example_skip_dag.py
[2025-08-16T12:34:36.174+0000] {processor.py:925} INFO - DAG(s) 'example_skip_dag' retrieved from /home/airflow/.local/lib/python3.12/site-packages/airflow/example_dags/example_skip_dag.py
[2025-08-16T12:34:36.190+0000] {logging_mixin.py:190} INFO - [2025-08-16T12:34:36.190+0000] {dag.py:3239} INFO - Sync 1 DAGs
[2025-08-16T12:34:36.207+0000] {logging_mixin.py:190} INFO - [2025-08-16T12:34:36.207+0000] {dag.py:4180} INFO - Setting next_dagrun for example_skip_dag to 2025-08-15 00:00:00+00:00, run_after=2025-08-16 00:00:00+00:00
[2025-08-16T12:34:36.220+0000] {processor.py:208} INFO - Processing /home/airflow/.local/lib/python3.12/site-packages/airflow/example_dags/example_skip_dag.py took 0.066 seconds
[2025-08-16T12:35:06.658+0000] {processor.py:186} INFO - Started process (PID=332) to work on /home/airflow/.local/lib/python3.12/site-packages/airflow/example_dags/example_skip_dag.py
[2025-08-16T12:35:06.659+0000] {processor.py:914} INFO - Processing file /home/airflow/.local/lib/python3.12/site-packages/airflow/example_dags/example_skip_dag.py for tasks to queue
[2025-08-16T12:35:06.660+0000] {logging_mixin.py:190} INFO - [2025-08-16T12:35:06.660+0000] {dagbag.py:588} INFO - Filling up the DagBag from /home/airflow/.local/lib/python3.12/site-packages/airflow/example_dags/example_skip_dag.py
[2025-08-16T12:35:06.665+0000] {processor.py:925} INFO - DAG(s) 'example_skip_dag' retrieved from /home/airflow/.local/lib/python3.12/site-packages/airflow/example_dags/example_skip_dag.py
[2025-08-16T12:35:06.679+0000] {logging_mixin.py:190} INFO - [2025-08-16T12:35:06.679+0000] {dag.py:3239} INFO - Sync 1 DAGs
[2025-08-16T12:35:06.695+0000] {logging_mixin.py:190} INFO - [2025-08-16T12:35:06.695+0000] {dag.py:4180} INFO - Setting next_dagrun for example_skip_dag to 2025-08-15 00:00:00+00:00, run_after=2025-08-16 00:00:00+00:00
[2025-08-16T12:35:06.708+0000] {processor.py:208} INFO - Processing /home/airflow/.local/lib/python3.12/site-packages/airflow/example_dags/example_skip_dag.py took 0.053 seconds
[2025-08-16T12:35:37.161+0000] {processor.py:186} INFO - Started process (PID=394) to work on /home/airflow/.local/lib/python3.12/site-packages/airflow/example_dags/example_skip_dag.py
[2025-08-16T12:35:37.164+0000] {processor.py:914} INFO - Processing file /home/airflow/.local/lib/python3.12/site-packages/airflow/example_dags/example_skip_dag.py for tasks to queue
[2025-08-16T12:35:37.167+0000] {logging_mixin.py:190} INFO - [2025-08-16T12:35:37.167+0000] {dagbag.py:588} INFO - Filling up the DagBag from /home/airflow/.local/lib/python3.12/site-packages/airflow/example_dags/example_skip_dag.py
[2025-08-16T12:35:37.173+0000] {processor.py:925} INFO - DAG(s) 'example_skip_dag' retrieved from /home/airflow/.local/lib/python3.12/site-packages/airflow/example_dags/example_skip_dag.py
[2025-08-16T12:35:37.192+0000] {logging_mixin.py:190} INFO - [2025-08-16T12:35:37.192+0000] {dag.py:3239} INFO - Sync 1 DAGs
[2025-08-16T12:35:37.207+0000] {logging_mixin.py:190} INFO - [2025-08-16T12:35:37.207+0000] {dag.py:4180} INFO - Setting next_dagrun for example_skip_dag to 2025-08-15 00:00:00+00:00, run_after=2025-08-16 00:00:00+00:00
[2025-08-16T12:35:37.221+0000] {processor.py:208} INFO - Processing /home/airflow/.local/lib/python3.12/site-packages/airflow/example_dags/example_skip_dag.py took 0.071 seconds
[2025-08-16T12:36:08.630+0000] {processor.py:186} INFO - Started process (PID=458) to work on /home/airflow/.local/lib/python3.12/site-packages/airflow/example_dags/example_skip_dag.py
[2025-08-16T12:36:08.631+0000] {processor.py:914} INFO - Processing file /home/airflow/.local/lib/python3.12/site-packages/airflow/example_dags/example_skip_dag.py for tasks to queue
[2025-08-16T12:36:08.633+0000] {logging_mixin.py:190} INFO - [2025-08-16T12:36:08.633+0000] {dagbag.py:588} INFO - Filling up the DagBag from /home/airflow/.local/lib/python3.12/site-packages/airflow/example_dags/example_skip_dag.py
[2025-08-16T12:36:08.641+0000] {processor.py:925} INFO - DAG(s) 'example_skip_dag' retrieved from /home/airflow/.local/lib/python3.12/site-packages/airflow/example_dags/example_skip_dag.py
[2025-08-16T12:36:08.664+0000] {logging_mixin.py:190} INFO - [2025-08-16T12:36:08.664+0000] {dag.py:3239} INFO - Sync 1 DAGs
[2025-08-16T12:36:08.677+0000] {logging_mixin.py:190} INFO - [2025-08-16T12:36:08.677+0000] {dag.py:4180} INFO - Setting next_dagrun for example_skip_dag to 2025-08-15 00:00:00+00:00, run_after=2025-08-16 00:00:00+00:00
[2025-08-16T12:36:08.686+0000] {processor.py:208} INFO - Processing /home/airflow/.local/lib/python3.12/site-packages/airflow/example_dags/example_skip_dag.py took 0.060 seconds
[2025-08-16T12:36:40.058+0000] {processor.py:186} INFO - Started process (PID=521) to work on /home/airflow/.local/lib/python3.12/site-packages/airflow/example_dags/example_skip_dag.py
[2025-08-16T12:36:40.059+0000] {processor.py:914} INFO - Processing file /home/airflow/.local/lib/python3.12/site-packages/airflow/example_dags/example_skip_dag.py for tasks to queue
[2025-08-16T12:36:40.062+0000] {logging_mixin.py:190} INFO - [2025-08-16T12:36:40.061+0000] {dagbag.py:588} INFO - Filling up the DagBag from /home/airflow/.local/lib/python3.12/site-packages/airflow/example_dags/example_skip_dag.py
[2025-08-16T12:36:40.067+0000] {processor.py:925} INFO - DAG(s) 'example_skip_dag' retrieved from /home/airflow/.local/lib/python3.12/site-packages/airflow/example_dags/example_skip_dag.py
[2025-08-16T12:36:40.079+0000] {logging_mixin.py:190} INFO - [2025-08-16T12:36:40.079+0000] {dag.py:3239} INFO - Sync 1 DAGs
[2025-08-16T12:36:40.093+0000] {logging_mixin.py:190} INFO - [2025-08-16T12:36:40.093+0000] {dag.py:4180} INFO - Setting next_dagrun for example_skip_dag to 2025-08-15 00:00:00+00:00, run_after=2025-08-16 00:00:00+00:00
[2025-08-16T12:36:40.104+0000] {processor.py:208} INFO - Processing /home/airflow/.local/lib/python3.12/site-packages/airflow/example_dags/example_skip_dag.py took 0.049 seconds
