[2025-08-16T12:33:05.836+0000] {processor.py:186} INFO - Started process (PID=94) to work on /home/airflow/.local/lib/python3.12/site-packages/airflow/example_dags/example_xcomargs.py
[2025-08-16T12:33:05.837+0000] {processor.py:914} INFO - Processing file /home/airflow/.local/lib/python3.12/site-packages/airflow/example_dags/example_xcomargs.py for tasks to queue
[2025-08-16T12:33:05.839+0000] {logging_mixin.py:190} INFO - [2025-08-16T12:33:05.839+0000] {dagbag.py:588} INFO - Filling up the DagBag from /home/airflow/.local/lib/python3.12/site-packages/airflow/example_dags/example_xcomargs.py
[2025-08-16T12:33:05.847+0000] {processor.py:925} INFO - DAG(s) 'example_xcom_args_with_operators', 'example_xcom_args' retrieved from /home/airflow/.local/lib/python3.12/site-packages/airflow/example_dags/example_xcomargs.py
[2025-08-16T12:33:05.913+0000] {logging_mixin.py:190} INFO - [2025-08-16T12:33:05.912+0000] {override.py:1912} INFO - Created Permission View: can delete on DAG:example_xcom_args_with_operators
[2025-08-16T12:33:05.919+0000] {logging_mixin.py:190} INFO - [2025-08-16T12:33:05.919+0000] {override.py:1912} INFO - Created Permission View: can read on DAG:example_xcom_args_with_operators
[2025-08-16T12:33:05.924+0000] {logging_mixin.py:190} INFO - [2025-08-16T12:33:05.923+0000] {override.py:1912} INFO - Created Permission View: can edit on DAG:example_xcom_args_with_operators
[2025-08-16T12:33:05.931+0000] {logging_mixin.py:190} INFO - [2025-08-16T12:33:05.931+0000] {override.py:1912} INFO - Created Permission View: can delete on DAG Run:example_xcom_args_with_operators
[2025-08-16T12:33:05.935+0000] {logging_mixin.py:190} INFO - [2025-08-16T12:33:05.935+0000] {override.py:1912} INFO - Created Permission View: menu access on DAG Run:example_xcom_args_with_operators
[2025-08-16T12:33:05.941+0000] {logging_mixin.py:190} INFO - [2025-08-16T12:33:05.941+0000] {override.py:1912} INFO - Created Permission View: can read on DAG Run:example_xcom_args_with_operators
[2025-08-16T12:33:05.946+0000] {logging_mixin.py:190} INFO - [2025-08-16T12:33:05.945+0000] {override.py:1912} INFO - Created Permission View: can create on DAG Run:example_xcom_args_with_operators
[2025-08-16T12:33:05.957+0000] {logging_mixin.py:190} INFO - [2025-08-16T12:33:05.957+0000] {override.py:1912} INFO - Created Permission View: can delete on DAG:example_xcom_args
[2025-08-16T12:33:05.962+0000] {logging_mixin.py:190} INFO - [2025-08-16T12:33:05.962+0000] {override.py:1912} INFO - Created Permission View: can read on DAG:example_xcom_args
[2025-08-16T12:33:05.966+0000] {logging_mixin.py:190} INFO - [2025-08-16T12:33:05.965+0000] {override.py:1912} INFO - Created Permission View: can edit on DAG:example_xcom_args
[2025-08-16T12:33:05.969+0000] {logging_mixin.py:190} INFO - [2025-08-16T12:33:05.969+0000] {override.py:1912} INFO - Created Permission View: can delete on DAG Run:example_xcom_args
[2025-08-16T12:33:05.972+0000] {logging_mixin.py:190} INFO - [2025-08-16T12:33:05.972+0000] {override.py:1912} INFO - Created Permission View: menu access on DAG Run:example_xcom_args
[2025-08-16T12:33:05.977+0000] {logging_mixin.py:190} INFO - [2025-08-16T12:33:05.976+0000] {override.py:1912} INFO - Created Permission View: can read on DAG Run:example_xcom_args
[2025-08-16T12:33:05.985+0000] {logging_mixin.py:190} INFO - [2025-08-16T12:33:05.984+0000] {override.py:1912} INFO - Created Permission View: can create on DAG Run:example_xcom_args
[2025-08-16T12:33:05.985+0000] {logging_mixin.py:190} INFO - [2025-08-16T12:33:05.985+0000] {dag.py:3239} INFO - Sync 2 DAGs
[2025-08-16T12:33:05.998+0000] {logging_mixin.py:190} INFO - [2025-08-16T12:33:05.997+0000] {dag.py:3262} INFO - Creating ORM DAG for example_xcom_args_with_operators
[2025-08-16T12:33:06.003+0000] {logging_mixin.py:190} INFO - [2025-08-16T12:33:06.003+0000] {dag.py:3262} INFO - Creating ORM DAG for example_xcom_args
[2025-08-16T12:33:06.003+0000] {logging_mixin.py:190} INFO - [2025-08-16T12:33:06.003+0000] {dag.py:4180} INFO - Setting next_dagrun for example_xcom_args to None, run_after=None
[2025-08-16T12:33:06.004+0000] {logging_mixin.py:190} INFO - [2025-08-16T12:33:06.004+0000] {dag.py:4180} INFO - Setting next_dagrun for example_xcom_args_with_operators to None, run_after=None
[2025-08-16T12:33:06.019+0000] {processor.py:208} INFO - Processing /home/airflow/.local/lib/python3.12/site-packages/airflow/example_dags/example_xcomargs.py took 0.189 seconds
[2025-08-16T12:33:36.573+0000] {processor.py:186} INFO - Started process (PID=157) to work on /home/airflow/.local/lib/python3.12/site-packages/airflow/example_dags/example_xcomargs.py
[2025-08-16T12:33:36.574+0000] {processor.py:914} INFO - Processing file /home/airflow/.local/lib/python3.12/site-packages/airflow/example_dags/example_xcomargs.py for tasks to queue
[2025-08-16T12:33:36.576+0000] {logging_mixin.py:190} INFO - [2025-08-16T12:33:36.576+0000] {dagbag.py:588} INFO - Filling up the DagBag from /home/airflow/.local/lib/python3.12/site-packages/airflow/example_dags/example_xcomargs.py
[2025-08-16T12:33:36.582+0000] {processor.py:925} INFO - DAG(s) 'example_xcom_args_with_operators', 'example_xcom_args' retrieved from /home/airflow/.local/lib/python3.12/site-packages/airflow/example_dags/example_xcomargs.py
[2025-08-16T12:33:36.598+0000] {logging_mixin.py:190} INFO - [2025-08-16T12:33:36.597+0000] {dag.py:3239} INFO - Sync 2 DAGs
[2025-08-16T12:33:36.606+0000] {logging_mixin.py:190} INFO - [2025-08-16T12:33:36.605+0000] {dag.py:4180} INFO - Setting next_dagrun for example_xcom_args to None, run_after=None
[2025-08-16T12:33:36.608+0000] {logging_mixin.py:190} INFO - [2025-08-16T12:33:36.608+0000] {dag.py:4180} INFO - Setting next_dagrun for example_xcom_args_with_operators to None, run_after=None
[2025-08-16T12:33:36.617+0000] {processor.py:208} INFO - Processing /home/airflow/.local/lib/python3.12/site-packages/airflow/example_dags/example_xcomargs.py took 0.048 seconds
[2025-08-16T12:34:07.655+0000] {processor.py:186} INFO - Started process (PID=220) to work on /home/airflow/.local/lib/python3.12/site-packages/airflow/example_dags/example_xcomargs.py
[2025-08-16T12:34:07.656+0000] {processor.py:914} INFO - Processing file /home/airflow/.local/lib/python3.12/site-packages/airflow/example_dags/example_xcomargs.py for tasks to queue
[2025-08-16T12:34:07.659+0000] {logging_mixin.py:190} INFO - [2025-08-16T12:34:07.658+0000] {dagbag.py:588} INFO - Filling up the DagBag from /home/airflow/.local/lib/python3.12/site-packages/airflow/example_dags/example_xcomargs.py
[2025-08-16T12:34:07.669+0000] {processor.py:925} INFO - DAG(s) 'example_xcom_args_with_operators', 'example_xcom_args' retrieved from /home/airflow/.local/lib/python3.12/site-packages/airflow/example_dags/example_xcomargs.py
[2025-08-16T12:34:07.689+0000] {logging_mixin.py:190} INFO - [2025-08-16T12:34:07.689+0000] {dag.py:3239} INFO - Sync 2 DAGs
[2025-08-16T12:34:07.701+0000] {logging_mixin.py:190} INFO - [2025-08-16T12:34:07.701+0000] {dag.py:4180} INFO - Setting next_dagrun for example_xcom_args to None, run_after=None
[2025-08-16T12:34:07.704+0000] {logging_mixin.py:190} INFO - [2025-08-16T12:34:07.704+0000] {dag.py:4180} INFO - Setting next_dagrun for example_xcom_args_with_operators to None, run_after=None
[2025-08-16T12:34:07.716+0000] {processor.py:208} INFO - Processing /home/airflow/.local/lib/python3.12/site-packages/airflow/example_dags/example_xcomargs.py took 0.072 seconds
[2025-08-16T12:34:37.781+0000] {processor.py:186} INFO - Started process (PID=282) to work on /home/airflow/.local/lib/python3.12/site-packages/airflow/example_dags/example_xcomargs.py
[2025-08-16T12:34:37.783+0000] {processor.py:914} INFO - Processing file /home/airflow/.local/lib/python3.12/site-packages/airflow/example_dags/example_xcomargs.py for tasks to queue
[2025-08-16T12:34:37.785+0000] {logging_mixin.py:190} INFO - [2025-08-16T12:34:37.785+0000] {dagbag.py:588} INFO - Filling up the DagBag from /home/airflow/.local/lib/python3.12/site-packages/airflow/example_dags/example_xcomargs.py
[2025-08-16T12:34:37.799+0000] {processor.py:925} INFO - DAG(s) 'example_xcom_args', 'example_xcom_args_with_operators' retrieved from /home/airflow/.local/lib/python3.12/site-packages/airflow/example_dags/example_xcomargs.py
[2025-08-16T12:34:37.817+0000] {logging_mixin.py:190} INFO - [2025-08-16T12:34:37.816+0000] {dag.py:3239} INFO - Sync 2 DAGs
[2025-08-16T12:34:37.831+0000] {logging_mixin.py:190} INFO - [2025-08-16T12:34:37.831+0000] {dag.py:4180} INFO - Setting next_dagrun for example_xcom_args to None, run_after=None
[2025-08-16T12:34:37.835+0000] {logging_mixin.py:190} INFO - [2025-08-16T12:34:37.834+0000] {dag.py:4180} INFO - Setting next_dagrun for example_xcom_args_with_operators to None, run_after=None
[2025-08-16T12:34:37.847+0000] {processor.py:208} INFO - Processing /home/airflow/.local/lib/python3.12/site-packages/airflow/example_dags/example_xcomargs.py took 0.073 seconds
[2025-08-16T12:35:08.640+0000] {processor.py:186} INFO - Started process (PID=345) to work on /home/airflow/.local/lib/python3.12/site-packages/airflow/example_dags/example_xcomargs.py
[2025-08-16T12:35:08.641+0000] {processor.py:914} INFO - Processing file /home/airflow/.local/lib/python3.12/site-packages/airflow/example_dags/example_xcomargs.py for tasks to queue
[2025-08-16T12:35:08.643+0000] {logging_mixin.py:190} INFO - [2025-08-16T12:35:08.643+0000] {dagbag.py:588} INFO - Filling up the DagBag from /home/airflow/.local/lib/python3.12/site-packages/airflow/example_dags/example_xcomargs.py
[2025-08-16T12:35:08.658+0000] {processor.py:925} INFO - DAG(s) 'example_xcom_args', 'example_xcom_args_with_operators' retrieved from /home/airflow/.local/lib/python3.12/site-packages/airflow/example_dags/example_xcomargs.py
[2025-08-16T12:35:08.684+0000] {logging_mixin.py:190} INFO - [2025-08-16T12:35:08.684+0000] {dag.py:3239} INFO - Sync 2 DAGs
[2025-08-16T12:35:08.700+0000] {logging_mixin.py:190} INFO - [2025-08-16T12:35:08.699+0000] {dag.py:4180} INFO - Setting next_dagrun for example_xcom_args to None, run_after=None
[2025-08-16T12:35:08.704+0000] {logging_mixin.py:190} INFO - [2025-08-16T12:35:08.704+0000] {dag.py:4180} INFO - Setting next_dagrun for example_xcom_args_with_operators to None, run_after=None
[2025-08-16T12:35:08.722+0000] {processor.py:208} INFO - Processing /home/airflow/.local/lib/python3.12/site-packages/airflow/example_dags/example_xcomargs.py took 0.090 seconds
[2025-08-16T12:35:38.833+0000] {processor.py:186} INFO - Started process (PID=407) to work on /home/airflow/.local/lib/python3.12/site-packages/airflow/example_dags/example_xcomargs.py
[2025-08-16T12:35:38.838+0000] {processor.py:914} INFO - Processing file /home/airflow/.local/lib/python3.12/site-packages/airflow/example_dags/example_xcomargs.py for tasks to queue
[2025-08-16T12:35:38.843+0000] {logging_mixin.py:190} INFO - [2025-08-16T12:35:38.842+0000] {dagbag.py:588} INFO - Filling up the DagBag from /home/airflow/.local/lib/python3.12/site-packages/airflow/example_dags/example_xcomargs.py
[2025-08-16T12:35:38.873+0000] {processor.py:925} INFO - DAG(s) 'example_xcom_args', 'example_xcom_args_with_operators' retrieved from /home/airflow/.local/lib/python3.12/site-packages/airflow/example_dags/example_xcomargs.py
[2025-08-16T12:35:38.901+0000] {logging_mixin.py:190} INFO - [2025-08-16T12:35:38.901+0000] {dag.py:3239} INFO - Sync 2 DAGs
[2025-08-16T12:35:38.928+0000] {logging_mixin.py:190} INFO - [2025-08-16T12:35:38.928+0000] {dag.py:4180} INFO - Setting next_dagrun for example_xcom_args to None, run_after=None
[2025-08-16T12:35:38.935+0000] {logging_mixin.py:190} INFO - [2025-08-16T12:35:38.934+0000] {dag.py:4180} INFO - Setting next_dagrun for example_xcom_args_with_operators to None, run_after=None
[2025-08-16T12:35:38.957+0000] {processor.py:208} INFO - Processing /home/airflow/.local/lib/python3.12/site-packages/airflow/example_dags/example_xcomargs.py took 0.134 seconds
[2025-08-16T12:36:09.997+0000] {processor.py:186} INFO - Started process (PID=470) to work on /home/airflow/.local/lib/python3.12/site-packages/airflow/example_dags/example_xcomargs.py
[2025-08-16T12:36:09.998+0000] {processor.py:914} INFO - Processing file /home/airflow/.local/lib/python3.12/site-packages/airflow/example_dags/example_xcomargs.py for tasks to queue
[2025-08-16T12:36:10.002+0000] {logging_mixin.py:190} INFO - [2025-08-16T12:36:10.001+0000] {dagbag.py:588} INFO - Filling up the DagBag from /home/airflow/.local/lib/python3.12/site-packages/airflow/example_dags/example_xcomargs.py
[2025-08-16T12:36:10.015+0000] {processor.py:925} INFO - DAG(s) 'example_xcom_args', 'example_xcom_args_with_operators' retrieved from /home/airflow/.local/lib/python3.12/site-packages/airflow/example_dags/example_xcomargs.py
[2025-08-16T12:36:10.038+0000] {logging_mixin.py:190} INFO - [2025-08-16T12:36:10.038+0000] {dag.py:3239} INFO - Sync 2 DAGs
[2025-08-16T12:36:10.052+0000] {logging_mixin.py:190} INFO - [2025-08-16T12:36:10.052+0000] {dag.py:4180} INFO - Setting next_dagrun for example_xcom_args to None, run_after=None
[2025-08-16T12:36:10.056+0000] {logging_mixin.py:190} INFO - [2025-08-16T12:36:10.056+0000] {dag.py:4180} INFO - Setting next_dagrun for example_xcom_args_with_operators to None, run_after=None
[2025-08-16T12:36:10.070+0000] {processor.py:208} INFO - Processing /home/airflow/.local/lib/python3.12/site-packages/airflow/example_dags/example_xcomargs.py took 0.081 seconds
[2025-08-16T12:36:40.452+0000] {processor.py:186} INFO - Started process (PID=533) to work on /home/airflow/.local/lib/python3.12/site-packages/airflow/example_dags/example_xcomargs.py
[2025-08-16T12:36:40.453+0000] {processor.py:914} INFO - Processing file /home/airflow/.local/lib/python3.12/site-packages/airflow/example_dags/example_xcomargs.py for tasks to queue
[2025-08-16T12:36:40.454+0000] {logging_mixin.py:190} INFO - [2025-08-16T12:36:40.454+0000] {dagbag.py:588} INFO - Filling up the DagBag from /home/airflow/.local/lib/python3.12/site-packages/airflow/example_dags/example_xcomargs.py
[2025-08-16T12:36:40.460+0000] {processor.py:925} INFO - DAG(s) 'example_xcom_args', 'example_xcom_args_with_operators' retrieved from /home/airflow/.local/lib/python3.12/site-packages/airflow/example_dags/example_xcomargs.py
[2025-08-16T12:36:40.474+0000] {logging_mixin.py:190} INFO - [2025-08-16T12:36:40.474+0000] {dag.py:3239} INFO - Sync 2 DAGs
[2025-08-16T12:36:40.482+0000] {logging_mixin.py:190} INFO - [2025-08-16T12:36:40.482+0000] {dag.py:4180} INFO - Setting next_dagrun for example_xcom_args to None, run_after=None
[2025-08-16T12:36:40.485+0000] {logging_mixin.py:190} INFO - [2025-08-16T12:36:40.485+0000] {dag.py:4180} INFO - Setting next_dagrun for example_xcom_args_with_operators to None, run_after=None
[2025-08-16T12:36:40.497+0000] {processor.py:208} INFO - Processing /home/airflow/.local/lib/python3.12/site-packages/airflow/example_dags/example_xcomargs.py took 0.049 seconds
