[2025-08-16T12:32:52.952+0000] {processor.py:186} INFO - Started process (PID=48) to work on /home/airflow/.local/lib/python3.12/site-packages/airflow/example_dags/example_branch_python_dop_operator_3.py
[2025-08-16T12:32:52.988+0000] {processor.py:914} INFO - Processing file /home/airflow/.local/lib/python3.12/site-packages/airflow/example_dags/example_branch_python_dop_operator_3.py for tasks to queue
[2025-08-16T12:32:53.033+0000] {logging_mixin.py:190} INFO - [2025-08-16T12:32:53.032+0000] {dagbag.py:588} INFO - Filling up the DagBag from /home/airflow/.local/lib/python3.12/site-packages/airflow/example_dags/example_branch_python_dop_operator_3.py
[2025-08-16T12:32:53.119+0000] {processor.py:925} INFO - DAG(s) 'example_branch_dop_operator_v3' retrieved from /home/airflow/.local/lib/python3.12/site-packages/airflow/example_dags/example_branch_python_dop_operator_3.py
[2025-08-16T12:32:53.594+0000] {logging_mixin.py:190} INFO - [2025-08-16T12:32:53.594+0000] {override.py:1912} INFO - Created Permission View: can delete on DAG:example_branch_dop_operator_v3
[2025-08-16T12:32:53.607+0000] {logging_mixin.py:190} INFO - [2025-08-16T12:32:53.606+0000] {override.py:1912} INFO - Created Permission View: can read on DAG:example_branch_dop_operator_v3
[2025-08-16T12:32:53.614+0000] {logging_mixin.py:190} INFO - [2025-08-16T12:32:53.614+0000] {override.py:1912} INFO - Created Permission View: can edit on DAG:example_branch_dop_operator_v3
[2025-08-16T12:32:53.621+0000] {logging_mixin.py:190} INFO - [2025-08-16T12:32:53.621+0000] {override.py:1912} INFO - Created Permission View: can delete on DAG Run:example_branch_dop_operator_v3
[2025-08-16T12:32:53.626+0000] {logging_mixin.py:190} INFO - [2025-08-16T12:32:53.626+0000] {override.py:1912} INFO - Created Permission View: menu access on DAG Run:example_branch_dop_operator_v3
[2025-08-16T12:32:53.630+0000] {logging_mixin.py:190} INFO - [2025-08-16T12:32:53.629+0000] {override.py:1912} INFO - Created Permission View: can read on DAG Run:example_branch_dop_operator_v3
[2025-08-16T12:32:53.632+0000] {logging_mixin.py:190} INFO - [2025-08-16T12:32:53.632+0000] {override.py:1912} INFO - Created Permission View: can create on DAG Run:example_branch_dop_operator_v3
[2025-08-16T12:32:53.632+0000] {logging_mixin.py:190} INFO - [2025-08-16T12:32:53.632+0000] {dag.py:3239} INFO - Sync 1 DAGs
[2025-08-16T12:32:53.643+0000] {logging_mixin.py:190} INFO - [2025-08-16T12:32:53.643+0000] {dag.py:3262} INFO - Creating ORM DAG for example_branch_dop_operator_v3
[2025-08-16T12:32:53.655+0000] {logging_mixin.py:190} INFO - [2025-08-16T12:32:53.655+0000] {dag.py:4180} INFO - Setting next_dagrun for example_branch_dop_operator_v3 to 2025-08-16 12:31:00+00:00, run_after=2025-08-16 12:32:00+00:00
[2025-08-16T12:32:53.675+0000] {processor.py:208} INFO - Processing /home/airflow/.local/lib/python3.12/site-packages/airflow/example_dags/example_branch_python_dop_operator_3.py took 0.742 seconds
[2025-08-16T12:33:23.951+0000] {processor.py:186} INFO - Started process (PID=111) to work on /home/airflow/.local/lib/python3.12/site-packages/airflow/example_dags/example_branch_python_dop_operator_3.py
[2025-08-16T12:33:23.953+0000] {processor.py:914} INFO - Processing file /home/airflow/.local/lib/python3.12/site-packages/airflow/example_dags/example_branch_python_dop_operator_3.py for tasks to queue
[2025-08-16T12:33:23.967+0000] {logging_mixin.py:190} INFO - [2025-08-16T12:33:23.966+0000] {dagbag.py:588} INFO - Filling up the DagBag from /home/airflow/.local/lib/python3.12/site-packages/airflow/example_dags/example_branch_python_dop_operator_3.py
[2025-08-16T12:33:24.014+0000] {processor.py:925} INFO - DAG(s) 'example_branch_dop_operator_v3' retrieved from /home/airflow/.local/lib/python3.12/site-packages/airflow/example_dags/example_branch_python_dop_operator_3.py
[2025-08-16T12:33:24.054+0000] {logging_mixin.py:190} INFO - [2025-08-16T12:33:24.054+0000] {dag.py:3239} INFO - Sync 1 DAGs
[2025-08-16T12:33:24.087+0000] {logging_mixin.py:190} INFO - [2025-08-16T12:33:24.086+0000] {dag.py:4180} INFO - Setting next_dagrun for example_branch_dop_operator_v3 to 2025-08-16 12:32:00+00:00, run_after=2025-08-16 12:33:00+00:00
[2025-08-16T12:33:24.099+0000] {processor.py:208} INFO - Processing /home/airflow/.local/lib/python3.12/site-packages/airflow/example_dags/example_branch_python_dop_operator_3.py took 0.161 seconds
[2025-08-16T12:33:54.253+0000] {processor.py:186} INFO - Started process (PID=174) to work on /home/airflow/.local/lib/python3.12/site-packages/airflow/example_dags/example_branch_python_dop_operator_3.py
[2025-08-16T12:33:54.258+0000] {processor.py:914} INFO - Processing file /home/airflow/.local/lib/python3.12/site-packages/airflow/example_dags/example_branch_python_dop_operator_3.py for tasks to queue
[2025-08-16T12:33:54.264+0000] {logging_mixin.py:190} INFO - [2025-08-16T12:33:54.264+0000] {dagbag.py:588} INFO - Filling up the DagBag from /home/airflow/.local/lib/python3.12/site-packages/airflow/example_dags/example_branch_python_dop_operator_3.py
[2025-08-16T12:33:54.282+0000] {processor.py:925} INFO - DAG(s) 'example_branch_dop_operator_v3' retrieved from /home/airflow/.local/lib/python3.12/site-packages/airflow/example_dags/example_branch_python_dop_operator_3.py
[2025-08-16T12:33:54.354+0000] {logging_mixin.py:190} INFO - [2025-08-16T12:33:54.354+0000] {dag.py:3239} INFO - Sync 1 DAGs
[2025-08-16T12:33:54.378+0000] {logging_mixin.py:190} INFO - [2025-08-16T12:33:54.378+0000] {dag.py:4180} INFO - Setting next_dagrun for example_branch_dop_operator_v3 to 2025-08-16 12:32:00+00:00, run_after=2025-08-16 12:33:00+00:00
[2025-08-16T12:33:54.421+0000] {processor.py:208} INFO - Processing /home/airflow/.local/lib/python3.12/site-packages/airflow/example_dags/example_branch_python_dop_operator_3.py took 0.178 seconds
[2025-08-16T12:34:25.093+0000] {processor.py:186} INFO - Started process (PID=237) to work on /home/airflow/.local/lib/python3.12/site-packages/airflow/example_dags/example_branch_python_dop_operator_3.py
[2025-08-16T12:34:25.096+0000] {processor.py:914} INFO - Processing file /home/airflow/.local/lib/python3.12/site-packages/airflow/example_dags/example_branch_python_dop_operator_3.py for tasks to queue
[2025-08-16T12:34:25.105+0000] {logging_mixin.py:190} INFO - [2025-08-16T12:34:25.104+0000] {dagbag.py:588} INFO - Filling up the DagBag from /home/airflow/.local/lib/python3.12/site-packages/airflow/example_dags/example_branch_python_dop_operator_3.py
[2025-08-16T12:34:25.129+0000] {processor.py:925} INFO - DAG(s) 'example_branch_dop_operator_v3' retrieved from /home/airflow/.local/lib/python3.12/site-packages/airflow/example_dags/example_branch_python_dop_operator_3.py
[2025-08-16T12:34:25.159+0000] {logging_mixin.py:190} INFO - [2025-08-16T12:34:25.159+0000] {dag.py:3239} INFO - Sync 1 DAGs
[2025-08-16T12:34:25.185+0000] {logging_mixin.py:190} INFO - [2025-08-16T12:34:25.185+0000] {dag.py:4180} INFO - Setting next_dagrun for example_branch_dop_operator_v3 to 2025-08-16 12:33:00+00:00, run_after=2025-08-16 12:34:00+00:00
[2025-08-16T12:34:25.196+0000] {processor.py:208} INFO - Processing /home/airflow/.local/lib/python3.12/site-packages/airflow/example_dags/example_branch_python_dop_operator_3.py took 0.124 seconds
[2025-08-16T12:34:55.957+0000] {processor.py:186} INFO - Started process (PID=306) to work on /home/airflow/.local/lib/python3.12/site-packages/airflow/example_dags/example_branch_python_dop_operator_3.py
[2025-08-16T12:34:55.959+0000] {processor.py:914} INFO - Processing file /home/airflow/.local/lib/python3.12/site-packages/airflow/example_dags/example_branch_python_dop_operator_3.py for tasks to queue
[2025-08-16T12:34:55.965+0000] {logging_mixin.py:190} INFO - [2025-08-16T12:34:55.964+0000] {dagbag.py:588} INFO - Filling up the DagBag from /home/airflow/.local/lib/python3.12/site-packages/airflow/example_dags/example_branch_python_dop_operator_3.py
[2025-08-16T12:34:55.984+0000] {processor.py:925} INFO - DAG(s) 'example_branch_dop_operator_v3' retrieved from /home/airflow/.local/lib/python3.12/site-packages/airflow/example_dags/example_branch_python_dop_operator_3.py
[2025-08-16T12:34:56.017+0000] {logging_mixin.py:190} INFO - [2025-08-16T12:34:56.016+0000] {dag.py:3239} INFO - Sync 1 DAGs
[2025-08-16T12:34:56.047+0000] {logging_mixin.py:190} INFO - [2025-08-16T12:34:56.047+0000] {dag.py:4180} INFO - Setting next_dagrun for example_branch_dop_operator_v3 to 2025-08-16 12:33:00+00:00, run_after=2025-08-16 12:34:00+00:00
[2025-08-16T12:34:56.061+0000] {processor.py:208} INFO - Processing /home/airflow/.local/lib/python3.12/site-packages/airflow/example_dags/example_branch_python_dop_operator_3.py took 0.115 seconds
[2025-08-16T12:35:26.640+0000] {processor.py:186} INFO - Started process (PID=368) to work on /home/airflow/.local/lib/python3.12/site-packages/airflow/example_dags/example_branch_python_dop_operator_3.py
[2025-08-16T12:35:26.645+0000] {processor.py:914} INFO - Processing file /home/airflow/.local/lib/python3.12/site-packages/airflow/example_dags/example_branch_python_dop_operator_3.py for tasks to queue
[2025-08-16T12:35:26.652+0000] {logging_mixin.py:190} INFO - [2025-08-16T12:35:26.651+0000] {dagbag.py:588} INFO - Filling up the DagBag from /home/airflow/.local/lib/python3.12/site-packages/airflow/example_dags/example_branch_python_dop_operator_3.py
[2025-08-16T12:35:26.682+0000] {processor.py:925} INFO - DAG(s) 'example_branch_dop_operator_v3' retrieved from /home/airflow/.local/lib/python3.12/site-packages/airflow/example_dags/example_branch_python_dop_operator_3.py
[2025-08-16T12:35:26.717+0000] {logging_mixin.py:190} INFO - [2025-08-16T12:35:26.717+0000] {dag.py:3239} INFO - Sync 1 DAGs
[2025-08-16T12:35:26.748+0000] {logging_mixin.py:190} INFO - [2025-08-16T12:35:26.748+0000] {dag.py:4180} INFO - Setting next_dagrun for example_branch_dop_operator_v3 to 2025-08-16 12:34:00+00:00, run_after=2025-08-16 12:35:00+00:00
[2025-08-16T12:35:26.763+0000] {processor.py:208} INFO - Processing /home/airflow/.local/lib/python3.12/site-packages/airflow/example_dags/example_branch_python_dop_operator_3.py took 0.145 seconds
[2025-08-16T12:35:56.964+0000] {processor.py:186} INFO - Started process (PID=431) to work on /home/airflow/.local/lib/python3.12/site-packages/airflow/example_dags/example_branch_python_dop_operator_3.py
[2025-08-16T12:35:56.980+0000] {processor.py:914} INFO - Processing file /home/airflow/.local/lib/python3.12/site-packages/airflow/example_dags/example_branch_python_dop_operator_3.py for tasks to queue
[2025-08-16T12:35:57.021+0000] {logging_mixin.py:190} INFO - [2025-08-16T12:35:57.018+0000] {dagbag.py:588} INFO - Filling up the DagBag from /home/airflow/.local/lib/python3.12/site-packages/airflow/example_dags/example_branch_python_dop_operator_3.py
[2025-08-16T12:35:57.057+0000] {processor.py:925} INFO - DAG(s) 'example_branch_dop_operator_v3' retrieved from /home/airflow/.local/lib/python3.12/site-packages/airflow/example_dags/example_branch_python_dop_operator_3.py
[2025-08-16T12:35:57.085+0000] {logging_mixin.py:190} INFO - [2025-08-16T12:35:57.085+0000] {dag.py:3239} INFO - Sync 1 DAGs
[2025-08-16T12:35:57.107+0000] {logging_mixin.py:190} INFO - [2025-08-16T12:35:57.107+0000] {dag.py:4180} INFO - Setting next_dagrun for example_branch_dop_operator_v3 to 2025-08-16 12:34:00+00:00, run_after=2025-08-16 12:35:00+00:00
[2025-08-16T12:35:57.126+0000] {processor.py:208} INFO - Processing /home/airflow/.local/lib/python3.12/site-packages/airflow/example_dags/example_branch_python_dop_operator_3.py took 0.177 seconds
[2025-08-16T12:36:27.306+0000] {processor.py:186} INFO - Started process (PID=494) to work on /home/airflow/.local/lib/python3.12/site-packages/airflow/example_dags/example_branch_python_dop_operator_3.py
[2025-08-16T12:36:27.309+0000] {processor.py:914} INFO - Processing file /home/airflow/.local/lib/python3.12/site-packages/airflow/example_dags/example_branch_python_dop_operator_3.py for tasks to queue
[2025-08-16T12:36:27.321+0000] {logging_mixin.py:190} INFO - [2025-08-16T12:36:27.320+0000] {dagbag.py:588} INFO - Filling up the DagBag from /home/airflow/.local/lib/python3.12/site-packages/airflow/example_dags/example_branch_python_dop_operator_3.py
[2025-08-16T12:36:27.350+0000] {processor.py:925} INFO - DAG(s) 'example_branch_dop_operator_v3' retrieved from /home/airflow/.local/lib/python3.12/site-packages/airflow/example_dags/example_branch_python_dop_operator_3.py
[2025-08-16T12:36:27.382+0000] {logging_mixin.py:190} INFO - [2025-08-16T12:36:27.381+0000] {dag.py:3239} INFO - Sync 1 DAGs
[2025-08-16T12:36:27.412+0000] {logging_mixin.py:190} INFO - [2025-08-16T12:36:27.412+0000] {dag.py:4180} INFO - Setting next_dagrun for example_branch_dop_operator_v3 to 2025-08-16 12:35:00+00:00, run_after=2025-08-16 12:36:00+00:00
[2025-08-16T12:36:27.425+0000] {processor.py:208} INFO - Processing /home/airflow/.local/lib/python3.12/site-packages/airflow/example_dags/example_branch_python_dop_operator_3.py took 0.140 seconds
