[2025-08-16T12:33:07.058+0000] {processor.py:186} INFO - Started process (PID=101) to work on /home/airflow/.local/lib/python3.12/site-packages/airflow/example_dags/example_sensor_decorator.py
[2025-08-16T12:33:07.059+0000] {processor.py:914} INFO - Processing file /home/airflow/.local/lib/python3.12/site-packages/airflow/example_dags/example_sensor_decorator.py for tasks to queue
[2025-08-16T12:33:07.070+0000] {logging_mixin.py:190} INFO - [2025-08-16T12:33:07.069+0000] {dagbag.py:588} INFO - Filling up the DagBag from /home/airflow/.local/lib/python3.12/site-packages/airflow/example_dags/example_sensor_decorator.py
[2025-08-16T12:33:07.078+0000] {processor.py:925} INFO - DAG(s) 'example_sensor_decorator' retrieved from /home/airflow/.local/lib/python3.12/site-packages/airflow/example_dags/example_sensor_decorator.py
[2025-08-16T12:33:07.170+0000] {logging_mixin.py:190} INFO - [2025-08-16T12:33:07.170+0000] {override.py:1912} INFO - Created Permission View: can delete on DAG:example_sensor_decorator
[2025-08-16T12:33:07.179+0000] {logging_mixin.py:190} INFO - [2025-08-16T12:33:07.178+0000] {override.py:1912} INFO - Created Permission View: can read on DAG:example_sensor_decorator
[2025-08-16T12:33:07.181+0000] {logging_mixin.py:190} INFO - [2025-08-16T12:33:07.181+0000] {override.py:1912} INFO - Created Permission View: can edit on DAG:example_sensor_decorator
[2025-08-16T12:33:07.187+0000] {logging_mixin.py:190} INFO - [2025-08-16T12:33:07.187+0000] {override.py:1912} INFO - Created Permission View: can delete on DAG Run:example_sensor_decorator
[2025-08-16T12:33:07.191+0000] {logging_mixin.py:190} INFO - [2025-08-16T12:33:07.191+0000] {override.py:1912} INFO - Created Permission View: menu access on DAG Run:example_sensor_decorator
[2025-08-16T12:33:07.194+0000] {logging_mixin.py:190} INFO - [2025-08-16T12:33:07.193+0000] {override.py:1912} INFO - Created Permission View: can read on DAG Run:example_sensor_decorator
[2025-08-16T12:33:07.197+0000] {logging_mixin.py:190} INFO - [2025-08-16T12:33:07.196+0000] {override.py:1912} INFO - Created Permission View: can create on DAG Run:example_sensor_decorator
[2025-08-16T12:33:07.197+0000] {logging_mixin.py:190} INFO - [2025-08-16T12:33:07.197+0000] {dag.py:3239} INFO - Sync 1 DAGs
[2025-08-16T12:33:07.208+0000] {logging_mixin.py:190} INFO - [2025-08-16T12:33:07.208+0000] {dag.py:3262} INFO - Creating ORM DAG for example_sensor_decorator
[2025-08-16T12:33:07.208+0000] {logging_mixin.py:190} INFO - [2025-08-16T12:33:07.208+0000] {dag.py:4180} INFO - Setting next_dagrun for example_sensor_decorator to None, run_after=None
[2025-08-16T12:33:07.217+0000] {processor.py:208} INFO - Processing /home/airflow/.local/lib/python3.12/site-packages/airflow/example_dags/example_sensor_decorator.py took 0.170 seconds
[2025-08-16T12:33:37.469+0000] {processor.py:186} INFO - Started process (PID=164) to work on /home/airflow/.local/lib/python3.12/site-packages/airflow/example_dags/example_sensor_decorator.py
[2025-08-16T12:33:37.471+0000] {processor.py:914} INFO - Processing file /home/airflow/.local/lib/python3.12/site-packages/airflow/example_dags/example_sensor_decorator.py for tasks to queue
[2025-08-16T12:33:37.472+0000] {logging_mixin.py:190} INFO - [2025-08-16T12:33:37.472+0000] {dagbag.py:588} INFO - Filling up the DagBag from /home/airflow/.local/lib/python3.12/site-packages/airflow/example_dags/example_sensor_decorator.py
[2025-08-16T12:33:37.478+0000] {processor.py:925} INFO - DAG(s) 'example_sensor_decorator' retrieved from /home/airflow/.local/lib/python3.12/site-packages/airflow/example_dags/example_sensor_decorator.py
[2025-08-16T12:33:37.498+0000] {logging_mixin.py:190} INFO - [2025-08-16T12:33:37.497+0000] {dag.py:3239} INFO - Sync 1 DAGs
[2025-08-16T12:33:37.519+0000] {logging_mixin.py:190} INFO - [2025-08-16T12:33:37.519+0000] {dag.py:4180} INFO - Setting next_dagrun for example_sensor_decorator to None, run_after=None
[2025-08-16T12:33:37.530+0000] {processor.py:208} INFO - Processing /home/airflow/.local/lib/python3.12/site-packages/airflow/example_dags/example_sensor_decorator.py took 0.065 seconds
[2025-08-16T12:34:08.474+0000] {processor.py:186} INFO - Started process (PID=227) to work on /home/airflow/.local/lib/python3.12/site-packages/airflow/example_dags/example_sensor_decorator.py
[2025-08-16T12:34:08.475+0000] {processor.py:914} INFO - Processing file /home/airflow/.local/lib/python3.12/site-packages/airflow/example_dags/example_sensor_decorator.py for tasks to queue
[2025-08-16T12:34:08.476+0000] {logging_mixin.py:190} INFO - [2025-08-16T12:34:08.476+0000] {dagbag.py:588} INFO - Filling up the DagBag from /home/airflow/.local/lib/python3.12/site-packages/airflow/example_dags/example_sensor_decorator.py
[2025-08-16T12:34:08.482+0000] {processor.py:925} INFO - DAG(s) 'example_sensor_decorator' retrieved from /home/airflow/.local/lib/python3.12/site-packages/airflow/example_dags/example_sensor_decorator.py
[2025-08-16T12:34:08.499+0000] {logging_mixin.py:190} INFO - [2025-08-16T12:34:08.499+0000] {dag.py:3239} INFO - Sync 1 DAGs
[2025-08-16T12:34:08.508+0000] {logging_mixin.py:190} INFO - [2025-08-16T12:34:08.508+0000] {dag.py:4180} INFO - Setting next_dagrun for example_sensor_decorator to None, run_after=None
[2025-08-16T12:34:08.521+0000] {processor.py:208} INFO - Processing /home/airflow/.local/lib/python3.12/site-packages/airflow/example_dags/example_sensor_decorator.py took 0.051 seconds
[2025-08-16T12:34:39.385+0000] {processor.py:186} INFO - Started process (PID=290) to work on /home/airflow/.local/lib/python3.12/site-packages/airflow/example_dags/example_sensor_decorator.py
[2025-08-16T12:34:39.386+0000] {processor.py:914} INFO - Processing file /home/airflow/.local/lib/python3.12/site-packages/airflow/example_dags/example_sensor_decorator.py for tasks to queue
[2025-08-16T12:34:39.388+0000] {logging_mixin.py:190} INFO - [2025-08-16T12:34:39.388+0000] {dagbag.py:588} INFO - Filling up the DagBag from /home/airflow/.local/lib/python3.12/site-packages/airflow/example_dags/example_sensor_decorator.py
[2025-08-16T12:34:39.399+0000] {processor.py:925} INFO - DAG(s) 'example_sensor_decorator' retrieved from /home/airflow/.local/lib/python3.12/site-packages/airflow/example_dags/example_sensor_decorator.py
[2025-08-16T12:34:39.427+0000] {logging_mixin.py:190} INFO - [2025-08-16T12:34:39.427+0000] {dag.py:3239} INFO - Sync 1 DAGs
[2025-08-16T12:34:39.441+0000] {logging_mixin.py:190} INFO - [2025-08-16T12:34:39.441+0000] {dag.py:4180} INFO - Setting next_dagrun for example_sensor_decorator to None, run_after=None
[2025-08-16T12:34:39.456+0000] {processor.py:208} INFO - Processing /home/airflow/.local/lib/python3.12/site-packages/airflow/example_dags/example_sensor_decorator.py took 0.084 seconds
[2025-08-16T12:35:09.948+0000] {processor.py:186} INFO - Started process (PID=353) to work on /home/airflow/.local/lib/python3.12/site-packages/airflow/example_dags/example_sensor_decorator.py
[2025-08-16T12:35:09.950+0000] {processor.py:914} INFO - Processing file /home/airflow/.local/lib/python3.12/site-packages/airflow/example_dags/example_sensor_decorator.py for tasks to queue
[2025-08-16T12:35:09.951+0000] {logging_mixin.py:190} INFO - [2025-08-16T12:35:09.951+0000] {dagbag.py:588} INFO - Filling up the DagBag from /home/airflow/.local/lib/python3.12/site-packages/airflow/example_dags/example_sensor_decorator.py
[2025-08-16T12:35:09.959+0000] {processor.py:925} INFO - DAG(s) 'example_sensor_decorator' retrieved from /home/airflow/.local/lib/python3.12/site-packages/airflow/example_dags/example_sensor_decorator.py
[2025-08-16T12:35:09.971+0000] {logging_mixin.py:190} INFO - [2025-08-16T12:35:09.970+0000] {dag.py:3239} INFO - Sync 1 DAGs
[2025-08-16T12:35:09.979+0000] {logging_mixin.py:190} INFO - [2025-08-16T12:35:09.979+0000] {dag.py:4180} INFO - Setting next_dagrun for example_sensor_decorator to None, run_after=None
[2025-08-16T12:35:09.994+0000] {processor.py:208} INFO - Processing /home/airflow/.local/lib/python3.12/site-packages/airflow/example_dags/example_sensor_decorator.py took 0.050 seconds
[2025-08-16T12:35:41.186+0000] {processor.py:186} INFO - Started process (PID=415) to work on /home/airflow/.local/lib/python3.12/site-packages/airflow/example_dags/example_sensor_decorator.py
[2025-08-16T12:35:41.187+0000] {processor.py:914} INFO - Processing file /home/airflow/.local/lib/python3.12/site-packages/airflow/example_dags/example_sensor_decorator.py for tasks to queue
[2025-08-16T12:35:41.189+0000] {logging_mixin.py:190} INFO - [2025-08-16T12:35:41.189+0000] {dagbag.py:588} INFO - Filling up the DagBag from /home/airflow/.local/lib/python3.12/site-packages/airflow/example_dags/example_sensor_decorator.py
[2025-08-16T12:35:41.199+0000] {processor.py:925} INFO - DAG(s) 'example_sensor_decorator' retrieved from /home/airflow/.local/lib/python3.12/site-packages/airflow/example_dags/example_sensor_decorator.py
[2025-08-16T12:35:41.217+0000] {logging_mixin.py:190} INFO - [2025-08-16T12:35:41.217+0000] {dag.py:3239} INFO - Sync 1 DAGs
[2025-08-16T12:35:41.232+0000] {logging_mixin.py:190} INFO - [2025-08-16T12:35:41.232+0000] {dag.py:4180} INFO - Setting next_dagrun for example_sensor_decorator to None, run_after=None
[2025-08-16T12:35:41.245+0000] {processor.py:208} INFO - Processing /home/airflow/.local/lib/python3.12/site-packages/airflow/example_dags/example_sensor_decorator.py took 0.064 seconds
[2025-08-16T12:36:11.652+0000] {processor.py:186} INFO - Started process (PID=477) to work on /home/airflow/.local/lib/python3.12/site-packages/airflow/example_dags/example_sensor_decorator.py
[2025-08-16T12:36:11.655+0000] {processor.py:914} INFO - Processing file /home/airflow/.local/lib/python3.12/site-packages/airflow/example_dags/example_sensor_decorator.py for tasks to queue
[2025-08-16T12:36:11.658+0000] {logging_mixin.py:190} INFO - [2025-08-16T12:36:11.658+0000] {dagbag.py:588} INFO - Filling up the DagBag from /home/airflow/.local/lib/python3.12/site-packages/airflow/example_dags/example_sensor_decorator.py
[2025-08-16T12:36:11.664+0000] {processor.py:925} INFO - DAG(s) 'example_sensor_decorator' retrieved from /home/airflow/.local/lib/python3.12/site-packages/airflow/example_dags/example_sensor_decorator.py
[2025-08-16T12:36:11.674+0000] {logging_mixin.py:190} INFO - [2025-08-16T12:36:11.674+0000] {dag.py:3239} INFO - Sync 1 DAGs
[2025-08-16T12:36:11.681+0000] {logging_mixin.py:190} INFO - [2025-08-16T12:36:11.681+0000] {dag.py:4180} INFO - Setting next_dagrun for example_sensor_decorator to None, run_after=None
[2025-08-16T12:36:11.691+0000] {processor.py:208} INFO - Processing /home/airflow/.local/lib/python3.12/site-packages/airflow/example_dags/example_sensor_decorator.py took 0.041 seconds
