[2025-08-16T12:33:06.328+0000] {processor.py:186} INFO - Started process (PID=100) to work on /home/airflow/.local/lib/python3.12/site-packages/airflow/example_dags/example_inlet_event_extra.py
[2025-08-16T12:33:06.329+0000] {processor.py:914} INFO - Processing file /home/airflow/.local/lib/python3.12/site-packages/airflow/example_dags/example_inlet_event_extra.py for tasks to queue
[2025-08-16T12:33:06.331+0000] {logging_mixin.py:190} INFO - [2025-08-16T12:33:06.330+0000] {dagbag.py:588} INFO - Filling up the DagBag from /home/airflow/.local/lib/python3.12/site-packages/airflow/example_dags/example_inlet_event_extra.py
[2025-08-16T12:33:06.846+0000] {processor.py:925} INFO - DAG(s) 'read_dataset_event', 'read_dataset_event_from_classic' retrieved from /home/airflow/.local/lib/python3.12/site-packages/airflow/example_dags/example_inlet_event_extra.py
[2025-08-16T12:33:06.926+0000] {logging_mixin.py:190} INFO - [2025-08-16T12:33:06.925+0000] {override.py:1912} INFO - Created Permission View: can delete on DAG:read_dataset_event
[2025-08-16T12:33:06.931+0000] {logging_mixin.py:190} INFO - [2025-08-16T12:33:06.931+0000] {override.py:1912} INFO - Created Permission View: can read on DAG:read_dataset_event
[2025-08-16T12:33:06.935+0000] {logging_mixin.py:190} INFO - [2025-08-16T12:33:06.935+0000] {override.py:1912} INFO - Created Permission View: can edit on DAG:read_dataset_event
[2025-08-16T12:33:06.939+0000] {logging_mixin.py:190} INFO - [2025-08-16T12:33:06.939+0000] {override.py:1912} INFO - Created Permission View: can delete on DAG Run:read_dataset_event
[2025-08-16T12:33:06.943+0000] {logging_mixin.py:190} INFO - [2025-08-16T12:33:06.943+0000] {override.py:1912} INFO - Created Permission View: menu access on DAG Run:read_dataset_event
[2025-08-16T12:33:06.946+0000] {logging_mixin.py:190} INFO - [2025-08-16T12:33:06.946+0000] {override.py:1912} INFO - Created Permission View: can read on DAG Run:read_dataset_event
[2025-08-16T12:33:06.949+0000] {logging_mixin.py:190} INFO - [2025-08-16T12:33:06.948+0000] {override.py:1912} INFO - Created Permission View: can create on DAG Run:read_dataset_event
[2025-08-16T12:33:06.954+0000] {logging_mixin.py:190} INFO - [2025-08-16T12:33:06.954+0000] {override.py:1912} INFO - Created Permission View: can delete on DAG:read_dataset_event_from_classic
[2025-08-16T12:33:06.956+0000] {logging_mixin.py:190} INFO - [2025-08-16T12:33:06.956+0000] {override.py:1912} INFO - Created Permission View: can read on DAG:read_dataset_event_from_classic
[2025-08-16T12:33:06.959+0000] {logging_mixin.py:190} INFO - [2025-08-16T12:33:06.959+0000] {override.py:1912} INFO - Created Permission View: can edit on DAG:read_dataset_event_from_classic
[2025-08-16T12:33:06.961+0000] {logging_mixin.py:190} INFO - [2025-08-16T12:33:06.961+0000] {override.py:1912} INFO - Created Permission View: can delete on DAG Run:read_dataset_event_from_classic
[2025-08-16T12:33:06.964+0000] {logging_mixin.py:190} INFO - [2025-08-16T12:33:06.964+0000] {override.py:1912} INFO - Created Permission View: menu access on DAG Run:read_dataset_event_from_classic
[2025-08-16T12:33:06.966+0000] {logging_mixin.py:190} INFO - [2025-08-16T12:33:06.966+0000] {override.py:1912} INFO - Created Permission View: can read on DAG Run:read_dataset_event_from_classic
[2025-08-16T12:33:06.968+0000] {logging_mixin.py:190} INFO - [2025-08-16T12:33:06.968+0000] {override.py:1912} INFO - Created Permission View: can create on DAG Run:read_dataset_event_from_classic
[2025-08-16T12:33:06.969+0000] {logging_mixin.py:190} INFO - [2025-08-16T12:33:06.968+0000] {dag.py:3239} INFO - Sync 2 DAGs
[2025-08-16T12:33:06.975+0000] {logging_mixin.py:190} INFO - [2025-08-16T12:33:06.975+0000] {dag.py:3262} INFO - Creating ORM DAG for read_dataset_event
[2025-08-16T12:33:06.976+0000] {logging_mixin.py:190} INFO - [2025-08-16T12:33:06.975+0000] {dag.py:3262} INFO - Creating ORM DAG for read_dataset_event_from_classic
[2025-08-16T12:33:06.981+0000] {logging_mixin.py:190} INFO - [2025-08-16T12:33:06.981+0000] {dag.py:4180} INFO - Setting next_dagrun for read_dataset_event to 2025-08-15 00:00:00+00:00, run_after=2025-08-16 00:00:00+00:00
[2025-08-16T12:33:06.982+0000] {logging_mixin.py:190} INFO - [2025-08-16T12:33:06.982+0000] {dag.py:4180} INFO - Setting next_dagrun for read_dataset_event_from_classic to 2025-08-15 00:00:00+00:00, run_after=2025-08-16 00:00:00+00:00
[2025-08-16T12:33:06.990+0000] {processor.py:208} INFO - Processing /home/airflow/.local/lib/python3.12/site-packages/airflow/example_dags/example_inlet_event_extra.py took 0.670 seconds
[2025-08-16T12:33:37.074+0000] {processor.py:186} INFO - Started process (PID=162) to work on /home/airflow/.local/lib/python3.12/site-packages/airflow/example_dags/example_inlet_event_extra.py
[2025-08-16T12:33:37.075+0000] {processor.py:914} INFO - Processing file /home/airflow/.local/lib/python3.12/site-packages/airflow/example_dags/example_inlet_event_extra.py for tasks to queue
[2025-08-16T12:33:37.076+0000] {logging_mixin.py:190} INFO - [2025-08-16T12:33:37.076+0000] {dagbag.py:588} INFO - Filling up the DagBag from /home/airflow/.local/lib/python3.12/site-packages/airflow/example_dags/example_inlet_event_extra.py
[2025-08-16T12:33:37.419+0000] {processor.py:925} INFO - DAG(s) 'read_dataset_event_from_classic', 'read_dataset_event' retrieved from /home/airflow/.local/lib/python3.12/site-packages/airflow/example_dags/example_inlet_event_extra.py
[2025-08-16T12:33:37.430+0000] {logging_mixin.py:190} INFO - [2025-08-16T12:33:37.430+0000] {dag.py:3239} INFO - Sync 2 DAGs
[2025-08-16T12:33:37.441+0000] {logging_mixin.py:190} INFO - [2025-08-16T12:33:37.441+0000] {dag.py:4180} INFO - Setting next_dagrun for read_dataset_event to 2025-08-15 00:00:00+00:00, run_after=2025-08-16 00:00:00+00:00
[2025-08-16T12:33:37.443+0000] {logging_mixin.py:190} INFO - [2025-08-16T12:33:37.443+0000] {dag.py:4180} INFO - Setting next_dagrun for read_dataset_event_from_classic to 2025-08-15 00:00:00+00:00, run_after=2025-08-16 00:00:00+00:00
[2025-08-16T12:33:37.450+0000] {processor.py:208} INFO - Processing /home/airflow/.local/lib/python3.12/site-packages/airflow/example_dags/example_inlet_event_extra.py took 0.379 seconds
[2025-08-16T12:34:08.022+0000] {processor.py:186} INFO - Started process (PID=225) to work on /home/airflow/.local/lib/python3.12/site-packages/airflow/example_dags/example_inlet_event_extra.py
[2025-08-16T12:34:08.023+0000] {processor.py:914} INFO - Processing file /home/airflow/.local/lib/python3.12/site-packages/airflow/example_dags/example_inlet_event_extra.py for tasks to queue
[2025-08-16T12:34:08.024+0000] {logging_mixin.py:190} INFO - [2025-08-16T12:34:08.024+0000] {dagbag.py:588} INFO - Filling up the DagBag from /home/airflow/.local/lib/python3.12/site-packages/airflow/example_dags/example_inlet_event_extra.py
[2025-08-16T12:34:08.379+0000] {processor.py:925} INFO - DAG(s) 'read_dataset_event_from_classic', 'read_dataset_event' retrieved from /home/airflow/.local/lib/python3.12/site-packages/airflow/example_dags/example_inlet_event_extra.py
[2025-08-16T12:34:08.408+0000] {logging_mixin.py:190} INFO - [2025-08-16T12:34:08.408+0000] {dag.py:3239} INFO - Sync 2 DAGs
[2025-08-16T12:34:08.431+0000] {logging_mixin.py:190} INFO - [2025-08-16T12:34:08.431+0000] {dag.py:4180} INFO - Setting next_dagrun for read_dataset_event to 2025-08-15 00:00:00+00:00, run_after=2025-08-16 00:00:00+00:00
[2025-08-16T12:34:08.434+0000] {logging_mixin.py:190} INFO - [2025-08-16T12:34:08.434+0000] {dag.py:4180} INFO - Setting next_dagrun for read_dataset_event_from_classic to 2025-08-15 00:00:00+00:00, run_after=2025-08-16 00:00:00+00:00
[2025-08-16T12:34:08.449+0000] {processor.py:208} INFO - Processing /home/airflow/.local/lib/python3.12/site-packages/airflow/example_dags/example_inlet_event_extra.py took 0.430 seconds
[2025-08-16T12:34:38.689+0000] {processor.py:186} INFO - Started process (PID=289) to work on /home/airflow/.local/lib/python3.12/site-packages/airflow/example_dags/example_inlet_event_extra.py
[2025-08-16T12:34:38.689+0000] {processor.py:914} INFO - Processing file /home/airflow/.local/lib/python3.12/site-packages/airflow/example_dags/example_inlet_event_extra.py for tasks to queue
[2025-08-16T12:34:38.692+0000] {logging_mixin.py:190} INFO - [2025-08-16T12:34:38.691+0000] {dagbag.py:588} INFO - Filling up the DagBag from /home/airflow/.local/lib/python3.12/site-packages/airflow/example_dags/example_inlet_event_extra.py
[2025-08-16T12:34:39.256+0000] {processor.py:925} INFO - DAG(s) 'read_dataset_event_from_classic', 'read_dataset_event' retrieved from /home/airflow/.local/lib/python3.12/site-packages/airflow/example_dags/example_inlet_event_extra.py
[2025-08-16T12:34:39.279+0000] {logging_mixin.py:190} INFO - [2025-08-16T12:34:39.279+0000] {dag.py:3239} INFO - Sync 2 DAGs
[2025-08-16T12:34:39.312+0000] {logging_mixin.py:190} INFO - [2025-08-16T12:34:39.311+0000] {dag.py:4180} INFO - Setting next_dagrun for read_dataset_event to 2025-08-15 00:00:00+00:00, run_after=2025-08-16 00:00:00+00:00
[2025-08-16T12:34:39.316+0000] {logging_mixin.py:190} INFO - [2025-08-16T12:34:39.316+0000] {dag.py:4180} INFO - Setting next_dagrun for read_dataset_event_from_classic to 2025-08-15 00:00:00+00:00, run_after=2025-08-16 00:00:00+00:00
[2025-08-16T12:34:39.333+0000] {processor.py:208} INFO - Processing /home/airflow/.local/lib/python3.12/site-packages/airflow/example_dags/example_inlet_event_extra.py took 0.648 seconds
[2025-08-16T12:35:09.530+0000] {processor.py:186} INFO - Started process (PID=352) to work on /home/airflow/.local/lib/python3.12/site-packages/airflow/example_dags/example_inlet_event_extra.py
[2025-08-16T12:35:09.534+0000] {processor.py:914} INFO - Processing file /home/airflow/.local/lib/python3.12/site-packages/airflow/example_dags/example_inlet_event_extra.py for tasks to queue
[2025-08-16T12:35:09.536+0000] {logging_mixin.py:190} INFO - [2025-08-16T12:35:09.535+0000] {dagbag.py:588} INFO - Filling up the DagBag from /home/airflow/.local/lib/python3.12/site-packages/airflow/example_dags/example_inlet_event_extra.py
[2025-08-16T12:35:09.890+0000] {processor.py:925} INFO - DAG(s) 'read_dataset_event_from_classic', 'read_dataset_event' retrieved from /home/airflow/.local/lib/python3.12/site-packages/airflow/example_dags/example_inlet_event_extra.py
[2025-08-16T12:35:09.902+0000] {logging_mixin.py:190} INFO - [2025-08-16T12:35:09.902+0000] {dag.py:3239} INFO - Sync 2 DAGs
[2025-08-16T12:35:09.917+0000] {logging_mixin.py:190} INFO - [2025-08-16T12:35:09.917+0000] {dag.py:4180} INFO - Setting next_dagrun for read_dataset_event to 2025-08-15 00:00:00+00:00, run_after=2025-08-16 00:00:00+00:00
[2025-08-16T12:35:09.921+0000] {logging_mixin.py:190} INFO - [2025-08-16T12:35:09.921+0000] {dag.py:4180} INFO - Setting next_dagrun for read_dataset_event_from_classic to 2025-08-15 00:00:00+00:00, run_after=2025-08-16 00:00:00+00:00
[2025-08-16T12:35:09.929+0000] {processor.py:208} INFO - Processing /home/airflow/.local/lib/python3.12/site-packages/airflow/example_dags/example_inlet_event_extra.py took 0.403 seconds
[2025-08-16T12:35:41.076+0000] {processor.py:186} INFO - Started process (PID=414) to work on /home/airflow/.local/lib/python3.12/site-packages/airflow/example_dags/example_inlet_event_extra.py
[2025-08-16T12:35:41.079+0000] {processor.py:914} INFO - Processing file /home/airflow/.local/lib/python3.12/site-packages/airflow/example_dags/example_inlet_event_extra.py for tasks to queue
[2025-08-16T12:35:41.081+0000] {logging_mixin.py:190} INFO - [2025-08-16T12:35:41.081+0000] {dagbag.py:588} INFO - Filling up the DagBag from /home/airflow/.local/lib/python3.12/site-packages/airflow/example_dags/example_inlet_event_extra.py
[2025-08-16T12:35:41.576+0000] {processor.py:925} INFO - DAG(s) 'read_dataset_event', 'read_dataset_event_from_classic' retrieved from /home/airflow/.local/lib/python3.12/site-packages/airflow/example_dags/example_inlet_event_extra.py
[2025-08-16T12:35:41.590+0000] {logging_mixin.py:190} INFO - [2025-08-16T12:35:41.590+0000] {dag.py:3239} INFO - Sync 2 DAGs
[2025-08-16T12:35:41.603+0000] {logging_mixin.py:190} INFO - [2025-08-16T12:35:41.603+0000] {dag.py:4180} INFO - Setting next_dagrun for read_dataset_event to 2025-08-15 00:00:00+00:00, run_after=2025-08-16 00:00:00+00:00
[2025-08-16T12:35:41.606+0000] {logging_mixin.py:190} INFO - [2025-08-16T12:35:41.606+0000] {dag.py:4180} INFO - Setting next_dagrun for read_dataset_event_from_classic to 2025-08-15 00:00:00+00:00, run_after=2025-08-16 00:00:00+00:00
[2025-08-16T12:35:41.613+0000] {processor.py:208} INFO - Processing /home/airflow/.local/lib/python3.12/site-packages/airflow/example_dags/example_inlet_event_extra.py took 0.551 seconds
[2025-08-16T12:36:11.664+0000] {processor.py:186} INFO - Started process (PID=478) to work on /home/airflow/.local/lib/python3.12/site-packages/airflow/example_dags/example_inlet_event_extra.py
[2025-08-16T12:36:11.665+0000] {processor.py:914} INFO - Processing file /home/airflow/.local/lib/python3.12/site-packages/airflow/example_dags/example_inlet_event_extra.py for tasks to queue
[2025-08-16T12:36:11.666+0000] {logging_mixin.py:190} INFO - [2025-08-16T12:36:11.666+0000] {dagbag.py:588} INFO - Filling up the DagBag from /home/airflow/.local/lib/python3.12/site-packages/airflow/example_dags/example_inlet_event_extra.py
[2025-08-16T12:36:11.979+0000] {processor.py:925} INFO - DAG(s) 'read_dataset_event_from_classic', 'read_dataset_event' retrieved from /home/airflow/.local/lib/python3.12/site-packages/airflow/example_dags/example_inlet_event_extra.py
[2025-08-16T12:36:11.991+0000] {logging_mixin.py:190} INFO - [2025-08-16T12:36:11.991+0000] {dag.py:3239} INFO - Sync 2 DAGs
[2025-08-16T12:36:12.004+0000] {logging_mixin.py:190} INFO - [2025-08-16T12:36:12.004+0000] {dag.py:4180} INFO - Setting next_dagrun for read_dataset_event to 2025-08-15 00:00:00+00:00, run_after=2025-08-16 00:00:00+00:00
[2025-08-16T12:36:12.008+0000] {logging_mixin.py:190} INFO - [2025-08-16T12:36:12.007+0000] {dag.py:4180} INFO - Setting next_dagrun for read_dataset_event_from_classic to 2025-08-15 00:00:00+00:00, run_after=2025-08-16 00:00:00+00:00
[2025-08-16T12:36:12.015+0000] {processor.py:208} INFO - Processing /home/airflow/.local/lib/python3.12/site-packages/airflow/example_dags/example_inlet_event_extra.py took 0.355 seconds
