[2025-08-16T12:33:04.909+0000] {processor.py:186} INFO - Started process (PID=87) to work on /home/airflow/.local/lib/python3.12/site-packages/airflow/example_dags/example_time_delta_sensor_async.py
[2025-08-16T12:33:04.910+0000] {processor.py:914} INFO - Processing file /home/airflow/.local/lib/python3.12/site-packages/airflow/example_dags/example_time_delta_sensor_async.py for tasks to queue
[2025-08-16T12:33:04.913+0000] {logging_mixin.py:190} INFO - [2025-08-16T12:33:04.912+0000] {dagbag.py:588} INFO - Filling up the DagBag from /home/airflow/.local/lib/python3.12/site-packages/airflow/example_dags/example_time_delta_sensor_async.py
[2025-08-16T12:33:04.928+0000] {processor.py:925} INFO - DAG(s) 'example_time_delta_sensor_async' retrieved from /home/airflow/.local/lib/python3.12/site-packages/airflow/example_dags/example_time_delta_sensor_async.py
[2025-08-16T12:33:05.036+0000] {logging_mixin.py:190} INFO - [2025-08-16T12:33:05.036+0000] {override.py:1912} INFO - Created Permission View: can delete on DAG:example_time_delta_sensor_async
[2025-08-16T12:33:05.043+0000] {logging_mixin.py:190} INFO - [2025-08-16T12:33:05.043+0000] {override.py:1912} INFO - Created Permission View: can read on DAG:example_time_delta_sensor_async
[2025-08-16T12:33:05.046+0000] {logging_mixin.py:190} INFO - [2025-08-16T12:33:05.046+0000] {override.py:1912} INFO - Created Permission View: can edit on DAG:example_time_delta_sensor_async
[2025-08-16T12:33:05.049+0000] {logging_mixin.py:190} INFO - [2025-08-16T12:33:05.049+0000] {override.py:1912} INFO - Created Permission View: can delete on DAG Run:example_time_delta_sensor_async
[2025-08-16T12:33:05.053+0000] {logging_mixin.py:190} INFO - [2025-08-16T12:33:05.052+0000] {override.py:1912} INFO - Created Permission View: menu access on DAG Run:example_time_delta_sensor_async
[2025-08-16T12:33:05.057+0000] {logging_mixin.py:190} INFO - [2025-08-16T12:33:05.056+0000] {override.py:1912} INFO - Created Permission View: can read on DAG Run:example_time_delta_sensor_async
[2025-08-16T12:33:05.060+0000] {logging_mixin.py:190} INFO - [2025-08-16T12:33:05.060+0000] {override.py:1912} INFO - Created Permission View: can create on DAG Run:example_time_delta_sensor_async
[2025-08-16T12:33:05.061+0000] {logging_mixin.py:190} INFO - [2025-08-16T12:33:05.061+0000] {dag.py:3239} INFO - Sync 1 DAGs
[2025-08-16T12:33:05.071+0000] {logging_mixin.py:190} INFO - [2025-08-16T12:33:05.071+0000] {dag.py:3262} INFO - Creating ORM DAG for example_time_delta_sensor_async
[2025-08-16T12:33:05.072+0000] {logging_mixin.py:190} INFO - [2025-08-16T12:33:05.072+0000] {dag.py:4180} INFO - Setting next_dagrun for example_time_delta_sensor_async to None, run_after=None
[2025-08-16T12:33:05.085+0000] {processor.py:208} INFO - Processing /home/airflow/.local/lib/python3.12/site-packages/airflow/example_dags/example_time_delta_sensor_async.py took 0.187 seconds
[2025-08-16T12:33:35.151+0000] {processor.py:186} INFO - Started process (PID=149) to work on /home/airflow/.local/lib/python3.12/site-packages/airflow/example_dags/example_time_delta_sensor_async.py
[2025-08-16T12:33:35.152+0000] {processor.py:914} INFO - Processing file /home/airflow/.local/lib/python3.12/site-packages/airflow/example_dags/example_time_delta_sensor_async.py for tasks to queue
[2025-08-16T12:33:35.153+0000] {logging_mixin.py:190} INFO - [2025-08-16T12:33:35.153+0000] {dagbag.py:588} INFO - Filling up the DagBag from /home/airflow/.local/lib/python3.12/site-packages/airflow/example_dags/example_time_delta_sensor_async.py
[2025-08-16T12:33:35.157+0000] {processor.py:925} INFO - DAG(s) 'example_time_delta_sensor_async' retrieved from /home/airflow/.local/lib/python3.12/site-packages/airflow/example_dags/example_time_delta_sensor_async.py
[2025-08-16T12:33:35.167+0000] {logging_mixin.py:190} INFO - [2025-08-16T12:33:35.167+0000] {dag.py:3239} INFO - Sync 1 DAGs
[2025-08-16T12:33:35.178+0000] {logging_mixin.py:190} INFO - [2025-08-16T12:33:35.177+0000] {dag.py:4180} INFO - Setting next_dagrun for example_time_delta_sensor_async to None, run_after=None
[2025-08-16T12:33:35.201+0000] {processor.py:208} INFO - Processing /home/airflow/.local/lib/python3.12/site-packages/airflow/example_dags/example_time_delta_sensor_async.py took 0.053 seconds
[2025-08-16T12:34:05.324+0000] {processor.py:186} INFO - Started process (PID=212) to work on /home/airflow/.local/lib/python3.12/site-packages/airflow/example_dags/example_time_delta_sensor_async.py
[2025-08-16T12:34:05.325+0000] {processor.py:914} INFO - Processing file /home/airflow/.local/lib/python3.12/site-packages/airflow/example_dags/example_time_delta_sensor_async.py for tasks to queue
[2025-08-16T12:34:05.327+0000] {logging_mixin.py:190} INFO - [2025-08-16T12:34:05.326+0000] {dagbag.py:588} INFO - Filling up the DagBag from /home/airflow/.local/lib/python3.12/site-packages/airflow/example_dags/example_time_delta_sensor_async.py
[2025-08-16T12:34:05.339+0000] {processor.py:925} INFO - DAG(s) 'example_time_delta_sensor_async' retrieved from /home/airflow/.local/lib/python3.12/site-packages/airflow/example_dags/example_time_delta_sensor_async.py
[2025-08-16T12:34:05.353+0000] {logging_mixin.py:190} INFO - [2025-08-16T12:34:05.353+0000] {dag.py:3239} INFO - Sync 1 DAGs
[2025-08-16T12:34:05.365+0000] {logging_mixin.py:190} INFO - [2025-08-16T12:34:05.364+0000] {dag.py:4180} INFO - Setting next_dagrun for example_time_delta_sensor_async to None, run_after=None
[2025-08-16T12:34:05.380+0000] {processor.py:208} INFO - Processing /home/airflow/.local/lib/python3.12/site-packages/airflow/example_dags/example_time_delta_sensor_async.py took 0.059 seconds
[2025-08-16T12:34:36.494+0000] {processor.py:186} INFO - Started process (PID=275) to work on /home/airflow/.local/lib/python3.12/site-packages/airflow/example_dags/example_time_delta_sensor_async.py
[2025-08-16T12:34:36.497+0000] {processor.py:914} INFO - Processing file /home/airflow/.local/lib/python3.12/site-packages/airflow/example_dags/example_time_delta_sensor_async.py for tasks to queue
[2025-08-16T12:34:36.499+0000] {logging_mixin.py:190} INFO - [2025-08-16T12:34:36.499+0000] {dagbag.py:588} INFO - Filling up the DagBag from /home/airflow/.local/lib/python3.12/site-packages/airflow/example_dags/example_time_delta_sensor_async.py
[2025-08-16T12:34:36.507+0000] {processor.py:925} INFO - DAG(s) 'example_time_delta_sensor_async' retrieved from /home/airflow/.local/lib/python3.12/site-packages/airflow/example_dags/example_time_delta_sensor_async.py
[2025-08-16T12:34:36.526+0000] {logging_mixin.py:190} INFO - [2025-08-16T12:34:36.526+0000] {dag.py:3239} INFO - Sync 1 DAGs
[2025-08-16T12:34:36.535+0000] {logging_mixin.py:190} INFO - [2025-08-16T12:34:36.535+0000] {dag.py:4180} INFO - Setting next_dagrun for example_time_delta_sensor_async to None, run_after=None
[2025-08-16T12:34:36.547+0000] {processor.py:208} INFO - Processing /home/airflow/.local/lib/python3.12/site-packages/airflow/example_dags/example_time_delta_sensor_async.py took 0.058 seconds
[2025-08-16T12:35:07.010+0000] {processor.py:186} INFO - Started process (PID=338) to work on /home/airflow/.local/lib/python3.12/site-packages/airflow/example_dags/example_time_delta_sensor_async.py
[2025-08-16T12:35:07.011+0000] {processor.py:914} INFO - Processing file /home/airflow/.local/lib/python3.12/site-packages/airflow/example_dags/example_time_delta_sensor_async.py for tasks to queue
[2025-08-16T12:35:07.013+0000] {logging_mixin.py:190} INFO - [2025-08-16T12:35:07.012+0000] {dagbag.py:588} INFO - Filling up the DagBag from /home/airflow/.local/lib/python3.12/site-packages/airflow/example_dags/example_time_delta_sensor_async.py
[2025-08-16T12:35:07.018+0000] {processor.py:925} INFO - DAG(s) 'example_time_delta_sensor_async' retrieved from /home/airflow/.local/lib/python3.12/site-packages/airflow/example_dags/example_time_delta_sensor_async.py
[2025-08-16T12:35:07.041+0000] {logging_mixin.py:190} INFO - [2025-08-16T12:35:07.040+0000] {dag.py:3239} INFO - Sync 1 DAGs
[2025-08-16T12:35:07.054+0000] {logging_mixin.py:190} INFO - [2025-08-16T12:35:07.053+0000] {dag.py:4180} INFO - Setting next_dagrun for example_time_delta_sensor_async to None, run_after=None
[2025-08-16T12:35:07.064+0000] {processor.py:208} INFO - Processing /home/airflow/.local/lib/python3.12/site-packages/airflow/example_dags/example_time_delta_sensor_async.py took 0.059 seconds
[2025-08-16T12:35:37.459+0000] {processor.py:186} INFO - Started process (PID=399) to work on /home/airflow/.local/lib/python3.12/site-packages/airflow/example_dags/example_time_delta_sensor_async.py
[2025-08-16T12:35:37.463+0000] {processor.py:914} INFO - Processing file /home/airflow/.local/lib/python3.12/site-packages/airflow/example_dags/example_time_delta_sensor_async.py for tasks to queue
[2025-08-16T12:35:37.465+0000] {logging_mixin.py:190} INFO - [2025-08-16T12:35:37.464+0000] {dagbag.py:588} INFO - Filling up the DagBag from /home/airflow/.local/lib/python3.12/site-packages/airflow/example_dags/example_time_delta_sensor_async.py
[2025-08-16T12:35:37.469+0000] {processor.py:925} INFO - DAG(s) 'example_time_delta_sensor_async' retrieved from /home/airflow/.local/lib/python3.12/site-packages/airflow/example_dags/example_time_delta_sensor_async.py
[2025-08-16T12:35:37.480+0000] {logging_mixin.py:190} INFO - [2025-08-16T12:35:37.480+0000] {dag.py:3239} INFO - Sync 1 DAGs
[2025-08-16T12:35:37.488+0000] {logging_mixin.py:190} INFO - [2025-08-16T12:35:37.487+0000] {dag.py:4180} INFO - Setting next_dagrun for example_time_delta_sensor_async to None, run_after=None
[2025-08-16T12:35:37.497+0000] {processor.py:208} INFO - Processing /home/airflow/.local/lib/python3.12/site-packages/airflow/example_dags/example_time_delta_sensor_async.py took 0.042 seconds
[2025-08-16T12:36:08.787+0000] {processor.py:186} INFO - Started process (PID=463) to work on /home/airflow/.local/lib/python3.12/site-packages/airflow/example_dags/example_time_delta_sensor_async.py
[2025-08-16T12:36:08.788+0000] {processor.py:914} INFO - Processing file /home/airflow/.local/lib/python3.12/site-packages/airflow/example_dags/example_time_delta_sensor_async.py for tasks to queue
[2025-08-16T12:36:08.789+0000] {logging_mixin.py:190} INFO - [2025-08-16T12:36:08.789+0000] {dagbag.py:588} INFO - Filling up the DagBag from /home/airflow/.local/lib/python3.12/site-packages/airflow/example_dags/example_time_delta_sensor_async.py
[2025-08-16T12:36:08.793+0000] {processor.py:925} INFO - DAG(s) 'example_time_delta_sensor_async' retrieved from /home/airflow/.local/lib/python3.12/site-packages/airflow/example_dags/example_time_delta_sensor_async.py
[2025-08-16T12:36:08.803+0000] {logging_mixin.py:190} INFO - [2025-08-16T12:36:08.803+0000] {dag.py:3239} INFO - Sync 1 DAGs
[2025-08-16T12:36:08.811+0000] {logging_mixin.py:190} INFO - [2025-08-16T12:36:08.811+0000] {dag.py:4180} INFO - Setting next_dagrun for example_time_delta_sensor_async to None, run_after=None
[2025-08-16T12:36:08.819+0000] {processor.py:208} INFO - Processing /home/airflow/.local/lib/python3.12/site-packages/airflow/example_dags/example_time_delta_sensor_async.py took 0.036 seconds
[2025-08-16T12:36:40.250+0000] {processor.py:186} INFO - Started process (PID=526) to work on /home/airflow/.local/lib/python3.12/site-packages/airflow/example_dags/example_time_delta_sensor_async.py
[2025-08-16T12:36:40.254+0000] {processor.py:914} INFO - Processing file /home/airflow/.local/lib/python3.12/site-packages/airflow/example_dags/example_time_delta_sensor_async.py for tasks to queue
[2025-08-16T12:36:40.255+0000] {logging_mixin.py:190} INFO - [2025-08-16T12:36:40.255+0000] {dagbag.py:588} INFO - Filling up the DagBag from /home/airflow/.local/lib/python3.12/site-packages/airflow/example_dags/example_time_delta_sensor_async.py
[2025-08-16T12:36:40.260+0000] {processor.py:925} INFO - DAG(s) 'example_time_delta_sensor_async' retrieved from /home/airflow/.local/lib/python3.12/site-packages/airflow/example_dags/example_time_delta_sensor_async.py
[2025-08-16T12:36:40.273+0000] {logging_mixin.py:190} INFO - [2025-08-16T12:36:40.273+0000] {dag.py:3239} INFO - Sync 1 DAGs
[2025-08-16T12:36:40.281+0000] {logging_mixin.py:190} INFO - [2025-08-16T12:36:40.281+0000] {dag.py:4180} INFO - Setting next_dagrun for example_time_delta_sensor_async to None, run_after=None
[2025-08-16T12:36:40.291+0000] {processor.py:208} INFO - Processing /home/airflow/.local/lib/python3.12/site-packages/airflow/example_dags/example_time_delta_sensor_async.py took 0.045 seconds
