[2025-08-16T12:33:03.661+0000] {processor.py:186} INFO - Started process (PID=80) to work on /home/airflow/.local/lib/python3.12/site-packages/airflow/example_dags/example_subdag_operator.py
[2025-08-16T12:33:03.662+0000] {processor.py:914} INFO - Processing file /home/airflow/.local/lib/python3.12/site-packages/airflow/example_dags/example_subdag_operator.py for tasks to queue
[2025-08-16T12:33:03.665+0000] {logging_mixin.py:190} INFO - [2025-08-16T12:33:03.664+0000] {dagbag.py:588} INFO - Filling up the DagBag from /home/airflow/.local/lib/python3.12/site-packages/airflow/example_dags/example_subdag_operator.py
[2025-08-16T12:33:03.690+0000] {processor.py:925} INFO - DAG(s) 'example_subdag_operator.section-1', 'example_subdag_operator.section-2', 'example_subdag_operator' retrieved from /home/airflow/.local/lib/python3.12/site-packages/airflow/example_dags/example_subdag_operator.py
[2025-08-16T12:33:03.757+0000] {logging_mixin.py:190} INFO - [2025-08-16T12:33:03.755+0000] {override.py:1912} INFO - Created Permission View: can delete on DAG:example_subdag_operator
[2025-08-16T12:33:03.767+0000] {logging_mixin.py:190} INFO - [2025-08-16T12:33:03.767+0000] {override.py:1912} INFO - Created Permission View: can read on DAG:example_subdag_operator
[2025-08-16T12:33:03.777+0000] {logging_mixin.py:190} INFO - [2025-08-16T12:33:03.777+0000] {override.py:1912} INFO - Created Permission View: can edit on DAG:example_subdag_operator
[2025-08-16T12:33:03.789+0000] {logging_mixin.py:190} INFO - [2025-08-16T12:33:03.789+0000] {override.py:1912} INFO - Created Permission View: can delete on DAG Run:example_subdag_operator
[2025-08-16T12:33:03.793+0000] {logging_mixin.py:190} INFO - [2025-08-16T12:33:03.792+0000] {override.py:1912} INFO - Created Permission View: menu access on DAG Run:example_subdag_operator
[2025-08-16T12:33:03.797+0000] {logging_mixin.py:190} INFO - [2025-08-16T12:33:03.796+0000] {override.py:1912} INFO - Created Permission View: can read on DAG Run:example_subdag_operator
[2025-08-16T12:33:03.801+0000] {logging_mixin.py:190} INFO - [2025-08-16T12:33:03.801+0000] {override.py:1912} INFO - Created Permission View: can create on DAG Run:example_subdag_operator
[2025-08-16T12:33:03.801+0000] {logging_mixin.py:190} INFO - [2025-08-16T12:33:03.801+0000] {dag.py:3239} INFO - Sync 3 DAGs
[2025-08-16T12:33:03.810+0000] {logging_mixin.py:190} INFO - [2025-08-16T12:33:03.810+0000] {dag.py:3262} INFO - Creating ORM DAG for example_subdag_operator.section-1
[2025-08-16T12:33:03.811+0000] {logging_mixin.py:190} INFO - [2025-08-16T12:33:03.811+0000] {dag.py:3262} INFO - Creating ORM DAG for example_subdag_operator.section-2
[2025-08-16T12:33:03.811+0000] {logging_mixin.py:190} INFO - [2025-08-16T12:33:03.811+0000] {dag.py:3262} INFO - Creating ORM DAG for example_subdag_operator
[2025-08-16T12:33:03.817+0000] {logging_mixin.py:190} INFO - [2025-08-16T12:33:03.817+0000] {dag.py:4180} INFO - Setting next_dagrun for example_subdag_operator to 2022-01-01 00:00:00+00:00, run_after=2022-01-01 00:00:00+00:00
[2025-08-16T12:33:03.817+0000] {logging_mixin.py:190} INFO - [2025-08-16T12:33:03.817+0000] {dag.py:4180} INFO - Setting next_dagrun for example_subdag_operator.section-1 to None, run_after=None
[2025-08-16T12:33:03.818+0000] {logging_mixin.py:190} INFO - [2025-08-16T12:33:03.818+0000] {dag.py:4180} INFO - Setting next_dagrun for example_subdag_operator.section-2 to None, run_after=None
[2025-08-16T12:33:03.823+0000] {logging_mixin.py:190} INFO - [2025-08-16T12:33:03.823+0000] {dag.py:3239} INFO - Sync 2 DAGs
[2025-08-16T12:33:03.827+0000] {logging_mixin.py:190} INFO - [2025-08-16T12:33:03.827+0000] {dag.py:4180} INFO - Setting next_dagrun for example_subdag_operator.section-1 to None, run_after=None
[2025-08-16T12:33:03.829+0000] {logging_mixin.py:190} INFO - [2025-08-16T12:33:03.829+0000] {dag.py:4180} INFO - Setting next_dagrun for example_subdag_operator.section-2 to None, run_after=None
[2025-08-16T12:33:03.838+0000] {processor.py:208} INFO - Processing /home/airflow/.local/lib/python3.12/site-packages/airflow/example_dags/example_subdag_operator.py took 0.186 seconds
[2025-08-16T12:33:33.923+0000] {processor.py:186} INFO - Started process (PID=143) to work on /home/airflow/.local/lib/python3.12/site-packages/airflow/example_dags/example_subdag_operator.py
[2025-08-16T12:33:33.925+0000] {processor.py:914} INFO - Processing file /home/airflow/.local/lib/python3.12/site-packages/airflow/example_dags/example_subdag_operator.py for tasks to queue
[2025-08-16T12:33:33.926+0000] {logging_mixin.py:190} INFO - [2025-08-16T12:33:33.926+0000] {dagbag.py:588} INFO - Filling up the DagBag from /home/airflow/.local/lib/python3.12/site-packages/airflow/example_dags/example_subdag_operator.py
[2025-08-16T12:33:33.938+0000] {processor.py:925} INFO - DAG(s) 'example_subdag_operator.section-1', 'example_subdag_operator.section-2', 'example_subdag_operator' retrieved from /home/airflow/.local/lib/python3.12/site-packages/airflow/example_dags/example_subdag_operator.py
[2025-08-16T12:33:33.947+0000] {logging_mixin.py:190} INFO - [2025-08-16T12:33:33.947+0000] {dag.py:3239} INFO - Sync 3 DAGs
[2025-08-16T12:33:33.963+0000] {logging_mixin.py:190} INFO - [2025-08-16T12:33:33.963+0000] {dag.py:4180} INFO - Setting next_dagrun for example_subdag_operator to 2022-01-01 00:00:00+00:00, run_after=2022-01-01 00:00:00+00:00
[2025-08-16T12:33:33.969+0000] {logging_mixin.py:190} INFO - [2025-08-16T12:33:33.966+0000] {dag.py:4180} INFO - Setting next_dagrun for example_subdag_operator.section-1 to None, run_after=None
[2025-08-16T12:33:33.971+0000] {logging_mixin.py:190} INFO - [2025-08-16T12:33:33.971+0000] {dag.py:4180} INFO - Setting next_dagrun for example_subdag_operator.section-2 to None, run_after=None
[2025-08-16T12:33:33.975+0000] {logging_mixin.py:190} INFO - [2025-08-16T12:33:33.974+0000] {dag.py:3239} INFO - Sync 2 DAGs
[2025-08-16T12:33:33.977+0000] {logging_mixin.py:190} INFO - [2025-08-16T12:33:33.977+0000] {dag.py:4180} INFO - Setting next_dagrun for example_subdag_operator.section-1 to None, run_after=None
[2025-08-16T12:33:33.977+0000] {logging_mixin.py:190} INFO - [2025-08-16T12:33:33.977+0000] {dag.py:4180} INFO - Setting next_dagrun for example_subdag_operator.section-2 to None, run_after=None
[2025-08-16T12:33:33.982+0000] {processor.py:208} INFO - Processing /home/airflow/.local/lib/python3.12/site-packages/airflow/example_dags/example_subdag_operator.py took 0.063 seconds
[2025-08-16T12:34:04.898+0000] {processor.py:186} INFO - Started process (PID=206) to work on /home/airflow/.local/lib/python3.12/site-packages/airflow/example_dags/example_subdag_operator.py
[2025-08-16T12:34:04.898+0000] {processor.py:914} INFO - Processing file /home/airflow/.local/lib/python3.12/site-packages/airflow/example_dags/example_subdag_operator.py for tasks to queue
[2025-08-16T12:34:04.900+0000] {logging_mixin.py:190} INFO - [2025-08-16T12:34:04.900+0000] {dagbag.py:588} INFO - Filling up the DagBag from /home/airflow/.local/lib/python3.12/site-packages/airflow/example_dags/example_subdag_operator.py
[2025-08-16T12:34:04.918+0000] {processor.py:925} INFO - DAG(s) 'example_subdag_operator.section-1', 'example_subdag_operator.section-2', 'example_subdag_operator' retrieved from /home/airflow/.local/lib/python3.12/site-packages/airflow/example_dags/example_subdag_operator.py
[2025-08-16T12:34:04.928+0000] {logging_mixin.py:190} INFO - [2025-08-16T12:34:04.928+0000] {dag.py:3239} INFO - Sync 3 DAGs
[2025-08-16T12:34:04.942+0000] {logging_mixin.py:190} INFO - [2025-08-16T12:34:04.941+0000] {dag.py:4180} INFO - Setting next_dagrun for example_subdag_operator to 2022-01-01 00:00:00+00:00, run_after=2022-01-01 00:00:00+00:00
[2025-08-16T12:34:04.943+0000] {logging_mixin.py:190} INFO - [2025-08-16T12:34:04.943+0000] {dag.py:4180} INFO - Setting next_dagrun for example_subdag_operator.section-1 to None, run_after=None
[2025-08-16T12:34:04.944+0000] {logging_mixin.py:190} INFO - [2025-08-16T12:34:04.944+0000] {dag.py:4180} INFO - Setting next_dagrun for example_subdag_operator.section-2 to None, run_after=None
[2025-08-16T12:34:04.948+0000] {logging_mixin.py:190} INFO - [2025-08-16T12:34:04.948+0000] {dag.py:3239} INFO - Sync 2 DAGs
[2025-08-16T12:34:04.951+0000] {logging_mixin.py:190} INFO - [2025-08-16T12:34:04.950+0000] {dag.py:4180} INFO - Setting next_dagrun for example_subdag_operator.section-1 to None, run_after=None
[2025-08-16T12:34:04.951+0000] {logging_mixin.py:190} INFO - [2025-08-16T12:34:04.951+0000] {dag.py:4180} INFO - Setting next_dagrun for example_subdag_operator.section-2 to None, run_after=None
[2025-08-16T12:34:04.957+0000] {processor.py:208} INFO - Processing /home/airflow/.local/lib/python3.12/site-packages/airflow/example_dags/example_subdag_operator.py took 0.062 seconds
[2025-08-16T12:34:36.050+0000] {processor.py:186} INFO - Started process (PID=269) to work on /home/airflow/.local/lib/python3.12/site-packages/airflow/example_dags/example_subdag_operator.py
[2025-08-16T12:34:36.055+0000] {processor.py:914} INFO - Processing file /home/airflow/.local/lib/python3.12/site-packages/airflow/example_dags/example_subdag_operator.py for tasks to queue
[2025-08-16T12:34:36.058+0000] {logging_mixin.py:190} INFO - [2025-08-16T12:34:36.058+0000] {dagbag.py:588} INFO - Filling up the DagBag from /home/airflow/.local/lib/python3.12/site-packages/airflow/example_dags/example_subdag_operator.py
[2025-08-16T12:34:36.081+0000] {processor.py:925} INFO - DAG(s) 'example_subdag_operator.section-1', 'example_subdag_operator.section-2', 'example_subdag_operator' retrieved from /home/airflow/.local/lib/python3.12/site-packages/airflow/example_dags/example_subdag_operator.py
[2025-08-16T12:34:36.094+0000] {logging_mixin.py:190} INFO - [2025-08-16T12:34:36.094+0000] {dag.py:3239} INFO - Sync 3 DAGs
[2025-08-16T12:34:36.114+0000] {logging_mixin.py:190} INFO - [2025-08-16T12:34:36.114+0000] {dag.py:4180} INFO - Setting next_dagrun for example_subdag_operator to 2022-01-01 00:00:00+00:00, run_after=2022-01-01 00:00:00+00:00
[2025-08-16T12:34:36.117+0000] {logging_mixin.py:190} INFO - [2025-08-16T12:34:36.117+0000] {dag.py:4180} INFO - Setting next_dagrun for example_subdag_operator.section-1 to None, run_after=None
[2025-08-16T12:34:36.118+0000] {logging_mixin.py:190} INFO - [2025-08-16T12:34:36.118+0000] {dag.py:4180} INFO - Setting next_dagrun for example_subdag_operator.section-2 to None, run_after=None
[2025-08-16T12:34:36.123+0000] {logging_mixin.py:190} INFO - [2025-08-16T12:34:36.123+0000] {dag.py:3239} INFO - Sync 2 DAGs
[2025-08-16T12:34:36.127+0000] {logging_mixin.py:190} INFO - [2025-08-16T12:34:36.126+0000] {dag.py:4180} INFO - Setting next_dagrun for example_subdag_operator.section-1 to None, run_after=None
[2025-08-16T12:34:36.127+0000] {logging_mixin.py:190} INFO - [2025-08-16T12:34:36.127+0000] {dag.py:4180} INFO - Setting next_dagrun for example_subdag_operator.section-2 to None, run_after=None
[2025-08-16T12:34:36.134+0000] {processor.py:208} INFO - Processing /home/airflow/.local/lib/python3.12/site-packages/airflow/example_dags/example_subdag_operator.py took 0.093 seconds
[2025-08-16T12:35:06.652+0000] {processor.py:186} INFO - Started process (PID=331) to work on /home/airflow/.local/lib/python3.12/site-packages/airflow/example_dags/example_subdag_operator.py
[2025-08-16T12:35:06.653+0000] {processor.py:914} INFO - Processing file /home/airflow/.local/lib/python3.12/site-packages/airflow/example_dags/example_subdag_operator.py for tasks to queue
[2025-08-16T12:35:06.655+0000] {logging_mixin.py:190} INFO - [2025-08-16T12:35:06.655+0000] {dagbag.py:588} INFO - Filling up the DagBag from /home/airflow/.local/lib/python3.12/site-packages/airflow/example_dags/example_subdag_operator.py
[2025-08-16T12:35:06.676+0000] {processor.py:925} INFO - DAG(s) 'example_subdag_operator.section-1', 'example_subdag_operator.section-2', 'example_subdag_operator' retrieved from /home/airflow/.local/lib/python3.12/site-packages/airflow/example_dags/example_subdag_operator.py
[2025-08-16T12:35:06.690+0000] {logging_mixin.py:190} INFO - [2025-08-16T12:35:06.689+0000] {dag.py:3239} INFO - Sync 3 DAGs
[2025-08-16T12:35:06.713+0000] {logging_mixin.py:190} INFO - [2025-08-16T12:35:06.712+0000] {dag.py:4180} INFO - Setting next_dagrun for example_subdag_operator to 2022-01-01 00:00:00+00:00, run_after=2022-01-01 00:00:00+00:00
[2025-08-16T12:35:06.720+0000] {logging_mixin.py:190} INFO - [2025-08-16T12:35:06.720+0000] {dag.py:4180} INFO - Setting next_dagrun for example_subdag_operator.section-1 to None, run_after=None
[2025-08-16T12:35:06.721+0000] {logging_mixin.py:190} INFO - [2025-08-16T12:35:06.721+0000] {dag.py:4180} INFO - Setting next_dagrun for example_subdag_operator.section-2 to None, run_after=None
[2025-08-16T12:35:06.726+0000] {logging_mixin.py:190} INFO - [2025-08-16T12:35:06.725+0000] {dag.py:3239} INFO - Sync 2 DAGs
[2025-08-16T12:35:06.734+0000] {logging_mixin.py:190} INFO - [2025-08-16T12:35:06.734+0000] {dag.py:4180} INFO - Setting next_dagrun for example_subdag_operator.section-1 to None, run_after=None
[2025-08-16T12:35:06.734+0000] {logging_mixin.py:190} INFO - [2025-08-16T12:35:06.734+0000] {dag.py:4180} INFO - Setting next_dagrun for example_subdag_operator.section-2 to None, run_after=None
[2025-08-16T12:35:06.740+0000] {processor.py:208} INFO - Processing /home/airflow/.local/lib/python3.12/site-packages/airflow/example_dags/example_subdag_operator.py took 0.095 seconds
[2025-08-16T12:35:37.066+0000] {processor.py:186} INFO - Started process (PID=393) to work on /home/airflow/.local/lib/python3.12/site-packages/airflow/example_dags/example_subdag_operator.py
[2025-08-16T12:35:37.070+0000] {processor.py:914} INFO - Processing file /home/airflow/.local/lib/python3.12/site-packages/airflow/example_dags/example_subdag_operator.py for tasks to queue
[2025-08-16T12:35:37.072+0000] {logging_mixin.py:190} INFO - [2025-08-16T12:35:37.071+0000] {dagbag.py:588} INFO - Filling up the DagBag from /home/airflow/.local/lib/python3.12/site-packages/airflow/example_dags/example_subdag_operator.py
[2025-08-16T12:35:37.090+0000] {processor.py:925} INFO - DAG(s) 'example_subdag_operator.section-1', 'example_subdag_operator.section-2', 'example_subdag_operator' retrieved from /home/airflow/.local/lib/python3.12/site-packages/airflow/example_dags/example_subdag_operator.py
[2025-08-16T12:35:37.098+0000] {logging_mixin.py:190} INFO - [2025-08-16T12:35:37.098+0000] {dag.py:3239} INFO - Sync 3 DAGs
[2025-08-16T12:35:37.116+0000] {logging_mixin.py:190} INFO - [2025-08-16T12:35:37.115+0000] {dag.py:4180} INFO - Setting next_dagrun for example_subdag_operator to 2022-01-01 00:00:00+00:00, run_after=2022-01-01 00:00:00+00:00
[2025-08-16T12:35:37.118+0000] {logging_mixin.py:190} INFO - [2025-08-16T12:35:37.118+0000] {dag.py:4180} INFO - Setting next_dagrun for example_subdag_operator.section-1 to None, run_after=None
[2025-08-16T12:35:37.119+0000] {logging_mixin.py:190} INFO - [2025-08-16T12:35:37.119+0000] {dag.py:4180} INFO - Setting next_dagrun for example_subdag_operator.section-2 to None, run_after=None
[2025-08-16T12:35:37.123+0000] {logging_mixin.py:190} INFO - [2025-08-16T12:35:37.123+0000] {dag.py:3239} INFO - Sync 2 DAGs
[2025-08-16T12:35:37.126+0000] {logging_mixin.py:190} INFO - [2025-08-16T12:35:37.126+0000] {dag.py:4180} INFO - Setting next_dagrun for example_subdag_operator.section-1 to None, run_after=None
[2025-08-16T12:35:37.127+0000] {logging_mixin.py:190} INFO - [2025-08-16T12:35:37.127+0000] {dag.py:4180} INFO - Setting next_dagrun for example_subdag_operator.section-2 to None, run_after=None
[2025-08-16T12:35:37.133+0000] {processor.py:208} INFO - Processing /home/airflow/.local/lib/python3.12/site-packages/airflow/example_dags/example_subdag_operator.py took 0.073 seconds
[2025-08-16T12:36:08.537+0000] {processor.py:186} INFO - Started process (PID=457) to work on /home/airflow/.local/lib/python3.12/site-packages/airflow/example_dags/example_subdag_operator.py
[2025-08-16T12:36:08.540+0000] {processor.py:914} INFO - Processing file /home/airflow/.local/lib/python3.12/site-packages/airflow/example_dags/example_subdag_operator.py for tasks to queue
[2025-08-16T12:36:08.541+0000] {logging_mixin.py:190} INFO - [2025-08-16T12:36:08.541+0000] {dagbag.py:588} INFO - Filling up the DagBag from /home/airflow/.local/lib/python3.12/site-packages/airflow/example_dags/example_subdag_operator.py
[2025-08-16T12:36:08.569+0000] {processor.py:925} INFO - DAG(s) 'example_subdag_operator.section-1', 'example_subdag_operator.section-2', 'example_subdag_operator' retrieved from /home/airflow/.local/lib/python3.12/site-packages/airflow/example_dags/example_subdag_operator.py
[2025-08-16T12:36:08.578+0000] {logging_mixin.py:190} INFO - [2025-08-16T12:36:08.578+0000] {dag.py:3239} INFO - Sync 3 DAGs
[2025-08-16T12:36:08.608+0000] {logging_mixin.py:190} INFO - [2025-08-16T12:36:08.608+0000] {dag.py:4180} INFO - Setting next_dagrun for example_subdag_operator to 2022-01-01 00:00:00+00:00, run_after=2022-01-01 00:00:00+00:00
[2025-08-16T12:36:08.611+0000] {logging_mixin.py:190} INFO - [2025-08-16T12:36:08.611+0000] {dag.py:4180} INFO - Setting next_dagrun for example_subdag_operator.section-1 to None, run_after=None
[2025-08-16T12:36:08.614+0000] {logging_mixin.py:190} INFO - [2025-08-16T12:36:08.614+0000] {dag.py:4180} INFO - Setting next_dagrun for example_subdag_operator.section-2 to None, run_after=None
[2025-08-16T12:36:08.621+0000] {logging_mixin.py:190} INFO - [2025-08-16T12:36:08.621+0000] {dag.py:3239} INFO - Sync 2 DAGs
[2025-08-16T12:36:08.627+0000] {logging_mixin.py:190} INFO - [2025-08-16T12:36:08.627+0000] {dag.py:4180} INFO - Setting next_dagrun for example_subdag_operator.section-1 to None, run_after=None
[2025-08-16T12:36:08.627+0000] {logging_mixin.py:190} INFO - [2025-08-16T12:36:08.627+0000] {dag.py:4180} INFO - Setting next_dagrun for example_subdag_operator.section-2 to None, run_after=None
[2025-08-16T12:36:08.633+0000] {processor.py:208} INFO - Processing /home/airflow/.local/lib/python3.12/site-packages/airflow/example_dags/example_subdag_operator.py took 0.099 seconds
[2025-08-16T12:36:40.013+0000] {processor.py:186} INFO - Started process (PID=520) to work on /home/airflow/.local/lib/python3.12/site-packages/airflow/example_dags/example_subdag_operator.py
[2025-08-16T12:36:40.014+0000] {processor.py:914} INFO - Processing file /home/airflow/.local/lib/python3.12/site-packages/airflow/example_dags/example_subdag_operator.py for tasks to queue
[2025-08-16T12:36:40.017+0000] {logging_mixin.py:190} INFO - [2025-08-16T12:36:40.016+0000] {dagbag.py:588} INFO - Filling up the DagBag from /home/airflow/.local/lib/python3.12/site-packages/airflow/example_dags/example_subdag_operator.py
[2025-08-16T12:36:40.036+0000] {processor.py:925} INFO - DAG(s) 'example_subdag_operator.section-1', 'example_subdag_operator.section-2', 'example_subdag_operator' retrieved from /home/airflow/.local/lib/python3.12/site-packages/airflow/example_dags/example_subdag_operator.py
[2025-08-16T12:36:40.045+0000] {logging_mixin.py:190} INFO - [2025-08-16T12:36:40.044+0000] {dag.py:3239} INFO - Sync 3 DAGs
[2025-08-16T12:36:40.062+0000] {logging_mixin.py:190} INFO - [2025-08-16T12:36:40.062+0000] {dag.py:4180} INFO - Setting next_dagrun for example_subdag_operator to 2022-01-01 00:00:00+00:00, run_after=2022-01-01 00:00:00+00:00
[2025-08-16T12:36:40.067+0000] {logging_mixin.py:190} INFO - [2025-08-16T12:36:40.067+0000] {dag.py:4180} INFO - Setting next_dagrun for example_subdag_operator.section-1 to None, run_after=None
[2025-08-16T12:36:40.068+0000] {logging_mixin.py:190} INFO - [2025-08-16T12:36:40.067+0000] {dag.py:4180} INFO - Setting next_dagrun for example_subdag_operator.section-2 to None, run_after=None
[2025-08-16T12:36:40.073+0000] {logging_mixin.py:190} INFO - [2025-08-16T12:36:40.073+0000] {dag.py:3239} INFO - Sync 2 DAGs
[2025-08-16T12:36:40.076+0000] {logging_mixin.py:190} INFO - [2025-08-16T12:36:40.076+0000] {dag.py:4180} INFO - Setting next_dagrun for example_subdag_operator.section-1 to None, run_after=None
[2025-08-16T12:36:40.078+0000] {logging_mixin.py:190} INFO - [2025-08-16T12:36:40.078+0000] {dag.py:4180} INFO - Setting next_dagrun for example_subdag_operator.section-2 to None, run_after=None
[2025-08-16T12:36:40.083+0000] {processor.py:208} INFO - Processing /home/airflow/.local/lib/python3.12/site-packages/airflow/example_dags/example_subdag_operator.py took 0.080 seconds
