[2025-08-16T12:33:03.900+0000] {processor.py:186} INFO - Started process (PID=83) to work on /home/airflow/.local/lib/python3.12/site-packages/airflow/example_dags/example_kubernetes_executor.py
[2025-08-16T12:33:03.901+0000] {processor.py:914} INFO - Processing file /home/airflow/.local/lib/python3.12/site-packages/airflow/example_dags/example_kubernetes_executor.py for tasks to queue
[2025-08-16T12:33:03.902+0000] {logging_mixin.py:190} INFO - [2025-08-16T12:33:03.902+0000] {dagbag.py:588} INFO - Filling up the DagBag from /home/airflow/.local/lib/python3.12/site-packages/airflow/example_dags/example_kubernetes_executor.py
[2025-08-16T12:33:03.914+0000] {processor.py:925} INFO - DAG(s) 'example_kubernetes_executor' retrieved from /home/airflow/.local/lib/python3.12/site-packages/airflow/example_dags/example_kubernetes_executor.py
[2025-08-16T12:33:03.990+0000] {logging_mixin.py:190} INFO - [2025-08-16T12:33:03.989+0000] {override.py:1912} INFO - Created Permission View: can delete on DAG:example_kubernetes_executor
[2025-08-16T12:33:04.003+0000] {logging_mixin.py:190} INFO - [2025-08-16T12:33:04.003+0000] {override.py:1912} INFO - Created Permission View: can read on DAG:example_kubernetes_executor
[2025-08-16T12:33:04.007+0000] {logging_mixin.py:190} INFO - [2025-08-16T12:33:04.007+0000] {override.py:1912} INFO - Created Permission View: can edit on DAG:example_kubernetes_executor
[2025-08-16T12:33:04.012+0000] {logging_mixin.py:190} INFO - [2025-08-16T12:33:04.012+0000] {override.py:1912} INFO - Created Permission View: can delete on DAG Run:example_kubernetes_executor
[2025-08-16T12:33:04.020+0000] {logging_mixin.py:190} INFO - [2025-08-16T12:33:04.020+0000] {override.py:1912} INFO - Created Permission View: menu access on DAG Run:example_kubernetes_executor
[2025-08-16T12:33:04.023+0000] {logging_mixin.py:190} INFO - [2025-08-16T12:33:04.023+0000] {override.py:1912} INFO - Created Permission View: can read on DAG Run:example_kubernetes_executor
[2025-08-16T12:33:04.027+0000] {logging_mixin.py:190} INFO - [2025-08-16T12:33:04.027+0000] {override.py:1912} INFO - Created Permission View: can create on DAG Run:example_kubernetes_executor
[2025-08-16T12:33:04.028+0000] {logging_mixin.py:190} INFO - [2025-08-16T12:33:04.028+0000] {dag.py:3239} INFO - Sync 1 DAGs
[2025-08-16T12:33:04.038+0000] {logging_mixin.py:190} INFO - [2025-08-16T12:33:04.038+0000] {dag.py:3262} INFO - Creating ORM DAG for example_kubernetes_executor
[2025-08-16T12:33:04.039+0000] {logging_mixin.py:190} INFO - [2025-08-16T12:33:04.039+0000] {dag.py:4180} INFO - Setting next_dagrun for example_kubernetes_executor to None, run_after=None
[2025-08-16T12:33:04.051+0000] {processor.py:208} INFO - Processing /home/airflow/.local/lib/python3.12/site-packages/airflow/example_dags/example_kubernetes_executor.py took 0.155 seconds
[2025-08-16T12:33:35.013+0000] {processor.py:186} INFO - Started process (PID=146) to work on /home/airflow/.local/lib/python3.12/site-packages/airflow/example_dags/example_kubernetes_executor.py
[2025-08-16T12:33:35.013+0000] {processor.py:914} INFO - Processing file /home/airflow/.local/lib/python3.12/site-packages/airflow/example_dags/example_kubernetes_executor.py for tasks to queue
[2025-08-16T12:33:35.014+0000] {logging_mixin.py:190} INFO - [2025-08-16T12:33:35.014+0000] {dagbag.py:588} INFO - Filling up the DagBag from /home/airflow/.local/lib/python3.12/site-packages/airflow/example_dags/example_kubernetes_executor.py
[2025-08-16T12:33:35.024+0000] {processor.py:925} INFO - DAG(s) 'example_kubernetes_executor' retrieved from /home/airflow/.local/lib/python3.12/site-packages/airflow/example_dags/example_kubernetes_executor.py
[2025-08-16T12:33:35.041+0000] {logging_mixin.py:190} INFO - [2025-08-16T12:33:35.040+0000] {dag.py:3239} INFO - Sync 1 DAGs
[2025-08-16T12:33:35.049+0000] {logging_mixin.py:190} INFO - [2025-08-16T12:33:35.049+0000] {dag.py:4180} INFO - Setting next_dagrun for example_kubernetes_executor to None, run_after=None
[2025-08-16T12:33:35.059+0000] {processor.py:208} INFO - Processing /home/airflow/.local/lib/python3.12/site-packages/airflow/example_dags/example_kubernetes_executor.py took 0.050 seconds
[2025-08-16T12:34:05.154+0000] {processor.py:186} INFO - Started process (PID=209) to work on /home/airflow/.local/lib/python3.12/site-packages/airflow/example_dags/example_kubernetes_executor.py
[2025-08-16T12:34:05.155+0000] {processor.py:914} INFO - Processing file /home/airflow/.local/lib/python3.12/site-packages/airflow/example_dags/example_kubernetes_executor.py for tasks to queue
[2025-08-16T12:34:05.156+0000] {logging_mixin.py:190} INFO - [2025-08-16T12:34:05.156+0000] {dagbag.py:588} INFO - Filling up the DagBag from /home/airflow/.local/lib/python3.12/site-packages/airflow/example_dags/example_kubernetes_executor.py
[2025-08-16T12:34:05.163+0000] {processor.py:925} INFO - DAG(s) 'example_kubernetes_executor' retrieved from /home/airflow/.local/lib/python3.12/site-packages/airflow/example_dags/example_kubernetes_executor.py
[2025-08-16T12:34:05.179+0000] {logging_mixin.py:190} INFO - [2025-08-16T12:34:05.179+0000] {dag.py:3239} INFO - Sync 1 DAGs
[2025-08-16T12:34:05.187+0000] {logging_mixin.py:190} INFO - [2025-08-16T12:34:05.187+0000] {dag.py:4180} INFO - Setting next_dagrun for example_kubernetes_executor to None, run_after=None
[2025-08-16T12:34:05.195+0000] {processor.py:208} INFO - Processing /home/airflow/.local/lib/python3.12/site-packages/airflow/example_dags/example_kubernetes_executor.py took 0.044 seconds
[2025-08-16T12:34:36.316+0000] {processor.py:186} INFO - Started process (PID=272) to work on /home/airflow/.local/lib/python3.12/site-packages/airflow/example_dags/example_kubernetes_executor.py
[2025-08-16T12:34:36.317+0000] {processor.py:914} INFO - Processing file /home/airflow/.local/lib/python3.12/site-packages/airflow/example_dags/example_kubernetes_executor.py for tasks to queue
[2025-08-16T12:34:36.318+0000] {logging_mixin.py:190} INFO - [2025-08-16T12:34:36.318+0000] {dagbag.py:588} INFO - Filling up the DagBag from /home/airflow/.local/lib/python3.12/site-packages/airflow/example_dags/example_kubernetes_executor.py
[2025-08-16T12:34:36.327+0000] {processor.py:925} INFO - DAG(s) 'example_kubernetes_executor' retrieved from /home/airflow/.local/lib/python3.12/site-packages/airflow/example_dags/example_kubernetes_executor.py
[2025-08-16T12:34:36.341+0000] {logging_mixin.py:190} INFO - [2025-08-16T12:34:36.341+0000] {dag.py:3239} INFO - Sync 1 DAGs
[2025-08-16T12:34:36.350+0000] {logging_mixin.py:190} INFO - [2025-08-16T12:34:36.350+0000] {dag.py:4180} INFO - Setting next_dagrun for example_kubernetes_executor to None, run_after=None
[2025-08-16T12:34:36.389+0000] {processor.py:208} INFO - Processing /home/airflow/.local/lib/python3.12/site-packages/airflow/example_dags/example_kubernetes_executor.py took 0.077 seconds
[2025-08-16T12:35:06.762+0000] {processor.py:186} INFO - Started process (PID=334) to work on /home/airflow/.local/lib/python3.12/site-packages/airflow/example_dags/example_kubernetes_executor.py
[2025-08-16T12:35:06.763+0000] {processor.py:914} INFO - Processing file /home/airflow/.local/lib/python3.12/site-packages/airflow/example_dags/example_kubernetes_executor.py for tasks to queue
[2025-08-16T12:35:06.765+0000] {logging_mixin.py:190} INFO - [2025-08-16T12:35:06.765+0000] {dagbag.py:588} INFO - Filling up the DagBag from /home/airflow/.local/lib/python3.12/site-packages/airflow/example_dags/example_kubernetes_executor.py
[2025-08-16T12:35:06.775+0000] {processor.py:925} INFO - DAG(s) 'example_kubernetes_executor' retrieved from /home/airflow/.local/lib/python3.12/site-packages/airflow/example_dags/example_kubernetes_executor.py
[2025-08-16T12:35:06.800+0000] {logging_mixin.py:190} INFO - [2025-08-16T12:35:06.799+0000] {dag.py:3239} INFO - Sync 1 DAGs
[2025-08-16T12:35:06.810+0000] {logging_mixin.py:190} INFO - [2025-08-16T12:35:06.810+0000] {dag.py:4180} INFO - Setting next_dagrun for example_kubernetes_executor to None, run_after=None
[2025-08-16T12:35:06.822+0000] {processor.py:208} INFO - Processing /home/airflow/.local/lib/python3.12/site-packages/airflow/example_dags/example_kubernetes_executor.py took 0.063 seconds
[2025-08-16T12:35:37.326+0000] {processor.py:186} INFO - Started process (PID=396) to work on /home/airflow/.local/lib/python3.12/site-packages/airflow/example_dags/example_kubernetes_executor.py
[2025-08-16T12:35:37.328+0000] {processor.py:914} INFO - Processing file /home/airflow/.local/lib/python3.12/site-packages/airflow/example_dags/example_kubernetes_executor.py for tasks to queue
[2025-08-16T12:35:37.330+0000] {logging_mixin.py:190} INFO - [2025-08-16T12:35:37.330+0000] {dagbag.py:588} INFO - Filling up the DagBag from /home/airflow/.local/lib/python3.12/site-packages/airflow/example_dags/example_kubernetes_executor.py
[2025-08-16T12:35:37.338+0000] {processor.py:925} INFO - DAG(s) 'example_kubernetes_executor' retrieved from /home/airflow/.local/lib/python3.12/site-packages/airflow/example_dags/example_kubernetes_executor.py
[2025-08-16T12:35:37.354+0000] {logging_mixin.py:190} INFO - [2025-08-16T12:35:37.354+0000] {dag.py:3239} INFO - Sync 1 DAGs
[2025-08-16T12:35:37.363+0000] {logging_mixin.py:190} INFO - [2025-08-16T12:35:37.363+0000] {dag.py:4180} INFO - Setting next_dagrun for example_kubernetes_executor to None, run_after=None
[2025-08-16T12:35:37.373+0000] {processor.py:208} INFO - Processing /home/airflow/.local/lib/python3.12/site-packages/airflow/example_dags/example_kubernetes_executor.py took 0.051 seconds
[2025-08-16T12:36:08.703+0000] {processor.py:186} INFO - Started process (PID=460) to work on /home/airflow/.local/lib/python3.12/site-packages/airflow/example_dags/example_kubernetes_executor.py
[2025-08-16T12:36:08.704+0000] {processor.py:914} INFO - Processing file /home/airflow/.local/lib/python3.12/site-packages/airflow/example_dags/example_kubernetes_executor.py for tasks to queue
[2025-08-16T12:36:08.705+0000] {logging_mixin.py:190} INFO - [2025-08-16T12:36:08.705+0000] {dagbag.py:588} INFO - Filling up the DagBag from /home/airflow/.local/lib/python3.12/site-packages/airflow/example_dags/example_kubernetes_executor.py
[2025-08-16T12:36:08.713+0000] {processor.py:925} INFO - DAG(s) 'example_kubernetes_executor' retrieved from /home/airflow/.local/lib/python3.12/site-packages/airflow/example_dags/example_kubernetes_executor.py
[2025-08-16T12:36:08.729+0000] {logging_mixin.py:190} INFO - [2025-08-16T12:36:08.729+0000] {dag.py:3239} INFO - Sync 1 DAGs
[2025-08-16T12:36:08.736+0000] {logging_mixin.py:190} INFO - [2025-08-16T12:36:08.736+0000] {dag.py:4180} INFO - Setting next_dagrun for example_kubernetes_executor to None, run_after=None
[2025-08-16T12:36:08.747+0000] {processor.py:208} INFO - Processing /home/airflow/.local/lib/python3.12/site-packages/airflow/example_dags/example_kubernetes_executor.py took 0.047 seconds
[2025-08-16T12:36:40.121+0000] {processor.py:186} INFO - Started process (PID=523) to work on /home/airflow/.local/lib/python3.12/site-packages/airflow/example_dags/example_kubernetes_executor.py
[2025-08-16T12:36:40.121+0000] {processor.py:914} INFO - Processing file /home/airflow/.local/lib/python3.12/site-packages/airflow/example_dags/example_kubernetes_executor.py for tasks to queue
[2025-08-16T12:36:40.123+0000] {logging_mixin.py:190} INFO - [2025-08-16T12:36:40.123+0000] {dagbag.py:588} INFO - Filling up the DagBag from /home/airflow/.local/lib/python3.12/site-packages/airflow/example_dags/example_kubernetes_executor.py
[2025-08-16T12:36:40.132+0000] {processor.py:925} INFO - DAG(s) 'example_kubernetes_executor' retrieved from /home/airflow/.local/lib/python3.12/site-packages/airflow/example_dags/example_kubernetes_executor.py
[2025-08-16T12:36:40.152+0000] {logging_mixin.py:190} INFO - [2025-08-16T12:36:40.152+0000] {dag.py:3239} INFO - Sync 1 DAGs
[2025-08-16T12:36:40.161+0000] {logging_mixin.py:190} INFO - [2025-08-16T12:36:40.161+0000] {dag.py:4180} INFO - Setting next_dagrun for example_kubernetes_executor to None, run_after=None
[2025-08-16T12:36:40.174+0000] {processor.py:208} INFO - Processing /home/airflow/.local/lib/python3.12/site-packages/airflow/example_dags/example_kubernetes_executor.py took 0.057 seconds
