[2025-08-16T12:33:07.513+0000] {processor.py:186} INFO - Started process (PID=105) to work on /home/airflow/.local/lib/python3.12/site-packages/airflow/example_dags/example_params_ui_tutorial.py
[2025-08-16T12:33:07.513+0000] {processor.py:914} INFO - Processing file /home/airflow/.local/lib/python3.12/site-packages/airflow/example_dags/example_params_ui_tutorial.py for tasks to queue
[2025-08-16T12:33:07.516+0000] {logging_mixin.py:190} INFO - [2025-08-16T12:33:07.515+0000] {dagbag.py:588} INFO - Filling up the DagBag from /home/airflow/.local/lib/python3.12/site-packages/airflow/example_dags/example_params_ui_tutorial.py
[2025-08-16T12:33:07.527+0000] {processor.py:925} INFO - DAG(s) 'example_params_ui_tutorial' retrieved from /home/airflow/.local/lib/python3.12/site-packages/airflow/example_dags/example_params_ui_tutorial.py
[2025-08-16T12:33:07.610+0000] {logging_mixin.py:190} INFO - [2025-08-16T12:33:07.610+0000] {override.py:1912} INFO - Created Permission View: can delete on DAG:example_params_ui_tutorial
[2025-08-16T12:33:07.621+0000] {logging_mixin.py:190} INFO - [2025-08-16T12:33:07.620+0000] {override.py:1912} INFO - Created Permission View: can read on DAG:example_params_ui_tutorial
[2025-08-16T12:33:07.626+0000] {logging_mixin.py:190} INFO - [2025-08-16T12:33:07.626+0000] {override.py:1912} INFO - Created Permission View: can edit on DAG:example_params_ui_tutorial
[2025-08-16T12:33:07.631+0000] {logging_mixin.py:190} INFO - [2025-08-16T12:33:07.630+0000] {override.py:1912} INFO - Created Permission View: can delete on DAG Run:example_params_ui_tutorial
[2025-08-16T12:33:07.634+0000] {logging_mixin.py:190} INFO - [2025-08-16T12:33:07.634+0000] {override.py:1912} INFO - Created Permission View: menu access on DAG Run:example_params_ui_tutorial
[2025-08-16T12:33:07.638+0000] {logging_mixin.py:190} INFO - [2025-08-16T12:33:07.637+0000] {override.py:1912} INFO - Created Permission View: can read on DAG Run:example_params_ui_tutorial
[2025-08-16T12:33:07.643+0000] {logging_mixin.py:190} INFO - [2025-08-16T12:33:07.643+0000] {override.py:1912} INFO - Created Permission View: can create on DAG Run:example_params_ui_tutorial
[2025-08-16T12:33:07.644+0000] {logging_mixin.py:190} INFO - [2025-08-16T12:33:07.644+0000] {dag.py:3239} INFO - Sync 1 DAGs
[2025-08-16T12:33:07.651+0000] {logging_mixin.py:190} INFO - [2025-08-16T12:33:07.651+0000] {dag.py:3262} INFO - Creating ORM DAG for example_params_ui_tutorial
[2025-08-16T12:33:07.652+0000] {logging_mixin.py:190} INFO - [2025-08-16T12:33:07.652+0000] {dag.py:4180} INFO - Setting next_dagrun for example_params_ui_tutorial to None, run_after=None
[2025-08-16T12:33:07.666+0000] {processor.py:208} INFO - Processing /home/airflow/.local/lib/python3.12/site-packages/airflow/example_dags/example_params_ui_tutorial.py took 0.157 seconds
[2025-08-16T12:33:37.875+0000] {processor.py:186} INFO - Started process (PID=170) to work on /home/airflow/.local/lib/python3.12/site-packages/airflow/example_dags/example_params_ui_tutorial.py
[2025-08-16T12:33:37.876+0000] {processor.py:914} INFO - Processing file /home/airflow/.local/lib/python3.12/site-packages/airflow/example_dags/example_params_ui_tutorial.py for tasks to queue
[2025-08-16T12:33:37.877+0000] {logging_mixin.py:190} INFO - [2025-08-16T12:33:37.877+0000] {dagbag.py:588} INFO - Filling up the DagBag from /home/airflow/.local/lib/python3.12/site-packages/airflow/example_dags/example_params_ui_tutorial.py
[2025-08-16T12:33:37.883+0000] {processor.py:925} INFO - DAG(s) 'example_params_ui_tutorial' retrieved from /home/airflow/.local/lib/python3.12/site-packages/airflow/example_dags/example_params_ui_tutorial.py
[2025-08-16T12:33:37.906+0000] {logging_mixin.py:190} INFO - [2025-08-16T12:33:37.906+0000] {dag.py:3239} INFO - Sync 1 DAGs
[2025-08-16T12:33:37.914+0000] {logging_mixin.py:190} INFO - [2025-08-16T12:33:37.914+0000] {dag.py:4180} INFO - Setting next_dagrun for example_params_ui_tutorial to None, run_after=None
[2025-08-16T12:33:37.924+0000] {processor.py:208} INFO - Processing /home/airflow/.local/lib/python3.12/site-packages/airflow/example_dags/example_params_ui_tutorial.py took 0.053 seconds
[2025-08-16T12:34:08.648+0000] {processor.py:186} INFO - Started process (PID=231) to work on /home/airflow/.local/lib/python3.12/site-packages/airflow/example_dags/example_params_ui_tutorial.py
[2025-08-16T12:34:08.648+0000] {processor.py:914} INFO - Processing file /home/airflow/.local/lib/python3.12/site-packages/airflow/example_dags/example_params_ui_tutorial.py for tasks to queue
[2025-08-16T12:34:08.650+0000] {logging_mixin.py:190} INFO - [2025-08-16T12:34:08.650+0000] {dagbag.py:588} INFO - Filling up the DagBag from /home/airflow/.local/lib/python3.12/site-packages/airflow/example_dags/example_params_ui_tutorial.py
[2025-08-16T12:34:08.655+0000] {processor.py:925} INFO - DAG(s) 'example_params_ui_tutorial' retrieved from /home/airflow/.local/lib/python3.12/site-packages/airflow/example_dags/example_params_ui_tutorial.py
[2025-08-16T12:34:08.680+0000] {logging_mixin.py:190} INFO - [2025-08-16T12:34:08.679+0000] {dag.py:3239} INFO - Sync 1 DAGs
[2025-08-16T12:34:08.686+0000] {logging_mixin.py:190} INFO - [2025-08-16T12:34:08.686+0000] {dag.py:4180} INFO - Setting next_dagrun for example_params_ui_tutorial to None, run_after=None
[2025-08-16T12:34:08.695+0000] {processor.py:208} INFO - Processing /home/airflow/.local/lib/python3.12/site-packages/airflow/example_dags/example_params_ui_tutorial.py took 0.051 seconds
[2025-08-16T12:34:39.598+0000] {processor.py:186} INFO - Started process (PID=294) to work on /home/airflow/.local/lib/python3.12/site-packages/airflow/example_dags/example_params_ui_tutorial.py
[2025-08-16T12:34:39.603+0000] {processor.py:914} INFO - Processing file /home/airflow/.local/lib/python3.12/site-packages/airflow/example_dags/example_params_ui_tutorial.py for tasks to queue
[2025-08-16T12:34:39.605+0000] {logging_mixin.py:190} INFO - [2025-08-16T12:34:39.605+0000] {dagbag.py:588} INFO - Filling up the DagBag from /home/airflow/.local/lib/python3.12/site-packages/airflow/example_dags/example_params_ui_tutorial.py
[2025-08-16T12:34:39.620+0000] {processor.py:925} INFO - DAG(s) 'example_params_ui_tutorial' retrieved from /home/airflow/.local/lib/python3.12/site-packages/airflow/example_dags/example_params_ui_tutorial.py
[2025-08-16T12:34:39.660+0000] {logging_mixin.py:190} INFO - [2025-08-16T12:34:39.660+0000] {dag.py:3239} INFO - Sync 1 DAGs
[2025-08-16T12:34:39.670+0000] {logging_mixin.py:190} INFO - [2025-08-16T12:34:39.670+0000] {dag.py:4180} INFO - Setting next_dagrun for example_params_ui_tutorial to None, run_after=None
[2025-08-16T12:34:39.681+0000] {processor.py:208} INFO - Processing /home/airflow/.local/lib/python3.12/site-packages/airflow/example_dags/example_params_ui_tutorial.py took 0.090 seconds
[2025-08-16T12:35:10.159+0000] {processor.py:186} INFO - Started process (PID=357) to work on /home/airflow/.local/lib/python3.12/site-packages/airflow/example_dags/example_params_ui_tutorial.py
[2025-08-16T12:35:10.161+0000] {processor.py:914} INFO - Processing file /home/airflow/.local/lib/python3.12/site-packages/airflow/example_dags/example_params_ui_tutorial.py for tasks to queue
[2025-08-16T12:35:10.163+0000] {logging_mixin.py:190} INFO - [2025-08-16T12:35:10.162+0000] {dagbag.py:588} INFO - Filling up the DagBag from /home/airflow/.local/lib/python3.12/site-packages/airflow/example_dags/example_params_ui_tutorial.py
[2025-08-16T12:35:10.168+0000] {processor.py:925} INFO - DAG(s) 'example_params_ui_tutorial' retrieved from /home/airflow/.local/lib/python3.12/site-packages/airflow/example_dags/example_params_ui_tutorial.py
[2025-08-16T12:35:10.197+0000] {logging_mixin.py:190} INFO - [2025-08-16T12:35:10.196+0000] {dag.py:3239} INFO - Sync 1 DAGs
[2025-08-16T12:35:10.205+0000] {logging_mixin.py:190} INFO - [2025-08-16T12:35:10.205+0000] {dag.py:4180} INFO - Setting next_dagrun for example_params_ui_tutorial to None, run_after=None
[2025-08-16T12:35:10.218+0000] {processor.py:208} INFO - Processing /home/airflow/.local/lib/python3.12/site-packages/airflow/example_dags/example_params_ui_tutorial.py took 0.062 seconds
[2025-08-16T12:35:41.551+0000] {processor.py:186} INFO - Started process (PID=419) to work on /home/airflow/.local/lib/python3.12/site-packages/airflow/example_dags/example_params_ui_tutorial.py
[2025-08-16T12:35:41.553+0000] {processor.py:914} INFO - Processing file /home/airflow/.local/lib/python3.12/site-packages/airflow/example_dags/example_params_ui_tutorial.py for tasks to queue
[2025-08-16T12:35:41.554+0000] {logging_mixin.py:190} INFO - [2025-08-16T12:35:41.554+0000] {dagbag.py:588} INFO - Filling up the DagBag from /home/airflow/.local/lib/python3.12/site-packages/airflow/example_dags/example_params_ui_tutorial.py
[2025-08-16T12:35:41.560+0000] {processor.py:925} INFO - DAG(s) 'example_params_ui_tutorial' retrieved from /home/airflow/.local/lib/python3.12/site-packages/airflow/example_dags/example_params_ui_tutorial.py
[2025-08-16T12:35:41.585+0000] {logging_mixin.py:190} INFO - [2025-08-16T12:35:41.585+0000] {dag.py:3239} INFO - Sync 1 DAGs
[2025-08-16T12:35:41.594+0000] {logging_mixin.py:190} INFO - [2025-08-16T12:35:41.594+0000] {dag.py:4180} INFO - Setting next_dagrun for example_params_ui_tutorial to None, run_after=None
[2025-08-16T12:35:41.604+0000] {processor.py:208} INFO - Processing /home/airflow/.local/lib/python3.12/site-packages/airflow/example_dags/example_params_ui_tutorial.py took 0.058 seconds
[2025-08-16T12:36:11.884+0000] {processor.py:186} INFO - Started process (PID=482) to work on /home/airflow/.local/lib/python3.12/site-packages/airflow/example_dags/example_params_ui_tutorial.py
[2025-08-16T12:36:11.885+0000] {processor.py:914} INFO - Processing file /home/airflow/.local/lib/python3.12/site-packages/airflow/example_dags/example_params_ui_tutorial.py for tasks to queue
[2025-08-16T12:36:11.887+0000] {logging_mixin.py:190} INFO - [2025-08-16T12:36:11.886+0000] {dagbag.py:588} INFO - Filling up the DagBag from /home/airflow/.local/lib/python3.12/site-packages/airflow/example_dags/example_params_ui_tutorial.py
[2025-08-16T12:36:11.892+0000] {processor.py:925} INFO - DAG(s) 'example_params_ui_tutorial' retrieved from /home/airflow/.local/lib/python3.12/site-packages/airflow/example_dags/example_params_ui_tutorial.py
[2025-08-16T12:36:11.914+0000] {logging_mixin.py:190} INFO - [2025-08-16T12:36:11.913+0000] {dag.py:3239} INFO - Sync 1 DAGs
[2025-08-16T12:36:11.921+0000] {logging_mixin.py:190} INFO - [2025-08-16T12:36:11.921+0000] {dag.py:4180} INFO - Setting next_dagrun for example_params_ui_tutorial to None, run_after=None
[2025-08-16T12:36:11.931+0000] {processor.py:208} INFO - Processing /home/airflow/.local/lib/python3.12/site-packages/airflow/example_dags/example_params_ui_tutorial.py took 0.054 seconds
