[2025-08-16T12:33:01.448+0000] {processor.py:186} INFO - Started process (PID=69) to work on /home/airflow/.local/lib/python3.12/site-packages/airflow/example_dags/example_setup_teardown.py
[2025-08-16T12:33:01.452+0000] {processor.py:914} INFO - Processing file /home/airflow/.local/lib/python3.12/site-packages/airflow/example_dags/example_setup_teardown.py for tasks to queue
[2025-08-16T12:33:01.466+0000] {logging_mixin.py:190} INFO - [2025-08-16T12:33:01.465+0000] {dagbag.py:588} INFO - Filling up the DagBag from /home/airflow/.local/lib/python3.12/site-packages/airflow/example_dags/example_setup_teardown.py
[2025-08-16T12:33:01.510+0000] {processor.py:925} INFO - DAG(s) 'example_setup_teardown' retrieved from /home/airflow/.local/lib/python3.12/site-packages/airflow/example_dags/example_setup_teardown.py
[2025-08-16T12:33:01.672+0000] {logging_mixin.py:190} INFO - [2025-08-16T12:33:01.671+0000] {override.py:1912} INFO - Created Permission View: can delete on DAG:example_setup_teardown
[2025-08-16T12:33:01.688+0000] {logging_mixin.py:190} INFO - [2025-08-16T12:33:01.687+0000] {override.py:1912} INFO - Created Permission View: can read on DAG:example_setup_teardown
[2025-08-16T12:33:01.694+0000] {logging_mixin.py:190} INFO - [2025-08-16T12:33:01.694+0000] {override.py:1912} INFO - Created Permission View: can edit on DAG:example_setup_teardown
[2025-08-16T12:33:01.700+0000] {logging_mixin.py:190} INFO - [2025-08-16T12:33:01.699+0000] {override.py:1912} INFO - Created Permission View: can delete on DAG Run:example_setup_teardown
[2025-08-16T12:33:01.705+0000] {logging_mixin.py:190} INFO - [2025-08-16T12:33:01.705+0000] {override.py:1912} INFO - Created Permission View: menu access on DAG Run:example_setup_teardown
[2025-08-16T12:33:01.710+0000] {logging_mixin.py:190} INFO - [2025-08-16T12:33:01.710+0000] {override.py:1912} INFO - Created Permission View: can read on DAG Run:example_setup_teardown
[2025-08-16T12:33:01.716+0000] {logging_mixin.py:190} INFO - [2025-08-16T12:33:01.716+0000] {override.py:1912} INFO - Created Permission View: can create on DAG Run:example_setup_teardown
[2025-08-16T12:33:01.717+0000] {logging_mixin.py:190} INFO - [2025-08-16T12:33:01.717+0000] {dag.py:3239} INFO - Sync 1 DAGs
[2025-08-16T12:33:01.736+0000] {logging_mixin.py:190} INFO - [2025-08-16T12:33:01.736+0000] {dag.py:3262} INFO - Creating ORM DAG for example_setup_teardown
[2025-08-16T12:33:01.739+0000] {logging_mixin.py:190} INFO - [2025-08-16T12:33:01.739+0000] {dag.py:4180} INFO - Setting next_dagrun for example_setup_teardown to None, run_after=None
[2025-08-16T12:33:01.758+0000] {processor.py:208} INFO - Processing /home/airflow/.local/lib/python3.12/site-packages/airflow/example_dags/example_setup_teardown.py took 0.339 seconds
[2025-08-16T12:33:32.150+0000] {processor.py:186} INFO - Started process (PID=132) to work on /home/airflow/.local/lib/python3.12/site-packages/airflow/example_dags/example_setup_teardown.py
[2025-08-16T12:33:32.158+0000] {processor.py:914} INFO - Processing file /home/airflow/.local/lib/python3.12/site-packages/airflow/example_dags/example_setup_teardown.py for tasks to queue
[2025-08-16T12:33:32.159+0000] {logging_mixin.py:190} INFO - [2025-08-16T12:33:32.159+0000] {dagbag.py:588} INFO - Filling up the DagBag from /home/airflow/.local/lib/python3.12/site-packages/airflow/example_dags/example_setup_teardown.py
[2025-08-16T12:33:32.163+0000] {processor.py:925} INFO - DAG(s) 'example_setup_teardown' retrieved from /home/airflow/.local/lib/python3.12/site-packages/airflow/example_dags/example_setup_teardown.py
[2025-08-16T12:33:32.174+0000] {logging_mixin.py:190} INFO - [2025-08-16T12:33:32.174+0000] {dag.py:3239} INFO - Sync 1 DAGs
[2025-08-16T12:33:32.180+0000] {logging_mixin.py:190} INFO - [2025-08-16T12:33:32.180+0000] {dag.py:4180} INFO - Setting next_dagrun for example_setup_teardown to None, run_after=None
[2025-08-16T12:33:32.190+0000] {processor.py:208} INFO - Processing /home/airflow/.local/lib/python3.12/site-packages/airflow/example_dags/example_setup_teardown.py took 0.044 seconds
[2025-08-16T12:34:02.965+0000] {processor.py:186} INFO - Started process (PID=195) to work on /home/airflow/.local/lib/python3.12/site-packages/airflow/example_dags/example_setup_teardown.py
[2025-08-16T12:34:02.967+0000] {processor.py:914} INFO - Processing file /home/airflow/.local/lib/python3.12/site-packages/airflow/example_dags/example_setup_teardown.py for tasks to queue
[2025-08-16T12:34:02.969+0000] {logging_mixin.py:190} INFO - [2025-08-16T12:34:02.968+0000] {dagbag.py:588} INFO - Filling up the DagBag from /home/airflow/.local/lib/python3.12/site-packages/airflow/example_dags/example_setup_teardown.py
[2025-08-16T12:34:02.975+0000] {processor.py:925} INFO - DAG(s) 'example_setup_teardown' retrieved from /home/airflow/.local/lib/python3.12/site-packages/airflow/example_dags/example_setup_teardown.py
[2025-08-16T12:34:02.995+0000] {logging_mixin.py:190} INFO - [2025-08-16T12:34:02.995+0000] {dag.py:3239} INFO - Sync 1 DAGs
[2025-08-16T12:34:03.005+0000] {logging_mixin.py:190} INFO - [2025-08-16T12:34:03.005+0000] {dag.py:4180} INFO - Setting next_dagrun for example_setup_teardown to None, run_after=None
[2025-08-16T12:34:03.016+0000] {processor.py:208} INFO - Processing /home/airflow/.local/lib/python3.12/site-packages/airflow/example_dags/example_setup_teardown.py took 0.058 seconds
[2025-08-16T12:34:33.988+0000] {processor.py:186} INFO - Started process (PID=258) to work on /home/airflow/.local/lib/python3.12/site-packages/airflow/example_dags/example_setup_teardown.py
[2025-08-16T12:34:33.989+0000] {processor.py:914} INFO - Processing file /home/airflow/.local/lib/python3.12/site-packages/airflow/example_dags/example_setup_teardown.py for tasks to queue
[2025-08-16T12:34:33.998+0000] {logging_mixin.py:190} INFO - [2025-08-16T12:34:33.997+0000] {dagbag.py:588} INFO - Filling up the DagBag from /home/airflow/.local/lib/python3.12/site-packages/airflow/example_dags/example_setup_teardown.py
[2025-08-16T12:34:34.022+0000] {processor.py:925} INFO - DAG(s) 'example_setup_teardown' retrieved from /home/airflow/.local/lib/python3.12/site-packages/airflow/example_dags/example_setup_teardown.py
[2025-08-16T12:34:34.048+0000] {logging_mixin.py:190} INFO - [2025-08-16T12:34:34.048+0000] {dag.py:3239} INFO - Sync 1 DAGs
[2025-08-16T12:34:34.058+0000] {logging_mixin.py:190} INFO - [2025-08-16T12:34:34.058+0000] {dag.py:4180} INFO - Setting next_dagrun for example_setup_teardown to None, run_after=None
[2025-08-16T12:34:34.072+0000] {processor.py:208} INFO - Processing /home/airflow/.local/lib/python3.12/site-packages/airflow/example_dags/example_setup_teardown.py took 0.089 seconds
[2025-08-16T12:35:04.590+0000] {processor.py:186} INFO - Started process (PID=320) to work on /home/airflow/.local/lib/python3.12/site-packages/airflow/example_dags/example_setup_teardown.py
[2025-08-16T12:35:04.603+0000] {processor.py:914} INFO - Processing file /home/airflow/.local/lib/python3.12/site-packages/airflow/example_dags/example_setup_teardown.py for tasks to queue
[2025-08-16T12:35:04.616+0000] {logging_mixin.py:190} INFO - [2025-08-16T12:35:04.615+0000] {dagbag.py:588} INFO - Filling up the DagBag from /home/airflow/.local/lib/python3.12/site-packages/airflow/example_dags/example_setup_teardown.py
[2025-08-16T12:35:04.661+0000] {processor.py:925} INFO - DAG(s) 'example_setup_teardown' retrieved from /home/airflow/.local/lib/python3.12/site-packages/airflow/example_dags/example_setup_teardown.py
[2025-08-16T12:35:04.702+0000] {logging_mixin.py:190} INFO - [2025-08-16T12:35:04.701+0000] {dag.py:3239} INFO - Sync 1 DAGs
[2025-08-16T12:35:04.722+0000] {logging_mixin.py:190} INFO - [2025-08-16T12:35:04.722+0000] {dag.py:4180} INFO - Setting next_dagrun for example_setup_teardown to None, run_after=None
[2025-08-16T12:35:04.739+0000] {processor.py:208} INFO - Processing /home/airflow/.local/lib/python3.12/site-packages/airflow/example_dags/example_setup_teardown.py took 0.160 seconds
[2025-08-16T12:35:35.256+0000] {processor.py:186} INFO - Started process (PID=382) to work on /home/airflow/.local/lib/python3.12/site-packages/airflow/example_dags/example_setup_teardown.py
[2025-08-16T12:35:35.259+0000] {processor.py:914} INFO - Processing file /home/airflow/.local/lib/python3.12/site-packages/airflow/example_dags/example_setup_teardown.py for tasks to queue
[2025-08-16T12:35:35.262+0000] {logging_mixin.py:190} INFO - [2025-08-16T12:35:35.261+0000] {dagbag.py:588} INFO - Filling up the DagBag from /home/airflow/.local/lib/python3.12/site-packages/airflow/example_dags/example_setup_teardown.py
[2025-08-16T12:35:35.274+0000] {processor.py:925} INFO - DAG(s) 'example_setup_teardown' retrieved from /home/airflow/.local/lib/python3.12/site-packages/airflow/example_dags/example_setup_teardown.py
[2025-08-16T12:35:35.293+0000] {logging_mixin.py:190} INFO - [2025-08-16T12:35:35.293+0000] {dag.py:3239} INFO - Sync 1 DAGs
[2025-08-16T12:35:35.304+0000] {logging_mixin.py:190} INFO - [2025-08-16T12:35:35.303+0000] {dag.py:4180} INFO - Setting next_dagrun for example_setup_teardown to None, run_after=None
[2025-08-16T12:35:35.314+0000] {processor.py:208} INFO - Processing /home/airflow/.local/lib/python3.12/site-packages/airflow/example_dags/example_setup_teardown.py took 0.065 seconds
[2025-08-16T12:36:05.599+0000] {processor.py:186} INFO - Started process (PID=445) to work on /home/airflow/.local/lib/python3.12/site-packages/airflow/example_dags/example_setup_teardown.py
[2025-08-16T12:36:05.600+0000] {processor.py:914} INFO - Processing file /home/airflow/.local/lib/python3.12/site-packages/airflow/example_dags/example_setup_teardown.py for tasks to queue
[2025-08-16T12:36:05.602+0000] {logging_mixin.py:190} INFO - [2025-08-16T12:36:05.602+0000] {dagbag.py:588} INFO - Filling up the DagBag from /home/airflow/.local/lib/python3.12/site-packages/airflow/example_dags/example_setup_teardown.py
[2025-08-16T12:36:05.608+0000] {processor.py:925} INFO - DAG(s) 'example_setup_teardown' retrieved from /home/airflow/.local/lib/python3.12/site-packages/airflow/example_dags/example_setup_teardown.py
[2025-08-16T12:36:05.623+0000] {logging_mixin.py:190} INFO - [2025-08-16T12:36:05.623+0000] {dag.py:3239} INFO - Sync 1 DAGs
[2025-08-16T12:36:05.631+0000] {logging_mixin.py:190} INFO - [2025-08-16T12:36:05.631+0000] {dag.py:4180} INFO - Setting next_dagrun for example_setup_teardown to None, run_after=None
[2025-08-16T12:36:05.644+0000] {processor.py:208} INFO - Processing /home/airflow/.local/lib/python3.12/site-packages/airflow/example_dags/example_setup_teardown.py took 0.051 seconds
[2025-08-16T12:36:36.042+0000] {processor.py:186} INFO - Started process (PID=508) to work on /home/airflow/.local/lib/python3.12/site-packages/airflow/example_dags/example_setup_teardown.py
[2025-08-16T12:36:36.043+0000] {processor.py:914} INFO - Processing file /home/airflow/.local/lib/python3.12/site-packages/airflow/example_dags/example_setup_teardown.py for tasks to queue
[2025-08-16T12:36:36.046+0000] {logging_mixin.py:190} INFO - [2025-08-16T12:36:36.046+0000] {dagbag.py:588} INFO - Filling up the DagBag from /home/airflow/.local/lib/python3.12/site-packages/airflow/example_dags/example_setup_teardown.py
[2025-08-16T12:36:36.056+0000] {processor.py:925} INFO - DAG(s) 'example_setup_teardown' retrieved from /home/airflow/.local/lib/python3.12/site-packages/airflow/example_dags/example_setup_teardown.py
[2025-08-16T12:36:36.073+0000] {logging_mixin.py:190} INFO - [2025-08-16T12:36:36.073+0000] {dag.py:3239} INFO - Sync 1 DAGs
[2025-08-16T12:36:36.086+0000] {logging_mixin.py:190} INFO - [2025-08-16T12:36:36.086+0000] {dag.py:4180} INFO - Setting next_dagrun for example_setup_teardown to None, run_after=None
[2025-08-16T12:36:36.101+0000] {processor.py:208} INFO - Processing /home/airflow/.local/lib/python3.12/site-packages/airflow/example_dags/example_setup_teardown.py took 0.063 seconds
