[2025-08-16T12:32:54.350+0000] {processor.py:186} INFO - Started process (PID=54) to work on /home/airflow/.local/lib/python3.12/site-packages/airflow/example_dags/example_local_kubernetes_executor.py
[2025-08-16T12:32:54.352+0000] {processor.py:914} INFO - Processing file /home/airflow/.local/lib/python3.12/site-packages/airflow/example_dags/example_local_kubernetes_executor.py for tasks to queue
[2025-08-16T12:32:54.354+0000] {logging_mixin.py:190} INFO - [2025-08-16T12:32:54.354+0000] {dagbag.py:588} INFO - Filling up the DagBag from /home/airflow/.local/lib/python3.12/site-packages/airflow/example_dags/example_local_kubernetes_executor.py
[2025-08-16T12:32:54.375+0000] {processor.py:925} INFO - DAG(s) 'example_local_kubernetes_executor' retrieved from /home/airflow/.local/lib/python3.12/site-packages/airflow/example_dags/example_local_kubernetes_executor.py
[2025-08-16T12:32:54.547+0000] {logging_mixin.py:190} INFO - [2025-08-16T12:32:54.545+0000] {override.py:1912} INFO - Created Permission View: can delete on DAG:example_local_kubernetes_executor
[2025-08-16T12:32:54.602+0000] {logging_mixin.py:190} INFO - [2025-08-16T12:32:54.601+0000] {override.py:1912} INFO - Created Permission View: can read on DAG:example_local_kubernetes_executor
[2025-08-16T12:32:54.670+0000] {logging_mixin.py:190} INFO - [2025-08-16T12:32:54.670+0000] {override.py:1912} INFO - Created Permission View: can edit on DAG:example_local_kubernetes_executor
[2025-08-16T12:32:54.698+0000] {logging_mixin.py:190} INFO - [2025-08-16T12:32:54.698+0000] {override.py:1912} INFO - Created Permission View: can delete on DAG Run:example_local_kubernetes_executor
[2025-08-16T12:32:54.710+0000] {logging_mixin.py:190} INFO - [2025-08-16T12:32:54.710+0000] {override.py:1912} INFO - Created Permission View: menu access on DAG Run:example_local_kubernetes_executor
[2025-08-16T12:32:54.718+0000] {logging_mixin.py:190} INFO - [2025-08-16T12:32:54.717+0000] {override.py:1912} INFO - Created Permission View: can read on DAG Run:example_local_kubernetes_executor
[2025-08-16T12:32:54.729+0000] {logging_mixin.py:190} INFO - [2025-08-16T12:32:54.729+0000] {override.py:1912} INFO - Created Permission View: can create on DAG Run:example_local_kubernetes_executor
[2025-08-16T12:32:54.730+0000] {logging_mixin.py:190} INFO - [2025-08-16T12:32:54.729+0000] {dag.py:3239} INFO - Sync 1 DAGs
[2025-08-16T12:32:54.764+0000] {logging_mixin.py:190} INFO - [2025-08-16T12:32:54.763+0000] {dag.py:3262} INFO - Creating ORM DAG for example_local_kubernetes_executor
[2025-08-16T12:32:54.772+0000] {logging_mixin.py:190} INFO - [2025-08-16T12:32:54.771+0000] {dag.py:4180} INFO - Setting next_dagrun for example_local_kubernetes_executor to None, run_after=None
[2025-08-16T12:32:54.859+0000] {processor.py:208} INFO - Processing /home/airflow/.local/lib/python3.12/site-packages/airflow/example_dags/example_local_kubernetes_executor.py took 0.518 seconds
[2025-08-16T12:33:25.206+0000] {processor.py:186} INFO - Started process (PID=122) to work on /home/airflow/.local/lib/python3.12/site-packages/airflow/example_dags/example_local_kubernetes_executor.py
[2025-08-16T12:33:25.207+0000] {processor.py:914} INFO - Processing file /home/airflow/.local/lib/python3.12/site-packages/airflow/example_dags/example_local_kubernetes_executor.py for tasks to queue
[2025-08-16T12:33:25.208+0000] {logging_mixin.py:190} INFO - [2025-08-16T12:33:25.208+0000] {dagbag.py:588} INFO - Filling up the DagBag from /home/airflow/.local/lib/python3.12/site-packages/airflow/example_dags/example_local_kubernetes_executor.py
[2025-08-16T12:33:25.214+0000] {processor.py:925} INFO - DAG(s) 'example_local_kubernetes_executor' retrieved from /home/airflow/.local/lib/python3.12/site-packages/airflow/example_dags/example_local_kubernetes_executor.py
[2025-08-16T12:33:25.224+0000] {logging_mixin.py:190} INFO - [2025-08-16T12:33:25.223+0000] {dag.py:3239} INFO - Sync 1 DAGs
[2025-08-16T12:33:25.230+0000] {logging_mixin.py:190} INFO - [2025-08-16T12:33:25.230+0000] {dag.py:4180} INFO - Setting next_dagrun for example_local_kubernetes_executor to None, run_after=None
[2025-08-16T12:33:25.237+0000] {processor.py:208} INFO - Processing /home/airflow/.local/lib/python3.12/site-packages/airflow/example_dags/example_local_kubernetes_executor.py took 0.034 seconds
[2025-08-16T12:33:55.538+0000] {processor.py:186} INFO - Started process (PID=185) to work on /home/airflow/.local/lib/python3.12/site-packages/airflow/example_dags/example_local_kubernetes_executor.py
[2025-08-16T12:33:55.540+0000] {processor.py:914} INFO - Processing file /home/airflow/.local/lib/python3.12/site-packages/airflow/example_dags/example_local_kubernetes_executor.py for tasks to queue
[2025-08-16T12:33:55.541+0000] {logging_mixin.py:190} INFO - [2025-08-16T12:33:55.541+0000] {dagbag.py:588} INFO - Filling up the DagBag from /home/airflow/.local/lib/python3.12/site-packages/airflow/example_dags/example_local_kubernetes_executor.py
[2025-08-16T12:33:55.554+0000] {processor.py:925} INFO - DAG(s) 'example_local_kubernetes_executor' retrieved from /home/airflow/.local/lib/python3.12/site-packages/airflow/example_dags/example_local_kubernetes_executor.py
[2025-08-16T12:33:55.585+0000] {logging_mixin.py:190} INFO - [2025-08-16T12:33:55.583+0000] {dag.py:3239} INFO - Sync 1 DAGs
[2025-08-16T12:33:55.591+0000] {logging_mixin.py:190} INFO - [2025-08-16T12:33:55.591+0000] {dag.py:4180} INFO - Setting next_dagrun for example_local_kubernetes_executor to None, run_after=None
[2025-08-16T12:33:55.599+0000] {processor.py:208} INFO - Processing /home/airflow/.local/lib/python3.12/site-packages/airflow/example_dags/example_local_kubernetes_executor.py took 0.066 seconds
[2025-08-16T12:34:26.334+0000] {processor.py:186} INFO - Started process (PID=248) to work on /home/airflow/.local/lib/python3.12/site-packages/airflow/example_dags/example_local_kubernetes_executor.py
[2025-08-16T12:34:26.335+0000] {processor.py:914} INFO - Processing file /home/airflow/.local/lib/python3.12/site-packages/airflow/example_dags/example_local_kubernetes_executor.py for tasks to queue
[2025-08-16T12:34:26.337+0000] {logging_mixin.py:190} INFO - [2025-08-16T12:34:26.336+0000] {dagbag.py:588} INFO - Filling up the DagBag from /home/airflow/.local/lib/python3.12/site-packages/airflow/example_dags/example_local_kubernetes_executor.py
[2025-08-16T12:34:26.344+0000] {processor.py:925} INFO - DAG(s) 'example_local_kubernetes_executor' retrieved from /home/airflow/.local/lib/python3.12/site-packages/airflow/example_dags/example_local_kubernetes_executor.py
[2025-08-16T12:34:26.359+0000] {logging_mixin.py:190} INFO - [2025-08-16T12:34:26.359+0000] {dag.py:3239} INFO - Sync 1 DAGs
[2025-08-16T12:34:26.386+0000] {logging_mixin.py:190} INFO - [2025-08-16T12:34:26.385+0000] {dag.py:4180} INFO - Setting next_dagrun for example_local_kubernetes_executor to None, run_after=None
[2025-08-16T12:34:26.419+0000] {processor.py:208} INFO - Processing /home/airflow/.local/lib/python3.12/site-packages/airflow/example_dags/example_local_kubernetes_executor.py took 0.091 seconds
[2025-08-16T12:34:57.178+0000] {processor.py:186} INFO - Started process (PID=311) to work on /home/airflow/.local/lib/python3.12/site-packages/airflow/example_dags/example_local_kubernetes_executor.py
[2025-08-16T12:34:57.179+0000] {processor.py:914} INFO - Processing file /home/airflow/.local/lib/python3.12/site-packages/airflow/example_dags/example_local_kubernetes_executor.py for tasks to queue
[2025-08-16T12:34:57.180+0000] {logging_mixin.py:190} INFO - [2025-08-16T12:34:57.180+0000] {dagbag.py:588} INFO - Filling up the DagBag from /home/airflow/.local/lib/python3.12/site-packages/airflow/example_dags/example_local_kubernetes_executor.py
[2025-08-16T12:34:57.186+0000] {processor.py:925} INFO - DAG(s) 'example_local_kubernetes_executor' retrieved from /home/airflow/.local/lib/python3.12/site-packages/airflow/example_dags/example_local_kubernetes_executor.py
[2025-08-16T12:34:57.197+0000] {logging_mixin.py:190} INFO - [2025-08-16T12:34:57.197+0000] {dag.py:3239} INFO - Sync 1 DAGs
[2025-08-16T12:34:57.204+0000] {logging_mixin.py:190} INFO - [2025-08-16T12:34:57.204+0000] {dag.py:4180} INFO - Setting next_dagrun for example_local_kubernetes_executor to None, run_after=None
[2025-08-16T12:34:57.212+0000] {processor.py:208} INFO - Processing /home/airflow/.local/lib/python3.12/site-packages/airflow/example_dags/example_local_kubernetes_executor.py took 0.039 seconds
[2025-08-16T12:35:27.893+0000] {processor.py:186} INFO - Started process (PID=373) to work on /home/airflow/.local/lib/python3.12/site-packages/airflow/example_dags/example_local_kubernetes_executor.py
[2025-08-16T12:35:27.893+0000] {processor.py:914} INFO - Processing file /home/airflow/.local/lib/python3.12/site-packages/airflow/example_dags/example_local_kubernetes_executor.py for tasks to queue
[2025-08-16T12:35:27.894+0000] {logging_mixin.py:190} INFO - [2025-08-16T12:35:27.894+0000] {dagbag.py:588} INFO - Filling up the DagBag from /home/airflow/.local/lib/python3.12/site-packages/airflow/example_dags/example_local_kubernetes_executor.py
[2025-08-16T12:35:27.900+0000] {processor.py:925} INFO - DAG(s) 'example_local_kubernetes_executor' retrieved from /home/airflow/.local/lib/python3.12/site-packages/airflow/example_dags/example_local_kubernetes_executor.py
[2025-08-16T12:35:27.915+0000] {logging_mixin.py:190} INFO - [2025-08-16T12:35:27.915+0000] {dag.py:3239} INFO - Sync 1 DAGs
[2025-08-16T12:35:27.924+0000] {logging_mixin.py:190} INFO - [2025-08-16T12:35:27.923+0000] {dag.py:4180} INFO - Setting next_dagrun for example_local_kubernetes_executor to None, run_after=None
[2025-08-16T12:35:27.932+0000] {processor.py:208} INFO - Processing /home/airflow/.local/lib/python3.12/site-packages/airflow/example_dags/example_local_kubernetes_executor.py took 0.042 seconds
[2025-08-16T12:35:58.237+0000] {processor.py:186} INFO - Started process (PID=436) to work on /home/airflow/.local/lib/python3.12/site-packages/airflow/example_dags/example_local_kubernetes_executor.py
[2025-08-16T12:35:58.238+0000] {processor.py:914} INFO - Processing file /home/airflow/.local/lib/python3.12/site-packages/airflow/example_dags/example_local_kubernetes_executor.py for tasks to queue
[2025-08-16T12:35:58.239+0000] {logging_mixin.py:190} INFO - [2025-08-16T12:35:58.238+0000] {dagbag.py:588} INFO - Filling up the DagBag from /home/airflow/.local/lib/python3.12/site-packages/airflow/example_dags/example_local_kubernetes_executor.py
[2025-08-16T12:35:58.245+0000] {processor.py:925} INFO - DAG(s) 'example_local_kubernetes_executor' retrieved from /home/airflow/.local/lib/python3.12/site-packages/airflow/example_dags/example_local_kubernetes_executor.py
[2025-08-16T12:35:58.255+0000] {logging_mixin.py:190} INFO - [2025-08-16T12:35:58.255+0000] {dag.py:3239} INFO - Sync 1 DAGs
[2025-08-16T12:35:58.261+0000] {logging_mixin.py:190} INFO - [2025-08-16T12:35:58.261+0000] {dag.py:4180} INFO - Setting next_dagrun for example_local_kubernetes_executor to None, run_after=None
[2025-08-16T12:35:58.270+0000] {processor.py:208} INFO - Processing /home/airflow/.local/lib/python3.12/site-packages/airflow/example_dags/example_local_kubernetes_executor.py took 0.036 seconds
[2025-08-16T12:36:28.555+0000] {processor.py:186} INFO - Started process (PID=499) to work on /home/airflow/.local/lib/python3.12/site-packages/airflow/example_dags/example_local_kubernetes_executor.py
[2025-08-16T12:36:28.556+0000] {processor.py:914} INFO - Processing file /home/airflow/.local/lib/python3.12/site-packages/airflow/example_dags/example_local_kubernetes_executor.py for tasks to queue
[2025-08-16T12:36:28.557+0000] {logging_mixin.py:190} INFO - [2025-08-16T12:36:28.557+0000] {dagbag.py:588} INFO - Filling up the DagBag from /home/airflow/.local/lib/python3.12/site-packages/airflow/example_dags/example_local_kubernetes_executor.py
[2025-08-16T12:36:28.562+0000] {processor.py:925} INFO - DAG(s) 'example_local_kubernetes_executor' retrieved from /home/airflow/.local/lib/python3.12/site-packages/airflow/example_dags/example_local_kubernetes_executor.py
[2025-08-16T12:36:28.572+0000] {logging_mixin.py:190} INFO - [2025-08-16T12:36:28.572+0000] {dag.py:3239} INFO - Sync 1 DAGs
[2025-08-16T12:36:28.578+0000] {logging_mixin.py:190} INFO - [2025-08-16T12:36:28.578+0000] {dag.py:4180} INFO - Setting next_dagrun for example_local_kubernetes_executor to None, run_after=None
[2025-08-16T12:36:28.585+0000] {processor.py:208} INFO - Processing /home/airflow/.local/lib/python3.12/site-packages/airflow/example_dags/example_local_kubernetes_executor.py took 0.034 seconds
