[2025-08-16T12:33:04.448+0000] {processor.py:186} INFO - Started process (PID=86) to work on /home/airflow/.local/lib/python3.12/site-packages/airflow/example_dags/example_setup_teardown_taskflow.py
[2025-08-16T12:33:04.454+0000] {processor.py:914} INFO - Processing file /home/airflow/.local/lib/python3.12/site-packages/airflow/example_dags/example_setup_teardown_taskflow.py for tasks to queue
[2025-08-16T12:33:04.460+0000] {logging_mixin.py:190} INFO - [2025-08-16T12:33:04.459+0000] {dagbag.py:588} INFO - Filling up the DagBag from /home/airflow/.local/lib/python3.12/site-packages/airflow/example_dags/example_setup_teardown_taskflow.py
[2025-08-16T12:33:04.482+0000] {processor.py:925} INFO - DAG(s) 'example_setup_teardown_taskflow' retrieved from /home/airflow/.local/lib/python3.12/site-packages/airflow/example_dags/example_setup_teardown_taskflow.py
[2025-08-16T12:33:04.646+0000] {logging_mixin.py:190} INFO - [2025-08-16T12:33:04.646+0000] {override.py:1912} INFO - Created Permission View: can delete on DAG:example_setup_teardown_taskflow
[2025-08-16T12:33:04.658+0000] {logging_mixin.py:190} INFO - [2025-08-16T12:33:04.658+0000] {override.py:1912} INFO - Created Permission View: can read on DAG:example_setup_teardown_taskflow
[2025-08-16T12:33:04.670+0000] {logging_mixin.py:190} INFO - [2025-08-16T12:33:04.669+0000] {override.py:1912} INFO - Created Permission View: can edit on DAG:example_setup_teardown_taskflow
[2025-08-16T12:33:04.677+0000] {logging_mixin.py:190} INFO - [2025-08-16T12:33:04.677+0000] {override.py:1912} INFO - Created Permission View: can delete on DAG Run:example_setup_teardown_taskflow
[2025-08-16T12:33:04.682+0000] {logging_mixin.py:190} INFO - [2025-08-16T12:33:04.682+0000] {override.py:1912} INFO - Created Permission View: menu access on DAG Run:example_setup_teardown_taskflow
[2025-08-16T12:33:04.686+0000] {logging_mixin.py:190} INFO - [2025-08-16T12:33:04.686+0000] {override.py:1912} INFO - Created Permission View: can read on DAG Run:example_setup_teardown_taskflow
[2025-08-16T12:33:04.689+0000] {logging_mixin.py:190} INFO - [2025-08-16T12:33:04.689+0000] {override.py:1912} INFO - Created Permission View: can create on DAG Run:example_setup_teardown_taskflow
[2025-08-16T12:33:04.689+0000] {logging_mixin.py:190} INFO - [2025-08-16T12:33:04.689+0000] {dag.py:3239} INFO - Sync 1 DAGs
[2025-08-16T12:33:04.727+0000] {logging_mixin.py:190} INFO - [2025-08-16T12:33:04.726+0000] {dag.py:3262} INFO - Creating ORM DAG for example_setup_teardown_taskflow
[2025-08-16T12:33:04.733+0000] {logging_mixin.py:190} INFO - [2025-08-16T12:33:04.733+0000] {dag.py:4180} INFO - Setting next_dagrun for example_setup_teardown_taskflow to None, run_after=None
[2025-08-16T12:33:04.846+0000] {processor.py:208} INFO - Processing /home/airflow/.local/lib/python3.12/site-packages/airflow/example_dags/example_setup_teardown_taskflow.py took 0.418 seconds
[2025-08-16T12:33:35.086+0000] {processor.py:186} INFO - Started process (PID=148) to work on /home/airflow/.local/lib/python3.12/site-packages/airflow/example_dags/example_setup_teardown_taskflow.py
[2025-08-16T12:33:35.086+0000] {processor.py:914} INFO - Processing file /home/airflow/.local/lib/python3.12/site-packages/airflow/example_dags/example_setup_teardown_taskflow.py for tasks to queue
[2025-08-16T12:33:35.088+0000] {logging_mixin.py:190} INFO - [2025-08-16T12:33:35.088+0000] {dagbag.py:588} INFO - Filling up the DagBag from /home/airflow/.local/lib/python3.12/site-packages/airflow/example_dags/example_setup_teardown_taskflow.py
[2025-08-16T12:33:35.099+0000] {processor.py:925} INFO - DAG(s) 'example_setup_teardown_taskflow' retrieved from /home/airflow/.local/lib/python3.12/site-packages/airflow/example_dags/example_setup_teardown_taskflow.py
[2025-08-16T12:33:35.112+0000] {logging_mixin.py:190} INFO - [2025-08-16T12:33:35.112+0000] {dag.py:3239} INFO - Sync 1 DAGs
[2025-08-16T12:33:35.120+0000] {logging_mixin.py:190} INFO - [2025-08-16T12:33:35.120+0000] {dag.py:4180} INFO - Setting next_dagrun for example_setup_teardown_taskflow to None, run_after=None
[2025-08-16T12:33:35.131+0000] {processor.py:208} INFO - Processing /home/airflow/.local/lib/python3.12/site-packages/airflow/example_dags/example_setup_teardown_taskflow.py took 0.050 seconds
[2025-08-16T12:34:05.257+0000] {processor.py:186} INFO - Started process (PID=211) to work on /home/airflow/.local/lib/python3.12/site-packages/airflow/example_dags/example_setup_teardown_taskflow.py
[2025-08-16T12:34:05.258+0000] {processor.py:914} INFO - Processing file /home/airflow/.local/lib/python3.12/site-packages/airflow/example_dags/example_setup_teardown_taskflow.py for tasks to queue
[2025-08-16T12:34:05.259+0000] {logging_mixin.py:190} INFO - [2025-08-16T12:34:05.258+0000] {dagbag.py:588} INFO - Filling up the DagBag from /home/airflow/.local/lib/python3.12/site-packages/airflow/example_dags/example_setup_teardown_taskflow.py
[2025-08-16T12:34:05.264+0000] {processor.py:925} INFO - DAG(s) 'example_setup_teardown_taskflow' retrieved from /home/airflow/.local/lib/python3.12/site-packages/airflow/example_dags/example_setup_teardown_taskflow.py
[2025-08-16T12:34:05.278+0000] {logging_mixin.py:190} INFO - [2025-08-16T12:34:05.277+0000] {dag.py:3239} INFO - Sync 1 DAGs
[2025-08-16T12:34:05.294+0000] {logging_mixin.py:190} INFO - [2025-08-16T12:34:05.294+0000] {dag.py:4180} INFO - Setting next_dagrun for example_setup_teardown_taskflow to None, run_after=None
[2025-08-16T12:34:05.309+0000] {processor.py:208} INFO - Processing /home/airflow/.local/lib/python3.12/site-packages/airflow/example_dags/example_setup_teardown_taskflow.py took 0.055 seconds
[2025-08-16T12:34:36.472+0000] {processor.py:186} INFO - Started process (PID=274) to work on /home/airflow/.local/lib/python3.12/site-packages/airflow/example_dags/example_setup_teardown_taskflow.py
[2025-08-16T12:34:36.475+0000] {processor.py:914} INFO - Processing file /home/airflow/.local/lib/python3.12/site-packages/airflow/example_dags/example_setup_teardown_taskflow.py for tasks to queue
[2025-08-16T12:34:36.477+0000] {logging_mixin.py:190} INFO - [2025-08-16T12:34:36.477+0000] {dagbag.py:588} INFO - Filling up the DagBag from /home/airflow/.local/lib/python3.12/site-packages/airflow/example_dags/example_setup_teardown_taskflow.py
[2025-08-16T12:34:36.484+0000] {processor.py:925} INFO - DAG(s) 'example_setup_teardown_taskflow' retrieved from /home/airflow/.local/lib/python3.12/site-packages/airflow/example_dags/example_setup_teardown_taskflow.py
[2025-08-16T12:34:36.504+0000] {logging_mixin.py:190} INFO - [2025-08-16T12:34:36.504+0000] {dag.py:3239} INFO - Sync 1 DAGs
[2025-08-16T12:34:36.518+0000] {logging_mixin.py:190} INFO - [2025-08-16T12:34:36.518+0000] {dag.py:4180} INFO - Setting next_dagrun for example_setup_teardown_taskflow to None, run_after=None
[2025-08-16T12:34:36.530+0000] {processor.py:208} INFO - Processing /home/airflow/.local/lib/python3.12/site-packages/airflow/example_dags/example_setup_teardown_taskflow.py took 0.062 seconds
[2025-08-16T12:35:06.931+0000] {processor.py:186} INFO - Started process (PID=337) to work on /home/airflow/.local/lib/python3.12/site-packages/airflow/example_dags/example_setup_teardown_taskflow.py
[2025-08-16T12:35:06.932+0000] {processor.py:914} INFO - Processing file /home/airflow/.local/lib/python3.12/site-packages/airflow/example_dags/example_setup_teardown_taskflow.py for tasks to queue
[2025-08-16T12:35:06.934+0000] {logging_mixin.py:190} INFO - [2025-08-16T12:35:06.933+0000] {dagbag.py:588} INFO - Filling up the DagBag from /home/airflow/.local/lib/python3.12/site-packages/airflow/example_dags/example_setup_teardown_taskflow.py
[2025-08-16T12:35:06.945+0000] {processor.py:925} INFO - DAG(s) 'example_setup_teardown_taskflow' retrieved from /home/airflow/.local/lib/python3.12/site-packages/airflow/example_dags/example_setup_teardown_taskflow.py
[2025-08-16T12:35:06.962+0000] {logging_mixin.py:190} INFO - [2025-08-16T12:35:06.962+0000] {dag.py:3239} INFO - Sync 1 DAGs
[2025-08-16T12:35:06.971+0000] {logging_mixin.py:190} INFO - [2025-08-16T12:35:06.970+0000] {dag.py:4180} INFO - Setting next_dagrun for example_setup_teardown_taskflow to None, run_after=None
[2025-08-16T12:35:06.983+0000] {processor.py:208} INFO - Processing /home/airflow/.local/lib/python3.12/site-packages/airflow/example_dags/example_setup_teardown_taskflow.py took 0.058 seconds
[2025-08-16T12:35:37.448+0000] {processor.py:186} INFO - Started process (PID=398) to work on /home/airflow/.local/lib/python3.12/site-packages/airflow/example_dags/example_setup_teardown_taskflow.py
[2025-08-16T12:35:37.452+0000] {processor.py:914} INFO - Processing file /home/airflow/.local/lib/python3.12/site-packages/airflow/example_dags/example_setup_teardown_taskflow.py for tasks to queue
[2025-08-16T12:35:37.457+0000] {logging_mixin.py:190} INFO - [2025-08-16T12:35:37.456+0000] {dagbag.py:588} INFO - Filling up the DagBag from /home/airflow/.local/lib/python3.12/site-packages/airflow/example_dags/example_setup_teardown_taskflow.py
[2025-08-16T12:35:37.463+0000] {processor.py:925} INFO - DAG(s) 'example_setup_teardown_taskflow' retrieved from /home/airflow/.local/lib/python3.12/site-packages/airflow/example_dags/example_setup_teardown_taskflow.py
[2025-08-16T12:35:37.475+0000] {logging_mixin.py:190} INFO - [2025-08-16T12:35:37.475+0000] {dag.py:3239} INFO - Sync 1 DAGs
[2025-08-16T12:35:37.482+0000] {logging_mixin.py:190} INFO - [2025-08-16T12:35:37.481+0000] {dag.py:4180} INFO - Setting next_dagrun for example_setup_teardown_taskflow to None, run_after=None
[2025-08-16T12:35:37.490+0000] {processor.py:208} INFO - Processing /home/airflow/.local/lib/python3.12/site-packages/airflow/example_dags/example_setup_teardown_taskflow.py took 0.045 seconds
[2025-08-16T12:36:08.762+0000] {processor.py:186} INFO - Started process (PID=462) to work on /home/airflow/.local/lib/python3.12/site-packages/airflow/example_dags/example_setup_teardown_taskflow.py
[2025-08-16T12:36:08.764+0000] {processor.py:914} INFO - Processing file /home/airflow/.local/lib/python3.12/site-packages/airflow/example_dags/example_setup_teardown_taskflow.py for tasks to queue
[2025-08-16T12:36:08.765+0000] {logging_mixin.py:190} INFO - [2025-08-16T12:36:08.765+0000] {dagbag.py:588} INFO - Filling up the DagBag from /home/airflow/.local/lib/python3.12/site-packages/airflow/example_dags/example_setup_teardown_taskflow.py
[2025-08-16T12:36:08.770+0000] {processor.py:925} INFO - DAG(s) 'example_setup_teardown_taskflow' retrieved from /home/airflow/.local/lib/python3.12/site-packages/airflow/example_dags/example_setup_teardown_taskflow.py
[2025-08-16T12:36:08.785+0000] {logging_mixin.py:190} INFO - [2025-08-16T12:36:08.785+0000] {dag.py:3239} INFO - Sync 1 DAGs
[2025-08-16T12:36:08.792+0000] {logging_mixin.py:190} INFO - [2025-08-16T12:36:08.792+0000] {dag.py:4180} INFO - Setting next_dagrun for example_setup_teardown_taskflow to None, run_after=None
[2025-08-16T12:36:08.801+0000] {processor.py:208} INFO - Processing /home/airflow/.local/lib/python3.12/site-packages/airflow/example_dags/example_setup_teardown_taskflow.py took 0.042 seconds
[2025-08-16T12:36:40.195+0000] {processor.py:186} INFO - Started process (PID=525) to work on /home/airflow/.local/lib/python3.12/site-packages/airflow/example_dags/example_setup_teardown_taskflow.py
[2025-08-16T12:36:40.196+0000] {processor.py:914} INFO - Processing file /home/airflow/.local/lib/python3.12/site-packages/airflow/example_dags/example_setup_teardown_taskflow.py for tasks to queue
[2025-08-16T12:36:40.198+0000] {logging_mixin.py:190} INFO - [2025-08-16T12:36:40.198+0000] {dagbag.py:588} INFO - Filling up the DagBag from /home/airflow/.local/lib/python3.12/site-packages/airflow/example_dags/example_setup_teardown_taskflow.py
[2025-08-16T12:36:40.204+0000] {processor.py:925} INFO - DAG(s) 'example_setup_teardown_taskflow' retrieved from /home/airflow/.local/lib/python3.12/site-packages/airflow/example_dags/example_setup_teardown_taskflow.py
[2025-08-16T12:36:40.219+0000] {logging_mixin.py:190} INFO - [2025-08-16T12:36:40.219+0000] {dag.py:3239} INFO - Sync 1 DAGs
[2025-08-16T12:36:40.228+0000] {logging_mixin.py:190} INFO - [2025-08-16T12:36:40.228+0000] {dag.py:4180} INFO - Setting next_dagrun for example_setup_teardown_taskflow to None, run_after=None
[2025-08-16T12:36:40.240+0000] {processor.py:208} INFO - Processing /home/airflow/.local/lib/python3.12/site-packages/airflow/example_dags/example_setup_teardown_taskflow.py took 0.049 seconds
