[2025-08-16T12:32:53.109+0000] {processor.py:186} INFO - Started process (PID=49) to work on /home/airflow/.local/lib/python3.12/site-packages/airflow/example_dags/example_branch_operator_decorator.py
[2025-08-16T12:32:53.111+0000] {processor.py:914} INFO - Processing file /home/airflow/.local/lib/python3.12/site-packages/airflow/example_dags/example_branch_operator_decorator.py for tasks to queue
[2025-08-16T12:32:53.118+0000] {logging_mixin.py:190} INFO - [2025-08-16T12:32:53.115+0000] {dagbag.py:588} INFO - Filling up the DagBag from /home/airflow/.local/lib/python3.12/site-packages/airflow/example_dags/example_branch_operator_decorator.py
[2025-08-16T12:32:53.193+0000] {processor.py:925} INFO - DAG(s) 'example_branch_python_operator_decorator' retrieved from /home/airflow/.local/lib/python3.12/site-packages/airflow/example_dags/example_branch_operator_decorator.py
[2025-08-16T12:32:53.593+0000] {logging_mixin.py:190} INFO - [2025-08-16T12:32:53.593+0000] {override.py:1912} INFO - Created Permission View: can delete on DAG:example_branch_python_operator_decorator
[2025-08-16T12:32:53.600+0000] {logging_mixin.py:190} INFO - [2025-08-16T12:32:53.599+0000] {override.py:1912} INFO - Created Permission View: can read on DAG:example_branch_python_operator_decorator
[2025-08-16T12:32:53.613+0000] {logging_mixin.py:190} INFO - [2025-08-16T12:32:53.613+0000] {override.py:1912} INFO - Created Permission View: can edit on DAG:example_branch_python_operator_decorator
[2025-08-16T12:32:53.623+0000] {logging_mixin.py:190} INFO - [2025-08-16T12:32:53.622+0000] {override.py:1912} INFO - Created Permission View: can delete on DAG Run:example_branch_python_operator_decorator
[2025-08-16T12:32:53.628+0000] {logging_mixin.py:190} INFO - [2025-08-16T12:32:53.628+0000] {override.py:1912} INFO - Created Permission View: menu access on DAG Run:example_branch_python_operator_decorator
[2025-08-16T12:32:53.630+0000] {logging_mixin.py:190} INFO - [2025-08-16T12:32:53.630+0000] {override.py:1912} INFO - Created Permission View: can read on DAG Run:example_branch_python_operator_decorator
[2025-08-16T12:32:53.633+0000] {logging_mixin.py:190} INFO - [2025-08-16T12:32:53.633+0000] {override.py:1912} INFO - Created Permission View: can create on DAG Run:example_branch_python_operator_decorator
[2025-08-16T12:32:53.635+0000] {logging_mixin.py:190} INFO - [2025-08-16T12:32:53.635+0000] {dag.py:3239} INFO - Sync 1 DAGs
[2025-08-16T12:32:53.645+0000] {logging_mixin.py:190} INFO - [2025-08-16T12:32:53.645+0000] {dag.py:3262} INFO - Creating ORM DAG for example_branch_python_operator_decorator
[2025-08-16T12:32:53.665+0000] {logging_mixin.py:190} INFO - [2025-08-16T12:32:53.664+0000] {dag.py:4180} INFO - Setting next_dagrun for example_branch_python_operator_decorator to 2025-08-15 00:00:00+00:00, run_after=2025-08-16 00:00:00+00:00
[2025-08-16T12:32:53.703+0000] {processor.py:208} INFO - Processing /home/airflow/.local/lib/python3.12/site-packages/airflow/example_dags/example_branch_operator_decorator.py took 0.610 seconds
[2025-08-16T12:33:23.968+0000] {processor.py:186} INFO - Started process (PID=112) to work on /home/airflow/.local/lib/python3.12/site-packages/airflow/example_dags/example_branch_operator_decorator.py
[2025-08-16T12:33:23.971+0000] {processor.py:914} INFO - Processing file /home/airflow/.local/lib/python3.12/site-packages/airflow/example_dags/example_branch_operator_decorator.py for tasks to queue
[2025-08-16T12:33:23.978+0000] {logging_mixin.py:190} INFO - [2025-08-16T12:33:23.977+0000] {dagbag.py:588} INFO - Filling up the DagBag from /home/airflow/.local/lib/python3.12/site-packages/airflow/example_dags/example_branch_operator_decorator.py
[2025-08-16T12:33:24.031+0000] {processor.py:925} INFO - DAG(s) 'example_branch_python_operator_decorator' retrieved from /home/airflow/.local/lib/python3.12/site-packages/airflow/example_dags/example_branch_operator_decorator.py
[2025-08-16T12:33:24.058+0000] {logging_mixin.py:190} INFO - [2025-08-16T12:33:24.058+0000] {dag.py:3239} INFO - Sync 1 DAGs
[2025-08-16T12:33:24.085+0000] {logging_mixin.py:190} INFO - [2025-08-16T12:33:24.085+0000] {dag.py:4180} INFO - Setting next_dagrun for example_branch_python_operator_decorator to 2025-08-15 00:00:00+00:00, run_after=2025-08-16 00:00:00+00:00
[2025-08-16T12:33:24.099+0000] {processor.py:208} INFO - Processing /home/airflow/.local/lib/python3.12/site-packages/airflow/example_dags/example_branch_operator_decorator.py took 0.151 seconds
[2025-08-16T12:33:54.253+0000] {processor.py:186} INFO - Started process (PID=175) to work on /home/airflow/.local/lib/python3.12/site-packages/airflow/example_dags/example_branch_operator_decorator.py
[2025-08-16T12:33:54.258+0000] {processor.py:914} INFO - Processing file /home/airflow/.local/lib/python3.12/site-packages/airflow/example_dags/example_branch_operator_decorator.py for tasks to queue
[2025-08-16T12:33:54.263+0000] {logging_mixin.py:190} INFO - [2025-08-16T12:33:54.263+0000] {dagbag.py:588} INFO - Filling up the DagBag from /home/airflow/.local/lib/python3.12/site-packages/airflow/example_dags/example_branch_operator_decorator.py
[2025-08-16T12:33:54.299+0000] {processor.py:925} INFO - DAG(s) 'example_branch_python_operator_decorator' retrieved from /home/airflow/.local/lib/python3.12/site-packages/airflow/example_dags/example_branch_operator_decorator.py
[2025-08-16T12:33:54.327+0000] {logging_mixin.py:190} INFO - [2025-08-16T12:33:54.326+0000] {dag.py:3239} INFO - Sync 1 DAGs
[2025-08-16T12:33:54.342+0000] {logging_mixin.py:190} INFO - [2025-08-16T12:33:54.342+0000] {dag.py:4180} INFO - Setting next_dagrun for example_branch_python_operator_decorator to 2025-08-15 00:00:00+00:00, run_after=2025-08-16 00:00:00+00:00
[2025-08-16T12:33:54.353+0000] {processor.py:208} INFO - Processing /home/airflow/.local/lib/python3.12/site-packages/airflow/example_dags/example_branch_operator_decorator.py took 0.106 seconds
[2025-08-16T12:34:25.095+0000] {processor.py:186} INFO - Started process (PID=238) to work on /home/airflow/.local/lib/python3.12/site-packages/airflow/example_dags/example_branch_operator_decorator.py
[2025-08-16T12:34:25.096+0000] {processor.py:914} INFO - Processing file /home/airflow/.local/lib/python3.12/site-packages/airflow/example_dags/example_branch_operator_decorator.py for tasks to queue
[2025-08-16T12:34:25.106+0000] {logging_mixin.py:190} INFO - [2025-08-16T12:34:25.106+0000] {dagbag.py:588} INFO - Filling up the DagBag from /home/airflow/.local/lib/python3.12/site-packages/airflow/example_dags/example_branch_operator_decorator.py
[2025-08-16T12:34:25.143+0000] {processor.py:925} INFO - DAG(s) 'example_branch_python_operator_decorator' retrieved from /home/airflow/.local/lib/python3.12/site-packages/airflow/example_dags/example_branch_operator_decorator.py
[2025-08-16T12:34:25.167+0000] {logging_mixin.py:190} INFO - [2025-08-16T12:34:25.166+0000] {dag.py:3239} INFO - Sync 1 DAGs
[2025-08-16T12:34:25.184+0000] {logging_mixin.py:190} INFO - [2025-08-16T12:34:25.183+0000] {dag.py:4180} INFO - Setting next_dagrun for example_branch_python_operator_decorator to 2025-08-15 00:00:00+00:00, run_after=2025-08-16 00:00:00+00:00
[2025-08-16T12:34:25.196+0000] {processor.py:208} INFO - Processing /home/airflow/.local/lib/python3.12/site-packages/airflow/example_dags/example_branch_operator_decorator.py took 0.114 seconds
[2025-08-16T12:34:55.957+0000] {processor.py:186} INFO - Started process (PID=307) to work on /home/airflow/.local/lib/python3.12/site-packages/airflow/example_dags/example_branch_operator_decorator.py
[2025-08-16T12:34:55.959+0000] {processor.py:914} INFO - Processing file /home/airflow/.local/lib/python3.12/site-packages/airflow/example_dags/example_branch_operator_decorator.py for tasks to queue
[2025-08-16T12:34:55.965+0000] {logging_mixin.py:190} INFO - [2025-08-16T12:34:55.964+0000] {dagbag.py:588} INFO - Filling up the DagBag from /home/airflow/.local/lib/python3.12/site-packages/airflow/example_dags/example_branch_operator_decorator.py
[2025-08-16T12:34:55.992+0000] {processor.py:925} INFO - DAG(s) 'example_branch_python_operator_decorator' retrieved from /home/airflow/.local/lib/python3.12/site-packages/airflow/example_dags/example_branch_operator_decorator.py
[2025-08-16T12:34:56.028+0000] {logging_mixin.py:190} INFO - [2025-08-16T12:34:56.027+0000] {dag.py:3239} INFO - Sync 1 DAGs
[2025-08-16T12:34:56.050+0000] {logging_mixin.py:190} INFO - [2025-08-16T12:34:56.050+0000] {dag.py:4180} INFO - Setting next_dagrun for example_branch_python_operator_decorator to 2025-08-15 00:00:00+00:00, run_after=2025-08-16 00:00:00+00:00
[2025-08-16T12:34:56.061+0000] {processor.py:208} INFO - Processing /home/airflow/.local/lib/python3.12/site-packages/airflow/example_dags/example_branch_operator_decorator.py took 0.110 seconds
[2025-08-16T12:35:26.658+0000] {processor.py:186} INFO - Started process (PID=369) to work on /home/airflow/.local/lib/python3.12/site-packages/airflow/example_dags/example_branch_operator_decorator.py
[2025-08-16T12:35:26.660+0000] {processor.py:914} INFO - Processing file /home/airflow/.local/lib/python3.12/site-packages/airflow/example_dags/example_branch_operator_decorator.py for tasks to queue
[2025-08-16T12:35:26.666+0000] {logging_mixin.py:190} INFO - [2025-08-16T12:35:26.666+0000] {dagbag.py:588} INFO - Filling up the DagBag from /home/airflow/.local/lib/python3.12/site-packages/airflow/example_dags/example_branch_operator_decorator.py
[2025-08-16T12:35:26.697+0000] {processor.py:925} INFO - DAG(s) 'example_branch_python_operator_decorator' retrieved from /home/airflow/.local/lib/python3.12/site-packages/airflow/example_dags/example_branch_operator_decorator.py
[2025-08-16T12:35:26.730+0000] {logging_mixin.py:190} INFO - [2025-08-16T12:35:26.730+0000] {dag.py:3239} INFO - Sync 1 DAGs
[2025-08-16T12:35:26.749+0000] {logging_mixin.py:190} INFO - [2025-08-16T12:35:26.749+0000] {dag.py:4180} INFO - Setting next_dagrun for example_branch_python_operator_decorator to 2025-08-15 00:00:00+00:00, run_after=2025-08-16 00:00:00+00:00
[2025-08-16T12:35:26.763+0000] {processor.py:208} INFO - Processing /home/airflow/.local/lib/python3.12/site-packages/airflow/example_dags/example_branch_operator_decorator.py took 0.131 seconds
[2025-08-16T12:35:57.007+0000] {processor.py:186} INFO - Started process (PID=432) to work on /home/airflow/.local/lib/python3.12/site-packages/airflow/example_dags/example_branch_operator_decorator.py
[2025-08-16T12:35:57.010+0000] {processor.py:914} INFO - Processing file /home/airflow/.local/lib/python3.12/site-packages/airflow/example_dags/example_branch_operator_decorator.py for tasks to queue
[2025-08-16T12:35:57.022+0000] {logging_mixin.py:190} INFO - [2025-08-16T12:35:57.021+0000] {dagbag.py:588} INFO - Filling up the DagBag from /home/airflow/.local/lib/python3.12/site-packages/airflow/example_dags/example_branch_operator_decorator.py
[2025-08-16T12:35:57.068+0000] {processor.py:925} INFO - DAG(s) 'example_branch_python_operator_decorator' retrieved from /home/airflow/.local/lib/python3.12/site-packages/airflow/example_dags/example_branch_operator_decorator.py
[2025-08-16T12:35:57.092+0000] {logging_mixin.py:190} INFO - [2025-08-16T12:35:57.091+0000] {dag.py:3239} INFO - Sync 1 DAGs
[2025-08-16T12:35:57.114+0000] {logging_mixin.py:190} INFO - [2025-08-16T12:35:57.114+0000] {dag.py:4180} INFO - Setting next_dagrun for example_branch_python_operator_decorator to 2025-08-15 00:00:00+00:00, run_after=2025-08-16 00:00:00+00:00
[2025-08-16T12:35:57.130+0000] {processor.py:208} INFO - Processing /home/airflow/.local/lib/python3.12/site-packages/airflow/example_dags/example_branch_operator_decorator.py took 0.175 seconds
[2025-08-16T12:36:27.310+0000] {processor.py:186} INFO - Started process (PID=495) to work on /home/airflow/.local/lib/python3.12/site-packages/airflow/example_dags/example_branch_operator_decorator.py
[2025-08-16T12:36:27.312+0000] {processor.py:914} INFO - Processing file /home/airflow/.local/lib/python3.12/site-packages/airflow/example_dags/example_branch_operator_decorator.py for tasks to queue
[2025-08-16T12:36:27.322+0000] {logging_mixin.py:190} INFO - [2025-08-16T12:36:27.322+0000] {dagbag.py:588} INFO - Filling up the DagBag from /home/airflow/.local/lib/python3.12/site-packages/airflow/example_dags/example_branch_operator_decorator.py
[2025-08-16T12:36:27.363+0000] {processor.py:925} INFO - DAG(s) 'example_branch_python_operator_decorator' retrieved from /home/airflow/.local/lib/python3.12/site-packages/airflow/example_dags/example_branch_operator_decorator.py
[2025-08-16T12:36:27.396+0000] {logging_mixin.py:190} INFO - [2025-08-16T12:36:27.395+0000] {dag.py:3239} INFO - Sync 1 DAGs
[2025-08-16T12:36:27.418+0000] {logging_mixin.py:190} INFO - [2025-08-16T12:36:27.417+0000] {dag.py:4180} INFO - Setting next_dagrun for example_branch_python_operator_decorator to 2025-08-15 00:00:00+00:00, run_after=2025-08-16 00:00:00+00:00
[2025-08-16T12:36:27.430+0000] {processor.py:208} INFO - Processing /home/airflow/.local/lib/python3.12/site-packages/airflow/example_dags/example_branch_operator_decorator.py took 0.133 seconds
