[2025-08-16T12:32:53.970+0000] {processor.py:186} INFO - Started process (PID=52) to work on /home/airflow/.local/lib/python3.12/site-packages/airflow/example_dags/example_dynamic_task_mapping.py
[2025-08-16T12:32:53.973+0000] {processor.py:914} INFO - Processing file /home/airflow/.local/lib/python3.12/site-packages/airflow/example_dags/example_dynamic_task_mapping.py for tasks to queue
[2025-08-16T12:32:53.979+0000] {logging_mixin.py:190} INFO - [2025-08-16T12:32:53.979+0000] {dagbag.py:588} INFO - Filling up the DagBag from /home/airflow/.local/lib/python3.12/site-packages/airflow/example_dags/example_dynamic_task_mapping.py
[2025-08-16T12:32:53.987+0000] {processor.py:925} INFO - DAG(s) 'example_dynamic_task_mapping' retrieved from /home/airflow/.local/lib/python3.12/site-packages/airflow/example_dags/example_dynamic_task_mapping.py
[2025-08-16T12:32:54.154+0000] {logging_mixin.py:190} INFO - [2025-08-16T12:32:54.153+0000] {override.py:1912} INFO - Created Permission View: can delete on DAG:example_dynamic_task_mapping
[2025-08-16T12:32:54.164+0000] {logging_mixin.py:190} INFO - [2025-08-16T12:32:54.163+0000] {override.py:1912} INFO - Created Permission View: can read on DAG:example_dynamic_task_mapping
[2025-08-16T12:32:54.172+0000] {logging_mixin.py:190} INFO - [2025-08-16T12:32:54.172+0000] {override.py:1912} INFO - Created Permission View: can edit on DAG:example_dynamic_task_mapping
[2025-08-16T12:32:54.185+0000] {logging_mixin.py:190} INFO - [2025-08-16T12:32:54.185+0000] {override.py:1912} INFO - Created Permission View: can delete on DAG Run:example_dynamic_task_mapping
[2025-08-16T12:32:54.191+0000] {logging_mixin.py:190} INFO - [2025-08-16T12:32:54.191+0000] {override.py:1912} INFO - Created Permission View: menu access on DAG Run:example_dynamic_task_mapping
[2025-08-16T12:32:54.210+0000] {logging_mixin.py:190} INFO - [2025-08-16T12:32:54.209+0000] {override.py:1912} INFO - Created Permission View: can read on DAG Run:example_dynamic_task_mapping
[2025-08-16T12:32:54.224+0000] {logging_mixin.py:190} INFO - [2025-08-16T12:32:54.223+0000] {override.py:1912} INFO - Created Permission View: can create on DAG Run:example_dynamic_task_mapping
[2025-08-16T12:32:54.225+0000] {logging_mixin.py:190} INFO - [2025-08-16T12:32:54.225+0000] {dag.py:3239} INFO - Sync 1 DAGs
[2025-08-16T12:32:54.250+0000] {logging_mixin.py:190} INFO - [2025-08-16T12:32:54.250+0000] {dag.py:3262} INFO - Creating ORM DAG for example_dynamic_task_mapping
[2025-08-16T12:32:54.254+0000] {logging_mixin.py:190} INFO - [2025-08-16T12:32:54.254+0000] {dag.py:4180} INFO - Setting next_dagrun for example_dynamic_task_mapping to None, run_after=None
[2025-08-16T12:32:54.273+0000] {processor.py:208} INFO - Processing /home/airflow/.local/lib/python3.12/site-packages/airflow/example_dags/example_dynamic_task_mapping.py took 0.311 seconds
[2025-08-16T12:33:25.142+0000] {processor.py:186} INFO - Started process (PID=121) to work on /home/airflow/.local/lib/python3.12/site-packages/airflow/example_dags/example_dynamic_task_mapping.py
[2025-08-16T12:33:25.143+0000] {processor.py:914} INFO - Processing file /home/airflow/.local/lib/python3.12/site-packages/airflow/example_dags/example_dynamic_task_mapping.py for tasks to queue
[2025-08-16T12:33:25.145+0000] {logging_mixin.py:190} INFO - [2025-08-16T12:33:25.145+0000] {dagbag.py:588} INFO - Filling up the DagBag from /home/airflow/.local/lib/python3.12/site-packages/airflow/example_dags/example_dynamic_task_mapping.py
[2025-08-16T12:33:25.151+0000] {processor.py:925} INFO - DAG(s) 'example_dynamic_task_mapping' retrieved from /home/airflow/.local/lib/python3.12/site-packages/airflow/example_dags/example_dynamic_task_mapping.py
[2025-08-16T12:33:25.169+0000] {logging_mixin.py:190} INFO - [2025-08-16T12:33:25.169+0000] {dag.py:3239} INFO - Sync 1 DAGs
[2025-08-16T12:33:25.179+0000] {logging_mixin.py:190} INFO - [2025-08-16T12:33:25.179+0000] {dag.py:4180} INFO - Setting next_dagrun for example_dynamic_task_mapping to None, run_after=None
[2025-08-16T12:33:25.189+0000] {processor.py:208} INFO - Processing /home/airflow/.local/lib/python3.12/site-packages/airflow/example_dags/example_dynamic_task_mapping.py took 0.053 seconds
[2025-08-16T12:33:55.466+0000] {processor.py:186} INFO - Started process (PID=184) to work on /home/airflow/.local/lib/python3.12/site-packages/airflow/example_dags/example_dynamic_task_mapping.py
[2025-08-16T12:33:55.467+0000] {processor.py:914} INFO - Processing file /home/airflow/.local/lib/python3.12/site-packages/airflow/example_dags/example_dynamic_task_mapping.py for tasks to queue
[2025-08-16T12:33:55.472+0000] {logging_mixin.py:190} INFO - [2025-08-16T12:33:55.471+0000] {dagbag.py:588} INFO - Filling up the DagBag from /home/airflow/.local/lib/python3.12/site-packages/airflow/example_dags/example_dynamic_task_mapping.py
[2025-08-16T12:33:55.509+0000] {processor.py:925} INFO - DAG(s) 'example_dynamic_task_mapping' retrieved from /home/airflow/.local/lib/python3.12/site-packages/airflow/example_dags/example_dynamic_task_mapping.py
[2025-08-16T12:33:55.537+0000] {logging_mixin.py:190} INFO - [2025-08-16T12:33:55.537+0000] {dag.py:3239} INFO - Sync 1 DAGs
[2025-08-16T12:33:55.549+0000] {logging_mixin.py:190} INFO - [2025-08-16T12:33:55.549+0000] {dag.py:4180} INFO - Setting next_dagrun for example_dynamic_task_mapping to None, run_after=None
[2025-08-16T12:33:55.567+0000] {processor.py:208} INFO - Processing /home/airflow/.local/lib/python3.12/site-packages/airflow/example_dags/example_dynamic_task_mapping.py took 0.113 seconds
[2025-08-16T12:34:26.245+0000] {processor.py:186} INFO - Started process (PID=247) to work on /home/airflow/.local/lib/python3.12/site-packages/airflow/example_dags/example_dynamic_task_mapping.py
[2025-08-16T12:34:26.246+0000] {processor.py:914} INFO - Processing file /home/airflow/.local/lib/python3.12/site-packages/airflow/example_dags/example_dynamic_task_mapping.py for tasks to queue
[2025-08-16T12:34:26.248+0000] {logging_mixin.py:190} INFO - [2025-08-16T12:34:26.248+0000] {dagbag.py:588} INFO - Filling up the DagBag from /home/airflow/.local/lib/python3.12/site-packages/airflow/example_dags/example_dynamic_task_mapping.py
[2025-08-16T12:34:26.254+0000] {processor.py:925} INFO - DAG(s) 'example_dynamic_task_mapping' retrieved from /home/airflow/.local/lib/python3.12/site-packages/airflow/example_dags/example_dynamic_task_mapping.py
[2025-08-16T12:34:26.270+0000] {logging_mixin.py:190} INFO - [2025-08-16T12:34:26.270+0000] {dag.py:3239} INFO - Sync 1 DAGs
[2025-08-16T12:34:26.281+0000] {logging_mixin.py:190} INFO - [2025-08-16T12:34:26.281+0000] {dag.py:4180} INFO - Setting next_dagrun for example_dynamic_task_mapping to None, run_after=None
[2025-08-16T12:34:26.309+0000] {processor.py:208} INFO - Processing /home/airflow/.local/lib/python3.12/site-packages/airflow/example_dags/example_dynamic_task_mapping.py took 0.069 seconds
[2025-08-16T12:34:57.108+0000] {processor.py:186} INFO - Started process (PID=310) to work on /home/airflow/.local/lib/python3.12/site-packages/airflow/example_dags/example_dynamic_task_mapping.py
[2025-08-16T12:34:57.109+0000] {processor.py:914} INFO - Processing file /home/airflow/.local/lib/python3.12/site-packages/airflow/example_dags/example_dynamic_task_mapping.py for tasks to queue
[2025-08-16T12:34:57.111+0000] {logging_mixin.py:190} INFO - [2025-08-16T12:34:57.111+0000] {dagbag.py:588} INFO - Filling up the DagBag from /home/airflow/.local/lib/python3.12/site-packages/airflow/example_dags/example_dynamic_task_mapping.py
[2025-08-16T12:34:57.119+0000] {processor.py:925} INFO - DAG(s) 'example_dynamic_task_mapping' retrieved from /home/airflow/.local/lib/python3.12/site-packages/airflow/example_dags/example_dynamic_task_mapping.py
[2025-08-16T12:34:57.136+0000] {logging_mixin.py:190} INFO - [2025-08-16T12:34:57.136+0000] {dag.py:3239} INFO - Sync 1 DAGs
[2025-08-16T12:34:57.147+0000] {logging_mixin.py:190} INFO - [2025-08-16T12:34:57.147+0000] {dag.py:4180} INFO - Setting next_dagrun for example_dynamic_task_mapping to None, run_after=None
[2025-08-16T12:34:57.158+0000] {processor.py:208} INFO - Processing /home/airflow/.local/lib/python3.12/site-packages/airflow/example_dags/example_dynamic_task_mapping.py took 0.056 seconds
[2025-08-16T12:35:27.824+0000] {processor.py:186} INFO - Started process (PID=372) to work on /home/airflow/.local/lib/python3.12/site-packages/airflow/example_dags/example_dynamic_task_mapping.py
[2025-08-16T12:35:27.826+0000] {processor.py:914} INFO - Processing file /home/airflow/.local/lib/python3.12/site-packages/airflow/example_dags/example_dynamic_task_mapping.py for tasks to queue
[2025-08-16T12:35:27.829+0000] {logging_mixin.py:190} INFO - [2025-08-16T12:35:27.828+0000] {dagbag.py:588} INFO - Filling up the DagBag from /home/airflow/.local/lib/python3.12/site-packages/airflow/example_dags/example_dynamic_task_mapping.py
[2025-08-16T12:35:27.841+0000] {processor.py:925} INFO - DAG(s) 'example_dynamic_task_mapping' retrieved from /home/airflow/.local/lib/python3.12/site-packages/airflow/example_dags/example_dynamic_task_mapping.py
[2025-08-16T12:35:27.857+0000] {logging_mixin.py:190} INFO - [2025-08-16T12:35:27.857+0000] {dag.py:3239} INFO - Sync 1 DAGs
[2025-08-16T12:35:27.873+0000] {logging_mixin.py:190} INFO - [2025-08-16T12:35:27.873+0000] {dag.py:4180} INFO - Setting next_dagrun for example_dynamic_task_mapping to None, run_after=None
[2025-08-16T12:35:27.884+0000] {processor.py:208} INFO - Processing /home/airflow/.local/lib/python3.12/site-packages/airflow/example_dags/example_dynamic_task_mapping.py took 0.067 seconds
[2025-08-16T12:35:58.181+0000] {processor.py:186} INFO - Started process (PID=435) to work on /home/airflow/.local/lib/python3.12/site-packages/airflow/example_dags/example_dynamic_task_mapping.py
[2025-08-16T12:35:58.184+0000] {processor.py:914} INFO - Processing file /home/airflow/.local/lib/python3.12/site-packages/airflow/example_dags/example_dynamic_task_mapping.py for tasks to queue
[2025-08-16T12:35:58.187+0000] {logging_mixin.py:190} INFO - [2025-08-16T12:35:58.187+0000] {dagbag.py:588} INFO - Filling up the DagBag from /home/airflow/.local/lib/python3.12/site-packages/airflow/example_dags/example_dynamic_task_mapping.py
[2025-08-16T12:35:58.196+0000] {processor.py:925} INFO - DAG(s) 'example_dynamic_task_mapping' retrieved from /home/airflow/.local/lib/python3.12/site-packages/airflow/example_dags/example_dynamic_task_mapping.py
[2025-08-16T12:35:58.210+0000] {logging_mixin.py:190} INFO - [2025-08-16T12:35:58.209+0000] {dag.py:3239} INFO - Sync 1 DAGs
[2025-08-16T12:35:58.218+0000] {logging_mixin.py:190} INFO - [2025-08-16T12:35:58.218+0000] {dag.py:4180} INFO - Setting next_dagrun for example_dynamic_task_mapping to None, run_after=None
[2025-08-16T12:35:58.227+0000] {processor.py:208} INFO - Processing /home/airflow/.local/lib/python3.12/site-packages/airflow/example_dags/example_dynamic_task_mapping.py took 0.052 seconds
[2025-08-16T12:36:28.475+0000] {processor.py:186} INFO - Started process (PID=498) to work on /home/airflow/.local/lib/python3.12/site-packages/airflow/example_dags/example_dynamic_task_mapping.py
[2025-08-16T12:36:28.477+0000] {processor.py:914} INFO - Processing file /home/airflow/.local/lib/python3.12/site-packages/airflow/example_dags/example_dynamic_task_mapping.py for tasks to queue
[2025-08-16T12:36:28.483+0000] {logging_mixin.py:190} INFO - [2025-08-16T12:36:28.482+0000] {dagbag.py:588} INFO - Filling up the DagBag from /home/airflow/.local/lib/python3.12/site-packages/airflow/example_dags/example_dynamic_task_mapping.py
[2025-08-16T12:36:28.503+0000] {processor.py:925} INFO - DAG(s) 'example_dynamic_task_mapping' retrieved from /home/airflow/.local/lib/python3.12/site-packages/airflow/example_dags/example_dynamic_task_mapping.py
[2025-08-16T12:36:28.520+0000] {logging_mixin.py:190} INFO - [2025-08-16T12:36:28.519+0000] {dag.py:3239} INFO - Sync 1 DAGs
[2025-08-16T12:36:28.531+0000] {logging_mixin.py:190} INFO - [2025-08-16T12:36:28.531+0000] {dag.py:4180} INFO - Setting next_dagrun for example_dynamic_task_mapping to None, run_after=None
[2025-08-16T12:36:28.546+0000] {processor.py:208} INFO - Processing /home/airflow/.local/lib/python3.12/site-packages/airflow/example_dags/example_dynamic_task_mapping.py took 0.078 seconds
