[2025-08-16T12:33:02.051+0000] {processor.py:186} INFO - Started process (PID=73) to work on /home/airflow/.local/lib/python3.12/site-packages/airflow/example_dags/example_datasets.py
[2025-08-16T12:33:02.053+0000] {processor.py:914} INFO - Processing file /home/airflow/.local/lib/python3.12/site-packages/airflow/example_dags/example_datasets.py for tasks to queue
[2025-08-16T12:33:02.055+0000] {logging_mixin.py:190} INFO - [2025-08-16T12:33:02.054+0000] {dagbag.py:588} INFO - Filling up the DagBag from /home/airflow/.local/lib/python3.12/site-packages/airflow/example_dags/example_datasets.py
[2025-08-16T12:33:02.821+0000] {processor.py:925} INFO - DAG(s) 'dataset_consumes_unknown_never_scheduled', 'dataset_produces_1', 'consume_1_or_2_with_dataset_expressions', 'consume_1_or_both_2_and_3_with_dataset_expressions', 'dataset_consumes_1', 'dataset_consumes_1_and_2', 'dataset_consumes_1_never_scheduled', 'dataset_produces_2', 'conditional_dataset_and_time_based_timetable', 'consume_1_and_2_with_dataset_expressions' retrieved from /home/airflow/.local/lib/python3.12/site-packages/airflow/example_dags/example_datasets.py
[2025-08-16T12:33:02.899+0000] {logging_mixin.py:190} INFO - [2025-08-16T12:33:02.898+0000] {override.py:1912} INFO - Created Permission View: can delete on DAG:dataset_consumes_unknown_never_scheduled
[2025-08-16T12:33:02.906+0000] {logging_mixin.py:190} INFO - [2025-08-16T12:33:02.905+0000] {override.py:1912} INFO - Created Permission View: can read on DAG:dataset_consumes_unknown_never_scheduled
[2025-08-16T12:33:02.911+0000] {logging_mixin.py:190} INFO - [2025-08-16T12:33:02.910+0000] {override.py:1912} INFO - Created Permission View: can edit on DAG:dataset_consumes_unknown_never_scheduled
[2025-08-16T12:33:02.916+0000] {logging_mixin.py:190} INFO - [2025-08-16T12:33:02.915+0000] {override.py:1912} INFO - Created Permission View: can delete on DAG Run:dataset_consumes_unknown_never_scheduled
[2025-08-16T12:33:02.920+0000] {logging_mixin.py:190} INFO - [2025-08-16T12:33:02.919+0000] {override.py:1912} INFO - Created Permission View: menu access on DAG Run:dataset_consumes_unknown_never_scheduled
[2025-08-16T12:33:02.923+0000] {logging_mixin.py:190} INFO - [2025-08-16T12:33:02.922+0000] {override.py:1912} INFO - Created Permission View: can read on DAG Run:dataset_consumes_unknown_never_scheduled
[2025-08-16T12:33:02.931+0000] {logging_mixin.py:190} INFO - [2025-08-16T12:33:02.930+0000] {override.py:1912} INFO - Created Permission View: can create on DAG Run:dataset_consumes_unknown_never_scheduled
[2025-08-16T12:33:02.948+0000] {logging_mixin.py:190} INFO - [2025-08-16T12:33:02.947+0000] {override.py:1912} INFO - Created Permission View: can delete on DAG:dataset_produces_1
[2025-08-16T12:33:02.958+0000] {logging_mixin.py:190} INFO - [2025-08-16T12:33:02.957+0000] {override.py:1912} INFO - Created Permission View: can read on DAG:dataset_produces_1
[2025-08-16T12:33:02.969+0000] {logging_mixin.py:190} INFO - [2025-08-16T12:33:02.969+0000] {override.py:1912} INFO - Created Permission View: can edit on DAG:dataset_produces_1
[2025-08-16T12:33:02.974+0000] {logging_mixin.py:190} INFO - [2025-08-16T12:33:02.973+0000] {override.py:1912} INFO - Created Permission View: can delete on DAG Run:dataset_produces_1
[2025-08-16T12:33:02.977+0000] {logging_mixin.py:190} INFO - [2025-08-16T12:33:02.977+0000] {override.py:1912} INFO - Created Permission View: menu access on DAG Run:dataset_produces_1
[2025-08-16T12:33:02.985+0000] {logging_mixin.py:190} INFO - [2025-08-16T12:33:02.985+0000] {override.py:1912} INFO - Created Permission View: can read on DAG Run:dataset_produces_1
[2025-08-16T12:33:02.990+0000] {logging_mixin.py:190} INFO - [2025-08-16T12:33:02.990+0000] {override.py:1912} INFO - Created Permission View: can create on DAG Run:dataset_produces_1
[2025-08-16T12:33:03.012+0000] {logging_mixin.py:190} INFO - [2025-08-16T12:33:03.011+0000] {override.py:1912} INFO - Created Permission View: can delete on DAG:consume_1_or_2_with_dataset_expressions
[2025-08-16T12:33:03.021+0000] {logging_mixin.py:190} INFO - [2025-08-16T12:33:03.021+0000] {override.py:1912} INFO - Created Permission View: can read on DAG:consume_1_or_2_with_dataset_expressions
[2025-08-16T12:33:03.030+0000] {logging_mixin.py:190} INFO - [2025-08-16T12:33:03.030+0000] {override.py:1912} INFO - Created Permission View: can edit on DAG:consume_1_or_2_with_dataset_expressions
[2025-08-16T12:33:03.034+0000] {logging_mixin.py:190} INFO - [2025-08-16T12:33:03.034+0000] {override.py:1912} INFO - Created Permission View: can delete on DAG Run:consume_1_or_2_with_dataset_expressions
[2025-08-16T12:33:03.040+0000] {logging_mixin.py:190} INFO - [2025-08-16T12:33:03.040+0000] {override.py:1912} INFO - Created Permission View: menu access on DAG Run:consume_1_or_2_with_dataset_expressions
[2025-08-16T12:33:03.044+0000] {logging_mixin.py:190} INFO - [2025-08-16T12:33:03.044+0000] {override.py:1912} INFO - Created Permission View: can read on DAG Run:consume_1_or_2_with_dataset_expressions
[2025-08-16T12:33:03.048+0000] {logging_mixin.py:190} INFO - [2025-08-16T12:33:03.047+0000] {override.py:1912} INFO - Created Permission View: can create on DAG Run:consume_1_or_2_with_dataset_expressions
[2025-08-16T12:33:03.056+0000] {logging_mixin.py:190} INFO - [2025-08-16T12:33:03.055+0000] {override.py:1912} INFO - Created Permission View: can delete on DAG:consume_1_or_both_2_and_3_with_dataset_expressions
[2025-08-16T12:33:03.062+0000] {logging_mixin.py:190} INFO - [2025-08-16T12:33:03.062+0000] {override.py:1912} INFO - Created Permission View: can read on DAG:consume_1_or_both_2_and_3_with_dataset_expressions
[2025-08-16T12:33:03.068+0000] {logging_mixin.py:190} INFO - [2025-08-16T12:33:03.068+0000] {override.py:1912} INFO - Created Permission View: can edit on DAG:consume_1_or_both_2_and_3_with_dataset_expressions
[2025-08-16T12:33:03.078+0000] {logging_mixin.py:190} INFO - [2025-08-16T12:33:03.078+0000] {override.py:1912} INFO - Created Permission View: can delete on DAG Run:consume_1_or_both_2_and_3_with_dataset_expressions
[2025-08-16T12:33:03.086+0000] {logging_mixin.py:190} INFO - [2025-08-16T12:33:03.086+0000] {override.py:1912} INFO - Created Permission View: menu access on DAG Run:consume_1_or_both_2_and_3_with_dataset_expressions
[2025-08-16T12:33:03.090+0000] {logging_mixin.py:190} INFO - [2025-08-16T12:33:03.089+0000] {override.py:1912} INFO - Created Permission View: can read on DAG Run:consume_1_or_both_2_and_3_with_dataset_expressions
[2025-08-16T12:33:03.094+0000] {logging_mixin.py:190} INFO - [2025-08-16T12:33:03.094+0000] {override.py:1912} INFO - Created Permission View: can create on DAG Run:consume_1_or_both_2_and_3_with_dataset_expressions
[2025-08-16T12:33:03.104+0000] {logging_mixin.py:190} INFO - [2025-08-16T12:33:03.103+0000] {override.py:1912} INFO - Created Permission View: can delete on DAG:dataset_consumes_1
[2025-08-16T12:33:03.111+0000] {logging_mixin.py:190} INFO - [2025-08-16T12:33:03.110+0000] {override.py:1912} INFO - Created Permission View: can read on DAG:dataset_consumes_1
[2025-08-16T12:33:03.117+0000] {logging_mixin.py:190} INFO - [2025-08-16T12:33:03.116+0000] {override.py:1912} INFO - Created Permission View: can edit on DAG:dataset_consumes_1
[2025-08-16T12:33:03.121+0000] {logging_mixin.py:190} INFO - [2025-08-16T12:33:03.121+0000] {override.py:1912} INFO - Created Permission View: can delete on DAG Run:dataset_consumes_1
[2025-08-16T12:33:03.125+0000] {logging_mixin.py:190} INFO - [2025-08-16T12:33:03.125+0000] {override.py:1912} INFO - Created Permission View: menu access on DAG Run:dataset_consumes_1
[2025-08-16T12:33:03.128+0000] {logging_mixin.py:190} INFO - [2025-08-16T12:33:03.128+0000] {override.py:1912} INFO - Created Permission View: can read on DAG Run:dataset_consumes_1
[2025-08-16T12:33:03.132+0000] {logging_mixin.py:190} INFO - [2025-08-16T12:33:03.132+0000] {override.py:1912} INFO - Created Permission View: can create on DAG Run:dataset_consumes_1
[2025-08-16T12:33:03.147+0000] {logging_mixin.py:190} INFO - [2025-08-16T12:33:03.146+0000] {override.py:1912} INFO - Created Permission View: can delete on DAG:dataset_consumes_1_and_2
[2025-08-16T12:33:03.153+0000] {logging_mixin.py:190} INFO - [2025-08-16T12:33:03.153+0000] {override.py:1912} INFO - Created Permission View: can read on DAG:dataset_consumes_1_and_2
[2025-08-16T12:33:03.160+0000] {logging_mixin.py:190} INFO - [2025-08-16T12:33:03.159+0000] {override.py:1912} INFO - Created Permission View: can edit on DAG:dataset_consumes_1_and_2
[2025-08-16T12:33:03.168+0000] {logging_mixin.py:190} INFO - [2025-08-16T12:33:03.168+0000] {override.py:1912} INFO - Created Permission View: can delete on DAG Run:dataset_consumes_1_and_2
[2025-08-16T12:33:03.173+0000] {logging_mixin.py:190} INFO - [2025-08-16T12:33:03.173+0000] {override.py:1912} INFO - Created Permission View: menu access on DAG Run:dataset_consumes_1_and_2
[2025-08-16T12:33:03.178+0000] {logging_mixin.py:190} INFO - [2025-08-16T12:33:03.178+0000] {override.py:1912} INFO - Created Permission View: can read on DAG Run:dataset_consumes_1_and_2
[2025-08-16T12:33:03.182+0000] {logging_mixin.py:190} INFO - [2025-08-16T12:33:03.182+0000] {override.py:1912} INFO - Created Permission View: can create on DAG Run:dataset_consumes_1_and_2
[2025-08-16T12:33:03.192+0000] {logging_mixin.py:190} INFO - [2025-08-16T12:33:03.191+0000] {override.py:1912} INFO - Created Permission View: can delete on DAG:dataset_consumes_1_never_scheduled
[2025-08-16T12:33:03.197+0000] {logging_mixin.py:190} INFO - [2025-08-16T12:33:03.197+0000] {override.py:1912} INFO - Created Permission View: can read on DAG:dataset_consumes_1_never_scheduled
[2025-08-16T12:33:03.207+0000] {logging_mixin.py:190} INFO - [2025-08-16T12:33:03.207+0000] {override.py:1912} INFO - Created Permission View: can edit on DAG:dataset_consumes_1_never_scheduled
[2025-08-16T12:33:03.223+0000] {logging_mixin.py:190} INFO - [2025-08-16T12:33:03.222+0000] {override.py:1912} INFO - Created Permission View: can delete on DAG Run:dataset_consumes_1_never_scheduled
[2025-08-16T12:33:03.232+0000] {logging_mixin.py:190} INFO - [2025-08-16T12:33:03.231+0000] {override.py:1912} INFO - Created Permission View: menu access on DAG Run:dataset_consumes_1_never_scheduled
[2025-08-16T12:33:03.237+0000] {logging_mixin.py:190} INFO - [2025-08-16T12:33:03.236+0000] {override.py:1912} INFO - Created Permission View: can read on DAG Run:dataset_consumes_1_never_scheduled
[2025-08-16T12:33:03.243+0000] {logging_mixin.py:190} INFO - [2025-08-16T12:33:03.242+0000] {override.py:1912} INFO - Created Permission View: can create on DAG Run:dataset_consumes_1_never_scheduled
[2025-08-16T12:33:03.254+0000] {logging_mixin.py:190} INFO - [2025-08-16T12:33:03.253+0000] {override.py:1912} INFO - Created Permission View: can delete on DAG:dataset_produces_2
[2025-08-16T12:33:03.262+0000] {logging_mixin.py:190} INFO - [2025-08-16T12:33:03.261+0000] {override.py:1912} INFO - Created Permission View: can read on DAG:dataset_produces_2
[2025-08-16T12:33:03.268+0000] {logging_mixin.py:190} INFO - [2025-08-16T12:33:03.268+0000] {override.py:1912} INFO - Created Permission View: can edit on DAG:dataset_produces_2
[2025-08-16T12:33:03.275+0000] {logging_mixin.py:190} INFO - [2025-08-16T12:33:03.275+0000] {override.py:1912} INFO - Created Permission View: can delete on DAG Run:dataset_produces_2
[2025-08-16T12:33:03.281+0000] {logging_mixin.py:190} INFO - [2025-08-16T12:33:03.281+0000] {override.py:1912} INFO - Created Permission View: menu access on DAG Run:dataset_produces_2
[2025-08-16T12:33:03.289+0000] {logging_mixin.py:190} INFO - [2025-08-16T12:33:03.289+0000] {override.py:1912} INFO - Created Permission View: can read on DAG Run:dataset_produces_2
[2025-08-16T12:33:03.297+0000] {logging_mixin.py:190} INFO - [2025-08-16T12:33:03.296+0000] {override.py:1912} INFO - Created Permission View: can create on DAG Run:dataset_produces_2
[2025-08-16T12:33:03.309+0000] {logging_mixin.py:190} INFO - [2025-08-16T12:33:03.309+0000] {override.py:1912} INFO - Created Permission View: can delete on DAG:conditional_dataset_and_time_based_timetable
[2025-08-16T12:33:03.314+0000] {logging_mixin.py:190} INFO - [2025-08-16T12:33:03.313+0000] {override.py:1912} INFO - Created Permission View: can read on DAG:conditional_dataset_and_time_based_timetable
[2025-08-16T12:33:03.320+0000] {logging_mixin.py:190} INFO - [2025-08-16T12:33:03.319+0000] {override.py:1912} INFO - Created Permission View: can edit on DAG:conditional_dataset_and_time_based_timetable
[2025-08-16T12:33:03.328+0000] {logging_mixin.py:190} INFO - [2025-08-16T12:33:03.327+0000] {override.py:1912} INFO - Created Permission View: can delete on DAG Run:conditional_dataset_and_time_based_timetable
[2025-08-16T12:33:03.336+0000] {logging_mixin.py:190} INFO - [2025-08-16T12:33:03.335+0000] {override.py:1912} INFO - Created Permission View: menu access on DAG Run:conditional_dataset_and_time_based_timetable
[2025-08-16T12:33:03.342+0000] {logging_mixin.py:190} INFO - [2025-08-16T12:33:03.341+0000] {override.py:1912} INFO - Created Permission View: can read on DAG Run:conditional_dataset_and_time_based_timetable
[2025-08-16T12:33:03.355+0000] {logging_mixin.py:190} INFO - [2025-08-16T12:33:03.354+0000] {override.py:1912} INFO - Created Permission View: can create on DAG Run:conditional_dataset_and_time_based_timetable
[2025-08-16T12:33:03.366+0000] {logging_mixin.py:190} INFO - [2025-08-16T12:33:03.366+0000] {override.py:1912} INFO - Created Permission View: can delete on DAG:consume_1_and_2_with_dataset_expressions
[2025-08-16T12:33:03.375+0000] {logging_mixin.py:190} INFO - [2025-08-16T12:33:03.375+0000] {override.py:1912} INFO - Created Permission View: can read on DAG:consume_1_and_2_with_dataset_expressions
[2025-08-16T12:33:03.379+0000] {logging_mixin.py:190} INFO - [2025-08-16T12:33:03.378+0000] {override.py:1912} INFO - Created Permission View: can edit on DAG:consume_1_and_2_with_dataset_expressions
[2025-08-16T12:33:03.383+0000] {logging_mixin.py:190} INFO - [2025-08-16T12:33:03.382+0000] {override.py:1912} INFO - Created Permission View: can delete on DAG Run:consume_1_and_2_with_dataset_expressions
[2025-08-16T12:33:03.386+0000] {logging_mixin.py:190} INFO - [2025-08-16T12:33:03.385+0000] {override.py:1912} INFO - Created Permission View: menu access on DAG Run:consume_1_and_2_with_dataset_expressions
[2025-08-16T12:33:03.389+0000] {logging_mixin.py:190} INFO - [2025-08-16T12:33:03.389+0000] {override.py:1912} INFO - Created Permission View: can read on DAG Run:consume_1_and_2_with_dataset_expressions
[2025-08-16T12:33:03.394+0000] {logging_mixin.py:190} INFO - [2025-08-16T12:33:03.394+0000] {override.py:1912} INFO - Created Permission View: can create on DAG Run:consume_1_and_2_with_dataset_expressions
[2025-08-16T12:33:03.395+0000] {logging_mixin.py:190} INFO - [2025-08-16T12:33:03.394+0000] {dag.py:3239} INFO - Sync 10 DAGs
[2025-08-16T12:33:03.403+0000] {logging_mixin.py:190} INFO - [2025-08-16T12:33:03.402+0000] {dag.py:3262} INFO - Creating ORM DAG for dataset_produces_2
[2025-08-16T12:33:03.403+0000] {logging_mixin.py:190} INFO - [2025-08-16T12:33:03.403+0000] {dag.py:3262} INFO - Creating ORM DAG for dataset_consumes_unknown_never_scheduled
[2025-08-16T12:33:03.403+0000] {logging_mixin.py:190} INFO - [2025-08-16T12:33:03.403+0000] {dag.py:3262} INFO - Creating ORM DAG for consume_1_or_both_2_and_3_with_dataset_expressions
[2025-08-16T12:33:03.404+0000] {logging_mixin.py:190} INFO - [2025-08-16T12:33:03.404+0000] {dag.py:3262} INFO - Creating ORM DAG for consume_1_and_2_with_dataset_expressions
[2025-08-16T12:33:03.404+0000] {logging_mixin.py:190} INFO - [2025-08-16T12:33:03.404+0000] {dag.py:3262} INFO - Creating ORM DAG for dataset_consumes_1_never_scheduled
[2025-08-16T12:33:03.404+0000] {logging_mixin.py:190} INFO - [2025-08-16T12:33:03.404+0000] {dag.py:3262} INFO - Creating ORM DAG for dataset_consumes_1
[2025-08-16T12:33:03.405+0000] {logging_mixin.py:190} INFO - [2025-08-16T12:33:03.405+0000] {dag.py:3262} INFO - Creating ORM DAG for consume_1_or_2_with_dataset_expressions
[2025-08-16T12:33:03.405+0000] {logging_mixin.py:190} INFO - [2025-08-16T12:33:03.405+0000] {dag.py:3262} INFO - Creating ORM DAG for dataset_produces_1
[2025-08-16T12:33:03.405+0000] {logging_mixin.py:190} INFO - [2025-08-16T12:33:03.405+0000] {dag.py:3262} INFO - Creating ORM DAG for conditional_dataset_and_time_based_timetable
[2025-08-16T12:33:03.405+0000] {logging_mixin.py:190} INFO - [2025-08-16T12:33:03.405+0000] {dag.py:3262} INFO - Creating ORM DAG for dataset_consumes_1_and_2
[2025-08-16T12:33:03.413+0000] {logging_mixin.py:190} INFO - [2025-08-16T12:33:03.413+0000] {dag.py:4180} INFO - Setting next_dagrun for conditional_dataset_and_time_based_timetable to 2025-08-13 01:00:00+00:00, run_after=2025-08-13 01:00:00+00:00
[2025-08-16T12:33:03.413+0000] {logging_mixin.py:190} INFO - [2025-08-16T12:33:03.413+0000] {dag.py:4180} INFO - Setting next_dagrun for consume_1_and_2_with_dataset_expressions to None, run_after=None
[2025-08-16T12:33:03.414+0000] {logging_mixin.py:190} INFO - [2025-08-16T12:33:03.413+0000] {dag.py:4180} INFO - Setting next_dagrun for consume_1_or_2_with_dataset_expressions to None, run_after=None
[2025-08-16T12:33:03.414+0000] {logging_mixin.py:190} INFO - [2025-08-16T12:33:03.414+0000] {dag.py:4180} INFO - Setting next_dagrun for consume_1_or_both_2_and_3_with_dataset_expressions to None, run_after=None
[2025-08-16T12:33:03.414+0000] {logging_mixin.py:190} INFO - [2025-08-16T12:33:03.414+0000] {dag.py:4180} INFO - Setting next_dagrun for dataset_consumes_1 to None, run_after=None
[2025-08-16T12:33:03.414+0000] {logging_mixin.py:190} INFO - [2025-08-16T12:33:03.414+0000] {dag.py:4180} INFO - Setting next_dagrun for dataset_consumes_1_and_2 to None, run_after=None
[2025-08-16T12:33:03.415+0000] {logging_mixin.py:190} INFO - [2025-08-16T12:33:03.414+0000] {dag.py:4180} INFO - Setting next_dagrun for dataset_consumes_1_never_scheduled to None, run_after=None
[2025-08-16T12:33:03.415+0000] {logging_mixin.py:190} INFO - [2025-08-16T12:33:03.415+0000] {dag.py:4180} INFO - Setting next_dagrun for dataset_consumes_unknown_never_scheduled to None, run_after=None
[2025-08-16T12:33:03.416+0000] {logging_mixin.py:190} INFO - [2025-08-16T12:33:03.416+0000] {dag.py:4180} INFO - Setting next_dagrun for dataset_produces_1 to 2025-08-15 00:00:00+00:00, run_after=2025-08-16 00:00:00+00:00
[2025-08-16T12:33:03.416+0000] {logging_mixin.py:190} INFO - [2025-08-16T12:33:03.416+0000] {dag.py:4180} INFO - Setting next_dagrun for dataset_produces_2 to None, run_after=None
[2025-08-16T12:33:03.437+0000] {processor.py:208} INFO - Processing /home/airflow/.local/lib/python3.12/site-packages/airflow/example_dags/example_datasets.py took 1.396 seconds
[2025-08-16T12:33:33.519+0000] {processor.py:186} INFO - Started process (PID=139) to work on /home/airflow/.local/lib/python3.12/site-packages/airflow/example_dags/example_datasets.py
[2025-08-16T12:33:33.520+0000] {processor.py:914} INFO - Processing file /home/airflow/.local/lib/python3.12/site-packages/airflow/example_dags/example_datasets.py for tasks to queue
[2025-08-16T12:33:33.521+0000] {logging_mixin.py:190} INFO - [2025-08-16T12:33:33.521+0000] {dagbag.py:588} INFO - Filling up the DagBag from /home/airflow/.local/lib/python3.12/site-packages/airflow/example_dags/example_datasets.py
[2025-08-16T12:33:33.793+0000] {processor.py:925} INFO - DAG(s) 'dataset_consumes_1_and_2', 'dataset_produces_2', 'consume_1_or_2_with_dataset_expressions', 'dataset_consumes_1_never_scheduled', 'dataset_consumes_unknown_never_scheduled', 'dataset_produces_1', 'dataset_consumes_1', 'consume_1_or_both_2_and_3_with_dataset_expressions', 'conditional_dataset_and_time_based_timetable', 'consume_1_and_2_with_dataset_expressions' retrieved from /home/airflow/.local/lib/python3.12/site-packages/airflow/example_dags/example_datasets.py
[2025-08-16T12:33:33.818+0000] {logging_mixin.py:190} INFO - [2025-08-16T12:33:33.818+0000] {dag.py:3239} INFO - Sync 10 DAGs
[2025-08-16T12:33:33.832+0000] {logging_mixin.py:190} INFO - [2025-08-16T12:33:33.832+0000] {dag.py:4180} INFO - Setting next_dagrun for conditional_dataset_and_time_based_timetable to 2025-08-13 01:00:00+00:00, run_after=2025-08-13 01:00:00+00:00
[2025-08-16T12:33:33.834+0000] {logging_mixin.py:190} INFO - [2025-08-16T12:33:33.834+0000] {dag.py:4180} INFO - Setting next_dagrun for consume_1_and_2_with_dataset_expressions to None, run_after=None
[2025-08-16T12:33:33.834+0000] {logging_mixin.py:190} INFO - [2025-08-16T12:33:33.834+0000] {dag.py:4180} INFO - Setting next_dagrun for consume_1_or_2_with_dataset_expressions to None, run_after=None
[2025-08-16T12:33:33.835+0000] {logging_mixin.py:190} INFO - [2025-08-16T12:33:33.835+0000] {dag.py:4180} INFO - Setting next_dagrun for consume_1_or_both_2_and_3_with_dataset_expressions to None, run_after=None
[2025-08-16T12:33:33.835+0000] {logging_mixin.py:190} INFO - [2025-08-16T12:33:33.835+0000] {dag.py:4180} INFO - Setting next_dagrun for dataset_consumes_1 to None, run_after=None
[2025-08-16T12:33:33.835+0000] {logging_mixin.py:190} INFO - [2025-08-16T12:33:33.835+0000] {dag.py:4180} INFO - Setting next_dagrun for dataset_consumes_1_and_2 to None, run_after=None
[2025-08-16T12:33:33.836+0000] {logging_mixin.py:190} INFO - [2025-08-16T12:33:33.836+0000] {dag.py:4180} INFO - Setting next_dagrun for dataset_consumes_1_never_scheduled to None, run_after=None
[2025-08-16T12:33:33.836+0000] {logging_mixin.py:190} INFO - [2025-08-16T12:33:33.836+0000] {dag.py:4180} INFO - Setting next_dagrun for dataset_consumes_unknown_never_scheduled to None, run_after=None
[2025-08-16T12:33:33.837+0000] {logging_mixin.py:190} INFO - [2025-08-16T12:33:33.837+0000] {dag.py:4180} INFO - Setting next_dagrun for dataset_produces_1 to 2025-08-15 00:00:00+00:00, run_after=2025-08-16 00:00:00+00:00
[2025-08-16T12:33:33.837+0000] {logging_mixin.py:190} INFO - [2025-08-16T12:33:33.837+0000] {dag.py:4180} INFO - Setting next_dagrun for dataset_produces_2 to None, run_after=None
[2025-08-16T12:33:33.850+0000] {processor.py:208} INFO - Processing /home/airflow/.local/lib/python3.12/site-packages/airflow/example_dags/example_datasets.py took 0.334 seconds
[2025-08-16T12:34:04.696+0000] {processor.py:186} INFO - Started process (PID=202) to work on /home/airflow/.local/lib/python3.12/site-packages/airflow/example_dags/example_datasets.py
[2025-08-16T12:34:04.697+0000] {processor.py:914} INFO - Processing file /home/airflow/.local/lib/python3.12/site-packages/airflow/example_dags/example_datasets.py for tasks to queue
[2025-08-16T12:34:04.699+0000] {logging_mixin.py:190} INFO - [2025-08-16T12:34:04.699+0000] {dagbag.py:588} INFO - Filling up the DagBag from /home/airflow/.local/lib/python3.12/site-packages/airflow/example_dags/example_datasets.py
[2025-08-16T12:34:05.089+0000] {processor.py:925} INFO - DAG(s) 'dataset_consumes_1', 'consume_1_or_both_2_and_3_with_dataset_expressions', 'dataset_consumes_unknown_never_scheduled', 'dataset_produces_2', 'dataset_consumes_1_and_2', 'conditional_dataset_and_time_based_timetable', 'dataset_produces_1', 'consume_1_or_2_with_dataset_expressions', 'dataset_consumes_1_never_scheduled', 'consume_1_and_2_with_dataset_expressions' retrieved from /home/airflow/.local/lib/python3.12/site-packages/airflow/example_dags/example_datasets.py
[2025-08-16T12:34:05.106+0000] {logging_mixin.py:190} INFO - [2025-08-16T12:34:05.106+0000] {dag.py:3239} INFO - Sync 10 DAGs
[2025-08-16T12:34:05.115+0000] {logging_mixin.py:190} INFO - [2025-08-16T12:34:05.115+0000] {dag.py:4180} INFO - Setting next_dagrun for conditional_dataset_and_time_based_timetable to 2025-08-13 01:00:00+00:00, run_after=2025-08-13 01:00:00+00:00
[2025-08-16T12:34:05.117+0000] {logging_mixin.py:190} INFO - [2025-08-16T12:34:05.116+0000] {dag.py:4180} INFO - Setting next_dagrun for consume_1_and_2_with_dataset_expressions to None, run_after=None
[2025-08-16T12:34:05.118+0000] {logging_mixin.py:190} INFO - [2025-08-16T12:34:05.118+0000] {dag.py:4180} INFO - Setting next_dagrun for consume_1_or_2_with_dataset_expressions to None, run_after=None
[2025-08-16T12:34:05.118+0000] {logging_mixin.py:190} INFO - [2025-08-16T12:34:05.118+0000] {dag.py:4180} INFO - Setting next_dagrun for consume_1_or_both_2_and_3_with_dataset_expressions to None, run_after=None
[2025-08-16T12:34:05.119+0000] {logging_mixin.py:190} INFO - [2025-08-16T12:34:05.119+0000] {dag.py:4180} INFO - Setting next_dagrun for dataset_consumes_1 to None, run_after=None
[2025-08-16T12:34:05.119+0000] {logging_mixin.py:190} INFO - [2025-08-16T12:34:05.119+0000] {dag.py:4180} INFO - Setting next_dagrun for dataset_consumes_1_and_2 to None, run_after=None
[2025-08-16T12:34:05.120+0000] {logging_mixin.py:190} INFO - [2025-08-16T12:34:05.120+0000] {dag.py:4180} INFO - Setting next_dagrun for dataset_consumes_1_never_scheduled to None, run_after=None
[2025-08-16T12:34:05.120+0000] {logging_mixin.py:190} INFO - [2025-08-16T12:34:05.120+0000] {dag.py:4180} INFO - Setting next_dagrun for dataset_consumes_unknown_never_scheduled to None, run_after=None
[2025-08-16T12:34:05.121+0000] {logging_mixin.py:190} INFO - [2025-08-16T12:34:05.121+0000] {dag.py:4180} INFO - Setting next_dagrun for dataset_produces_1 to 2025-08-15 00:00:00+00:00, run_after=2025-08-16 00:00:00+00:00
[2025-08-16T12:34:05.122+0000] {logging_mixin.py:190} INFO - [2025-08-16T12:34:05.122+0000] {dag.py:4180} INFO - Setting next_dagrun for dataset_produces_2 to None, run_after=None
[2025-08-16T12:34:05.134+0000] {processor.py:208} INFO - Processing /home/airflow/.local/lib/python3.12/site-packages/airflow/example_dags/example_datasets.py took 0.446 seconds
[2025-08-16T12:34:35.717+0000] {processor.py:186} INFO - Started process (PID=265) to work on /home/airflow/.local/lib/python3.12/site-packages/airflow/example_dags/example_datasets.py
[2025-08-16T12:34:35.718+0000] {processor.py:914} INFO - Processing file /home/airflow/.local/lib/python3.12/site-packages/airflow/example_dags/example_datasets.py for tasks to queue
[2025-08-16T12:34:35.720+0000] {logging_mixin.py:190} INFO - [2025-08-16T12:34:35.720+0000] {dagbag.py:588} INFO - Filling up the DagBag from /home/airflow/.local/lib/python3.12/site-packages/airflow/example_dags/example_datasets.py
[2025-08-16T12:34:36.344+0000] {processor.py:925} INFO - DAG(s) 'consume_1_and_2_with_dataset_expressions', 'consume_1_or_2_with_dataset_expressions', 'dataset_consumes_1', 'consume_1_or_both_2_and_3_with_dataset_expressions', 'dataset_produces_1', 'dataset_produces_2', 'dataset_consumes_unknown_never_scheduled', 'dataset_consumes_1_and_2', 'dataset_consumes_1_never_scheduled', 'conditional_dataset_and_time_based_timetable' retrieved from /home/airflow/.local/lib/python3.12/site-packages/airflow/example_dags/example_datasets.py
[2025-08-16T12:34:36.376+0000] {logging_mixin.py:190} INFO - [2025-08-16T12:34:36.376+0000] {dag.py:3239} INFO - Sync 10 DAGs
[2025-08-16T12:34:36.398+0000] {logging_mixin.py:190} INFO - [2025-08-16T12:34:36.398+0000] {dag.py:4180} INFO - Setting next_dagrun for conditional_dataset_and_time_based_timetable to 2025-08-13 01:00:00+00:00, run_after=2025-08-13 01:00:00+00:00
[2025-08-16T12:34:36.401+0000] {logging_mixin.py:190} INFO - [2025-08-16T12:34:36.401+0000] {dag.py:4180} INFO - Setting next_dagrun for consume_1_and_2_with_dataset_expressions to None, run_after=None
[2025-08-16T12:34:36.402+0000] {logging_mixin.py:190} INFO - [2025-08-16T12:34:36.402+0000] {dag.py:4180} INFO - Setting next_dagrun for consume_1_or_2_with_dataset_expressions to None, run_after=None
[2025-08-16T12:34:36.402+0000] {logging_mixin.py:190} INFO - [2025-08-16T12:34:36.402+0000] {dag.py:4180} INFO - Setting next_dagrun for consume_1_or_both_2_and_3_with_dataset_expressions to None, run_after=None
[2025-08-16T12:34:36.403+0000] {logging_mixin.py:190} INFO - [2025-08-16T12:34:36.403+0000] {dag.py:4180} INFO - Setting next_dagrun for dataset_consumes_1 to None, run_after=None
[2025-08-16T12:34:36.404+0000] {logging_mixin.py:190} INFO - [2025-08-16T12:34:36.404+0000] {dag.py:4180} INFO - Setting next_dagrun for dataset_consumes_1_and_2 to None, run_after=None
[2025-08-16T12:34:36.404+0000] {logging_mixin.py:190} INFO - [2025-08-16T12:34:36.404+0000] {dag.py:4180} INFO - Setting next_dagrun for dataset_consumes_1_never_scheduled to None, run_after=None
[2025-08-16T12:34:36.405+0000] {logging_mixin.py:190} INFO - [2025-08-16T12:34:36.405+0000] {dag.py:4180} INFO - Setting next_dagrun for dataset_consumes_unknown_never_scheduled to None, run_after=None
[2025-08-16T12:34:36.406+0000] {logging_mixin.py:190} INFO - [2025-08-16T12:34:36.406+0000] {dag.py:4180} INFO - Setting next_dagrun for dataset_produces_1 to 2025-08-15 00:00:00+00:00, run_after=2025-08-16 00:00:00+00:00
[2025-08-16T12:34:36.407+0000] {logging_mixin.py:190} INFO - [2025-08-16T12:34:36.407+0000] {dag.py:4180} INFO - Setting next_dagrun for dataset_produces_2 to None, run_after=None
[2025-08-16T12:34:36.446+0000] {processor.py:208} INFO - Processing /home/airflow/.local/lib/python3.12/site-packages/airflow/example_dags/example_datasets.py took 0.735 seconds
[2025-08-16T12:35:06.820+0000] {processor.py:186} INFO - Started process (PID=335) to work on /home/airflow/.local/lib/python3.12/site-packages/airflow/example_dags/example_datasets.py
[2025-08-16T12:35:06.822+0000] {processor.py:914} INFO - Processing file /home/airflow/.local/lib/python3.12/site-packages/airflow/example_dags/example_datasets.py for tasks to queue
[2025-08-16T12:35:06.826+0000] {logging_mixin.py:190} INFO - [2025-08-16T12:35:06.826+0000] {dagbag.py:588} INFO - Filling up the DagBag from /home/airflow/.local/lib/python3.12/site-packages/airflow/example_dags/example_datasets.py
[2025-08-16T12:35:07.477+0000] {processor.py:925} INFO - DAG(s) 'consume_1_or_both_2_and_3_with_dataset_expressions', 'dataset_consumes_1_never_scheduled', 'consume_1_or_2_with_dataset_expressions', 'conditional_dataset_and_time_based_timetable', 'dataset_consumes_1', 'dataset_consumes_1_and_2', 'dataset_produces_1', 'dataset_produces_2', 'consume_1_and_2_with_dataset_expressions', 'dataset_consumes_unknown_never_scheduled' retrieved from /home/airflow/.local/lib/python3.12/site-packages/airflow/example_dags/example_datasets.py
[2025-08-16T12:35:07.512+0000] {logging_mixin.py:190} INFO - [2025-08-16T12:35:07.512+0000] {dag.py:3239} INFO - Sync 10 DAGs
[2025-08-16T12:35:07.525+0000] {logging_mixin.py:190} INFO - [2025-08-16T12:35:07.525+0000] {dag.py:4180} INFO - Setting next_dagrun for conditional_dataset_and_time_based_timetable to 2025-08-13 01:00:00+00:00, run_after=2025-08-13 01:00:00+00:00
[2025-08-16T12:35:07.528+0000] {logging_mixin.py:190} INFO - [2025-08-16T12:35:07.528+0000] {dag.py:4180} INFO - Setting next_dagrun for consume_1_and_2_with_dataset_expressions to None, run_after=None
[2025-08-16T12:35:07.530+0000] {logging_mixin.py:190} INFO - [2025-08-16T12:35:07.530+0000] {dag.py:4180} INFO - Setting next_dagrun for consume_1_or_2_with_dataset_expressions to None, run_after=None
[2025-08-16T12:35:07.531+0000] {logging_mixin.py:190} INFO - [2025-08-16T12:35:07.531+0000] {dag.py:4180} INFO - Setting next_dagrun for consume_1_or_both_2_and_3_with_dataset_expressions to None, run_after=None
[2025-08-16T12:35:07.534+0000] {logging_mixin.py:190} INFO - [2025-08-16T12:35:07.532+0000] {dag.py:4180} INFO - Setting next_dagrun for dataset_consumes_1 to None, run_after=None
[2025-08-16T12:35:07.539+0000] {logging_mixin.py:190} INFO - [2025-08-16T12:35:07.538+0000] {dag.py:4180} INFO - Setting next_dagrun for dataset_consumes_1_and_2 to None, run_after=None
[2025-08-16T12:35:07.543+0000] {logging_mixin.py:190} INFO - [2025-08-16T12:35:07.543+0000] {dag.py:4180} INFO - Setting next_dagrun for dataset_consumes_1_never_scheduled to None, run_after=None
[2025-08-16T12:35:07.544+0000] {logging_mixin.py:190} INFO - [2025-08-16T12:35:07.544+0000] {dag.py:4180} INFO - Setting next_dagrun for dataset_consumes_unknown_never_scheduled to None, run_after=None
[2025-08-16T12:35:07.546+0000] {logging_mixin.py:190} INFO - [2025-08-16T12:35:07.546+0000] {dag.py:4180} INFO - Setting next_dagrun for dataset_produces_1 to 2025-08-15 00:00:00+00:00, run_after=2025-08-16 00:00:00+00:00
[2025-08-16T12:35:07.546+0000] {logging_mixin.py:190} INFO - [2025-08-16T12:35:07.546+0000] {dag.py:4180} INFO - Setting next_dagrun for dataset_produces_2 to None, run_after=None
[2025-08-16T12:35:07.564+0000] {processor.py:208} INFO - Processing /home/airflow/.local/lib/python3.12/site-packages/airflow/example_dags/example_datasets.py took 0.748 seconds
[2025-08-16T12:35:37.614+0000] {processor.py:186} INFO - Started process (PID=403) to work on /home/airflow/.local/lib/python3.12/site-packages/airflow/example_dags/example_datasets.py
[2025-08-16T12:35:37.617+0000] {processor.py:914} INFO - Processing file /home/airflow/.local/lib/python3.12/site-packages/airflow/example_dags/example_datasets.py for tasks to queue
[2025-08-16T12:35:37.619+0000] {logging_mixin.py:190} INFO - [2025-08-16T12:35:37.619+0000] {dagbag.py:588} INFO - Filling up the DagBag from /home/airflow/.local/lib/python3.12/site-packages/airflow/example_dags/example_datasets.py
[2025-08-16T12:35:37.895+0000] {processor.py:925} INFO - DAG(s) 'consume_1_or_both_2_and_3_with_dataset_expressions', 'conditional_dataset_and_time_based_timetable', 'dataset_produces_2', 'dataset_consumes_1_and_2', 'dataset_consumes_1_never_scheduled', 'dataset_consumes_unknown_never_scheduled', 'consume_1_or_2_with_dataset_expressions', 'dataset_produces_1', 'dataset_consumes_1', 'consume_1_and_2_with_dataset_expressions' retrieved from /home/airflow/.local/lib/python3.12/site-packages/airflow/example_dags/example_datasets.py
[2025-08-16T12:35:37.919+0000] {logging_mixin.py:190} INFO - [2025-08-16T12:35:37.919+0000] {dag.py:3239} INFO - Sync 10 DAGs
[2025-08-16T12:35:37.931+0000] {logging_mixin.py:190} INFO - [2025-08-16T12:35:37.931+0000] {dag.py:4180} INFO - Setting next_dagrun for conditional_dataset_and_time_based_timetable to 2025-08-13 01:00:00+00:00, run_after=2025-08-13 01:00:00+00:00
[2025-08-16T12:35:37.933+0000] {logging_mixin.py:190} INFO - [2025-08-16T12:35:37.933+0000] {dag.py:4180} INFO - Setting next_dagrun for consume_1_and_2_with_dataset_expressions to None, run_after=None
[2025-08-16T12:35:37.933+0000] {logging_mixin.py:190} INFO - [2025-08-16T12:35:37.933+0000] {dag.py:4180} INFO - Setting next_dagrun for consume_1_or_2_with_dataset_expressions to None, run_after=None
[2025-08-16T12:35:37.934+0000] {logging_mixin.py:190} INFO - [2025-08-16T12:35:37.934+0000] {dag.py:4180} INFO - Setting next_dagrun for consume_1_or_both_2_and_3_with_dataset_expressions to None, run_after=None
[2025-08-16T12:35:37.935+0000] {logging_mixin.py:190} INFO - [2025-08-16T12:35:37.934+0000] {dag.py:4180} INFO - Setting next_dagrun for dataset_consumes_1 to None, run_after=None
[2025-08-16T12:35:37.935+0000] {logging_mixin.py:190} INFO - [2025-08-16T12:35:37.935+0000] {dag.py:4180} INFO - Setting next_dagrun for dataset_consumes_1_and_2 to None, run_after=None
[2025-08-16T12:35:37.936+0000] {logging_mixin.py:190} INFO - [2025-08-16T12:35:37.936+0000] {dag.py:4180} INFO - Setting next_dagrun for dataset_consumes_1_never_scheduled to None, run_after=None
[2025-08-16T12:35:37.936+0000] {logging_mixin.py:190} INFO - [2025-08-16T12:35:37.936+0000] {dag.py:4180} INFO - Setting next_dagrun for dataset_consumes_unknown_never_scheduled to None, run_after=None
[2025-08-16T12:35:37.937+0000] {logging_mixin.py:190} INFO - [2025-08-16T12:35:37.937+0000] {dag.py:4180} INFO - Setting next_dagrun for dataset_produces_1 to 2025-08-15 00:00:00+00:00, run_after=2025-08-16 00:00:00+00:00
[2025-08-16T12:35:37.938+0000] {logging_mixin.py:190} INFO - [2025-08-16T12:35:37.938+0000] {dag.py:4180} INFO - Setting next_dagrun for dataset_produces_2 to None, run_after=None
[2025-08-16T12:35:37.953+0000] {processor.py:208} INFO - Processing /home/airflow/.local/lib/python3.12/site-packages/airflow/example_dags/example_datasets.py took 0.341 seconds
[2025-08-16T12:36:08.043+0000] {processor.py:186} INFO - Started process (PID=455) to work on /home/airflow/.local/lib/python3.12/site-packages/airflow/example_dags/example_datasets.py
[2025-08-16T12:36:08.044+0000] {processor.py:914} INFO - Processing file /home/airflow/.local/lib/python3.12/site-packages/airflow/example_dags/example_datasets.py for tasks to queue
[2025-08-16T12:36:08.045+0000] {logging_mixin.py:190} INFO - [2025-08-16T12:36:08.045+0000] {dagbag.py:588} INFO - Filling up the DagBag from /home/airflow/.local/lib/python3.12/site-packages/airflow/example_dags/example_datasets.py
[2025-08-16T12:36:08.459+0000] {processor.py:925} INFO - DAG(s) 'dataset_consumes_unknown_never_scheduled', 'dataset_produces_1', 'consume_1_or_2_with_dataset_expressions', 'conditional_dataset_and_time_based_timetable', 'consume_1_or_both_2_and_3_with_dataset_expressions', 'dataset_produces_2', 'consume_1_and_2_with_dataset_expressions', 'dataset_consumes_1', 'dataset_consumes_1_and_2', 'dataset_consumes_1_never_scheduled' retrieved from /home/airflow/.local/lib/python3.12/site-packages/airflow/example_dags/example_datasets.py
[2025-08-16T12:36:08.480+0000] {logging_mixin.py:190} INFO - [2025-08-16T12:36:08.480+0000] {dag.py:3239} INFO - Sync 10 DAGs
[2025-08-16T12:36:08.491+0000] {logging_mixin.py:190} INFO - [2025-08-16T12:36:08.491+0000] {dag.py:4180} INFO - Setting next_dagrun for conditional_dataset_and_time_based_timetable to 2025-08-13 01:00:00+00:00, run_after=2025-08-13 01:00:00+00:00
[2025-08-16T12:36:08.493+0000] {logging_mixin.py:190} INFO - [2025-08-16T12:36:08.493+0000] {dag.py:4180} INFO - Setting next_dagrun for consume_1_and_2_with_dataset_expressions to None, run_after=None
[2025-08-16T12:36:08.494+0000] {logging_mixin.py:190} INFO - [2025-08-16T12:36:08.494+0000] {dag.py:4180} INFO - Setting next_dagrun for consume_1_or_2_with_dataset_expressions to None, run_after=None
[2025-08-16T12:36:08.494+0000] {logging_mixin.py:190} INFO - [2025-08-16T12:36:08.494+0000] {dag.py:4180} INFO - Setting next_dagrun for consume_1_or_both_2_and_3_with_dataset_expressions to None, run_after=None
[2025-08-16T12:36:08.495+0000] {logging_mixin.py:190} INFO - [2025-08-16T12:36:08.495+0000] {dag.py:4180} INFO - Setting next_dagrun for dataset_consumes_1 to None, run_after=None
[2025-08-16T12:36:08.495+0000] {logging_mixin.py:190} INFO - [2025-08-16T12:36:08.495+0000] {dag.py:4180} INFO - Setting next_dagrun for dataset_consumes_1_and_2 to None, run_after=None
[2025-08-16T12:36:08.496+0000] {logging_mixin.py:190} INFO - [2025-08-16T12:36:08.496+0000] {dag.py:4180} INFO - Setting next_dagrun for dataset_consumes_1_never_scheduled to None, run_after=None
[2025-08-16T12:36:08.496+0000] {logging_mixin.py:190} INFO - [2025-08-16T12:36:08.496+0000] {dag.py:4180} INFO - Setting next_dagrun for dataset_consumes_unknown_never_scheduled to None, run_after=None
[2025-08-16T12:36:08.497+0000] {logging_mixin.py:190} INFO - [2025-08-16T12:36:08.497+0000] {dag.py:4180} INFO - Setting next_dagrun for dataset_produces_1 to 2025-08-15 00:00:00+00:00, run_after=2025-08-16 00:00:00+00:00
[2025-08-16T12:36:08.498+0000] {logging_mixin.py:190} INFO - [2025-08-16T12:36:08.498+0000] {dag.py:4180} INFO - Setting next_dagrun for dataset_produces_2 to None, run_after=None
[2025-08-16T12:36:08.519+0000] {processor.py:208} INFO - Processing /home/airflow/.local/lib/python3.12/site-packages/airflow/example_dags/example_datasets.py took 0.479 seconds
[2025-08-16T12:36:39.467+0000] {processor.py:186} INFO - Started process (PID=518) to work on /home/airflow/.local/lib/python3.12/site-packages/airflow/example_dags/example_datasets.py
[2025-08-16T12:36:39.471+0000] {processor.py:914} INFO - Processing file /home/airflow/.local/lib/python3.12/site-packages/airflow/example_dags/example_datasets.py for tasks to queue
[2025-08-16T12:36:39.473+0000] {logging_mixin.py:190} INFO - [2025-08-16T12:36:39.472+0000] {dagbag.py:588} INFO - Filling up the DagBag from /home/airflow/.local/lib/python3.12/site-packages/airflow/example_dags/example_datasets.py
[2025-08-16T12:36:39.911+0000] {processor.py:925} INFO - DAG(s) 'conditional_dataset_and_time_based_timetable', 'dataset_produces_2', 'dataset_consumes_1_never_scheduled', 'consume_1_or_2_with_dataset_expressions', 'dataset_consumes_unknown_never_scheduled', 'dataset_produces_1', 'dataset_consumes_1_and_2', 'consume_1_and_2_with_dataset_expressions', 'dataset_consumes_1', 'consume_1_or_both_2_and_3_with_dataset_expressions' retrieved from /home/airflow/.local/lib/python3.12/site-packages/airflow/example_dags/example_datasets.py
[2025-08-16T12:36:39.938+0000] {logging_mixin.py:190} INFO - [2025-08-16T12:36:39.938+0000] {dag.py:3239} INFO - Sync 10 DAGs
[2025-08-16T12:36:39.953+0000] {logging_mixin.py:190} INFO - [2025-08-16T12:36:39.952+0000] {dag.py:4180} INFO - Setting next_dagrun for conditional_dataset_and_time_based_timetable to 2025-08-13 01:00:00+00:00, run_after=2025-08-13 01:00:00+00:00
[2025-08-16T12:36:39.954+0000] {logging_mixin.py:190} INFO - [2025-08-16T12:36:39.954+0000] {dag.py:4180} INFO - Setting next_dagrun for consume_1_and_2_with_dataset_expressions to None, run_after=None
[2025-08-16T12:36:39.955+0000] {logging_mixin.py:190} INFO - [2025-08-16T12:36:39.955+0000] {dag.py:4180} INFO - Setting next_dagrun for consume_1_or_2_with_dataset_expressions to None, run_after=None
[2025-08-16T12:36:39.956+0000] {logging_mixin.py:190} INFO - [2025-08-16T12:36:39.956+0000] {dag.py:4180} INFO - Setting next_dagrun for consume_1_or_both_2_and_3_with_dataset_expressions to None, run_after=None
[2025-08-16T12:36:39.956+0000] {logging_mixin.py:190} INFO - [2025-08-16T12:36:39.956+0000] {dag.py:4180} INFO - Setting next_dagrun for dataset_consumes_1 to None, run_after=None
[2025-08-16T12:36:39.957+0000] {logging_mixin.py:190} INFO - [2025-08-16T12:36:39.957+0000] {dag.py:4180} INFO - Setting next_dagrun for dataset_consumes_1_and_2 to None, run_after=None
[2025-08-16T12:36:39.957+0000] {logging_mixin.py:190} INFO - [2025-08-16T12:36:39.957+0000] {dag.py:4180} INFO - Setting next_dagrun for dataset_consumes_1_never_scheduled to None, run_after=None
[2025-08-16T12:36:39.958+0000] {logging_mixin.py:190} INFO - [2025-08-16T12:36:39.958+0000] {dag.py:4180} INFO - Setting next_dagrun for dataset_consumes_unknown_never_scheduled to None, run_after=None
[2025-08-16T12:36:39.959+0000] {logging_mixin.py:190} INFO - [2025-08-16T12:36:39.959+0000] {dag.py:4180} INFO - Setting next_dagrun for dataset_produces_1 to 2025-08-15 00:00:00+00:00, run_after=2025-08-16 00:00:00+00:00
[2025-08-16T12:36:39.960+0000] {logging_mixin.py:190} INFO - [2025-08-16T12:36:39.959+0000] {dag.py:4180} INFO - Setting next_dagrun for dataset_produces_2 to None, run_after=None
[2025-08-16T12:36:39.982+0000] {processor.py:208} INFO - Processing /home/airflow/.local/lib/python3.12/site-packages/airflow/example_dags/example_datasets.py took 0.521 seconds
