[2025-08-16T12:32:54.325+0000] {processor.py:186} INFO - Started process (PID=53) to work on /home/airflow/.local/lib/python3.12/site-packages/airflow/example_dags/example_dataset_alias_with_no_taskflow.py
[2025-08-16T12:32:54.327+0000] {processor.py:914} INFO - Processing file /home/airflow/.local/lib/python3.12/site-packages/airflow/example_dags/example_dataset_alias_with_no_taskflow.py for tasks to queue
[2025-08-16T12:32:54.329+0000] {logging_mixin.py:190} INFO - [2025-08-16T12:32:54.329+0000] {dagbag.py:588} INFO - Filling up the DagBag from /home/airflow/.local/lib/python3.12/site-packages/airflow/example_dags/example_dataset_alias_with_no_taskflow.py
[2025-08-16T12:33:00.279+0000] {processor.py:925} INFO - DAG(s) 'dataset_s3_bucket_producer_with_no_taskflow', 'dataset_alias_example_alias_producer_with_no_taskflow', 'dataset_alias_example_alias_consumer_with_no_taskflow', 'dataset_s3_bucket_consumer_with_no_taskflow' retrieved from /home/airflow/.local/lib/python3.12/site-packages/airflow/example_dags/example_dataset_alias_with_no_taskflow.py
[2025-08-16T12:33:00.496+0000] {logging_mixin.py:190} INFO - [2025-08-16T12:33:00.493+0000] {override.py:1912} INFO - Created Permission View: can delete on DAG:dataset_s3_bucket_producer_with_no_taskflow
[2025-08-16T12:33:00.508+0000] {logging_mixin.py:190} INFO - [2025-08-16T12:33:00.508+0000] {override.py:1912} INFO - Created Permission View: can read on DAG:dataset_s3_bucket_producer_with_no_taskflow
[2025-08-16T12:33:00.524+0000] {logging_mixin.py:190} INFO - [2025-08-16T12:33:00.523+0000] {override.py:1912} INFO - Created Permission View: can edit on DAG:dataset_s3_bucket_producer_with_no_taskflow
[2025-08-16T12:33:00.548+0000] {logging_mixin.py:190} INFO - [2025-08-16T12:33:00.548+0000] {override.py:1912} INFO - Created Permission View: can delete on DAG Run:dataset_s3_bucket_producer_with_no_taskflow
[2025-08-16T12:33:00.575+0000] {logging_mixin.py:190} INFO - [2025-08-16T12:33:00.574+0000] {override.py:1912} INFO - Created Permission View: menu access on DAG Run:dataset_s3_bucket_producer_with_no_taskflow
[2025-08-16T12:33:00.601+0000] {logging_mixin.py:190} INFO - [2025-08-16T12:33:00.601+0000] {override.py:1912} INFO - Created Permission View: can read on DAG Run:dataset_s3_bucket_producer_with_no_taskflow
[2025-08-16T12:33:00.611+0000] {logging_mixin.py:190} INFO - [2025-08-16T12:33:00.611+0000] {override.py:1912} INFO - Created Permission View: can create on DAG Run:dataset_s3_bucket_producer_with_no_taskflow
[2025-08-16T12:33:00.635+0000] {logging_mixin.py:190} INFO - [2025-08-16T12:33:00.635+0000] {override.py:1912} INFO - Created Permission View: can delete on DAG:dataset_alias_example_alias_producer_with_no_taskflow
[2025-08-16T12:33:00.638+0000] {logging_mixin.py:190} INFO - [2025-08-16T12:33:00.638+0000] {override.py:1912} INFO - Created Permission View: can read on DAG:dataset_alias_example_alias_producer_with_no_taskflow
[2025-08-16T12:33:00.640+0000] {logging_mixin.py:190} INFO - [2025-08-16T12:33:00.640+0000] {override.py:1912} INFO - Created Permission View: can edit on DAG:dataset_alias_example_alias_producer_with_no_taskflow
[2025-08-16T12:33:00.648+0000] {logging_mixin.py:190} INFO - [2025-08-16T12:33:00.647+0000] {override.py:1912} INFO - Created Permission View: can delete on DAG Run:dataset_alias_example_alias_producer_with_no_taskflow
[2025-08-16T12:33:00.653+0000] {logging_mixin.py:190} INFO - [2025-08-16T12:33:00.653+0000] {override.py:1912} INFO - Created Permission View: menu access on DAG Run:dataset_alias_example_alias_producer_with_no_taskflow
[2025-08-16T12:33:00.658+0000] {logging_mixin.py:190} INFO - [2025-08-16T12:33:00.658+0000] {override.py:1912} INFO - Created Permission View: can read on DAG Run:dataset_alias_example_alias_producer_with_no_taskflow
[2025-08-16T12:33:00.662+0000] {logging_mixin.py:190} INFO - [2025-08-16T12:33:00.662+0000] {override.py:1912} INFO - Created Permission View: can create on DAG Run:dataset_alias_example_alias_producer_with_no_taskflow
[2025-08-16T12:33:00.669+0000] {logging_mixin.py:190} INFO - [2025-08-16T12:33:00.669+0000] {override.py:1912} INFO - Created Permission View: can delete on DAG:dataset_alias_example_alias_consumer_with_no_taskflow
[2025-08-16T12:33:00.674+0000] {logging_mixin.py:190} INFO - [2025-08-16T12:33:00.673+0000] {override.py:1912} INFO - Created Permission View: can read on DAG:dataset_alias_example_alias_consumer_with_no_taskflow
[2025-08-16T12:33:00.704+0000] {logging_mixin.py:190} INFO - [2025-08-16T12:33:00.704+0000] {override.py:1912} INFO - Created Permission View: can edit on DAG:dataset_alias_example_alias_consumer_with_no_taskflow
[2025-08-16T12:33:00.717+0000] {logging_mixin.py:190} INFO - [2025-08-16T12:33:00.717+0000] {override.py:1912} INFO - Created Permission View: can delete on DAG Run:dataset_alias_example_alias_consumer_with_no_taskflow
[2025-08-16T12:33:00.733+0000] {logging_mixin.py:190} INFO - [2025-08-16T12:33:00.733+0000] {override.py:1912} INFO - Created Permission View: menu access on DAG Run:dataset_alias_example_alias_consumer_with_no_taskflow
[2025-08-16T12:33:00.743+0000] {logging_mixin.py:190} INFO - [2025-08-16T12:33:00.743+0000] {override.py:1912} INFO - Created Permission View: can read on DAG Run:dataset_alias_example_alias_consumer_with_no_taskflow
[2025-08-16T12:33:00.767+0000] {logging_mixin.py:190} INFO - [2025-08-16T12:33:00.766+0000] {override.py:1912} INFO - Created Permission View: can create on DAG Run:dataset_alias_example_alias_consumer_with_no_taskflow
[2025-08-16T12:33:00.779+0000] {logging_mixin.py:190} INFO - [2025-08-16T12:33:00.779+0000] {override.py:1912} INFO - Created Permission View: can delete on DAG:dataset_s3_bucket_consumer_with_no_taskflow
[2025-08-16T12:33:00.783+0000] {logging_mixin.py:190} INFO - [2025-08-16T12:33:00.783+0000] {override.py:1912} INFO - Created Permission View: can read on DAG:dataset_s3_bucket_consumer_with_no_taskflow
[2025-08-16T12:33:00.787+0000] {logging_mixin.py:190} INFO - [2025-08-16T12:33:00.787+0000] {override.py:1912} INFO - Created Permission View: can edit on DAG:dataset_s3_bucket_consumer_with_no_taskflow
[2025-08-16T12:33:00.794+0000] {logging_mixin.py:190} INFO - [2025-08-16T12:33:00.793+0000] {override.py:1912} INFO - Created Permission View: can delete on DAG Run:dataset_s3_bucket_consumer_with_no_taskflow
[2025-08-16T12:33:00.800+0000] {logging_mixin.py:190} INFO - [2025-08-16T12:33:00.800+0000] {override.py:1912} INFO - Created Permission View: menu access on DAG Run:dataset_s3_bucket_consumer_with_no_taskflow
[2025-08-16T12:33:00.807+0000] {logging_mixin.py:190} INFO - [2025-08-16T12:33:00.806+0000] {override.py:1912} INFO - Created Permission View: can read on DAG Run:dataset_s3_bucket_consumer_with_no_taskflow
[2025-08-16T12:33:00.814+0000] {logging_mixin.py:190} INFO - [2025-08-16T12:33:00.814+0000] {override.py:1912} INFO - Created Permission View: can create on DAG Run:dataset_s3_bucket_consumer_with_no_taskflow
[2025-08-16T12:33:00.816+0000] {logging_mixin.py:190} INFO - [2025-08-16T12:33:00.815+0000] {dag.py:3239} INFO - Sync 4 DAGs
[2025-08-16T12:33:00.839+0000] {logging_mixin.py:190} INFO - [2025-08-16T12:33:00.838+0000] {dag.py:3262} INFO - Creating ORM DAG for dataset_alias_example_alias_producer_with_no_taskflow
[2025-08-16T12:33:00.839+0000] {logging_mixin.py:190} INFO - [2025-08-16T12:33:00.839+0000] {dag.py:3262} INFO - Creating ORM DAG for dataset_s3_bucket_consumer_with_no_taskflow
[2025-08-16T12:33:00.840+0000] {logging_mixin.py:190} INFO - [2025-08-16T12:33:00.840+0000] {dag.py:3262} INFO - Creating ORM DAG for dataset_alias_example_alias_consumer_with_no_taskflow
[2025-08-16T12:33:00.840+0000] {logging_mixin.py:190} INFO - [2025-08-16T12:33:00.840+0000] {dag.py:3262} INFO - Creating ORM DAG for dataset_s3_bucket_producer_with_no_taskflow
[2025-08-16T12:33:00.852+0000] {logging_mixin.py:190} INFO - [2025-08-16T12:33:00.851+0000] {dag.py:4180} INFO - Setting next_dagrun for dataset_alias_example_alias_consumer_with_no_taskflow to None, run_after=None
[2025-08-16T12:33:00.854+0000] {logging_mixin.py:190} INFO - [2025-08-16T12:33:00.854+0000] {dag.py:4180} INFO - Setting next_dagrun for dataset_alias_example_alias_producer_with_no_taskflow to None, run_after=None
[2025-08-16T12:33:00.860+0000] {logging_mixin.py:190} INFO - [2025-08-16T12:33:00.859+0000] {dag.py:4180} INFO - Setting next_dagrun for dataset_s3_bucket_consumer_with_no_taskflow to None, run_after=None
[2025-08-16T12:33:00.871+0000] {logging_mixin.py:190} INFO - [2025-08-16T12:33:00.871+0000] {dag.py:4180} INFO - Setting next_dagrun for dataset_s3_bucket_producer_with_no_taskflow to None, run_after=None
[2025-08-16T12:33:01.077+0000] {processor.py:208} INFO - Processing /home/airflow/.local/lib/python3.12/site-packages/airflow/example_dags/example_dataset_alias_with_no_taskflow.py took 6.768 seconds
[2025-08-16T12:33:31.491+0000] {processor.py:186} INFO - Started process (PID=128) to work on /home/airflow/.local/lib/python3.12/site-packages/airflow/example_dags/example_dataset_alias_with_no_taskflow.py
[2025-08-16T12:33:31.496+0000] {processor.py:914} INFO - Processing file /home/airflow/.local/lib/python3.12/site-packages/airflow/example_dags/example_dataset_alias_with_no_taskflow.py for tasks to queue
[2025-08-16T12:33:31.500+0000] {logging_mixin.py:190} INFO - [2025-08-16T12:33:31.500+0000] {dagbag.py:588} INFO - Filling up the DagBag from /home/airflow/.local/lib/python3.12/site-packages/airflow/example_dags/example_dataset_alias_with_no_taskflow.py
[2025-08-16T12:33:32.097+0000] {processor.py:925} INFO - DAG(s) 'dataset_s3_bucket_consumer_with_no_taskflow', 'dataset_alias_example_alias_producer_with_no_taskflow', 'dataset_alias_example_alias_consumer_with_no_taskflow', 'dataset_s3_bucket_producer_with_no_taskflow' retrieved from /home/airflow/.local/lib/python3.12/site-packages/airflow/example_dags/example_dataset_alias_with_no_taskflow.py
[2025-08-16T12:33:32.105+0000] {logging_mixin.py:190} INFO - [2025-08-16T12:33:32.105+0000] {dag.py:3239} INFO - Sync 4 DAGs
[2025-08-16T12:33:32.115+0000] {logging_mixin.py:190} INFO - [2025-08-16T12:33:32.115+0000] {dag.py:4180} INFO - Setting next_dagrun for dataset_alias_example_alias_consumer_with_no_taskflow to None, run_after=None
[2025-08-16T12:33:32.116+0000] {logging_mixin.py:190} INFO - [2025-08-16T12:33:32.116+0000] {dag.py:4180} INFO - Setting next_dagrun for dataset_alias_example_alias_producer_with_no_taskflow to None, run_after=None
[2025-08-16T12:33:32.117+0000] {logging_mixin.py:190} INFO - [2025-08-16T12:33:32.117+0000] {dag.py:4180} INFO - Setting next_dagrun for dataset_s3_bucket_consumer_with_no_taskflow to None, run_after=None
[2025-08-16T12:33:32.117+0000] {logging_mixin.py:190} INFO - [2025-08-16T12:33:32.117+0000] {dag.py:4180} INFO - Setting next_dagrun for dataset_s3_bucket_producer_with_no_taskflow to None, run_after=None
[2025-08-16T12:33:32.128+0000] {processor.py:208} INFO - Processing /home/airflow/.local/lib/python3.12/site-packages/airflow/example_dags/example_dataset_alias_with_no_taskflow.py took 0.645 seconds
[2025-08-16T12:34:02.959+0000] {processor.py:186} INFO - Started process (PID=194) to work on /home/airflow/.local/lib/python3.12/site-packages/airflow/example_dags/example_dataset_alias_with_no_taskflow.py
[2025-08-16T12:34:02.961+0000] {processor.py:914} INFO - Processing file /home/airflow/.local/lib/python3.12/site-packages/airflow/example_dags/example_dataset_alias_with_no_taskflow.py for tasks to queue
[2025-08-16T12:34:02.963+0000] {logging_mixin.py:190} INFO - [2025-08-16T12:34:02.963+0000] {dagbag.py:588} INFO - Filling up the DagBag from /home/airflow/.local/lib/python3.12/site-packages/airflow/example_dags/example_dataset_alias_with_no_taskflow.py
[2025-08-16T12:34:03.491+0000] {processor.py:925} INFO - DAG(s) 'dataset_s3_bucket_producer_with_no_taskflow', 'dataset_alias_example_alias_consumer_with_no_taskflow', 'dataset_alias_example_alias_producer_with_no_taskflow', 'dataset_s3_bucket_consumer_with_no_taskflow' retrieved from /home/airflow/.local/lib/python3.12/site-packages/airflow/example_dags/example_dataset_alias_with_no_taskflow.py
[2025-08-16T12:34:03.499+0000] {logging_mixin.py:190} INFO - [2025-08-16T12:34:03.499+0000] {dag.py:3239} INFO - Sync 4 DAGs
[2025-08-16T12:34:03.508+0000] {logging_mixin.py:190} INFO - [2025-08-16T12:34:03.508+0000] {dag.py:4180} INFO - Setting next_dagrun for dataset_alias_example_alias_consumer_with_no_taskflow to None, run_after=None
[2025-08-16T12:34:03.509+0000] {logging_mixin.py:190} INFO - [2025-08-16T12:34:03.509+0000] {dag.py:4180} INFO - Setting next_dagrun for dataset_alias_example_alias_producer_with_no_taskflow to None, run_after=None
[2025-08-16T12:34:03.510+0000] {logging_mixin.py:190} INFO - [2025-08-16T12:34:03.510+0000] {dag.py:4180} INFO - Setting next_dagrun for dataset_s3_bucket_consumer_with_no_taskflow to None, run_after=None
[2025-08-16T12:34:03.510+0000] {logging_mixin.py:190} INFO - [2025-08-16T12:34:03.510+0000] {dag.py:4180} INFO - Setting next_dagrun for dataset_s3_bucket_producer_with_no_taskflow to None, run_after=None
[2025-08-16T12:34:03.519+0000] {processor.py:208} INFO - Processing /home/airflow/.local/lib/python3.12/site-packages/airflow/example_dags/example_dataset_alias_with_no_taskflow.py took 0.566 seconds
[2025-08-16T12:34:33.987+0000] {processor.py:186} INFO - Started process (PID=257) to work on /home/airflow/.local/lib/python3.12/site-packages/airflow/example_dags/example_dataset_alias_with_no_taskflow.py
[2025-08-16T12:34:33.989+0000] {processor.py:914} INFO - Processing file /home/airflow/.local/lib/python3.12/site-packages/airflow/example_dags/example_dataset_alias_with_no_taskflow.py for tasks to queue
[2025-08-16T12:34:33.998+0000] {logging_mixin.py:190} INFO - [2025-08-16T12:34:33.997+0000] {dagbag.py:588} INFO - Filling up the DagBag from /home/airflow/.local/lib/python3.12/site-packages/airflow/example_dags/example_dataset_alias_with_no_taskflow.py
[2025-08-16T12:34:34.631+0000] {processor.py:925} INFO - DAG(s) 'dataset_s3_bucket_consumer_with_no_taskflow', 'dataset_alias_example_alias_producer_with_no_taskflow', 'dataset_s3_bucket_producer_with_no_taskflow', 'dataset_alias_example_alias_consumer_with_no_taskflow' retrieved from /home/airflow/.local/lib/python3.12/site-packages/airflow/example_dags/example_dataset_alias_with_no_taskflow.py
[2025-08-16T12:34:34.645+0000] {logging_mixin.py:190} INFO - [2025-08-16T12:34:34.645+0000] {dag.py:3239} INFO - Sync 4 DAGs
[2025-08-16T12:34:34.660+0000] {logging_mixin.py:190} INFO - [2025-08-16T12:34:34.659+0000] {dag.py:4180} INFO - Setting next_dagrun for dataset_alias_example_alias_consumer_with_no_taskflow to None, run_after=None
[2025-08-16T12:34:34.662+0000] {logging_mixin.py:190} INFO - [2025-08-16T12:34:34.662+0000] {dag.py:4180} INFO - Setting next_dagrun for dataset_alias_example_alias_producer_with_no_taskflow to None, run_after=None
[2025-08-16T12:34:34.663+0000] {logging_mixin.py:190} INFO - [2025-08-16T12:34:34.663+0000] {dag.py:4180} INFO - Setting next_dagrun for dataset_s3_bucket_consumer_with_no_taskflow to None, run_after=None
[2025-08-16T12:34:34.663+0000] {logging_mixin.py:190} INFO - [2025-08-16T12:34:34.663+0000] {dag.py:4180} INFO - Setting next_dagrun for dataset_s3_bucket_producer_with_no_taskflow to None, run_after=None
[2025-08-16T12:34:34.674+0000] {processor.py:208} INFO - Processing /home/airflow/.local/lib/python3.12/site-packages/airflow/example_dags/example_dataset_alias_with_no_taskflow.py took 0.698 seconds
[2025-08-16T12:35:04.904+0000] {processor.py:186} INFO - Started process (PID=324) to work on /home/airflow/.local/lib/python3.12/site-packages/airflow/example_dags/example_dataset_alias_with_no_taskflow.py
[2025-08-16T12:35:04.905+0000] {processor.py:914} INFO - Processing file /home/airflow/.local/lib/python3.12/site-packages/airflow/example_dags/example_dataset_alias_with_no_taskflow.py for tasks to queue
[2025-08-16T12:35:04.906+0000] {logging_mixin.py:190} INFO - [2025-08-16T12:35:04.906+0000] {dagbag.py:588} INFO - Filling up the DagBag from /home/airflow/.local/lib/python3.12/site-packages/airflow/example_dags/example_dataset_alias_with_no_taskflow.py
[2025-08-16T12:35:05.633+0000] {processor.py:925} INFO - DAG(s) 'dataset_s3_bucket_producer_with_no_taskflow', 'dataset_alias_example_alias_consumer_with_no_taskflow', 'dataset_s3_bucket_consumer_with_no_taskflow', 'dataset_alias_example_alias_producer_with_no_taskflow' retrieved from /home/airflow/.local/lib/python3.12/site-packages/airflow/example_dags/example_dataset_alias_with_no_taskflow.py
[2025-08-16T12:35:05.653+0000] {logging_mixin.py:190} INFO - [2025-08-16T12:35:05.653+0000] {dag.py:3239} INFO - Sync 4 DAGs
[2025-08-16T12:35:05.680+0000] {logging_mixin.py:190} INFO - [2025-08-16T12:35:05.680+0000] {dag.py:4180} INFO - Setting next_dagrun for dataset_alias_example_alias_consumer_with_no_taskflow to None, run_after=None
[2025-08-16T12:35:05.685+0000] {logging_mixin.py:190} INFO - [2025-08-16T12:35:05.685+0000] {dag.py:4180} INFO - Setting next_dagrun for dataset_alias_example_alias_producer_with_no_taskflow to None, run_after=None
[2025-08-16T12:35:05.687+0000] {logging_mixin.py:190} INFO - [2025-08-16T12:35:05.687+0000] {dag.py:4180} INFO - Setting next_dagrun for dataset_s3_bucket_consumer_with_no_taskflow to None, run_after=None
[2025-08-16T12:35:05.688+0000] {logging_mixin.py:190} INFO - [2025-08-16T12:35:05.688+0000] {dag.py:4180} INFO - Setting next_dagrun for dataset_s3_bucket_producer_with_no_taskflow to None, run_after=None
[2025-08-16T12:35:05.701+0000] {processor.py:208} INFO - Processing /home/airflow/.local/lib/python3.12/site-packages/airflow/example_dags/example_dataset_alias_with_no_taskflow.py took 0.801 seconds
[2025-08-16T12:35:36.766+0000] {processor.py:186} INFO - Started process (PID=389) to work on /home/airflow/.local/lib/python3.12/site-packages/airflow/example_dags/example_dataset_alias_with_no_taskflow.py
[2025-08-16T12:35:36.769+0000] {processor.py:914} INFO - Processing file /home/airflow/.local/lib/python3.12/site-packages/airflow/example_dags/example_dataset_alias_with_no_taskflow.py for tasks to queue
[2025-08-16T12:35:36.774+0000] {logging_mixin.py:190} INFO - [2025-08-16T12:35:36.774+0000] {dagbag.py:588} INFO - Filling up the DagBag from /home/airflow/.local/lib/python3.12/site-packages/airflow/example_dags/example_dataset_alias_with_no_taskflow.py
[2025-08-16T12:35:37.402+0000] {processor.py:925} INFO - DAG(s) 'dataset_alias_example_alias_consumer_with_no_taskflow', 'dataset_s3_bucket_consumer_with_no_taskflow', 'dataset_alias_example_alias_producer_with_no_taskflow', 'dataset_s3_bucket_producer_with_no_taskflow' retrieved from /home/airflow/.local/lib/python3.12/site-packages/airflow/example_dags/example_dataset_alias_with_no_taskflow.py
[2025-08-16T12:35:37.412+0000] {logging_mixin.py:190} INFO - [2025-08-16T12:35:37.412+0000] {dag.py:3239} INFO - Sync 4 DAGs
[2025-08-16T12:35:37.423+0000] {logging_mixin.py:190} INFO - [2025-08-16T12:35:37.423+0000] {dag.py:4180} INFO - Setting next_dagrun for dataset_alias_example_alias_consumer_with_no_taskflow to None, run_after=None
[2025-08-16T12:35:37.424+0000] {logging_mixin.py:190} INFO - [2025-08-16T12:35:37.424+0000] {dag.py:4180} INFO - Setting next_dagrun for dataset_alias_example_alias_producer_with_no_taskflow to None, run_after=None
[2025-08-16T12:35:37.425+0000] {logging_mixin.py:190} INFO - [2025-08-16T12:35:37.425+0000] {dag.py:4180} INFO - Setting next_dagrun for dataset_s3_bucket_consumer_with_no_taskflow to None, run_after=None
[2025-08-16T12:35:37.425+0000] {logging_mixin.py:190} INFO - [2025-08-16T12:35:37.425+0000] {dag.py:4180} INFO - Setting next_dagrun for dataset_s3_bucket_producer_with_no_taskflow to None, run_after=None
[2025-08-16T12:35:37.434+0000] {processor.py:208} INFO - Processing /home/airflow/.local/lib/python3.12/site-packages/airflow/example_dags/example_dataset_alias_with_no_taskflow.py took 0.682 seconds
[2025-08-16T12:36:08.041+0000] {processor.py:186} INFO - Started process (PID=454) to work on /home/airflow/.local/lib/python3.12/site-packages/airflow/example_dags/example_dataset_alias_with_no_taskflow.py
[2025-08-16T12:36:08.042+0000] {processor.py:914} INFO - Processing file /home/airflow/.local/lib/python3.12/site-packages/airflow/example_dags/example_dataset_alias_with_no_taskflow.py for tasks to queue
[2025-08-16T12:36:08.044+0000] {logging_mixin.py:190} INFO - [2025-08-16T12:36:08.043+0000] {dagbag.py:588} INFO - Filling up the DagBag from /home/airflow/.local/lib/python3.12/site-packages/airflow/example_dags/example_dataset_alias_with_no_taskflow.py
[2025-08-16T12:36:08.466+0000] {processor.py:925} INFO - DAG(s) 'dataset_s3_bucket_producer_with_no_taskflow', 'dataset_alias_example_alias_consumer_with_no_taskflow', 'dataset_alias_example_alias_producer_with_no_taskflow', 'dataset_s3_bucket_consumer_with_no_taskflow' retrieved from /home/airflow/.local/lib/python3.12/site-packages/airflow/example_dags/example_dataset_alias_with_no_taskflow.py
[2025-08-16T12:36:08.478+0000] {logging_mixin.py:190} INFO - [2025-08-16T12:36:08.478+0000] {dag.py:3239} INFO - Sync 4 DAGs
[2025-08-16T12:36:08.489+0000] {logging_mixin.py:190} INFO - [2025-08-16T12:36:08.489+0000] {dag.py:4180} INFO - Setting next_dagrun for dataset_alias_example_alias_consumer_with_no_taskflow to None, run_after=None
[2025-08-16T12:36:08.490+0000] {logging_mixin.py:190} INFO - [2025-08-16T12:36:08.490+0000] {dag.py:4180} INFO - Setting next_dagrun for dataset_alias_example_alias_producer_with_no_taskflow to None, run_after=None
[2025-08-16T12:36:08.491+0000] {logging_mixin.py:190} INFO - [2025-08-16T12:36:08.491+0000] {dag.py:4180} INFO - Setting next_dagrun for dataset_s3_bucket_consumer_with_no_taskflow to None, run_after=None
[2025-08-16T12:36:08.492+0000] {logging_mixin.py:190} INFO - [2025-08-16T12:36:08.492+0000] {dag.py:4180} INFO - Setting next_dagrun for dataset_s3_bucket_producer_with_no_taskflow to None, run_after=None
[2025-08-16T12:36:08.501+0000] {processor.py:208} INFO - Processing /home/airflow/.local/lib/python3.12/site-packages/airflow/example_dags/example_dataset_alias_with_no_taskflow.py took 0.465 seconds
[2025-08-16T12:36:39.466+0000] {processor.py:186} INFO - Started process (PID=517) to work on /home/airflow/.local/lib/python3.12/site-packages/airflow/example_dags/example_dataset_alias_with_no_taskflow.py
[2025-08-16T12:36:39.468+0000] {processor.py:914} INFO - Processing file /home/airflow/.local/lib/python3.12/site-packages/airflow/example_dags/example_dataset_alias_with_no_taskflow.py for tasks to queue
[2025-08-16T12:36:39.472+0000] {logging_mixin.py:190} INFO - [2025-08-16T12:36:39.472+0000] {dagbag.py:588} INFO - Filling up the DagBag from /home/airflow/.local/lib/python3.12/site-packages/airflow/example_dags/example_dataset_alias_with_no_taskflow.py
[2025-08-16T12:36:39.919+0000] {processor.py:925} INFO - DAG(s) 'dataset_alias_example_alias_consumer_with_no_taskflow', 'dataset_alias_example_alias_producer_with_no_taskflow', 'dataset_s3_bucket_producer_with_no_taskflow', 'dataset_s3_bucket_consumer_with_no_taskflow' retrieved from /home/airflow/.local/lib/python3.12/site-packages/airflow/example_dags/example_dataset_alias_with_no_taskflow.py
[2025-08-16T12:36:39.930+0000] {logging_mixin.py:190} INFO - [2025-08-16T12:36:39.929+0000] {dag.py:3239} INFO - Sync 4 DAGs
[2025-08-16T12:36:39.941+0000] {logging_mixin.py:190} INFO - [2025-08-16T12:36:39.941+0000] {dag.py:4180} INFO - Setting next_dagrun for dataset_alias_example_alias_consumer_with_no_taskflow to None, run_after=None
[2025-08-16T12:36:39.943+0000] {logging_mixin.py:190} INFO - [2025-08-16T12:36:39.943+0000] {dag.py:4180} INFO - Setting next_dagrun for dataset_alias_example_alias_producer_with_no_taskflow to None, run_after=None
[2025-08-16T12:36:39.944+0000] {logging_mixin.py:190} INFO - [2025-08-16T12:36:39.944+0000] {dag.py:4180} INFO - Setting next_dagrun for dataset_s3_bucket_consumer_with_no_taskflow to None, run_after=None
[2025-08-16T12:36:39.945+0000] {logging_mixin.py:190} INFO - [2025-08-16T12:36:39.945+0000] {dag.py:4180} INFO - Setting next_dagrun for dataset_s3_bucket_producer_with_no_taskflow to None, run_after=None
[2025-08-16T12:36:39.954+0000] {processor.py:208} INFO - Processing /home/airflow/.local/lib/python3.12/site-packages/airflow/example_dags/example_dataset_alias_with_no_taskflow.py took 0.500 seconds
