[2025-08-16T12:33:01.669+0000] {processor.py:186} INFO - Started process (PID=70) to work on /home/airflow/.local/lib/python3.12/site-packages/airflow/example_dags/example_xcom.py
[2025-08-16T12:33:01.670+0000] {processor.py:914} INFO - Processing file /home/airflow/.local/lib/python3.12/site-packages/airflow/example_dags/example_xcom.py for tasks to queue
[2025-08-16T12:33:01.673+0000] {logging_mixin.py:190} INFO - [2025-08-16T12:33:01.673+0000] {dagbag.py:588} INFO - Filling up the DagBag from /home/airflow/.local/lib/python3.12/site-packages/airflow/example_dags/example_xcom.py
[2025-08-16T12:33:01.688+0000] {processor.py:925} INFO - DAG(s) 'example_xcom' retrieved from /home/airflow/.local/lib/python3.12/site-packages/airflow/example_dags/example_xcom.py
[2025-08-16T12:33:01.793+0000] {logging_mixin.py:190} INFO - [2025-08-16T12:33:01.793+0000] {override.py:1912} INFO - Created Permission View: can delete on DAG:example_xcom
[2025-08-16T12:33:01.804+0000] {logging_mixin.py:190} INFO - [2025-08-16T12:33:01.803+0000] {override.py:1912} INFO - Created Permission View: can read on DAG:example_xcom
[2025-08-16T12:33:01.811+0000] {logging_mixin.py:190} INFO - [2025-08-16T12:33:01.810+0000] {override.py:1912} INFO - Created Permission View: can edit on DAG:example_xcom
[2025-08-16T12:33:01.821+0000] {logging_mixin.py:190} INFO - [2025-08-16T12:33:01.821+0000] {override.py:1912} INFO - Created Permission View: can delete on DAG Run:example_xcom
[2025-08-16T12:33:01.833+0000] {logging_mixin.py:190} INFO - [2025-08-16T12:33:01.833+0000] {override.py:1912} INFO - Created Permission View: menu access on DAG Run:example_xcom
[2025-08-16T12:33:01.841+0000] {logging_mixin.py:190} INFO - [2025-08-16T12:33:01.840+0000] {override.py:1912} INFO - Created Permission View: can read on DAG Run:example_xcom
[2025-08-16T12:33:01.845+0000] {logging_mixin.py:190} INFO - [2025-08-16T12:33:01.845+0000] {override.py:1912} INFO - Created Permission View: can create on DAG Run:example_xcom
[2025-08-16T12:33:01.846+0000] {logging_mixin.py:190} INFO - [2025-08-16T12:33:01.846+0000] {dag.py:3239} INFO - Sync 1 DAGs
[2025-08-16T12:33:01.861+0000] {logging_mixin.py:190} INFO - [2025-08-16T12:33:01.861+0000] {dag.py:3262} INFO - Creating ORM DAG for example_xcom
[2025-08-16T12:33:01.870+0000] {logging_mixin.py:190} INFO - [2025-08-16T12:33:01.870+0000] {dag.py:4180} INFO - Setting next_dagrun for example_xcom to 2021-01-01 00:00:00+00:00, run_after=2021-01-01 00:00:00+00:00
[2025-08-16T12:33:01.884+0000] {processor.py:208} INFO - Processing /home/airflow/.local/lib/python3.12/site-packages/airflow/example_dags/example_xcom.py took 0.221 seconds
[2025-08-16T12:33:32.152+0000] {processor.py:186} INFO - Started process (PID=133) to work on /home/airflow/.local/lib/python3.12/site-packages/airflow/example_dags/example_xcom.py
[2025-08-16T12:33:32.158+0000] {processor.py:914} INFO - Processing file /home/airflow/.local/lib/python3.12/site-packages/airflow/example_dags/example_xcom.py for tasks to queue
[2025-08-16T12:33:32.159+0000] {logging_mixin.py:190} INFO - [2025-08-16T12:33:32.159+0000] {dagbag.py:588} INFO - Filling up the DagBag from /home/airflow/.local/lib/python3.12/site-packages/airflow/example_dags/example_xcom.py
[2025-08-16T12:33:32.163+0000] {processor.py:925} INFO - DAG(s) 'example_xcom' retrieved from /home/airflow/.local/lib/python3.12/site-packages/airflow/example_dags/example_xcom.py
[2025-08-16T12:33:32.174+0000] {logging_mixin.py:190} INFO - [2025-08-16T12:33:32.174+0000] {dag.py:3239} INFO - Sync 1 DAGs
[2025-08-16T12:33:32.185+0000] {logging_mixin.py:190} INFO - [2025-08-16T12:33:32.184+0000] {dag.py:4180} INFO - Setting next_dagrun for example_xcom to 2021-01-01 00:00:00+00:00, run_after=2021-01-01 00:00:00+00:00
[2025-08-16T12:33:32.197+0000] {processor.py:208} INFO - Processing /home/airflow/.local/lib/python3.12/site-packages/airflow/example_dags/example_xcom.py took 0.047 seconds
[2025-08-16T12:34:03.037+0000] {processor.py:186} INFO - Started process (PID=196) to work on /home/airflow/.local/lib/python3.12/site-packages/airflow/example_dags/example_xcom.py
[2025-08-16T12:34:03.037+0000] {processor.py:914} INFO - Processing file /home/airflow/.local/lib/python3.12/site-packages/airflow/example_dags/example_xcom.py for tasks to queue
[2025-08-16T12:34:03.039+0000] {logging_mixin.py:190} INFO - [2025-08-16T12:34:03.039+0000] {dagbag.py:588} INFO - Filling up the DagBag from /home/airflow/.local/lib/python3.12/site-packages/airflow/example_dags/example_xcom.py
[2025-08-16T12:34:03.047+0000] {processor.py:925} INFO - DAG(s) 'example_xcom' retrieved from /home/airflow/.local/lib/python3.12/site-packages/airflow/example_dags/example_xcom.py
[2025-08-16T12:34:03.059+0000] {logging_mixin.py:190} INFO - [2025-08-16T12:34:03.059+0000] {dag.py:3239} INFO - Sync 1 DAGs
[2025-08-16T12:34:03.070+0000] {logging_mixin.py:190} INFO - [2025-08-16T12:34:03.070+0000] {dag.py:4180} INFO - Setting next_dagrun for example_xcom to 2021-01-01 00:00:00+00:00, run_after=2021-01-01 00:00:00+00:00
[2025-08-16T12:34:03.079+0000] {processor.py:208} INFO - Processing /home/airflow/.local/lib/python3.12/site-packages/airflow/example_dags/example_xcom.py took 0.047 seconds
[2025-08-16T12:34:34.093+0000] {processor.py:186} INFO - Started process (PID=259) to work on /home/airflow/.local/lib/python3.12/site-packages/airflow/example_dags/example_xcom.py
[2025-08-16T12:34:34.094+0000] {processor.py:914} INFO - Processing file /home/airflow/.local/lib/python3.12/site-packages/airflow/example_dags/example_xcom.py for tasks to queue
[2025-08-16T12:34:34.096+0000] {logging_mixin.py:190} INFO - [2025-08-16T12:34:34.096+0000] {dagbag.py:588} INFO - Filling up the DagBag from /home/airflow/.local/lib/python3.12/site-packages/airflow/example_dags/example_xcom.py
[2025-08-16T12:34:34.104+0000] {processor.py:925} INFO - DAG(s) 'example_xcom' retrieved from /home/airflow/.local/lib/python3.12/site-packages/airflow/example_dags/example_xcom.py
[2025-08-16T12:34:34.117+0000] {logging_mixin.py:190} INFO - [2025-08-16T12:34:34.117+0000] {dag.py:3239} INFO - Sync 1 DAGs
[2025-08-16T12:34:34.130+0000] {logging_mixin.py:190} INFO - [2025-08-16T12:34:34.130+0000] {dag.py:4180} INFO - Setting next_dagrun for example_xcom to 2021-01-01 00:00:00+00:00, run_after=2021-01-01 00:00:00+00:00
[2025-08-16T12:34:34.140+0000] {processor.py:208} INFO - Processing /home/airflow/.local/lib/python3.12/site-packages/airflow/example_dags/example_xcom.py took 0.051 seconds
[2025-08-16T12:35:04.600+0000] {processor.py:186} INFO - Started process (PID=321) to work on /home/airflow/.local/lib/python3.12/site-packages/airflow/example_dags/example_xcom.py
[2025-08-16T12:35:04.603+0000] {processor.py:914} INFO - Processing file /home/airflow/.local/lib/python3.12/site-packages/airflow/example_dags/example_xcom.py for tasks to queue
[2025-08-16T12:35:04.612+0000] {logging_mixin.py:190} INFO - [2025-08-16T12:35:04.611+0000] {dagbag.py:588} INFO - Filling up the DagBag from /home/airflow/.local/lib/python3.12/site-packages/airflow/example_dags/example_xcom.py
[2025-08-16T12:35:04.661+0000] {processor.py:925} INFO - DAG(s) 'example_xcom' retrieved from /home/airflow/.local/lib/python3.12/site-packages/airflow/example_dags/example_xcom.py
[2025-08-16T12:35:04.702+0000] {logging_mixin.py:190} INFO - [2025-08-16T12:35:04.701+0000] {dag.py:3239} INFO - Sync 1 DAGs
[2025-08-16T12:35:04.731+0000] {logging_mixin.py:190} INFO - [2025-08-16T12:35:04.730+0000] {dag.py:4180} INFO - Setting next_dagrun for example_xcom to 2021-01-01 00:00:00+00:00, run_after=2021-01-01 00:00:00+00:00
[2025-08-16T12:35:04.746+0000] {processor.py:208} INFO - Processing /home/airflow/.local/lib/python3.12/site-packages/airflow/example_dags/example_xcom.py took 0.160 seconds
[2025-08-16T12:35:35.259+0000] {processor.py:186} INFO - Started process (PID=383) to work on /home/airflow/.local/lib/python3.12/site-packages/airflow/example_dags/example_xcom.py
[2025-08-16T12:35:35.261+0000] {processor.py:914} INFO - Processing file /home/airflow/.local/lib/python3.12/site-packages/airflow/example_dags/example_xcom.py for tasks to queue
[2025-08-16T12:35:35.264+0000] {logging_mixin.py:190} INFO - [2025-08-16T12:35:35.263+0000] {dagbag.py:588} INFO - Filling up the DagBag from /home/airflow/.local/lib/python3.12/site-packages/airflow/example_dags/example_xcom.py
[2025-08-16T12:35:35.275+0000] {processor.py:925} INFO - DAG(s) 'example_xcom' retrieved from /home/airflow/.local/lib/python3.12/site-packages/airflow/example_dags/example_xcom.py
[2025-08-16T12:35:35.293+0000] {logging_mixin.py:190} INFO - [2025-08-16T12:35:35.293+0000] {dag.py:3239} INFO - Sync 1 DAGs
[2025-08-16T12:35:35.309+0000] {logging_mixin.py:190} INFO - [2025-08-16T12:35:35.308+0000] {dag.py:4180} INFO - Setting next_dagrun for example_xcom to 2021-01-01 00:00:00+00:00, run_after=2021-01-01 00:00:00+00:00
[2025-08-16T12:35:35.330+0000] {processor.py:208} INFO - Processing /home/airflow/.local/lib/python3.12/site-packages/airflow/example_dags/example_xcom.py took 0.077 seconds
[2025-08-16T12:36:05.603+0000] {processor.py:186} INFO - Started process (PID=446) to work on /home/airflow/.local/lib/python3.12/site-packages/airflow/example_dags/example_xcom.py
[2025-08-16T12:36:05.606+0000] {processor.py:914} INFO - Processing file /home/airflow/.local/lib/python3.12/site-packages/airflow/example_dags/example_xcom.py for tasks to queue
[2025-08-16T12:36:05.607+0000] {logging_mixin.py:190} INFO - [2025-08-16T12:36:05.607+0000] {dagbag.py:588} INFO - Filling up the DagBag from /home/airflow/.local/lib/python3.12/site-packages/airflow/example_dags/example_xcom.py
[2025-08-16T12:36:05.614+0000] {processor.py:925} INFO - DAG(s) 'example_xcom' retrieved from /home/airflow/.local/lib/python3.12/site-packages/airflow/example_dags/example_xcom.py
[2025-08-16T12:36:05.627+0000] {logging_mixin.py:190} INFO - [2025-08-16T12:36:05.627+0000] {dag.py:3239} INFO - Sync 1 DAGs
[2025-08-16T12:36:05.643+0000] {logging_mixin.py:190} INFO - [2025-08-16T12:36:05.643+0000] {dag.py:4180} INFO - Setting next_dagrun for example_xcom to 2021-01-01 00:00:00+00:00, run_after=2021-01-01 00:00:00+00:00
[2025-08-16T12:36:05.653+0000] {processor.py:208} INFO - Processing /home/airflow/.local/lib/python3.12/site-packages/airflow/example_dags/example_xcom.py took 0.055 seconds
[2025-08-16T12:36:36.049+0000] {processor.py:186} INFO - Started process (PID=509) to work on /home/airflow/.local/lib/python3.12/site-packages/airflow/example_dags/example_xcom.py
[2025-08-16T12:36:36.052+0000] {processor.py:914} INFO - Processing file /home/airflow/.local/lib/python3.12/site-packages/airflow/example_dags/example_xcom.py for tasks to queue
[2025-08-16T12:36:36.055+0000] {logging_mixin.py:190} INFO - [2025-08-16T12:36:36.055+0000] {dagbag.py:588} INFO - Filling up the DagBag from /home/airflow/.local/lib/python3.12/site-packages/airflow/example_dags/example_xcom.py
[2025-08-16T12:36:36.064+0000] {processor.py:925} INFO - DAG(s) 'example_xcom' retrieved from /home/airflow/.local/lib/python3.12/site-packages/airflow/example_dags/example_xcom.py
[2025-08-16T12:36:36.079+0000] {logging_mixin.py:190} INFO - [2025-08-16T12:36:36.078+0000] {dag.py:3239} INFO - Sync 1 DAGs
[2025-08-16T12:36:36.095+0000] {logging_mixin.py:190} INFO - [2025-08-16T12:36:36.095+0000] {dag.py:4180} INFO - Setting next_dagrun for example_xcom to 2021-01-01 00:00:00+00:00, run_after=2021-01-01 00:00:00+00:00
[2025-08-16T12:36:36.107+0000] {processor.py:208} INFO - Processing /home/airflow/.local/lib/python3.12/site-packages/airflow/example_dags/example_xcom.py took 0.064 seconds
