[2025-08-16T12:33:03.565+0000] {processor.py:186} INFO - Started process (PID=79) to work on /home/airflow/.local/lib/python3.12/site-packages/airflow/example_dags/example_task_group_decorator.py
[2025-08-16T12:33:03.566+0000] {processor.py:914} INFO - Processing file /home/airflow/.local/lib/python3.12/site-packages/airflow/example_dags/example_task_group_decorator.py for tasks to queue
[2025-08-16T12:33:03.568+0000] {logging_mixin.py:190} INFO - [2025-08-16T12:33:03.567+0000] {dagbag.py:588} INFO - Filling up the DagBag from /home/airflow/.local/lib/python3.12/site-packages/airflow/example_dags/example_task_group_decorator.py
[2025-08-16T12:33:03.579+0000] {processor.py:925} INFO - DAG(s) 'example_task_group_decorator' retrieved from /home/airflow/.local/lib/python3.12/site-packages/airflow/example_dags/example_task_group_decorator.py
[2025-08-16T12:33:03.660+0000] {logging_mixin.py:190} INFO - [2025-08-16T12:33:03.659+0000] {override.py:1912} INFO - Created Permission View: can delete on DAG:example_task_group_decorator
[2025-08-16T12:33:03.674+0000] {logging_mixin.py:190} INFO - [2025-08-16T12:33:03.673+0000] {override.py:1912} INFO - Created Permission View: can read on DAG:example_task_group_decorator
[2025-08-16T12:33:03.678+0000] {logging_mixin.py:190} INFO - [2025-08-16T12:33:03.678+0000] {override.py:1912} INFO - Created Permission View: can edit on DAG:example_task_group_decorator
[2025-08-16T12:33:03.684+0000] {logging_mixin.py:190} INFO - [2025-08-16T12:33:03.684+0000] {override.py:1912} INFO - Created Permission View: can delete on DAG Run:example_task_group_decorator
[2025-08-16T12:33:03.688+0000] {logging_mixin.py:190} INFO - [2025-08-16T12:33:03.688+0000] {override.py:1912} INFO - Created Permission View: menu access on DAG Run:example_task_group_decorator
[2025-08-16T12:33:03.693+0000] {logging_mixin.py:190} INFO - [2025-08-16T12:33:03.693+0000] {override.py:1912} INFO - Created Permission View: can read on DAG Run:example_task_group_decorator
[2025-08-16T12:33:03.697+0000] {logging_mixin.py:190} INFO - [2025-08-16T12:33:03.697+0000] {override.py:1912} INFO - Created Permission View: can create on DAG Run:example_task_group_decorator
[2025-08-16T12:33:03.698+0000] {logging_mixin.py:190} INFO - [2025-08-16T12:33:03.698+0000] {dag.py:3239} INFO - Sync 1 DAGs
[2025-08-16T12:33:03.706+0000] {logging_mixin.py:190} INFO - [2025-08-16T12:33:03.706+0000] {dag.py:3262} INFO - Creating ORM DAG for example_task_group_decorator
[2025-08-16T12:33:03.706+0000] {logging_mixin.py:190} INFO - [2025-08-16T12:33:03.706+0000] {dag.py:4180} INFO - Setting next_dagrun for example_task_group_decorator to None, run_after=None
[2025-08-16T12:33:03.715+0000] {processor.py:208} INFO - Processing /home/airflow/.local/lib/python3.12/site-packages/airflow/example_dags/example_task_group_decorator.py took 0.154 seconds
[2025-08-16T12:33:33.920+0000] {processor.py:186} INFO - Started process (PID=142) to work on /home/airflow/.local/lib/python3.12/site-packages/airflow/example_dags/example_task_group_decorator.py
[2025-08-16T12:33:33.921+0000] {processor.py:914} INFO - Processing file /home/airflow/.local/lib/python3.12/site-packages/airflow/example_dags/example_task_group_decorator.py for tasks to queue
[2025-08-16T12:33:33.922+0000] {logging_mixin.py:190} INFO - [2025-08-16T12:33:33.922+0000] {dagbag.py:588} INFO - Filling up the DagBag from /home/airflow/.local/lib/python3.12/site-packages/airflow/example_dags/example_task_group_decorator.py
[2025-08-16T12:33:33.929+0000] {processor.py:925} INFO - DAG(s) 'example_task_group_decorator' retrieved from /home/airflow/.local/lib/python3.12/site-packages/airflow/example_dags/example_task_group_decorator.py
[2025-08-16T12:33:33.941+0000] {logging_mixin.py:190} INFO - [2025-08-16T12:33:33.941+0000] {dag.py:3239} INFO - Sync 1 DAGs
[2025-08-16T12:33:33.948+0000] {logging_mixin.py:190} INFO - [2025-08-16T12:33:33.948+0000] {dag.py:4180} INFO - Setting next_dagrun for example_task_group_decorator to None, run_after=None
[2025-08-16T12:33:33.957+0000] {processor.py:208} INFO - Processing /home/airflow/.local/lib/python3.12/site-packages/airflow/example_dags/example_task_group_decorator.py took 0.040 seconds
[2025-08-16T12:34:04.839+0000] {processor.py:186} INFO - Started process (PID=205) to work on /home/airflow/.local/lib/python3.12/site-packages/airflow/example_dags/example_task_group_decorator.py
[2025-08-16T12:34:04.840+0000] {processor.py:914} INFO - Processing file /home/airflow/.local/lib/python3.12/site-packages/airflow/example_dags/example_task_group_decorator.py for tasks to queue
[2025-08-16T12:34:04.841+0000] {logging_mixin.py:190} INFO - [2025-08-16T12:34:04.841+0000] {dagbag.py:588} INFO - Filling up the DagBag from /home/airflow/.local/lib/python3.12/site-packages/airflow/example_dags/example_task_group_decorator.py
[2025-08-16T12:34:04.853+0000] {processor.py:925} INFO - DAG(s) 'example_task_group_decorator' retrieved from /home/airflow/.local/lib/python3.12/site-packages/airflow/example_dags/example_task_group_decorator.py
[2025-08-16T12:34:04.867+0000] {logging_mixin.py:190} INFO - [2025-08-16T12:34:04.867+0000] {dag.py:3239} INFO - Sync 1 DAGs
[2025-08-16T12:34:04.875+0000] {logging_mixin.py:190} INFO - [2025-08-16T12:34:04.875+0000] {dag.py:4180} INFO - Setting next_dagrun for example_task_group_decorator to None, run_after=None
[2025-08-16T12:34:04.884+0000] {processor.py:208} INFO - Processing /home/airflow/.local/lib/python3.12/site-packages/airflow/example_dags/example_task_group_decorator.py took 0.050 seconds
[2025-08-16T12:34:35.947+0000] {processor.py:186} INFO - Started process (PID=268) to work on /home/airflow/.local/lib/python3.12/site-packages/airflow/example_dags/example_task_group_decorator.py
[2025-08-16T12:34:35.949+0000] {processor.py:914} INFO - Processing file /home/airflow/.local/lib/python3.12/site-packages/airflow/example_dags/example_task_group_decorator.py for tasks to queue
[2025-08-16T12:34:35.951+0000] {logging_mixin.py:190} INFO - [2025-08-16T12:34:35.951+0000] {dagbag.py:588} INFO - Filling up the DagBag from /home/airflow/.local/lib/python3.12/site-packages/airflow/example_dags/example_task_group_decorator.py
[2025-08-16T12:34:35.962+0000] {processor.py:925} INFO - DAG(s) 'example_task_group_decorator' retrieved from /home/airflow/.local/lib/python3.12/site-packages/airflow/example_dags/example_task_group_decorator.py
[2025-08-16T12:34:35.983+0000] {logging_mixin.py:190} INFO - [2025-08-16T12:34:35.982+0000] {dag.py:3239} INFO - Sync 1 DAGs
[2025-08-16T12:34:36.005+0000] {logging_mixin.py:190} INFO - [2025-08-16T12:34:36.005+0000] {dag.py:4180} INFO - Setting next_dagrun for example_task_group_decorator to None, run_after=None
[2025-08-16T12:34:36.022+0000] {processor.py:208} INFO - Processing /home/airflow/.local/lib/python3.12/site-packages/airflow/example_dags/example_task_group_decorator.py took 0.083 seconds
[2025-08-16T12:35:06.536+0000] {processor.py:186} INFO - Started process (PID=330) to work on /home/airflow/.local/lib/python3.12/site-packages/airflow/example_dags/example_task_group_decorator.py
[2025-08-16T12:35:06.537+0000] {processor.py:914} INFO - Processing file /home/airflow/.local/lib/python3.12/site-packages/airflow/example_dags/example_task_group_decorator.py for tasks to queue
[2025-08-16T12:35:06.538+0000] {logging_mixin.py:190} INFO - [2025-08-16T12:35:06.538+0000] {dagbag.py:588} INFO - Filling up the DagBag from /home/airflow/.local/lib/python3.12/site-packages/airflow/example_dags/example_task_group_decorator.py
[2025-08-16T12:35:06.545+0000] {processor.py:925} INFO - DAG(s) 'example_task_group_decorator' retrieved from /home/airflow/.local/lib/python3.12/site-packages/airflow/example_dags/example_task_group_decorator.py
[2025-08-16T12:35:06.605+0000] {logging_mixin.py:190} INFO - [2025-08-16T12:35:06.604+0000] {dag.py:3239} INFO - Sync 1 DAGs
[2025-08-16T12:35:06.613+0000] {logging_mixin.py:190} INFO - [2025-08-16T12:35:06.612+0000] {dag.py:4180} INFO - Setting next_dagrun for example_task_group_decorator to None, run_after=None
[2025-08-16T12:35:06.623+0000] {processor.py:208} INFO - Processing /home/airflow/.local/lib/python3.12/site-packages/airflow/example_dags/example_task_group_decorator.py took 0.091 seconds
[2025-08-16T12:35:36.990+0000] {processor.py:186} INFO - Started process (PID=392) to work on /home/airflow/.local/lib/python3.12/site-packages/airflow/example_dags/example_task_group_decorator.py
[2025-08-16T12:35:36.991+0000] {processor.py:914} INFO - Processing file /home/airflow/.local/lib/python3.12/site-packages/airflow/example_dags/example_task_group_decorator.py for tasks to queue
[2025-08-16T12:35:36.993+0000] {logging_mixin.py:190} INFO - [2025-08-16T12:35:36.993+0000] {dagbag.py:588} INFO - Filling up the DagBag from /home/airflow/.local/lib/python3.12/site-packages/airflow/example_dags/example_task_group_decorator.py
[2025-08-16T12:35:37.010+0000] {processor.py:925} INFO - DAG(s) 'example_task_group_decorator' retrieved from /home/airflow/.local/lib/python3.12/site-packages/airflow/example_dags/example_task_group_decorator.py
[2025-08-16T12:35:37.025+0000] {logging_mixin.py:190} INFO - [2025-08-16T12:35:37.025+0000] {dag.py:3239} INFO - Sync 1 DAGs
[2025-08-16T12:35:37.033+0000] {logging_mixin.py:190} INFO - [2025-08-16T12:35:37.033+0000] {dag.py:4180} INFO - Setting next_dagrun for example_task_group_decorator to None, run_after=None
[2025-08-16T12:35:37.046+0000] {processor.py:208} INFO - Processing /home/airflow/.local/lib/python3.12/site-packages/airflow/example_dags/example_task_group_decorator.py took 0.065 seconds
[2025-08-16T12:36:08.524+0000] {processor.py:186} INFO - Started process (PID=456) to work on /home/airflow/.local/lib/python3.12/site-packages/airflow/example_dags/example_task_group_decorator.py
[2025-08-16T12:36:08.525+0000] {processor.py:914} INFO - Processing file /home/airflow/.local/lib/python3.12/site-packages/airflow/example_dags/example_task_group_decorator.py for tasks to queue
[2025-08-16T12:36:08.526+0000] {logging_mixin.py:190} INFO - [2025-08-16T12:36:08.526+0000] {dagbag.py:588} INFO - Filling up the DagBag from /home/airflow/.local/lib/python3.12/site-packages/airflow/example_dags/example_task_group_decorator.py
[2025-08-16T12:36:08.535+0000] {processor.py:925} INFO - DAG(s) 'example_task_group_decorator' retrieved from /home/airflow/.local/lib/python3.12/site-packages/airflow/example_dags/example_task_group_decorator.py
[2025-08-16T12:36:08.558+0000] {logging_mixin.py:190} INFO - [2025-08-16T12:36:08.557+0000] {dag.py:3239} INFO - Sync 1 DAGs
[2025-08-16T12:36:08.573+0000] {logging_mixin.py:190} INFO - [2025-08-16T12:36:08.573+0000] {dag.py:4180} INFO - Setting next_dagrun for example_task_group_decorator to None, run_after=None
[2025-08-16T12:36:08.609+0000] {processor.py:208} INFO - Processing /home/airflow/.local/lib/python3.12/site-packages/airflow/example_dags/example_task_group_decorator.py took 0.090 seconds
[2025-08-16T12:36:39.982+0000] {processor.py:186} INFO - Started process (PID=519) to work on /home/airflow/.local/lib/python3.12/site-packages/airflow/example_dags/example_task_group_decorator.py
[2025-08-16T12:36:39.985+0000] {processor.py:914} INFO - Processing file /home/airflow/.local/lib/python3.12/site-packages/airflow/example_dags/example_task_group_decorator.py for tasks to queue
[2025-08-16T12:36:39.991+0000] {logging_mixin.py:190} INFO - [2025-08-16T12:36:39.991+0000] {dagbag.py:588} INFO - Filling up the DagBag from /home/airflow/.local/lib/python3.12/site-packages/airflow/example_dags/example_task_group_decorator.py
[2025-08-16T12:36:40.005+0000] {processor.py:925} INFO - DAG(s) 'example_task_group_decorator' retrieved from /home/airflow/.local/lib/python3.12/site-packages/airflow/example_dags/example_task_group_decorator.py
[2025-08-16T12:36:40.025+0000] {logging_mixin.py:190} INFO - [2025-08-16T12:36:40.025+0000] {dag.py:3239} INFO - Sync 1 DAGs
[2025-08-16T12:36:40.034+0000] {logging_mixin.py:190} INFO - [2025-08-16T12:36:40.034+0000] {dag.py:4180} INFO - Setting next_dagrun for example_task_group_decorator to None, run_after=None
[2025-08-16T12:36:40.043+0000] {processor.py:208} INFO - Processing /home/airflow/.local/lib/python3.12/site-packages/airflow/example_dags/example_task_group_decorator.py took 0.070 seconds
