[2025-08-16T12:33:05.163+0000] {processor.py:186} INFO - Started process (PID=88) to work on /home/airflow/.local/lib/python3.12/site-packages/airflow/example_dags/example_display_name.py
[2025-08-16T12:33:05.166+0000] {processor.py:914} INFO - Processing file /home/airflow/.local/lib/python3.12/site-packages/airflow/example_dags/example_display_name.py for tasks to queue
[2025-08-16T12:33:05.171+0000] {logging_mixin.py:190} INFO - [2025-08-16T12:33:05.171+0000] {dagbag.py:588} INFO - Filling up the DagBag from /home/airflow/.local/lib/python3.12/site-packages/airflow/example_dags/example_display_name.py
[2025-08-16T12:33:05.182+0000] {processor.py:925} INFO - DAG(s) 'example_display_name' retrieved from /home/airflow/.local/lib/python3.12/site-packages/airflow/example_dags/example_display_name.py
[2025-08-16T12:33:05.381+0000] {logging_mixin.py:190} INFO - [2025-08-16T12:33:05.380+0000] {override.py:1912} INFO - Created Permission View: can delete on DAG:example_display_name
[2025-08-16T12:33:05.423+0000] {logging_mixin.py:190} INFO - [2025-08-16T12:33:05.423+0000] {override.py:1912} INFO - Created Permission View: can read on DAG:example_display_name
[2025-08-16T12:33:05.427+0000] {logging_mixin.py:190} INFO - [2025-08-16T12:33:05.427+0000] {override.py:1912} INFO - Created Permission View: can edit on DAG:example_display_name
[2025-08-16T12:33:05.431+0000] {logging_mixin.py:190} INFO - [2025-08-16T12:33:05.431+0000] {override.py:1912} INFO - Created Permission View: can delete on DAG Run:example_display_name
[2025-08-16T12:33:05.433+0000] {logging_mixin.py:190} INFO - [2025-08-16T12:33:05.433+0000] {override.py:1912} INFO - Created Permission View: menu access on DAG Run:example_display_name
[2025-08-16T12:33:05.436+0000] {logging_mixin.py:190} INFO - [2025-08-16T12:33:05.436+0000] {override.py:1912} INFO - Created Permission View: can read on DAG Run:example_display_name
[2025-08-16T12:33:05.439+0000] {logging_mixin.py:190} INFO - [2025-08-16T12:33:05.439+0000] {override.py:1912} INFO - Created Permission View: can create on DAG Run:example_display_name
[2025-08-16T12:33:05.440+0000] {logging_mixin.py:190} INFO - [2025-08-16T12:33:05.440+0000] {dag.py:3239} INFO - Sync 1 DAGs
[2025-08-16T12:33:05.448+0000] {logging_mixin.py:190} INFO - [2025-08-16T12:33:05.447+0000] {dag.py:3262} INFO - Creating ORM DAG for example_display_name
[2025-08-16T12:33:05.449+0000] {logging_mixin.py:190} INFO - [2025-08-16T12:33:05.449+0000] {dag.py:4180} INFO - Setting next_dagrun for example_display_name to None, run_after=None
[2025-08-16T12:33:05.458+0000] {processor.py:208} INFO - Processing /home/airflow/.local/lib/python3.12/site-packages/airflow/example_dags/example_display_name.py took 0.312 seconds
[2025-08-16T12:33:36.173+0000] {processor.py:186} INFO - Started process (PID=151) to work on /home/airflow/.local/lib/python3.12/site-packages/airflow/example_dags/example_display_name.py
[2025-08-16T12:33:36.173+0000] {processor.py:914} INFO - Processing file /home/airflow/.local/lib/python3.12/site-packages/airflow/example_dags/example_display_name.py for tasks to queue
[2025-08-16T12:33:36.176+0000] {logging_mixin.py:190} INFO - [2025-08-16T12:33:36.175+0000] {dagbag.py:588} INFO - Filling up the DagBag from /home/airflow/.local/lib/python3.12/site-packages/airflow/example_dags/example_display_name.py
[2025-08-16T12:33:36.184+0000] {processor.py:925} INFO - DAG(s) 'example_display_name' retrieved from /home/airflow/.local/lib/python3.12/site-packages/airflow/example_dags/example_display_name.py
[2025-08-16T12:33:36.201+0000] {logging_mixin.py:190} INFO - [2025-08-16T12:33:36.201+0000] {dag.py:3239} INFO - Sync 1 DAGs
[2025-08-16T12:33:36.212+0000] {logging_mixin.py:190} INFO - [2025-08-16T12:33:36.212+0000] {dag.py:4180} INFO - Setting next_dagrun for example_display_name to None, run_after=None
[2025-08-16T12:33:36.224+0000] {processor.py:208} INFO - Processing /home/airflow/.local/lib/python3.12/site-packages/airflow/example_dags/example_display_name.py took 0.055 seconds
[2025-08-16T12:34:06.337+0000] {processor.py:186} INFO - Started process (PID=213) to work on /home/airflow/.local/lib/python3.12/site-packages/airflow/example_dags/example_display_name.py
[2025-08-16T12:34:06.338+0000] {processor.py:914} INFO - Processing file /home/airflow/.local/lib/python3.12/site-packages/airflow/example_dags/example_display_name.py for tasks to queue
[2025-08-16T12:34:06.340+0000] {logging_mixin.py:190} INFO - [2025-08-16T12:34:06.339+0000] {dagbag.py:588} INFO - Filling up the DagBag from /home/airflow/.local/lib/python3.12/site-packages/airflow/example_dags/example_display_name.py
[2025-08-16T12:34:06.344+0000] {processor.py:925} INFO - DAG(s) 'example_display_name' retrieved from /home/airflow/.local/lib/python3.12/site-packages/airflow/example_dags/example_display_name.py
[2025-08-16T12:34:06.356+0000] {logging_mixin.py:190} INFO - [2025-08-16T12:34:06.356+0000] {dag.py:3239} INFO - Sync 1 DAGs
[2025-08-16T12:34:06.365+0000] {logging_mixin.py:190} INFO - [2025-08-16T12:34:06.365+0000] {dag.py:4180} INFO - Setting next_dagrun for example_display_name to None, run_after=None
[2025-08-16T12:34:06.375+0000] {processor.py:208} INFO - Processing /home/airflow/.local/lib/python3.12/site-packages/airflow/example_dags/example_display_name.py took 0.041 seconds
[2025-08-16T12:34:36.550+0000] {processor.py:186} INFO - Started process (PID=276) to work on /home/airflow/.local/lib/python3.12/site-packages/airflow/example_dags/example_display_name.py
[2025-08-16T12:34:36.551+0000] {processor.py:914} INFO - Processing file /home/airflow/.local/lib/python3.12/site-packages/airflow/example_dags/example_display_name.py for tasks to queue
[2025-08-16T12:34:36.553+0000] {logging_mixin.py:190} INFO - [2025-08-16T12:34:36.553+0000] {dagbag.py:588} INFO - Filling up the DagBag from /home/airflow/.local/lib/python3.12/site-packages/airflow/example_dags/example_display_name.py
[2025-08-16T12:34:36.557+0000] {processor.py:925} INFO - DAG(s) 'example_display_name' retrieved from /home/airflow/.local/lib/python3.12/site-packages/airflow/example_dags/example_display_name.py
[2025-08-16T12:34:36.573+0000] {logging_mixin.py:190} INFO - [2025-08-16T12:34:36.573+0000] {dag.py:3239} INFO - Sync 1 DAGs
[2025-08-16T12:34:36.580+0000] {logging_mixin.py:190} INFO - [2025-08-16T12:34:36.580+0000] {dag.py:4180} INFO - Setting next_dagrun for example_display_name to None, run_after=None
[2025-08-16T12:34:36.590+0000] {processor.py:208} INFO - Processing /home/airflow/.local/lib/python3.12/site-packages/airflow/example_dags/example_display_name.py took 0.044 seconds
[2025-08-16T12:35:07.088+0000] {processor.py:186} INFO - Started process (PID=339) to work on /home/airflow/.local/lib/python3.12/site-packages/airflow/example_dags/example_display_name.py
[2025-08-16T12:35:07.090+0000] {processor.py:914} INFO - Processing file /home/airflow/.local/lib/python3.12/site-packages/airflow/example_dags/example_display_name.py for tasks to queue
[2025-08-16T12:35:07.093+0000] {logging_mixin.py:190} INFO - [2025-08-16T12:35:07.093+0000] {dagbag.py:588} INFO - Filling up the DagBag from /home/airflow/.local/lib/python3.12/site-packages/airflow/example_dags/example_display_name.py
[2025-08-16T12:35:07.100+0000] {processor.py:925} INFO - DAG(s) 'example_display_name' retrieved from /home/airflow/.local/lib/python3.12/site-packages/airflow/example_dags/example_display_name.py
[2025-08-16T12:35:07.119+0000] {logging_mixin.py:190} INFO - [2025-08-16T12:35:07.118+0000] {dag.py:3239} INFO - Sync 1 DAGs
[2025-08-16T12:35:07.130+0000] {logging_mixin.py:190} INFO - [2025-08-16T12:35:07.130+0000] {dag.py:4180} INFO - Setting next_dagrun for example_display_name to None, run_after=None
[2025-08-16T12:35:07.142+0000] {processor.py:208} INFO - Processing /home/airflow/.local/lib/python3.12/site-packages/airflow/example_dags/example_display_name.py took 0.059 seconds
[2025-08-16T12:35:37.511+0000] {processor.py:186} INFO - Started process (PID=400) to work on /home/airflow/.local/lib/python3.12/site-packages/airflow/example_dags/example_display_name.py
[2025-08-16T12:35:37.516+0000] {processor.py:914} INFO - Processing file /home/airflow/.local/lib/python3.12/site-packages/airflow/example_dags/example_display_name.py for tasks to queue
[2025-08-16T12:35:37.518+0000] {logging_mixin.py:190} INFO - [2025-08-16T12:35:37.517+0000] {dagbag.py:588} INFO - Filling up the DagBag from /home/airflow/.local/lib/python3.12/site-packages/airflow/example_dags/example_display_name.py
[2025-08-16T12:35:37.523+0000] {processor.py:925} INFO - DAG(s) 'example_display_name' retrieved from /home/airflow/.local/lib/python3.12/site-packages/airflow/example_dags/example_display_name.py
[2025-08-16T12:35:37.538+0000] {logging_mixin.py:190} INFO - [2025-08-16T12:35:37.538+0000] {dag.py:3239} INFO - Sync 1 DAGs
[2025-08-16T12:35:37.546+0000] {logging_mixin.py:190} INFO - [2025-08-16T12:35:37.546+0000] {dag.py:4180} INFO - Setting next_dagrun for example_display_name to None, run_after=None
[2025-08-16T12:35:37.558+0000] {processor.py:208} INFO - Processing /home/airflow/.local/lib/python3.12/site-packages/airflow/example_dags/example_display_name.py took 0.052 seconds
[2025-08-16T12:36:08.815+0000] {processor.py:186} INFO - Started process (PID=464) to work on /home/airflow/.local/lib/python3.12/site-packages/airflow/example_dags/example_display_name.py
[2025-08-16T12:36:08.816+0000] {processor.py:914} INFO - Processing file /home/airflow/.local/lib/python3.12/site-packages/airflow/example_dags/example_display_name.py for tasks to queue
[2025-08-16T12:36:08.818+0000] {logging_mixin.py:190} INFO - [2025-08-16T12:36:08.817+0000] {dagbag.py:588} INFO - Filling up the DagBag from /home/airflow/.local/lib/python3.12/site-packages/airflow/example_dags/example_display_name.py
[2025-08-16T12:36:08.822+0000] {processor.py:925} INFO - DAG(s) 'example_display_name' retrieved from /home/airflow/.local/lib/python3.12/site-packages/airflow/example_dags/example_display_name.py
[2025-08-16T12:36:08.834+0000] {logging_mixin.py:190} INFO - [2025-08-16T12:36:08.834+0000] {dag.py:3239} INFO - Sync 1 DAGs
[2025-08-16T12:36:08.842+0000] {logging_mixin.py:190} INFO - [2025-08-16T12:36:08.842+0000] {dag.py:4180} INFO - Setting next_dagrun for example_display_name to None, run_after=None
[2025-08-16T12:36:08.851+0000] {processor.py:208} INFO - Processing /home/airflow/.local/lib/python3.12/site-packages/airflow/example_dags/example_display_name.py took 0.038 seconds
[2025-08-16T12:36:40.260+0000] {processor.py:186} INFO - Started process (PID=527) to work on /home/airflow/.local/lib/python3.12/site-packages/airflow/example_dags/example_display_name.py
[2025-08-16T12:36:40.261+0000] {processor.py:914} INFO - Processing file /home/airflow/.local/lib/python3.12/site-packages/airflow/example_dags/example_display_name.py for tasks to queue
[2025-08-16T12:36:40.263+0000] {logging_mixin.py:190} INFO - [2025-08-16T12:36:40.263+0000] {dagbag.py:588} INFO - Filling up the DagBag from /home/airflow/.local/lib/python3.12/site-packages/airflow/example_dags/example_display_name.py
[2025-08-16T12:36:40.270+0000] {processor.py:925} INFO - DAG(s) 'example_display_name' retrieved from /home/airflow/.local/lib/python3.12/site-packages/airflow/example_dags/example_display_name.py
[2025-08-16T12:36:40.281+0000] {logging_mixin.py:190} INFO - [2025-08-16T12:36:40.280+0000] {dag.py:3239} INFO - Sync 1 DAGs
[2025-08-16T12:36:40.289+0000] {logging_mixin.py:190} INFO - [2025-08-16T12:36:40.289+0000] {dag.py:4180} INFO - Setting next_dagrun for example_display_name to None, run_after=None
[2025-08-16T12:36:40.301+0000] {processor.py:208} INFO - Processing /home/airflow/.local/lib/python3.12/site-packages/airflow/example_dags/example_display_name.py took 0.044 seconds
