[2025-08-16T12:33:05.486+0000] {processor.py:186} INFO - Started process (PID=89) to work on /home/airflow/.local/lib/python3.12/site-packages/airflow/example_dags/example_branch_labels.py
[2025-08-16T12:33:05.487+0000] {processor.py:914} INFO - Processing file /home/airflow/.local/lib/python3.12/site-packages/airflow/example_dags/example_branch_labels.py for tasks to queue
[2025-08-16T12:33:05.489+0000] {logging_mixin.py:190} INFO - [2025-08-16T12:33:05.489+0000] {dagbag.py:588} INFO - Filling up the DagBag from /home/airflow/.local/lib/python3.12/site-packages/airflow/example_dags/example_branch_labels.py
[2025-08-16T12:33:05.497+0000] {processor.py:925} INFO - DAG(s) 'example_branch_labels' retrieved from /home/airflow/.local/lib/python3.12/site-packages/airflow/example_dags/example_branch_labels.py
[2025-08-16T12:33:05.585+0000] {logging_mixin.py:190} INFO - [2025-08-16T12:33:05.585+0000] {override.py:1912} INFO - Created Permission View: can delete on DAG:example_branch_labels
[2025-08-16T12:33:05.591+0000] {logging_mixin.py:190} INFO - [2025-08-16T12:33:05.591+0000] {override.py:1912} INFO - Created Permission View: can read on DAG:example_branch_labels
[2025-08-16T12:33:05.594+0000] {logging_mixin.py:190} INFO - [2025-08-16T12:33:05.593+0000] {override.py:1912} INFO - Created Permission View: can edit on DAG:example_branch_labels
[2025-08-16T12:33:05.596+0000] {logging_mixin.py:190} INFO - [2025-08-16T12:33:05.596+0000] {override.py:1912} INFO - Created Permission View: can delete on DAG Run:example_branch_labels
[2025-08-16T12:33:05.599+0000] {logging_mixin.py:190} INFO - [2025-08-16T12:33:05.598+0000] {override.py:1912} INFO - Created Permission View: menu access on DAG Run:example_branch_labels
[2025-08-16T12:33:05.601+0000] {logging_mixin.py:190} INFO - [2025-08-16T12:33:05.601+0000] {override.py:1912} INFO - Created Permission View: can read on DAG Run:example_branch_labels
[2025-08-16T12:33:05.603+0000] {logging_mixin.py:190} INFO - [2025-08-16T12:33:05.603+0000] {override.py:1912} INFO - Created Permission View: can create on DAG Run:example_branch_labels
[2025-08-16T12:33:05.604+0000] {logging_mixin.py:190} INFO - [2025-08-16T12:33:05.603+0000] {dag.py:3239} INFO - Sync 1 DAGs
[2025-08-16T12:33:05.616+0000] {logging_mixin.py:190} INFO - [2025-08-16T12:33:05.616+0000] {dag.py:3262} INFO - Creating ORM DAG for example_branch_labels
[2025-08-16T12:33:05.623+0000] {logging_mixin.py:190} INFO - [2025-08-16T12:33:05.623+0000] {dag.py:4180} INFO - Setting next_dagrun for example_branch_labels to 2025-08-15 00:00:00+00:00, run_after=2025-08-16 00:00:00+00:00
[2025-08-16T12:33:05.631+0000] {processor.py:208} INFO - Processing /home/airflow/.local/lib/python3.12/site-packages/airflow/example_dags/example_branch_labels.py took 0.154 seconds
[2025-08-16T12:33:36.237+0000] {processor.py:186} INFO - Started process (PID=152) to work on /home/airflow/.local/lib/python3.12/site-packages/airflow/example_dags/example_branch_labels.py
[2025-08-16T12:33:36.238+0000] {processor.py:914} INFO - Processing file /home/airflow/.local/lib/python3.12/site-packages/airflow/example_dags/example_branch_labels.py for tasks to queue
[2025-08-16T12:33:36.239+0000] {logging_mixin.py:190} INFO - [2025-08-16T12:33:36.239+0000] {dagbag.py:588} INFO - Filling up the DagBag from /home/airflow/.local/lib/python3.12/site-packages/airflow/example_dags/example_branch_labels.py
[2025-08-16T12:33:36.252+0000] {processor.py:925} INFO - DAG(s) 'example_branch_labels' retrieved from /home/airflow/.local/lib/python3.12/site-packages/airflow/example_dags/example_branch_labels.py
[2025-08-16T12:33:36.273+0000] {logging_mixin.py:190} INFO - [2025-08-16T12:33:36.273+0000] {dag.py:3239} INFO - Sync 1 DAGs
[2025-08-16T12:33:36.287+0000] {logging_mixin.py:190} INFO - [2025-08-16T12:33:36.286+0000] {dag.py:4180} INFO - Setting next_dagrun for example_branch_labels to 2025-08-15 00:00:00+00:00, run_after=2025-08-16 00:00:00+00:00
[2025-08-16T12:33:36.296+0000] {processor.py:208} INFO - Processing /home/airflow/.local/lib/python3.12/site-packages/airflow/example_dags/example_branch_labels.py took 0.062 seconds
[2025-08-16T12:34:06.341+0000] {processor.py:186} INFO - Started process (PID=214) to work on /home/airflow/.local/lib/python3.12/site-packages/airflow/example_dags/example_branch_labels.py
[2025-08-16T12:34:06.344+0000] {processor.py:914} INFO - Processing file /home/airflow/.local/lib/python3.12/site-packages/airflow/example_dags/example_branch_labels.py for tasks to queue
[2025-08-16T12:34:06.346+0000] {logging_mixin.py:190} INFO - [2025-08-16T12:34:06.346+0000] {dagbag.py:588} INFO - Filling up the DagBag from /home/airflow/.local/lib/python3.12/site-packages/airflow/example_dags/example_branch_labels.py
[2025-08-16T12:34:06.353+0000] {processor.py:925} INFO - DAG(s) 'example_branch_labels' retrieved from /home/airflow/.local/lib/python3.12/site-packages/airflow/example_dags/example_branch_labels.py
[2025-08-16T12:34:06.365+0000] {logging_mixin.py:190} INFO - [2025-08-16T12:34:06.365+0000] {dag.py:3239} INFO - Sync 1 DAGs
[2025-08-16T12:34:06.380+0000] {logging_mixin.py:190} INFO - [2025-08-16T12:34:06.379+0000] {dag.py:4180} INFO - Setting next_dagrun for example_branch_labels to 2025-08-15 00:00:00+00:00, run_after=2025-08-16 00:00:00+00:00
[2025-08-16T12:34:06.394+0000] {processor.py:208} INFO - Processing /home/airflow/.local/lib/python3.12/site-packages/airflow/example_dags/example_branch_labels.py took 0.057 seconds
[2025-08-16T12:34:36.571+0000] {processor.py:186} INFO - Started process (PID=277) to work on /home/airflow/.local/lib/python3.12/site-packages/airflow/example_dags/example_branch_labels.py
[2025-08-16T12:34:36.572+0000] {processor.py:914} INFO - Processing file /home/airflow/.local/lib/python3.12/site-packages/airflow/example_dags/example_branch_labels.py for tasks to queue
[2025-08-16T12:34:36.574+0000] {logging_mixin.py:190} INFO - [2025-08-16T12:34:36.573+0000] {dagbag.py:588} INFO - Filling up the DagBag from /home/airflow/.local/lib/python3.12/site-packages/airflow/example_dags/example_branch_labels.py
[2025-08-16T12:34:36.582+0000] {processor.py:925} INFO - DAG(s) 'example_branch_labels' retrieved from /home/airflow/.local/lib/python3.12/site-packages/airflow/example_dags/example_branch_labels.py
[2025-08-16T12:34:36.594+0000] {logging_mixin.py:190} INFO - [2025-08-16T12:34:36.594+0000] {dag.py:3239} INFO - Sync 1 DAGs
[2025-08-16T12:34:36.610+0000] {logging_mixin.py:190} INFO - [2025-08-16T12:34:36.609+0000] {dag.py:4180} INFO - Setting next_dagrun for example_branch_labels to 2025-08-15 00:00:00+00:00, run_after=2025-08-16 00:00:00+00:00
[2025-08-16T12:34:36.618+0000] {processor.py:208} INFO - Processing /home/airflow/.local/lib/python3.12/site-packages/airflow/example_dags/example_branch_labels.py took 0.051 seconds
[2025-08-16T12:35:07.162+0000] {processor.py:186} INFO - Started process (PID=340) to work on /home/airflow/.local/lib/python3.12/site-packages/airflow/example_dags/example_branch_labels.py
[2025-08-16T12:35:07.163+0000] {processor.py:914} INFO - Processing file /home/airflow/.local/lib/python3.12/site-packages/airflow/example_dags/example_branch_labels.py for tasks to queue
[2025-08-16T12:35:07.165+0000] {logging_mixin.py:190} INFO - [2025-08-16T12:35:07.165+0000] {dagbag.py:588} INFO - Filling up the DagBag from /home/airflow/.local/lib/python3.12/site-packages/airflow/example_dags/example_branch_labels.py
[2025-08-16T12:35:07.175+0000] {processor.py:925} INFO - DAG(s) 'example_branch_labels' retrieved from /home/airflow/.local/lib/python3.12/site-packages/airflow/example_dags/example_branch_labels.py
[2025-08-16T12:35:07.217+0000] {logging_mixin.py:190} INFO - [2025-08-16T12:35:07.216+0000] {dag.py:3239} INFO - Sync 1 DAGs
[2025-08-16T12:35:07.259+0000] {logging_mixin.py:190} INFO - [2025-08-16T12:35:07.258+0000] {dag.py:4180} INFO - Setting next_dagrun for example_branch_labels to 2025-08-15 00:00:00+00:00, run_after=2025-08-16 00:00:00+00:00
[2025-08-16T12:35:07.274+0000] {processor.py:208} INFO - Processing /home/airflow/.local/lib/python3.12/site-packages/airflow/example_dags/example_branch_labels.py took 0.118 seconds
[2025-08-16T12:35:37.524+0000] {processor.py:186} INFO - Started process (PID=401) to work on /home/airflow/.local/lib/python3.12/site-packages/airflow/example_dags/example_branch_labels.py
[2025-08-16T12:35:37.527+0000] {processor.py:914} INFO - Processing file /home/airflow/.local/lib/python3.12/site-packages/airflow/example_dags/example_branch_labels.py for tasks to queue
[2025-08-16T12:35:37.528+0000] {logging_mixin.py:190} INFO - [2025-08-16T12:35:37.528+0000] {dagbag.py:588} INFO - Filling up the DagBag from /home/airflow/.local/lib/python3.12/site-packages/airflow/example_dags/example_branch_labels.py
[2025-08-16T12:35:37.537+0000] {processor.py:925} INFO - DAG(s) 'example_branch_labels' retrieved from /home/airflow/.local/lib/python3.12/site-packages/airflow/example_dags/example_branch_labels.py
[2025-08-16T12:35:37.549+0000] {logging_mixin.py:190} INFO - [2025-08-16T12:35:37.549+0000] {dag.py:3239} INFO - Sync 1 DAGs
[2025-08-16T12:35:37.569+0000] {logging_mixin.py:190} INFO - [2025-08-16T12:35:37.569+0000] {dag.py:4180} INFO - Setting next_dagrun for example_branch_labels to 2025-08-15 00:00:00+00:00, run_after=2025-08-16 00:00:00+00:00
[2025-08-16T12:35:37.589+0000] {processor.py:208} INFO - Processing /home/airflow/.local/lib/python3.12/site-packages/airflow/example_dags/example_branch_labels.py took 0.070 seconds
[2025-08-16T12:36:08.836+0000] {processor.py:186} INFO - Started process (PID=465) to work on /home/airflow/.local/lib/python3.12/site-packages/airflow/example_dags/example_branch_labels.py
[2025-08-16T12:36:08.838+0000] {processor.py:914} INFO - Processing file /home/airflow/.local/lib/python3.12/site-packages/airflow/example_dags/example_branch_labels.py for tasks to queue
[2025-08-16T12:36:08.839+0000] {logging_mixin.py:190} INFO - [2025-08-16T12:36:08.839+0000] {dagbag.py:588} INFO - Filling up the DagBag from /home/airflow/.local/lib/python3.12/site-packages/airflow/example_dags/example_branch_labels.py
[2025-08-16T12:36:08.844+0000] {processor.py:925} INFO - DAG(s) 'example_branch_labels' retrieved from /home/airflow/.local/lib/python3.12/site-packages/airflow/example_dags/example_branch_labels.py
[2025-08-16T12:36:08.857+0000] {logging_mixin.py:190} INFO - [2025-08-16T12:36:08.857+0000] {dag.py:3239} INFO - Sync 1 DAGs
[2025-08-16T12:36:08.872+0000] {logging_mixin.py:190} INFO - [2025-08-16T12:36:08.872+0000] {dag.py:4180} INFO - Setting next_dagrun for example_branch_labels to 2025-08-15 00:00:00+00:00, run_after=2025-08-16 00:00:00+00:00
[2025-08-16T12:36:08.884+0000] {processor.py:208} INFO - Processing /home/airflow/.local/lib/python3.12/site-packages/airflow/example_dags/example_branch_labels.py took 0.050 seconds
[2025-08-16T12:36:40.307+0000] {processor.py:186} INFO - Started process (PID=528) to work on /home/airflow/.local/lib/python3.12/site-packages/airflow/example_dags/example_branch_labels.py
[2025-08-16T12:36:40.308+0000] {processor.py:914} INFO - Processing file /home/airflow/.local/lib/python3.12/site-packages/airflow/example_dags/example_branch_labels.py for tasks to queue
[2025-08-16T12:36:40.310+0000] {logging_mixin.py:190} INFO - [2025-08-16T12:36:40.310+0000] {dagbag.py:588} INFO - Filling up the DagBag from /home/airflow/.local/lib/python3.12/site-packages/airflow/example_dags/example_branch_labels.py
[2025-08-16T12:36:40.318+0000] {processor.py:925} INFO - DAG(s) 'example_branch_labels' retrieved from /home/airflow/.local/lib/python3.12/site-packages/airflow/example_dags/example_branch_labels.py
[2025-08-16T12:36:40.329+0000] {logging_mixin.py:190} INFO - [2025-08-16T12:36:40.329+0000] {dag.py:3239} INFO - Sync 1 DAGs
[2025-08-16T12:36:40.341+0000] {logging_mixin.py:190} INFO - [2025-08-16T12:36:40.340+0000] {dag.py:4180} INFO - Setting next_dagrun for example_branch_labels to 2025-08-15 00:00:00+00:00, run_after=2025-08-16 00:00:00+00:00
[2025-08-16T12:36:40.349+0000] {processor.py:208} INFO - Processing /home/airflow/.local/lib/python3.12/site-packages/airflow/example_dags/example_branch_labels.py took 0.046 seconds
