[2025-08-16T12:32:55.078+0000] {processor.py:186} INFO - Started process (PID=61) to work on /home/airflow/.local/lib/python3.12/site-packages/airflow/example_dags/example_bash_decorator.py
[2025-08-16T12:32:55.084+0000] {processor.py:914} INFO - Processing file /home/airflow/.local/lib/python3.12/site-packages/airflow/example_dags/example_bash_decorator.py for tasks to queue
[2025-08-16T12:32:55.111+0000] {logging_mixin.py:190} INFO - [2025-08-16T12:32:55.109+0000] {dagbag.py:588} INFO - Filling up the DagBag from /home/airflow/.local/lib/python3.12/site-packages/airflow/example_dags/example_bash_decorator.py
[2025-08-16T12:32:55.175+0000] {processor.py:925} INFO - DAG(s) 'example_bash_decorator' retrieved from /home/airflow/.local/lib/python3.12/site-packages/airflow/example_dags/example_bash_decorator.py
[2025-08-16T12:32:55.514+0000] {logging_mixin.py:190} INFO - [2025-08-16T12:32:55.513+0000] {override.py:1912} INFO - Created Permission View: can delete on DAG:example_bash_decorator
[2025-08-16T12:32:55.529+0000] {logging_mixin.py:190} INFO - [2025-08-16T12:32:55.528+0000] {override.py:1912} INFO - Created Permission View: can read on DAG:example_bash_decorator
[2025-08-16T12:32:55.536+0000] {logging_mixin.py:190} INFO - [2025-08-16T12:32:55.536+0000] {override.py:1912} INFO - Created Permission View: can edit on DAG:example_bash_decorator
[2025-08-16T12:32:55.543+0000] {logging_mixin.py:190} INFO - [2025-08-16T12:32:55.543+0000] {override.py:1912} INFO - Created Permission View: can delete on DAG Run:example_bash_decorator
[2025-08-16T12:32:55.554+0000] {logging_mixin.py:190} INFO - [2025-08-16T12:32:55.553+0000] {override.py:1912} INFO - Created Permission View: menu access on DAG Run:example_bash_decorator
[2025-08-16T12:32:55.561+0000] {logging_mixin.py:190} INFO - [2025-08-16T12:32:55.561+0000] {override.py:1912} INFO - Created Permission View: can read on DAG Run:example_bash_decorator
[2025-08-16T12:32:55.571+0000] {logging_mixin.py:190} INFO - [2025-08-16T12:32:55.571+0000] {override.py:1912} INFO - Created Permission View: can create on DAG Run:example_bash_decorator
[2025-08-16T12:32:55.572+0000] {logging_mixin.py:190} INFO - [2025-08-16T12:32:55.572+0000] {dag.py:3239} INFO - Sync 1 DAGs
[2025-08-16T12:32:55.631+0000] {logging_mixin.py:190} INFO - [2025-08-16T12:32:55.630+0000] {dag.py:3262} INFO - Creating ORM DAG for example_bash_decorator
[2025-08-16T12:32:55.632+0000] {logging_mixin.py:190} INFO - [2025-08-16T12:32:55.632+0000] {dag.py:4180} INFO - Setting next_dagrun for example_bash_decorator to None, run_after=None
[2025-08-16T12:32:55.654+0000] {processor.py:208} INFO - Processing /home/airflow/.local/lib/python3.12/site-packages/airflow/example_dags/example_bash_decorator.py took 0.613 seconds
[2025-08-16T12:33:26.238+0000] {processor.py:186} INFO - Started process (PID=123) to work on /home/airflow/.local/lib/python3.12/site-packages/airflow/example_dags/example_bash_decorator.py
[2025-08-16T12:33:26.241+0000] {processor.py:914} INFO - Processing file /home/airflow/.local/lib/python3.12/site-packages/airflow/example_dags/example_bash_decorator.py for tasks to queue
[2025-08-16T12:33:26.243+0000] {logging_mixin.py:190} INFO - [2025-08-16T12:33:26.243+0000] {dagbag.py:588} INFO - Filling up the DagBag from /home/airflow/.local/lib/python3.12/site-packages/airflow/example_dags/example_bash_decorator.py
[2025-08-16T12:33:26.258+0000] {processor.py:925} INFO - DAG(s) 'example_bash_decorator' retrieved from /home/airflow/.local/lib/python3.12/site-packages/airflow/example_dags/example_bash_decorator.py
[2025-08-16T12:33:26.273+0000] {logging_mixin.py:190} INFO - [2025-08-16T12:33:26.273+0000] {dag.py:3239} INFO - Sync 1 DAGs
[2025-08-16T12:33:26.281+0000] {logging_mixin.py:190} INFO - [2025-08-16T12:33:26.281+0000] {dag.py:4180} INFO - Setting next_dagrun for example_bash_decorator to None, run_after=None
[2025-08-16T12:33:26.291+0000] {processor.py:208} INFO - Processing /home/airflow/.local/lib/python3.12/site-packages/airflow/example_dags/example_bash_decorator.py took 0.059 seconds
[2025-08-16T12:33:56.603+0000] {processor.py:186} INFO - Started process (PID=186) to work on /home/airflow/.local/lib/python3.12/site-packages/airflow/example_dags/example_bash_decorator.py
[2025-08-16T12:33:56.604+0000] {processor.py:914} INFO - Processing file /home/airflow/.local/lib/python3.12/site-packages/airflow/example_dags/example_bash_decorator.py for tasks to queue
[2025-08-16T12:33:56.607+0000] {logging_mixin.py:190} INFO - [2025-08-16T12:33:56.607+0000] {dagbag.py:588} INFO - Filling up the DagBag from /home/airflow/.local/lib/python3.12/site-packages/airflow/example_dags/example_bash_decorator.py
[2025-08-16T12:33:56.624+0000] {processor.py:925} INFO - DAG(s) 'example_bash_decorator' retrieved from /home/airflow/.local/lib/python3.12/site-packages/airflow/example_dags/example_bash_decorator.py
[2025-08-16T12:33:56.660+0000] {logging_mixin.py:190} INFO - [2025-08-16T12:33:56.660+0000] {dag.py:3239} INFO - Sync 1 DAGs
[2025-08-16T12:33:56.672+0000] {logging_mixin.py:190} INFO - [2025-08-16T12:33:56.672+0000] {dag.py:4180} INFO - Setting next_dagrun for example_bash_decorator to None, run_after=None
[2025-08-16T12:33:56.689+0000] {processor.py:208} INFO - Processing /home/airflow/.local/lib/python3.12/site-packages/airflow/example_dags/example_bash_decorator.py took 0.092 seconds
[2025-08-16T12:34:27.370+0000] {processor.py:186} INFO - Started process (PID=249) to work on /home/airflow/.local/lib/python3.12/site-packages/airflow/example_dags/example_bash_decorator.py
[2025-08-16T12:34:27.371+0000] {processor.py:914} INFO - Processing file /home/airflow/.local/lib/python3.12/site-packages/airflow/example_dags/example_bash_decorator.py for tasks to queue
[2025-08-16T12:34:27.374+0000] {logging_mixin.py:190} INFO - [2025-08-16T12:34:27.374+0000] {dagbag.py:588} INFO - Filling up the DagBag from /home/airflow/.local/lib/python3.12/site-packages/airflow/example_dags/example_bash_decorator.py
[2025-08-16T12:34:27.400+0000] {processor.py:925} INFO - DAG(s) 'example_bash_decorator' retrieved from /home/airflow/.local/lib/python3.12/site-packages/airflow/example_dags/example_bash_decorator.py
[2025-08-16T12:34:27.425+0000] {logging_mixin.py:190} INFO - [2025-08-16T12:34:27.425+0000] {dag.py:3239} INFO - Sync 1 DAGs
[2025-08-16T12:34:27.438+0000] {logging_mixin.py:190} INFO - [2025-08-16T12:34:27.438+0000] {dag.py:4180} INFO - Setting next_dagrun for example_bash_decorator to None, run_after=None
[2025-08-16T12:34:27.452+0000] {processor.py:208} INFO - Processing /home/airflow/.local/lib/python3.12/site-packages/airflow/example_dags/example_bash_decorator.py took 0.089 seconds
[2025-08-16T12:34:58.188+0000] {processor.py:186} INFO - Started process (PID=312) to work on /home/airflow/.local/lib/python3.12/site-packages/airflow/example_dags/example_bash_decorator.py
[2025-08-16T12:34:58.189+0000] {processor.py:914} INFO - Processing file /home/airflow/.local/lib/python3.12/site-packages/airflow/example_dags/example_bash_decorator.py for tasks to queue
[2025-08-16T12:34:58.190+0000] {logging_mixin.py:190} INFO - [2025-08-16T12:34:58.190+0000] {dagbag.py:588} INFO - Filling up the DagBag from /home/airflow/.local/lib/python3.12/site-packages/airflow/example_dags/example_bash_decorator.py
[2025-08-16T12:34:58.198+0000] {processor.py:925} INFO - DAG(s) 'example_bash_decorator' retrieved from /home/airflow/.local/lib/python3.12/site-packages/airflow/example_dags/example_bash_decorator.py
[2025-08-16T12:34:58.210+0000] {logging_mixin.py:190} INFO - [2025-08-16T12:34:58.210+0000] {dag.py:3239} INFO - Sync 1 DAGs
[2025-08-16T12:34:58.217+0000] {logging_mixin.py:190} INFO - [2025-08-16T12:34:58.217+0000] {dag.py:4180} INFO - Setting next_dagrun for example_bash_decorator to None, run_after=None
[2025-08-16T12:34:58.225+0000] {processor.py:208} INFO - Processing /home/airflow/.local/lib/python3.12/site-packages/airflow/example_dags/example_bash_decorator.py took 0.041 seconds
[2025-08-16T12:35:28.933+0000] {processor.py:186} INFO - Started process (PID=374) to work on /home/airflow/.local/lib/python3.12/site-packages/airflow/example_dags/example_bash_decorator.py
[2025-08-16T12:35:28.934+0000] {processor.py:914} INFO - Processing file /home/airflow/.local/lib/python3.12/site-packages/airflow/example_dags/example_bash_decorator.py for tasks to queue
[2025-08-16T12:35:28.936+0000] {logging_mixin.py:190} INFO - [2025-08-16T12:35:28.936+0000] {dagbag.py:588} INFO - Filling up the DagBag from /home/airflow/.local/lib/python3.12/site-packages/airflow/example_dags/example_bash_decorator.py
[2025-08-16T12:35:28.951+0000] {processor.py:925} INFO - DAG(s) 'example_bash_decorator' retrieved from /home/airflow/.local/lib/python3.12/site-packages/airflow/example_dags/example_bash_decorator.py
[2025-08-16T12:35:28.968+0000] {logging_mixin.py:190} INFO - [2025-08-16T12:35:28.968+0000] {dag.py:3239} INFO - Sync 1 DAGs
[2025-08-16T12:35:28.975+0000] {logging_mixin.py:190} INFO - [2025-08-16T12:35:28.975+0000] {dag.py:4180} INFO - Setting next_dagrun for example_bash_decorator to None, run_after=None
[2025-08-16T12:35:28.984+0000] {processor.py:208} INFO - Processing /home/airflow/.local/lib/python3.12/site-packages/airflow/example_dags/example_bash_decorator.py took 0.058 seconds
[2025-08-16T12:35:59.272+0000] {processor.py:186} INFO - Started process (PID=437) to work on /home/airflow/.local/lib/python3.12/site-packages/airflow/example_dags/example_bash_decorator.py
[2025-08-16T12:35:59.274+0000] {processor.py:914} INFO - Processing file /home/airflow/.local/lib/python3.12/site-packages/airflow/example_dags/example_bash_decorator.py for tasks to queue
[2025-08-16T12:35:59.277+0000] {logging_mixin.py:190} INFO - [2025-08-16T12:35:59.276+0000] {dagbag.py:588} INFO - Filling up the DagBag from /home/airflow/.local/lib/python3.12/site-packages/airflow/example_dags/example_bash_decorator.py
[2025-08-16T12:35:59.292+0000] {processor.py:925} INFO - DAG(s) 'example_bash_decorator' retrieved from /home/airflow/.local/lib/python3.12/site-packages/airflow/example_dags/example_bash_decorator.py
[2025-08-16T12:35:59.308+0000] {logging_mixin.py:190} INFO - [2025-08-16T12:35:59.308+0000] {dag.py:3239} INFO - Sync 1 DAGs
[2025-08-16T12:35:59.316+0000] {logging_mixin.py:190} INFO - [2025-08-16T12:35:59.316+0000] {dag.py:4180} INFO - Setting next_dagrun for example_bash_decorator to None, run_after=None
[2025-08-16T12:35:59.324+0000] {processor.py:208} INFO - Processing /home/airflow/.local/lib/python3.12/site-packages/airflow/example_dags/example_bash_decorator.py took 0.060 seconds
[2025-08-16T12:36:29.605+0000] {processor.py:186} INFO - Started process (PID=500) to work on /home/airflow/.local/lib/python3.12/site-packages/airflow/example_dags/example_bash_decorator.py
[2025-08-16T12:36:29.607+0000] {processor.py:914} INFO - Processing file /home/airflow/.local/lib/python3.12/site-packages/airflow/example_dags/example_bash_decorator.py for tasks to queue
[2025-08-16T12:36:29.610+0000] {logging_mixin.py:190} INFO - [2025-08-16T12:36:29.610+0000] {dagbag.py:588} INFO - Filling up the DagBag from /home/airflow/.local/lib/python3.12/site-packages/airflow/example_dags/example_bash_decorator.py
[2025-08-16T12:36:29.626+0000] {processor.py:925} INFO - DAG(s) 'example_bash_decorator' retrieved from /home/airflow/.local/lib/python3.12/site-packages/airflow/example_dags/example_bash_decorator.py
[2025-08-16T12:36:29.644+0000] {logging_mixin.py:190} INFO - [2025-08-16T12:36:29.644+0000] {dag.py:3239} INFO - Sync 1 DAGs
[2025-08-16T12:36:29.654+0000] {logging_mixin.py:190} INFO - [2025-08-16T12:36:29.653+0000] {dag.py:4180} INFO - Setting next_dagrun for example_bash_decorator to None, run_after=None
[2025-08-16T12:36:29.664+0000] {processor.py:208} INFO - Processing /home/airflow/.local/lib/python3.12/site-packages/airflow/example_dags/example_bash_decorator.py took 0.072 seconds
