[2025-08-16T12:33:05.970+0000] {processor.py:186} INFO - Started process (PID=95) to work on /home/airflow/.local/lib/python3.12/site-packages/airflow/example_dags/example_python_operator.py
[2025-08-16T12:33:05.970+0000] {processor.py:914} INFO - Processing file /home/airflow/.local/lib/python3.12/site-packages/airflow/example_dags/example_python_operator.py for tasks to queue
[2025-08-16T12:33:05.972+0000] {logging_mixin.py:190} INFO - [2025-08-16T12:33:05.971+0000] {dagbag.py:588} INFO - Filling up the DagBag from /home/airflow/.local/lib/python3.12/site-packages/airflow/example_dags/example_python_operator.py
[2025-08-16T12:33:05.987+0000] {processor.py:925} INFO - DAG(s) 'example_python_operator' retrieved from /home/airflow/.local/lib/python3.12/site-packages/airflow/example_dags/example_python_operator.py
[2025-08-16T12:33:06.074+0000] {logging_mixin.py:190} INFO - [2025-08-16T12:33:06.073+0000] {override.py:1912} INFO - Created Permission View: can delete on DAG:example_python_operator
[2025-08-16T12:33:06.082+0000] {logging_mixin.py:190} INFO - [2025-08-16T12:33:06.081+0000] {override.py:1912} INFO - Created Permission View: can read on DAG:example_python_operator
[2025-08-16T12:33:06.085+0000] {logging_mixin.py:190} INFO - [2025-08-16T12:33:06.084+0000] {override.py:1912} INFO - Created Permission View: can edit on DAG:example_python_operator
[2025-08-16T12:33:06.087+0000] {logging_mixin.py:190} INFO - [2025-08-16T12:33:06.087+0000] {override.py:1912} INFO - Created Permission View: can delete on DAG Run:example_python_operator
[2025-08-16T12:33:06.090+0000] {logging_mixin.py:190} INFO - [2025-08-16T12:33:06.090+0000] {override.py:1912} INFO - Created Permission View: menu access on DAG Run:example_python_operator
[2025-08-16T12:33:06.094+0000] {logging_mixin.py:190} INFO - [2025-08-16T12:33:06.094+0000] {override.py:1912} INFO - Created Permission View: can read on DAG Run:example_python_operator
[2025-08-16T12:33:06.096+0000] {logging_mixin.py:190} INFO - [2025-08-16T12:33:06.096+0000] {override.py:1912} INFO - Created Permission View: can create on DAG Run:example_python_operator
[2025-08-16T12:33:06.096+0000] {logging_mixin.py:190} INFO - [2025-08-16T12:33:06.096+0000] {dag.py:3239} INFO - Sync 1 DAGs
[2025-08-16T12:33:06.102+0000] {logging_mixin.py:190} INFO - [2025-08-16T12:33:06.102+0000] {dag.py:3262} INFO - Creating ORM DAG for example_python_operator
[2025-08-16T12:33:06.103+0000] {logging_mixin.py:190} INFO - [2025-08-16T12:33:06.103+0000] {dag.py:4180} INFO - Setting next_dagrun for example_python_operator to None, run_after=None
[2025-08-16T12:33:06.111+0000] {processor.py:208} INFO - Processing /home/airflow/.local/lib/python3.12/site-packages/airflow/example_dags/example_python_operator.py took 0.145 seconds
[2025-08-16T12:33:36.641+0000] {processor.py:186} INFO - Started process (PID=158) to work on /home/airflow/.local/lib/python3.12/site-packages/airflow/example_dags/example_python_operator.py
[2025-08-16T12:33:36.642+0000] {processor.py:914} INFO - Processing file /home/airflow/.local/lib/python3.12/site-packages/airflow/example_dags/example_python_operator.py for tasks to queue
[2025-08-16T12:33:36.645+0000] {logging_mixin.py:190} INFO - [2025-08-16T12:33:36.644+0000] {dagbag.py:588} INFO - Filling up the DagBag from /home/airflow/.local/lib/python3.12/site-packages/airflow/example_dags/example_python_operator.py
[2025-08-16T12:33:36.652+0000] {processor.py:925} INFO - DAG(s) 'example_python_operator' retrieved from /home/airflow/.local/lib/python3.12/site-packages/airflow/example_dags/example_python_operator.py
[2025-08-16T12:33:36.664+0000] {logging_mixin.py:190} INFO - [2025-08-16T12:33:36.664+0000] {dag.py:3239} INFO - Sync 1 DAGs
[2025-08-16T12:33:36.672+0000] {logging_mixin.py:190} INFO - [2025-08-16T12:33:36.672+0000] {dag.py:4180} INFO - Setting next_dagrun for example_python_operator to None, run_after=None
[2025-08-16T12:33:36.682+0000] {processor.py:208} INFO - Processing /home/airflow/.local/lib/python3.12/site-packages/airflow/example_dags/example_python_operator.py took 0.047 seconds
[2025-08-16T12:34:07.745+0000] {processor.py:186} INFO - Started process (PID=221) to work on /home/airflow/.local/lib/python3.12/site-packages/airflow/example_dags/example_python_operator.py
[2025-08-16T12:34:07.746+0000] {processor.py:914} INFO - Processing file /home/airflow/.local/lib/python3.12/site-packages/airflow/example_dags/example_python_operator.py for tasks to queue
[2025-08-16T12:34:07.748+0000] {logging_mixin.py:190} INFO - [2025-08-16T12:34:07.748+0000] {dagbag.py:588} INFO - Filling up the DagBag from /home/airflow/.local/lib/python3.12/site-packages/airflow/example_dags/example_python_operator.py
[2025-08-16T12:34:07.758+0000] {processor.py:925} INFO - DAG(s) 'example_python_operator' retrieved from /home/airflow/.local/lib/python3.12/site-packages/airflow/example_dags/example_python_operator.py
[2025-08-16T12:34:07.774+0000] {logging_mixin.py:190} INFO - [2025-08-16T12:34:07.774+0000] {dag.py:3239} INFO - Sync 1 DAGs
[2025-08-16T12:34:07.783+0000] {logging_mixin.py:190} INFO - [2025-08-16T12:34:07.783+0000] {dag.py:4180} INFO - Setting next_dagrun for example_python_operator to None, run_after=None
[2025-08-16T12:34:07.793+0000] {processor.py:208} INFO - Processing /home/airflow/.local/lib/python3.12/site-packages/airflow/example_dags/example_python_operator.py took 0.052 seconds
[2025-08-16T12:34:37.887+0000] {processor.py:186} INFO - Started process (PID=283) to work on /home/airflow/.local/lib/python3.12/site-packages/airflow/example_dags/example_python_operator.py
[2025-08-16T12:34:37.888+0000] {processor.py:914} INFO - Processing file /home/airflow/.local/lib/python3.12/site-packages/airflow/example_dags/example_python_operator.py for tasks to queue
[2025-08-16T12:34:37.889+0000] {logging_mixin.py:190} INFO - [2025-08-16T12:34:37.889+0000] {dagbag.py:588} INFO - Filling up the DagBag from /home/airflow/.local/lib/python3.12/site-packages/airflow/example_dags/example_python_operator.py
[2025-08-16T12:34:37.909+0000] {processor.py:925} INFO - DAG(s) 'example_python_operator' retrieved from /home/airflow/.local/lib/python3.12/site-packages/airflow/example_dags/example_python_operator.py
[2025-08-16T12:34:37.944+0000] {logging_mixin.py:190} INFO - [2025-08-16T12:34:37.944+0000] {dag.py:3239} INFO - Sync 1 DAGs
[2025-08-16T12:34:37.953+0000] {logging_mixin.py:190} INFO - [2025-08-16T12:34:37.952+0000] {dag.py:4180} INFO - Setting next_dagrun for example_python_operator to None, run_after=None
[2025-08-16T12:34:37.962+0000] {processor.py:208} INFO - Processing /home/airflow/.local/lib/python3.12/site-packages/airflow/example_dags/example_python_operator.py took 0.081 seconds
[2025-08-16T12:35:08.739+0000] {processor.py:186} INFO - Started process (PID=346) to work on /home/airflow/.local/lib/python3.12/site-packages/airflow/example_dags/example_python_operator.py
[2025-08-16T12:35:08.740+0000] {processor.py:914} INFO - Processing file /home/airflow/.local/lib/python3.12/site-packages/airflow/example_dags/example_python_operator.py for tasks to queue
[2025-08-16T12:35:08.742+0000] {logging_mixin.py:190} INFO - [2025-08-16T12:35:08.742+0000] {dagbag.py:588} INFO - Filling up the DagBag from /home/airflow/.local/lib/python3.12/site-packages/airflow/example_dags/example_python_operator.py
[2025-08-16T12:35:08.758+0000] {processor.py:925} INFO - DAG(s) 'example_python_operator' retrieved from /home/airflow/.local/lib/python3.12/site-packages/airflow/example_dags/example_python_operator.py
[2025-08-16T12:35:08.772+0000] {logging_mixin.py:190} INFO - [2025-08-16T12:35:08.771+0000] {dag.py:3239} INFO - Sync 1 DAGs
[2025-08-16T12:35:08.780+0000] {logging_mixin.py:190} INFO - [2025-08-16T12:35:08.779+0000] {dag.py:4180} INFO - Setting next_dagrun for example_python_operator to None, run_after=None
[2025-08-16T12:35:08.792+0000] {processor.py:208} INFO - Processing /home/airflow/.local/lib/python3.12/site-packages/airflow/example_dags/example_python_operator.py took 0.057 seconds
[2025-08-16T12:35:39.008+0000] {processor.py:186} INFO - Started process (PID=408) to work on /home/airflow/.local/lib/python3.12/site-packages/airflow/example_dags/example_python_operator.py
[2025-08-16T12:35:39.009+0000] {processor.py:914} INFO - Processing file /home/airflow/.local/lib/python3.12/site-packages/airflow/example_dags/example_python_operator.py for tasks to queue
[2025-08-16T12:35:39.011+0000] {logging_mixin.py:190} INFO - [2025-08-16T12:35:39.011+0000] {dagbag.py:588} INFO - Filling up the DagBag from /home/airflow/.local/lib/python3.12/site-packages/airflow/example_dags/example_python_operator.py
[2025-08-16T12:35:39.024+0000] {processor.py:925} INFO - DAG(s) 'example_python_operator' retrieved from /home/airflow/.local/lib/python3.12/site-packages/airflow/example_dags/example_python_operator.py
[2025-08-16T12:35:39.038+0000] {logging_mixin.py:190} INFO - [2025-08-16T12:35:39.038+0000] {dag.py:3239} INFO - Sync 1 DAGs
[2025-08-16T12:35:39.047+0000] {logging_mixin.py:190} INFO - [2025-08-16T12:35:39.047+0000] {dag.py:4180} INFO - Setting next_dagrun for example_python_operator to None, run_after=None
[2025-08-16T12:35:39.056+0000] {processor.py:208} INFO - Processing /home/airflow/.local/lib/python3.12/site-packages/airflow/example_dags/example_python_operator.py took 0.052 seconds
[2025-08-16T12:36:10.089+0000] {processor.py:186} INFO - Started process (PID=471) to work on /home/airflow/.local/lib/python3.12/site-packages/airflow/example_dags/example_python_operator.py
[2025-08-16T12:36:10.090+0000] {processor.py:914} INFO - Processing file /home/airflow/.local/lib/python3.12/site-packages/airflow/example_dags/example_python_operator.py for tasks to queue
[2025-08-16T12:36:10.091+0000] {logging_mixin.py:190} INFO - [2025-08-16T12:36:10.091+0000] {dagbag.py:588} INFO - Filling up the DagBag from /home/airflow/.local/lib/python3.12/site-packages/airflow/example_dags/example_python_operator.py
[2025-08-16T12:36:10.102+0000] {processor.py:925} INFO - DAG(s) 'example_python_operator' retrieved from /home/airflow/.local/lib/python3.12/site-packages/airflow/example_dags/example_python_operator.py
[2025-08-16T12:36:10.123+0000] {logging_mixin.py:190} INFO - [2025-08-16T12:36:10.122+0000] {dag.py:3239} INFO - Sync 1 DAGs
[2025-08-16T12:36:10.134+0000] {logging_mixin.py:190} INFO - [2025-08-16T12:36:10.134+0000] {dag.py:4180} INFO - Setting next_dagrun for example_python_operator to None, run_after=None
[2025-08-16T12:36:10.147+0000] {processor.py:208} INFO - Processing /home/airflow/.local/lib/python3.12/site-packages/airflow/example_dags/example_python_operator.py took 0.062 seconds
[2025-08-16T12:36:40.525+0000] {processor.py:186} INFO - Started process (PID=534) to work on /home/airflow/.local/lib/python3.12/site-packages/airflow/example_dags/example_python_operator.py
[2025-08-16T12:36:40.526+0000] {processor.py:914} INFO - Processing file /home/airflow/.local/lib/python3.12/site-packages/airflow/example_dags/example_python_operator.py for tasks to queue
[2025-08-16T12:36:40.527+0000] {logging_mixin.py:190} INFO - [2025-08-16T12:36:40.527+0000] {dagbag.py:588} INFO - Filling up the DagBag from /home/airflow/.local/lib/python3.12/site-packages/airflow/example_dags/example_python_operator.py
[2025-08-16T12:36:40.539+0000] {processor.py:925} INFO - DAG(s) 'example_python_operator' retrieved from /home/airflow/.local/lib/python3.12/site-packages/airflow/example_dags/example_python_operator.py
[2025-08-16T12:36:40.558+0000] {logging_mixin.py:190} INFO - [2025-08-16T12:36:40.558+0000] {dag.py:3239} INFO - Sync 1 DAGs
[2025-08-16T12:36:40.567+0000] {logging_mixin.py:190} INFO - [2025-08-16T12:36:40.567+0000] {dag.py:4180} INFO - Setting next_dagrun for example_python_operator to None, run_after=None
[2025-08-16T12:36:40.629+0000] {processor.py:208} INFO - Processing /home/airflow/.local/lib/python3.12/site-packages/airflow/example_dags/example_python_operator.py took 0.107 seconds
