[2025-08-16T12:33:05.654+0000] {processor.py:186} INFO - Started process (PID=91) to work on /home/airflow/.local/lib/python3.12/site-packages/airflow/example_dags/example_bash_operator.py
[2025-08-16T12:33:05.656+0000] {processor.py:914} INFO - Processing file /home/airflow/.local/lib/python3.12/site-packages/airflow/example_dags/example_bash_operator.py for tasks to queue
[2025-08-16T12:33:05.657+0000] {logging_mixin.py:190} INFO - [2025-08-16T12:33:05.657+0000] {dagbag.py:588} INFO - Filling up the DagBag from /home/airflow/.local/lib/python3.12/site-packages/airflow/example_dags/example_bash_operator.py
[2025-08-16T12:33:05.666+0000] {processor.py:925} INFO - DAG(s) 'example_bash_operator' retrieved from /home/airflow/.local/lib/python3.12/site-packages/airflow/example_dags/example_bash_operator.py
[2025-08-16T12:33:05.725+0000] {logging_mixin.py:190} INFO - [2025-08-16T12:33:05.725+0000] {override.py:1912} INFO - Created Permission View: can delete on DAG:example_bash_operator
[2025-08-16T12:33:05.731+0000] {logging_mixin.py:190} INFO - [2025-08-16T12:33:05.731+0000] {override.py:1912} INFO - Created Permission View: can read on DAG:example_bash_operator
[2025-08-16T12:33:05.735+0000] {logging_mixin.py:190} INFO - [2025-08-16T12:33:05.734+0000] {override.py:1912} INFO - Created Permission View: can edit on DAG:example_bash_operator
[2025-08-16T12:33:05.739+0000] {logging_mixin.py:190} INFO - [2025-08-16T12:33:05.739+0000] {override.py:1912} INFO - Created Permission View: can delete on DAG Run:example_bash_operator
[2025-08-16T12:33:05.742+0000] {logging_mixin.py:190} INFO - [2025-08-16T12:33:05.742+0000] {override.py:1912} INFO - Created Permission View: menu access on DAG Run:example_bash_operator
[2025-08-16T12:33:05.745+0000] {logging_mixin.py:190} INFO - [2025-08-16T12:33:05.745+0000] {override.py:1912} INFO - Created Permission View: can read on DAG Run:example_bash_operator
[2025-08-16T12:33:05.748+0000] {logging_mixin.py:190} INFO - [2025-08-16T12:33:05.747+0000] {override.py:1912} INFO - Created Permission View: can create on DAG Run:example_bash_operator
[2025-08-16T12:33:05.748+0000] {logging_mixin.py:190} INFO - [2025-08-16T12:33:05.748+0000] {dag.py:3239} INFO - Sync 1 DAGs
[2025-08-16T12:33:05.754+0000] {logging_mixin.py:190} INFO - [2025-08-16T12:33:05.754+0000] {dag.py:3262} INFO - Creating ORM DAG for example_bash_operator
[2025-08-16T12:33:05.759+0000] {logging_mixin.py:190} INFO - [2025-08-16T12:33:05.759+0000] {dag.py:4180} INFO - Setting next_dagrun for example_bash_operator to 2025-08-15 00:00:00+00:00, run_after=2025-08-16 00:00:00+00:00
[2025-08-16T12:33:05.767+0000] {processor.py:208} INFO - Processing /home/airflow/.local/lib/python3.12/site-packages/airflow/example_dags/example_bash_operator.py took 0.117 seconds
[2025-08-16T12:33:36.363+0000] {processor.py:186} INFO - Started process (PID=154) to work on /home/airflow/.local/lib/python3.12/site-packages/airflow/example_dags/example_bash_operator.py
[2025-08-16T12:33:36.364+0000] {processor.py:914} INFO - Processing file /home/airflow/.local/lib/python3.12/site-packages/airflow/example_dags/example_bash_operator.py for tasks to queue
[2025-08-16T12:33:36.365+0000] {logging_mixin.py:190} INFO - [2025-08-16T12:33:36.365+0000] {dagbag.py:588} INFO - Filling up the DagBag from /home/airflow/.local/lib/python3.12/site-packages/airflow/example_dags/example_bash_operator.py
[2025-08-16T12:33:36.372+0000] {processor.py:925} INFO - DAG(s) 'example_bash_operator' retrieved from /home/airflow/.local/lib/python3.12/site-packages/airflow/example_dags/example_bash_operator.py
[2025-08-16T12:33:36.387+0000] {logging_mixin.py:190} INFO - [2025-08-16T12:33:36.387+0000] {dag.py:3239} INFO - Sync 1 DAGs
[2025-08-16T12:33:36.399+0000] {logging_mixin.py:190} INFO - [2025-08-16T12:33:36.399+0000] {dag.py:4180} INFO - Setting next_dagrun for example_bash_operator to 2025-08-15 00:00:00+00:00, run_after=2025-08-16 00:00:00+00:00
[2025-08-16T12:33:36.407+0000] {processor.py:208} INFO - Processing /home/airflow/.local/lib/python3.12/site-packages/airflow/example_dags/example_bash_operator.py took 0.048 seconds
[2025-08-16T12:34:06.446+0000] {processor.py:186} INFO - Started process (PID=216) to work on /home/airflow/.local/lib/python3.12/site-packages/airflow/example_dags/example_bash_operator.py
[2025-08-16T12:34:06.447+0000] {processor.py:914} INFO - Processing file /home/airflow/.local/lib/python3.12/site-packages/airflow/example_dags/example_bash_operator.py for tasks to queue
[2025-08-16T12:34:06.448+0000] {logging_mixin.py:190} INFO - [2025-08-16T12:34:06.448+0000] {dagbag.py:588} INFO - Filling up the DagBag from /home/airflow/.local/lib/python3.12/site-packages/airflow/example_dags/example_bash_operator.py
[2025-08-16T12:34:06.456+0000] {processor.py:925} INFO - DAG(s) 'example_bash_operator' retrieved from /home/airflow/.local/lib/python3.12/site-packages/airflow/example_dags/example_bash_operator.py
[2025-08-16T12:34:06.469+0000] {logging_mixin.py:190} INFO - [2025-08-16T12:34:06.469+0000] {dag.py:3239} INFO - Sync 1 DAGs
[2025-08-16T12:34:06.481+0000] {logging_mixin.py:190} INFO - [2025-08-16T12:34:06.481+0000] {dag.py:4180} INFO - Setting next_dagrun for example_bash_operator to 2025-08-15 00:00:00+00:00, run_after=2025-08-16 00:00:00+00:00
[2025-08-16T12:34:06.489+0000] {processor.py:208} INFO - Processing /home/airflow/.local/lib/python3.12/site-packages/airflow/example_dags/example_bash_operator.py took 0.047 seconds
[2025-08-16T12:34:36.636+0000] {processor.py:186} INFO - Started process (PID=279) to work on /home/airflow/.local/lib/python3.12/site-packages/airflow/example_dags/example_bash_operator.py
[2025-08-16T12:34:36.637+0000] {processor.py:914} INFO - Processing file /home/airflow/.local/lib/python3.12/site-packages/airflow/example_dags/example_bash_operator.py for tasks to queue
[2025-08-16T12:34:36.638+0000] {logging_mixin.py:190} INFO - [2025-08-16T12:34:36.638+0000] {dagbag.py:588} INFO - Filling up the DagBag from /home/airflow/.local/lib/python3.12/site-packages/airflow/example_dags/example_bash_operator.py
[2025-08-16T12:34:36.645+0000] {processor.py:925} INFO - DAG(s) 'example_bash_operator' retrieved from /home/airflow/.local/lib/python3.12/site-packages/airflow/example_dags/example_bash_operator.py
[2025-08-16T12:34:36.666+0000] {logging_mixin.py:190} INFO - [2025-08-16T12:34:36.666+0000] {dag.py:3239} INFO - Sync 1 DAGs
[2025-08-16T12:34:36.685+0000] {logging_mixin.py:190} INFO - [2025-08-16T12:34:36.685+0000] {dag.py:4180} INFO - Setting next_dagrun for example_bash_operator to 2025-08-15 00:00:00+00:00, run_after=2025-08-16 00:00:00+00:00
[2025-08-16T12:34:36.698+0000] {processor.py:208} INFO - Processing /home/airflow/.local/lib/python3.12/site-packages/airflow/example_dags/example_bash_operator.py took 0.067 seconds
[2025-08-16T12:35:07.387+0000] {processor.py:186} INFO - Started process (PID=342) to work on /home/airflow/.local/lib/python3.12/site-packages/airflow/example_dags/example_bash_operator.py
[2025-08-16T12:35:07.388+0000] {processor.py:914} INFO - Processing file /home/airflow/.local/lib/python3.12/site-packages/airflow/example_dags/example_bash_operator.py for tasks to queue
[2025-08-16T12:35:07.389+0000] {logging_mixin.py:190} INFO - [2025-08-16T12:35:07.389+0000] {dagbag.py:588} INFO - Filling up the DagBag from /home/airflow/.local/lib/python3.12/site-packages/airflow/example_dags/example_bash_operator.py
[2025-08-16T12:35:07.403+0000] {processor.py:925} INFO - DAG(s) 'example_bash_operator' retrieved from /home/airflow/.local/lib/python3.12/site-packages/airflow/example_dags/example_bash_operator.py
[2025-08-16T12:35:07.422+0000] {logging_mixin.py:190} INFO - [2025-08-16T12:35:07.422+0000] {dag.py:3239} INFO - Sync 1 DAGs
[2025-08-16T12:35:07.442+0000] {logging_mixin.py:190} INFO - [2025-08-16T12:35:07.442+0000] {dag.py:4180} INFO - Setting next_dagrun for example_bash_operator to 2025-08-15 00:00:00+00:00, run_after=2025-08-16 00:00:00+00:00
[2025-08-16T12:35:07.454+0000] {processor.py:208} INFO - Processing /home/airflow/.local/lib/python3.12/site-packages/airflow/example_dags/example_bash_operator.py took 0.072 seconds
[2025-08-16T12:35:37.651+0000] {processor.py:186} INFO - Started process (PID=404) to work on /home/airflow/.local/lib/python3.12/site-packages/airflow/example_dags/example_bash_operator.py
[2025-08-16T12:35:37.654+0000] {processor.py:914} INFO - Processing file /home/airflow/.local/lib/python3.12/site-packages/airflow/example_dags/example_bash_operator.py for tasks to queue
[2025-08-16T12:35:37.655+0000] {logging_mixin.py:190} INFO - [2025-08-16T12:35:37.655+0000] {dagbag.py:588} INFO - Filling up the DagBag from /home/airflow/.local/lib/python3.12/site-packages/airflow/example_dags/example_bash_operator.py
[2025-08-16T12:35:37.662+0000] {processor.py:925} INFO - DAG(s) 'example_bash_operator' retrieved from /home/airflow/.local/lib/python3.12/site-packages/airflow/example_dags/example_bash_operator.py
[2025-08-16T12:35:37.675+0000] {logging_mixin.py:190} INFO - [2025-08-16T12:35:37.675+0000] {dag.py:3239} INFO - Sync 1 DAGs
[2025-08-16T12:35:37.686+0000] {logging_mixin.py:190} INFO - [2025-08-16T12:35:37.685+0000] {dag.py:4180} INFO - Setting next_dagrun for example_bash_operator to 2025-08-15 00:00:00+00:00, run_after=2025-08-16 00:00:00+00:00
[2025-08-16T12:35:37.694+0000] {processor.py:208} INFO - Processing /home/airflow/.local/lib/python3.12/site-packages/airflow/example_dags/example_bash_operator.py took 0.047 seconds
[2025-08-16T12:36:08.903+0000] {processor.py:186} INFO - Started process (PID=467) to work on /home/airflow/.local/lib/python3.12/site-packages/airflow/example_dags/example_bash_operator.py
[2025-08-16T12:36:08.904+0000] {processor.py:914} INFO - Processing file /home/airflow/.local/lib/python3.12/site-packages/airflow/example_dags/example_bash_operator.py for tasks to queue
[2025-08-16T12:36:08.905+0000] {logging_mixin.py:190} INFO - [2025-08-16T12:36:08.905+0000] {dagbag.py:588} INFO - Filling up the DagBag from /home/airflow/.local/lib/python3.12/site-packages/airflow/example_dags/example_bash_operator.py
[2025-08-16T12:36:08.913+0000] {processor.py:925} INFO - DAG(s) 'example_bash_operator' retrieved from /home/airflow/.local/lib/python3.12/site-packages/airflow/example_dags/example_bash_operator.py
[2025-08-16T12:36:08.926+0000] {logging_mixin.py:190} INFO - [2025-08-16T12:36:08.925+0000] {dag.py:3239} INFO - Sync 1 DAGs
[2025-08-16T12:36:08.937+0000] {logging_mixin.py:190} INFO - [2025-08-16T12:36:08.937+0000] {dag.py:4180} INFO - Setting next_dagrun for example_bash_operator to 2025-08-15 00:00:00+00:00, run_after=2025-08-16 00:00:00+00:00
[2025-08-16T12:36:08.947+0000] {processor.py:208} INFO - Processing /home/airflow/.local/lib/python3.12/site-packages/airflow/example_dags/example_bash_operator.py took 0.047 seconds
[2025-08-16T12:36:40.371+0000] {processor.py:186} INFO - Started process (PID=530) to work on /home/airflow/.local/lib/python3.12/site-packages/airflow/example_dags/example_bash_operator.py
[2025-08-16T12:36:40.372+0000] {processor.py:914} INFO - Processing file /home/airflow/.local/lib/python3.12/site-packages/airflow/example_dags/example_bash_operator.py for tasks to queue
[2025-08-16T12:36:40.373+0000] {logging_mixin.py:190} INFO - [2025-08-16T12:36:40.373+0000] {dagbag.py:588} INFO - Filling up the DagBag from /home/airflow/.local/lib/python3.12/site-packages/airflow/example_dags/example_bash_operator.py
[2025-08-16T12:36:40.385+0000] {processor.py:925} INFO - DAG(s) 'example_bash_operator' retrieved from /home/airflow/.local/lib/python3.12/site-packages/airflow/example_dags/example_bash_operator.py
[2025-08-16T12:36:40.398+0000] {logging_mixin.py:190} INFO - [2025-08-16T12:36:40.398+0000] {dag.py:3239} INFO - Sync 1 DAGs
[2025-08-16T12:36:40.410+0000] {logging_mixin.py:190} INFO - [2025-08-16T12:36:40.409+0000] {dag.py:4180} INFO - Setting next_dagrun for example_bash_operator to 2025-08-15 00:00:00+00:00, run_after=2025-08-16 00:00:00+00:00
[2025-08-16T12:36:40.418+0000] {processor.py:208} INFO - Processing /home/airflow/.local/lib/python3.12/site-packages/airflow/example_dags/example_bash_operator.py took 0.050 seconds
