[2025-08-16T12:33:07.246+0000] {processor.py:186} INFO - Started process (PID=103) to work on /home/airflow/.local/lib/python3.12/site-packages/airflow/example_dags/example_sensors.py
[2025-08-16T12:33:07.246+0000] {processor.py:914} INFO - Processing file /home/airflow/.local/lib/python3.12/site-packages/airflow/example_dags/example_sensors.py for tasks to queue
[2025-08-16T12:33:07.248+0000] {logging_mixin.py:190} INFO - [2025-08-16T12:33:07.248+0000] {dagbag.py:588} INFO - Filling up the DagBag from /home/airflow/.local/lib/python3.12/site-packages/airflow/example_dags/example_sensors.py
[2025-08-16T12:33:07.256+0000] {processor.py:925} INFO - DAG(s) 'example_sensors' retrieved from /home/airflow/.local/lib/python3.12/site-packages/airflow/example_dags/example_sensors.py
[2025-08-16T12:33:07.396+0000] {logging_mixin.py:190} INFO - [2025-08-16T12:33:07.395+0000] {override.py:1912} INFO - Created Permission View: can delete on DAG:example_sensors
[2025-08-16T12:33:07.406+0000] {logging_mixin.py:190} INFO - [2025-08-16T12:33:07.406+0000] {override.py:1912} INFO - Created Permission View: can read on DAG:example_sensors
[2025-08-16T12:33:07.410+0000] {logging_mixin.py:190} INFO - [2025-08-16T12:33:07.410+0000] {override.py:1912} INFO - Created Permission View: can edit on DAG:example_sensors
[2025-08-16T12:33:07.428+0000] {logging_mixin.py:190} INFO - [2025-08-16T12:33:07.427+0000] {override.py:1912} INFO - Created Permission View: can delete on DAG Run:example_sensors
[2025-08-16T12:33:07.443+0000] {logging_mixin.py:190} INFO - [2025-08-16T12:33:07.443+0000] {override.py:1912} INFO - Created Permission View: menu access on DAG Run:example_sensors
[2025-08-16T12:33:07.452+0000] {logging_mixin.py:190} INFO - [2025-08-16T12:33:07.452+0000] {override.py:1912} INFO - Created Permission View: can read on DAG Run:example_sensors
[2025-08-16T12:33:07.460+0000] {logging_mixin.py:190} INFO - [2025-08-16T12:33:07.460+0000] {override.py:1912} INFO - Created Permission View: can create on DAG Run:example_sensors
[2025-08-16T12:33:07.461+0000] {logging_mixin.py:190} INFO - [2025-08-16T12:33:07.461+0000] {dag.py:3239} INFO - Sync 1 DAGs
[2025-08-16T12:33:07.472+0000] {logging_mixin.py:190} INFO - [2025-08-16T12:33:07.472+0000] {dag.py:3262} INFO - Creating ORM DAG for example_sensors
[2025-08-16T12:33:07.473+0000] {logging_mixin.py:190} INFO - [2025-08-16T12:33:07.473+0000] {dag.py:4180} INFO - Setting next_dagrun for example_sensors to None, run_after=None
[2025-08-16T12:33:07.488+0000] {processor.py:208} INFO - Processing /home/airflow/.local/lib/python3.12/site-packages/airflow/example_dags/example_sensors.py took 0.245 seconds
[2025-08-16T12:33:37.644+0000] {processor.py:186} INFO - Started process (PID=166) to work on /home/airflow/.local/lib/python3.12/site-packages/airflow/example_dags/example_sensors.py
[2025-08-16T12:33:37.644+0000] {processor.py:914} INFO - Processing file /home/airflow/.local/lib/python3.12/site-packages/airflow/example_dags/example_sensors.py for tasks to queue
[2025-08-16T12:33:37.647+0000] {logging_mixin.py:190} INFO - [2025-08-16T12:33:37.647+0000] {dagbag.py:588} INFO - Filling up the DagBag from /home/airflow/.local/lib/python3.12/site-packages/airflow/example_dags/example_sensors.py
[2025-08-16T12:33:37.657+0000] {processor.py:925} INFO - DAG(s) 'example_sensors' retrieved from /home/airflow/.local/lib/python3.12/site-packages/airflow/example_dags/example_sensors.py
[2025-08-16T12:33:37.673+0000] {logging_mixin.py:190} INFO - [2025-08-16T12:33:37.673+0000] {dag.py:3239} INFO - Sync 1 DAGs
[2025-08-16T12:33:37.680+0000] {logging_mixin.py:190} INFO - [2025-08-16T12:33:37.680+0000] {dag.py:4180} INFO - Setting next_dagrun for example_sensors to None, run_after=None
[2025-08-16T12:33:37.690+0000] {processor.py:208} INFO - Processing /home/airflow/.local/lib/python3.12/site-packages/airflow/example_dags/example_sensors.py took 0.050 seconds
[2025-08-16T12:34:08.590+0000] {processor.py:186} INFO - Started process (PID=229) to work on /home/airflow/.local/lib/python3.12/site-packages/airflow/example_dags/example_sensors.py
[2025-08-16T12:34:08.591+0000] {processor.py:914} INFO - Processing file /home/airflow/.local/lib/python3.12/site-packages/airflow/example_dags/example_sensors.py for tasks to queue
[2025-08-16T12:34:08.592+0000] {logging_mixin.py:190} INFO - [2025-08-16T12:34:08.592+0000] {dagbag.py:588} INFO - Filling up the DagBag from /home/airflow/.local/lib/python3.12/site-packages/airflow/example_dags/example_sensors.py
[2025-08-16T12:34:08.599+0000] {processor.py:925} INFO - DAG(s) 'example_sensors' retrieved from /home/airflow/.local/lib/python3.12/site-packages/airflow/example_dags/example_sensors.py
[2025-08-16T12:34:08.617+0000] {logging_mixin.py:190} INFO - [2025-08-16T12:34:08.617+0000] {dag.py:3239} INFO - Sync 1 DAGs
[2025-08-16T12:34:08.625+0000] {logging_mixin.py:190} INFO - [2025-08-16T12:34:08.624+0000] {dag.py:4180} INFO - Setting next_dagrun for example_sensors to None, run_after=None
[2025-08-16T12:34:08.633+0000] {processor.py:208} INFO - Processing /home/airflow/.local/lib/python3.12/site-packages/airflow/example_dags/example_sensors.py took 0.047 seconds
[2025-08-16T12:34:39.486+0000] {processor.py:186} INFO - Started process (PID=292) to work on /home/airflow/.local/lib/python3.12/site-packages/airflow/example_dags/example_sensors.py
[2025-08-16T12:34:39.487+0000] {processor.py:914} INFO - Processing file /home/airflow/.local/lib/python3.12/site-packages/airflow/example_dags/example_sensors.py for tasks to queue
[2025-08-16T12:34:39.489+0000] {logging_mixin.py:190} INFO - [2025-08-16T12:34:39.489+0000] {dagbag.py:588} INFO - Filling up the DagBag from /home/airflow/.local/lib/python3.12/site-packages/airflow/example_dags/example_sensors.py
[2025-08-16T12:34:39.501+0000] {processor.py:925} INFO - DAG(s) 'example_sensors' retrieved from /home/airflow/.local/lib/python3.12/site-packages/airflow/example_dags/example_sensors.py
[2025-08-16T12:34:39.522+0000] {logging_mixin.py:190} INFO - [2025-08-16T12:34:39.521+0000] {dag.py:3239} INFO - Sync 1 DAGs
[2025-08-16T12:34:39.544+0000] {logging_mixin.py:190} INFO - [2025-08-16T12:34:39.544+0000] {dag.py:4180} INFO - Setting next_dagrun for example_sensors to None, run_after=None
[2025-08-16T12:34:39.563+0000] {processor.py:208} INFO - Processing /home/airflow/.local/lib/python3.12/site-packages/airflow/example_dags/example_sensors.py took 0.084 seconds
[2025-08-16T12:35:10.068+0000] {processor.py:186} INFO - Started process (PID=355) to work on /home/airflow/.local/lib/python3.12/site-packages/airflow/example_dags/example_sensors.py
[2025-08-16T12:35:10.070+0000] {processor.py:914} INFO - Processing file /home/airflow/.local/lib/python3.12/site-packages/airflow/example_dags/example_sensors.py for tasks to queue
[2025-08-16T12:35:10.075+0000] {logging_mixin.py:190} INFO - [2025-08-16T12:35:10.074+0000] {dagbag.py:588} INFO - Filling up the DagBag from /home/airflow/.local/lib/python3.12/site-packages/airflow/example_dags/example_sensors.py
[2025-08-16T12:35:10.096+0000] {processor.py:925} INFO - DAG(s) 'example_sensors' retrieved from /home/airflow/.local/lib/python3.12/site-packages/airflow/example_dags/example_sensors.py
[2025-08-16T12:35:10.121+0000] {logging_mixin.py:190} INFO - [2025-08-16T12:35:10.120+0000] {dag.py:3239} INFO - Sync 1 DAGs
[2025-08-16T12:35:10.132+0000] {logging_mixin.py:190} INFO - [2025-08-16T12:35:10.131+0000] {dag.py:4180} INFO - Setting next_dagrun for example_sensors to None, run_after=None
[2025-08-16T12:35:10.142+0000] {processor.py:208} INFO - Processing /home/airflow/.local/lib/python3.12/site-packages/airflow/example_dags/example_sensors.py took 0.093 seconds
[2025-08-16T12:35:41.341+0000] {processor.py:186} INFO - Started process (PID=417) to work on /home/airflow/.local/lib/python3.12/site-packages/airflow/example_dags/example_sensors.py
[2025-08-16T12:35:41.342+0000] {processor.py:914} INFO - Processing file /home/airflow/.local/lib/python3.12/site-packages/airflow/example_dags/example_sensors.py for tasks to queue
[2025-08-16T12:35:41.345+0000] {logging_mixin.py:190} INFO - [2025-08-16T12:35:41.345+0000] {dagbag.py:588} INFO - Filling up the DagBag from /home/airflow/.local/lib/python3.12/site-packages/airflow/example_dags/example_sensors.py
[2025-08-16T12:35:41.358+0000] {processor.py:925} INFO - DAG(s) 'example_sensors' retrieved from /home/airflow/.local/lib/python3.12/site-packages/airflow/example_dags/example_sensors.py
[2025-08-16T12:35:41.388+0000] {logging_mixin.py:190} INFO - [2025-08-16T12:35:41.387+0000] {dag.py:3239} INFO - Sync 1 DAGs
[2025-08-16T12:35:41.400+0000] {logging_mixin.py:190} INFO - [2025-08-16T12:35:41.399+0000] {dag.py:4180} INFO - Setting next_dagrun for example_sensors to None, run_after=None
[2025-08-16T12:35:41.417+0000] {processor.py:208} INFO - Processing /home/airflow/.local/lib/python3.12/site-packages/airflow/example_dags/example_sensors.py took 0.081 seconds
[2025-08-16T12:36:11.759+0000] {processor.py:186} INFO - Started process (PID=480) to work on /home/airflow/.local/lib/python3.12/site-packages/airflow/example_dags/example_sensors.py
[2025-08-16T12:36:11.759+0000] {processor.py:914} INFO - Processing file /home/airflow/.local/lib/python3.12/site-packages/airflow/example_dags/example_sensors.py for tasks to queue
[2025-08-16T12:36:11.761+0000] {logging_mixin.py:190} INFO - [2025-08-16T12:36:11.760+0000] {dagbag.py:588} INFO - Filling up the DagBag from /home/airflow/.local/lib/python3.12/site-packages/airflow/example_dags/example_sensors.py
[2025-08-16T12:36:11.766+0000] {processor.py:925} INFO - DAG(s) 'example_sensors' retrieved from /home/airflow/.local/lib/python3.12/site-packages/airflow/example_dags/example_sensors.py
[2025-08-16T12:36:11.780+0000] {logging_mixin.py:190} INFO - [2025-08-16T12:36:11.779+0000] {dag.py:3239} INFO - Sync 1 DAGs
[2025-08-16T12:36:11.786+0000] {logging_mixin.py:190} INFO - [2025-08-16T12:36:11.786+0000] {dag.py:4180} INFO - Setting next_dagrun for example_sensors to None, run_after=None
[2025-08-16T12:36:11.796+0000] {processor.py:208} INFO - Processing /home/airflow/.local/lib/python3.12/site-packages/airflow/example_dags/example_sensors.py took 0.041 seconds
