[2025-08-16T12:33:05.555+0000] {processor.py:186} INFO - Started process (PID=90) to work on /home/airflow/.local/lib/python3.12/site-packages/airflow/example_dags/example_short_circuit_decorator.py
[2025-08-16T12:33:05.558+0000] {processor.py:914} INFO - Processing file /home/airflow/.local/lib/python3.12/site-packages/airflow/example_dags/example_short_circuit_decorator.py for tasks to queue
[2025-08-16T12:33:05.562+0000] {logging_mixin.py:190} INFO - [2025-08-16T12:33:05.561+0000] {dagbag.py:588} INFO - Filling up the DagBag from /home/airflow/.local/lib/python3.12/site-packages/airflow/example_dags/example_short_circuit_decorator.py
[2025-08-16T12:33:05.573+0000] {processor.py:925} INFO - DAG(s) 'example_short_circuit_decorator' retrieved from /home/airflow/.local/lib/python3.12/site-packages/airflow/example_dags/example_short_circuit_decorator.py
[2025-08-16T12:33:05.652+0000] {logging_mixin.py:190} INFO - [2025-08-16T12:33:05.652+0000] {override.py:1912} INFO - Created Permission View: can delete on DAG:example_short_circuit_decorator
[2025-08-16T12:33:05.658+0000] {logging_mixin.py:190} INFO - [2025-08-16T12:33:05.658+0000] {override.py:1912} INFO - Created Permission View: can read on DAG:example_short_circuit_decorator
[2025-08-16T12:33:05.661+0000] {logging_mixin.py:190} INFO - [2025-08-16T12:33:05.661+0000] {override.py:1912} INFO - Created Permission View: can edit on DAG:example_short_circuit_decorator
[2025-08-16T12:33:05.664+0000] {logging_mixin.py:190} INFO - [2025-08-16T12:33:05.664+0000] {override.py:1912} INFO - Created Permission View: can delete on DAG Run:example_short_circuit_decorator
[2025-08-16T12:33:05.667+0000] {logging_mixin.py:190} INFO - [2025-08-16T12:33:05.667+0000] {override.py:1912} INFO - Created Permission View: menu access on DAG Run:example_short_circuit_decorator
[2025-08-16T12:33:05.670+0000] {logging_mixin.py:190} INFO - [2025-08-16T12:33:05.670+0000] {override.py:1912} INFO - Created Permission View: can read on DAG Run:example_short_circuit_decorator
[2025-08-16T12:33:05.673+0000] {logging_mixin.py:190} INFO - [2025-08-16T12:33:05.673+0000] {override.py:1912} INFO - Created Permission View: can create on DAG Run:example_short_circuit_decorator
[2025-08-16T12:33:05.674+0000] {logging_mixin.py:190} INFO - [2025-08-16T12:33:05.674+0000] {dag.py:3239} INFO - Sync 1 DAGs
[2025-08-16T12:33:05.680+0000] {logging_mixin.py:190} INFO - [2025-08-16T12:33:05.680+0000] {dag.py:3262} INFO - Creating ORM DAG for example_short_circuit_decorator
[2025-08-16T12:33:05.680+0000] {logging_mixin.py:190} INFO - [2025-08-16T12:33:05.680+0000] {dag.py:4180} INFO - Setting next_dagrun for example_short_circuit_decorator to None, run_after=None
[2025-08-16T12:33:05.688+0000] {processor.py:208} INFO - Processing /home/airflow/.local/lib/python3.12/site-packages/airflow/example_dags/example_short_circuit_decorator.py took 0.140 seconds
[2025-08-16T12:33:36.311+0000] {processor.py:186} INFO - Started process (PID=153) to work on /home/airflow/.local/lib/python3.12/site-packages/airflow/example_dags/example_short_circuit_decorator.py
[2025-08-16T12:33:36.311+0000] {processor.py:914} INFO - Processing file /home/airflow/.local/lib/python3.12/site-packages/airflow/example_dags/example_short_circuit_decorator.py for tasks to queue
[2025-08-16T12:33:36.313+0000] {logging_mixin.py:190} INFO - [2025-08-16T12:33:36.313+0000] {dagbag.py:588} INFO - Filling up the DagBag from /home/airflow/.local/lib/python3.12/site-packages/airflow/example_dags/example_short_circuit_decorator.py
[2025-08-16T12:33:36.318+0000] {processor.py:925} INFO - DAG(s) 'example_short_circuit_decorator' retrieved from /home/airflow/.local/lib/python3.12/site-packages/airflow/example_dags/example_short_circuit_decorator.py
[2025-08-16T12:33:36.330+0000] {logging_mixin.py:190} INFO - [2025-08-16T12:33:36.330+0000] {dag.py:3239} INFO - Sync 1 DAGs
[2025-08-16T12:33:36.338+0000] {logging_mixin.py:190} INFO - [2025-08-16T12:33:36.338+0000] {dag.py:4180} INFO - Setting next_dagrun for example_short_circuit_decorator to None, run_after=None
[2025-08-16T12:33:36.348+0000] {processor.py:208} INFO - Processing /home/airflow/.local/lib/python3.12/site-packages/airflow/example_dags/example_short_circuit_decorator.py took 0.040 seconds
[2025-08-16T12:34:06.398+0000] {processor.py:186} INFO - Started process (PID=215) to work on /home/airflow/.local/lib/python3.12/site-packages/airflow/example_dags/example_short_circuit_decorator.py
[2025-08-16T12:34:06.399+0000] {processor.py:914} INFO - Processing file /home/airflow/.local/lib/python3.12/site-packages/airflow/example_dags/example_short_circuit_decorator.py for tasks to queue
[2025-08-16T12:34:06.400+0000] {logging_mixin.py:190} INFO - [2025-08-16T12:34:06.400+0000] {dagbag.py:588} INFO - Filling up the DagBag from /home/airflow/.local/lib/python3.12/site-packages/airflow/example_dags/example_short_circuit_decorator.py
[2025-08-16T12:34:06.407+0000] {processor.py:925} INFO - DAG(s) 'example_short_circuit_decorator' retrieved from /home/airflow/.local/lib/python3.12/site-packages/airflow/example_dags/example_short_circuit_decorator.py
[2025-08-16T12:34:06.418+0000] {logging_mixin.py:190} INFO - [2025-08-16T12:34:06.417+0000] {dag.py:3239} INFO - Sync 1 DAGs
[2025-08-16T12:34:06.424+0000] {logging_mixin.py:190} INFO - [2025-08-16T12:34:06.424+0000] {dag.py:4180} INFO - Setting next_dagrun for example_short_circuit_decorator to None, run_after=None
[2025-08-16T12:34:06.432+0000] {processor.py:208} INFO - Processing /home/airflow/.local/lib/python3.12/site-packages/airflow/example_dags/example_short_circuit_decorator.py took 0.038 seconds
[2025-08-16T12:34:36.609+0000] {processor.py:186} INFO - Started process (PID=278) to work on /home/airflow/.local/lib/python3.12/site-packages/airflow/example_dags/example_short_circuit_decorator.py
[2025-08-16T12:34:36.611+0000] {processor.py:914} INFO - Processing file /home/airflow/.local/lib/python3.12/site-packages/airflow/example_dags/example_short_circuit_decorator.py for tasks to queue
[2025-08-16T12:34:36.612+0000] {logging_mixin.py:190} INFO - [2025-08-16T12:34:36.612+0000] {dagbag.py:588} INFO - Filling up the DagBag from /home/airflow/.local/lib/python3.12/site-packages/airflow/example_dags/example_short_circuit_decorator.py
[2025-08-16T12:34:36.620+0000] {processor.py:925} INFO - DAG(s) 'example_short_circuit_decorator' retrieved from /home/airflow/.local/lib/python3.12/site-packages/airflow/example_dags/example_short_circuit_decorator.py
[2025-08-16T12:34:36.637+0000] {logging_mixin.py:190} INFO - [2025-08-16T12:34:36.636+0000] {dag.py:3239} INFO - Sync 1 DAGs
[2025-08-16T12:34:36.644+0000] {logging_mixin.py:190} INFO - [2025-08-16T12:34:36.644+0000] {dag.py:4180} INFO - Setting next_dagrun for example_short_circuit_decorator to None, run_after=None
[2025-08-16T12:34:36.660+0000] {processor.py:208} INFO - Processing /home/airflow/.local/lib/python3.12/site-packages/airflow/example_dags/example_short_circuit_decorator.py took 0.054 seconds
[2025-08-16T12:35:07.303+0000] {processor.py:186} INFO - Started process (PID=341) to work on /home/airflow/.local/lib/python3.12/site-packages/airflow/example_dags/example_short_circuit_decorator.py
[2025-08-16T12:35:07.304+0000] {processor.py:914} INFO - Processing file /home/airflow/.local/lib/python3.12/site-packages/airflow/example_dags/example_short_circuit_decorator.py for tasks to queue
[2025-08-16T12:35:07.306+0000] {logging_mixin.py:190} INFO - [2025-08-16T12:35:07.306+0000] {dagbag.py:588} INFO - Filling up the DagBag from /home/airflow/.local/lib/python3.12/site-packages/airflow/example_dags/example_short_circuit_decorator.py
[2025-08-16T12:35:07.317+0000] {processor.py:925} INFO - DAG(s) 'example_short_circuit_decorator' retrieved from /home/airflow/.local/lib/python3.12/site-packages/airflow/example_dags/example_short_circuit_decorator.py
[2025-08-16T12:35:07.337+0000] {logging_mixin.py:190} INFO - [2025-08-16T12:35:07.337+0000] {dag.py:3239} INFO - Sync 1 DAGs
[2025-08-16T12:35:07.347+0000] {logging_mixin.py:190} INFO - [2025-08-16T12:35:07.347+0000] {dag.py:4180} INFO - Setting next_dagrun for example_short_circuit_decorator to None, run_after=None
[2025-08-16T12:35:07.366+0000] {processor.py:208} INFO - Processing /home/airflow/.local/lib/python3.12/site-packages/airflow/example_dags/example_short_circuit_decorator.py took 0.069 seconds
[2025-08-16T12:35:37.593+0000] {processor.py:186} INFO - Started process (PID=402) to work on /home/airflow/.local/lib/python3.12/site-packages/airflow/example_dags/example_short_circuit_decorator.py
[2025-08-16T12:35:37.596+0000] {processor.py:914} INFO - Processing file /home/airflow/.local/lib/python3.12/site-packages/airflow/example_dags/example_short_circuit_decorator.py for tasks to queue
[2025-08-16T12:35:37.598+0000] {logging_mixin.py:190} INFO - [2025-08-16T12:35:37.598+0000] {dagbag.py:588} INFO - Filling up the DagBag from /home/airflow/.local/lib/python3.12/site-packages/airflow/example_dags/example_short_circuit_decorator.py
[2025-08-16T12:35:37.607+0000] {processor.py:925} INFO - DAG(s) 'example_short_circuit_decorator' retrieved from /home/airflow/.local/lib/python3.12/site-packages/airflow/example_dags/example_short_circuit_decorator.py
[2025-08-16T12:35:37.621+0000] {logging_mixin.py:190} INFO - [2025-08-16T12:35:37.620+0000] {dag.py:3239} INFO - Sync 1 DAGs
[2025-08-16T12:35:37.627+0000] {logging_mixin.py:190} INFO - [2025-08-16T12:35:37.627+0000] {dag.py:4180} INFO - Setting next_dagrun for example_short_circuit_decorator to None, run_after=None
[2025-08-16T12:35:37.636+0000] {processor.py:208} INFO - Processing /home/airflow/.local/lib/python3.12/site-packages/airflow/example_dags/example_short_circuit_decorator.py took 0.048 seconds
[2025-08-16T12:36:08.868+0000] {processor.py:186} INFO - Started process (PID=466) to work on /home/airflow/.local/lib/python3.12/site-packages/airflow/example_dags/example_short_circuit_decorator.py
[2025-08-16T12:36:08.869+0000] {processor.py:914} INFO - Processing file /home/airflow/.local/lib/python3.12/site-packages/airflow/example_dags/example_short_circuit_decorator.py for tasks to queue
[2025-08-16T12:36:08.870+0000] {logging_mixin.py:190} INFO - [2025-08-16T12:36:08.870+0000] {dagbag.py:588} INFO - Filling up the DagBag from /home/airflow/.local/lib/python3.12/site-packages/airflow/example_dags/example_short_circuit_decorator.py
[2025-08-16T12:36:08.877+0000] {processor.py:925} INFO - DAG(s) 'example_short_circuit_decorator' retrieved from /home/airflow/.local/lib/python3.12/site-packages/airflow/example_dags/example_short_circuit_decorator.py
[2025-08-16T12:36:08.891+0000] {logging_mixin.py:190} INFO - [2025-08-16T12:36:08.891+0000] {dag.py:3239} INFO - Sync 1 DAGs
[2025-08-16T12:36:08.899+0000] {logging_mixin.py:190} INFO - [2025-08-16T12:36:08.899+0000] {dag.py:4180} INFO - Setting next_dagrun for example_short_circuit_decorator to None, run_after=None
[2025-08-16T12:36:08.909+0000] {processor.py:208} INFO - Processing /home/airflow/.local/lib/python3.12/site-packages/airflow/example_dags/example_short_circuit_decorator.py took 0.044 seconds
[2025-08-16T12:36:40.321+0000] {processor.py:186} INFO - Started process (PID=529) to work on /home/airflow/.local/lib/python3.12/site-packages/airflow/example_dags/example_short_circuit_decorator.py
[2025-08-16T12:36:40.322+0000] {processor.py:914} INFO - Processing file /home/airflow/.local/lib/python3.12/site-packages/airflow/example_dags/example_short_circuit_decorator.py for tasks to queue
[2025-08-16T12:36:40.323+0000] {logging_mixin.py:190} INFO - [2025-08-16T12:36:40.323+0000] {dagbag.py:588} INFO - Filling up the DagBag from /home/airflow/.local/lib/python3.12/site-packages/airflow/example_dags/example_short_circuit_decorator.py
[2025-08-16T12:36:40.329+0000] {processor.py:925} INFO - DAG(s) 'example_short_circuit_decorator' retrieved from /home/airflow/.local/lib/python3.12/site-packages/airflow/example_dags/example_short_circuit_decorator.py
[2025-08-16T12:36:40.343+0000] {logging_mixin.py:190} INFO - [2025-08-16T12:36:40.343+0000] {dag.py:3239} INFO - Sync 1 DAGs
[2025-08-16T12:36:40.351+0000] {logging_mixin.py:190} INFO - [2025-08-16T12:36:40.351+0000] {dag.py:4180} INFO - Setting next_dagrun for example_short_circuit_decorator to None, run_after=None
[2025-08-16T12:36:40.364+0000] {processor.py:208} INFO - Processing /home/airflow/.local/lib/python3.12/site-packages/airflow/example_dags/example_short_circuit_decorator.py took 0.047 seconds
