[2025-08-16T12:33:06.265+0000] {processor.py:186} INFO - Started process (PID=99) to work on /home/airflow/.local/lib/python3.12/site-packages/airflow/example_dags/example_dataset_alias.py
[2025-08-16T12:33:06.266+0000] {processor.py:914} INFO - Processing file /home/airflow/.local/lib/python3.12/site-packages/airflow/example_dags/example_dataset_alias.py for tasks to queue
[2025-08-16T12:33:06.268+0000] {logging_mixin.py:190} INFO - [2025-08-16T12:33:06.268+0000] {dagbag.py:588} INFO - Filling up the DagBag from /home/airflow/.local/lib/python3.12/site-packages/airflow/example_dags/example_dataset_alias.py
[2025-08-16T12:33:06.860+0000] {processor.py:925} INFO - DAG(s) 'dataset_s3_bucket_producer', 'dataset_s3_bucket_consumer', 'dataset_alias_example_alias_consumer', 'dataset_alias_example_alias_producer' retrieved from /home/airflow/.local/lib/python3.12/site-packages/airflow/example_dags/example_dataset_alias.py
[2025-08-16T12:33:06.926+0000] {logging_mixin.py:190} INFO - [2025-08-16T12:33:06.925+0000] {override.py:1912} INFO - Created Permission View: can delete on DAG:dataset_s3_bucket_producer
[2025-08-16T12:33:06.931+0000] {logging_mixin.py:190} INFO - [2025-08-16T12:33:06.931+0000] {override.py:1912} INFO - Created Permission View: can read on DAG:dataset_s3_bucket_producer
[2025-08-16T12:33:06.936+0000] {logging_mixin.py:190} INFO - [2025-08-16T12:33:06.936+0000] {override.py:1912} INFO - Created Permission View: can edit on DAG:dataset_s3_bucket_producer
[2025-08-16T12:33:06.940+0000] {logging_mixin.py:190} INFO - [2025-08-16T12:33:06.940+0000] {override.py:1912} INFO - Created Permission View: can delete on DAG Run:dataset_s3_bucket_producer
[2025-08-16T12:33:06.944+0000] {logging_mixin.py:190} INFO - [2025-08-16T12:33:06.943+0000] {override.py:1912} INFO - Created Permission View: menu access on DAG Run:dataset_s3_bucket_producer
[2025-08-16T12:33:06.946+0000] {logging_mixin.py:190} INFO - [2025-08-16T12:33:06.946+0000] {override.py:1912} INFO - Created Permission View: can read on DAG Run:dataset_s3_bucket_producer
[2025-08-16T12:33:06.949+0000] {logging_mixin.py:190} INFO - [2025-08-16T12:33:06.949+0000] {override.py:1912} INFO - Created Permission View: can create on DAG Run:dataset_s3_bucket_producer
[2025-08-16T12:33:06.955+0000] {logging_mixin.py:190} INFO - [2025-08-16T12:33:06.955+0000] {override.py:1912} INFO - Created Permission View: can delete on DAG:dataset_s3_bucket_consumer
[2025-08-16T12:33:06.958+0000] {logging_mixin.py:190} INFO - [2025-08-16T12:33:06.958+0000] {override.py:1912} INFO - Created Permission View: can read on DAG:dataset_s3_bucket_consumer
[2025-08-16T12:33:06.961+0000] {logging_mixin.py:190} INFO - [2025-08-16T12:33:06.960+0000] {override.py:1912} INFO - Created Permission View: can edit on DAG:dataset_s3_bucket_consumer
[2025-08-16T12:33:06.963+0000] {logging_mixin.py:190} INFO - [2025-08-16T12:33:06.963+0000] {override.py:1912} INFO - Created Permission View: can delete on DAG Run:dataset_s3_bucket_consumer
[2025-08-16T12:33:06.966+0000] {logging_mixin.py:190} INFO - [2025-08-16T12:33:06.966+0000] {override.py:1912} INFO - Created Permission View: menu access on DAG Run:dataset_s3_bucket_consumer
[2025-08-16T12:33:06.968+0000] {logging_mixin.py:190} INFO - [2025-08-16T12:33:06.968+0000] {override.py:1912} INFO - Created Permission View: can read on DAG Run:dataset_s3_bucket_consumer
[2025-08-16T12:33:06.971+0000] {logging_mixin.py:190} INFO - [2025-08-16T12:33:06.971+0000] {override.py:1912} INFO - Created Permission View: can create on DAG Run:dataset_s3_bucket_consumer
[2025-08-16T12:33:06.977+0000] {logging_mixin.py:190} INFO - [2025-08-16T12:33:06.977+0000] {override.py:1912} INFO - Created Permission View: can delete on DAG:dataset_alias_example_alias_consumer
[2025-08-16T12:33:06.980+0000] {logging_mixin.py:190} INFO - [2025-08-16T12:33:06.980+0000] {override.py:1912} INFO - Created Permission View: can read on DAG:dataset_alias_example_alias_consumer
[2025-08-16T12:33:06.982+0000] {logging_mixin.py:190} INFO - [2025-08-16T12:33:06.982+0000] {override.py:1912} INFO - Created Permission View: can edit on DAG:dataset_alias_example_alias_consumer
[2025-08-16T12:33:06.985+0000] {logging_mixin.py:190} INFO - [2025-08-16T12:33:06.985+0000] {override.py:1912} INFO - Created Permission View: can delete on DAG Run:dataset_alias_example_alias_consumer
[2025-08-16T12:33:06.988+0000] {logging_mixin.py:190} INFO - [2025-08-16T12:33:06.988+0000] {override.py:1912} INFO - Created Permission View: menu access on DAG Run:dataset_alias_example_alias_consumer
[2025-08-16T12:33:06.997+0000] {logging_mixin.py:190} INFO - [2025-08-16T12:33:06.997+0000] {override.py:1912} INFO - Created Permission View: can read on DAG Run:dataset_alias_example_alias_consumer
[2025-08-16T12:33:07.012+0000] {logging_mixin.py:190} INFO - [2025-08-16T12:33:07.012+0000] {override.py:1912} INFO - Created Permission View: can create on DAG Run:dataset_alias_example_alias_consumer
[2025-08-16T12:33:07.024+0000] {logging_mixin.py:190} INFO - [2025-08-16T12:33:07.023+0000] {override.py:1912} INFO - Created Permission View: can delete on DAG:dataset_alias_example_alias_producer
[2025-08-16T12:33:07.031+0000] {logging_mixin.py:190} INFO - [2025-08-16T12:33:07.031+0000] {override.py:1912} INFO - Created Permission View: can read on DAG:dataset_alias_example_alias_producer
[2025-08-16T12:33:07.041+0000] {logging_mixin.py:190} INFO - [2025-08-16T12:33:07.041+0000] {override.py:1912} INFO - Created Permission View: can edit on DAG:dataset_alias_example_alias_producer
[2025-08-16T12:33:07.047+0000] {logging_mixin.py:190} INFO - [2025-08-16T12:33:07.047+0000] {override.py:1912} INFO - Created Permission View: can delete on DAG Run:dataset_alias_example_alias_producer
[2025-08-16T12:33:07.053+0000] {logging_mixin.py:190} INFO - [2025-08-16T12:33:07.053+0000] {override.py:1912} INFO - Created Permission View: menu access on DAG Run:dataset_alias_example_alias_producer
[2025-08-16T12:33:07.058+0000] {logging_mixin.py:190} INFO - [2025-08-16T12:33:07.058+0000] {override.py:1912} INFO - Created Permission View: can read on DAG Run:dataset_alias_example_alias_producer
[2025-08-16T12:33:07.062+0000] {logging_mixin.py:190} INFO - [2025-08-16T12:33:07.061+0000] {override.py:1912} INFO - Created Permission View: can create on DAG Run:dataset_alias_example_alias_producer
[2025-08-16T12:33:07.063+0000] {logging_mixin.py:190} INFO - [2025-08-16T12:33:07.062+0000] {dag.py:3239} INFO - Sync 4 DAGs
[2025-08-16T12:33:07.075+0000] {logging_mixin.py:190} INFO - [2025-08-16T12:33:07.074+0000] {dag.py:3262} INFO - Creating ORM DAG for dataset_alias_example_alias_producer
[2025-08-16T12:33:07.075+0000] {logging_mixin.py:190} INFO - [2025-08-16T12:33:07.075+0000] {dag.py:3262} INFO - Creating ORM DAG for dataset_alias_example_alias_consumer
[2025-08-16T12:33:07.076+0000] {logging_mixin.py:190} INFO - [2025-08-16T12:33:07.075+0000] {dag.py:3262} INFO - Creating ORM DAG for dataset_s3_bucket_producer
[2025-08-16T12:33:07.076+0000] {logging_mixin.py:190} INFO - [2025-08-16T12:33:07.076+0000] {dag.py:3262} INFO - Creating ORM DAG for dataset_s3_bucket_consumer
[2025-08-16T12:33:07.083+0000] {logging_mixin.py:190} INFO - [2025-08-16T12:33:07.083+0000] {dag.py:4180} INFO - Setting next_dagrun for dataset_alias_example_alias_consumer to None, run_after=None
[2025-08-16T12:33:07.084+0000] {logging_mixin.py:190} INFO - [2025-08-16T12:33:07.084+0000] {dag.py:4180} INFO - Setting next_dagrun for dataset_alias_example_alias_producer to None, run_after=None
[2025-08-16T12:33:07.085+0000] {logging_mixin.py:190} INFO - [2025-08-16T12:33:07.085+0000] {dag.py:4180} INFO - Setting next_dagrun for dataset_s3_bucket_consumer to None, run_after=None
[2025-08-16T12:33:07.086+0000] {logging_mixin.py:190} INFO - [2025-08-16T12:33:07.085+0000] {dag.py:4180} INFO - Setting next_dagrun for dataset_s3_bucket_producer to None, run_after=None
[2025-08-16T12:33:07.105+0000] {processor.py:208} INFO - Processing /home/airflow/.local/lib/python3.12/site-packages/airflow/example_dags/example_dataset_alias.py took 0.844 seconds
[2025-08-16T12:33:37.466+0000] {processor.py:186} INFO - Started process (PID=163) to work on /home/airflow/.local/lib/python3.12/site-packages/airflow/example_dags/example_dataset_alias.py
[2025-08-16T12:33:37.467+0000] {processor.py:914} INFO - Processing file /home/airflow/.local/lib/python3.12/site-packages/airflow/example_dags/example_dataset_alias.py for tasks to queue
[2025-08-16T12:33:37.468+0000] {logging_mixin.py:190} INFO - [2025-08-16T12:33:37.468+0000] {dagbag.py:588} INFO - Filling up the DagBag from /home/airflow/.local/lib/python3.12/site-packages/airflow/example_dags/example_dataset_alias.py
[2025-08-16T12:33:37.976+0000] {processor.py:925} INFO - DAG(s) 'dataset_alias_example_alias_consumer', 'dataset_alias_example_alias_producer', 'dataset_s3_bucket_consumer', 'dataset_s3_bucket_producer' retrieved from /home/airflow/.local/lib/python3.12/site-packages/airflow/example_dags/example_dataset_alias.py
[2025-08-16T12:33:37.986+0000] {logging_mixin.py:190} INFO - [2025-08-16T12:33:37.986+0000] {dag.py:3239} INFO - Sync 4 DAGs
[2025-08-16T12:33:38.002+0000] {logging_mixin.py:190} INFO - [2025-08-16T12:33:38.002+0000] {dag.py:4180} INFO - Setting next_dagrun for dataset_alias_example_alias_consumer to None, run_after=None
[2025-08-16T12:33:38.003+0000] {logging_mixin.py:190} INFO - [2025-08-16T12:33:38.003+0000] {dag.py:4180} INFO - Setting next_dagrun for dataset_alias_example_alias_producer to None, run_after=None
[2025-08-16T12:33:38.004+0000] {logging_mixin.py:190} INFO - [2025-08-16T12:33:38.004+0000] {dag.py:4180} INFO - Setting next_dagrun for dataset_s3_bucket_consumer to None, run_after=None
[2025-08-16T12:33:38.005+0000] {logging_mixin.py:190} INFO - [2025-08-16T12:33:38.005+0000] {dag.py:4180} INFO - Setting next_dagrun for dataset_s3_bucket_producer to None, run_after=None
[2025-08-16T12:33:38.015+0000] {processor.py:208} INFO - Processing /home/airflow/.local/lib/python3.12/site-packages/airflow/example_dags/example_dataset_alias.py took 0.553 seconds
[2025-08-16T12:34:08.084+0000] {processor.py:186} INFO - Started process (PID=226) to work on /home/airflow/.local/lib/python3.12/site-packages/airflow/example_dags/example_dataset_alias.py
[2025-08-16T12:34:08.085+0000] {processor.py:914} INFO - Processing file /home/airflow/.local/lib/python3.12/site-packages/airflow/example_dags/example_dataset_alias.py for tasks to queue
[2025-08-16T12:34:08.086+0000] {logging_mixin.py:190} INFO - [2025-08-16T12:34:08.086+0000] {dagbag.py:588} INFO - Filling up the DagBag from /home/airflow/.local/lib/python3.12/site-packages/airflow/example_dags/example_dataset_alias.py
[2025-08-16T12:34:08.548+0000] {processor.py:925} INFO - DAG(s) 'dataset_alias_example_alias_producer', 'dataset_s3_bucket_producer', 'dataset_s3_bucket_consumer', 'dataset_alias_example_alias_consumer' retrieved from /home/airflow/.local/lib/python3.12/site-packages/airflow/example_dags/example_dataset_alias.py
[2025-08-16T12:34:08.558+0000] {logging_mixin.py:190} INFO - [2025-08-16T12:34:08.558+0000] {dag.py:3239} INFO - Sync 4 DAGs
[2025-08-16T12:34:08.571+0000] {logging_mixin.py:190} INFO - [2025-08-16T12:34:08.571+0000] {dag.py:4180} INFO - Setting next_dagrun for dataset_alias_example_alias_consumer to None, run_after=None
[2025-08-16T12:34:08.572+0000] {logging_mixin.py:190} INFO - [2025-08-16T12:34:08.572+0000] {dag.py:4180} INFO - Setting next_dagrun for dataset_alias_example_alias_producer to None, run_after=None
[2025-08-16T12:34:08.573+0000] {logging_mixin.py:190} INFO - [2025-08-16T12:34:08.573+0000] {dag.py:4180} INFO - Setting next_dagrun for dataset_s3_bucket_consumer to None, run_after=None
[2025-08-16T12:34:08.573+0000] {logging_mixin.py:190} INFO - [2025-08-16T12:34:08.573+0000] {dag.py:4180} INFO - Setting next_dagrun for dataset_s3_bucket_producer to None, run_after=None
[2025-08-16T12:34:08.582+0000] {processor.py:208} INFO - Processing /home/airflow/.local/lib/python3.12/site-packages/airflow/example_dags/example_dataset_alias.py took 0.501 seconds
[2025-08-16T12:34:38.687+0000] {processor.py:186} INFO - Started process (PID=288) to work on /home/airflow/.local/lib/python3.12/site-packages/airflow/example_dags/example_dataset_alias.py
[2025-08-16T12:34:38.690+0000] {processor.py:914} INFO - Processing file /home/airflow/.local/lib/python3.12/site-packages/airflow/example_dags/example_dataset_alias.py for tasks to queue
[2025-08-16T12:34:38.692+0000] {logging_mixin.py:190} INFO - [2025-08-16T12:34:38.691+0000] {dagbag.py:588} INFO - Filling up the DagBag from /home/airflow/.local/lib/python3.12/site-packages/airflow/example_dags/example_dataset_alias.py
[2025-08-16T12:34:39.261+0000] {processor.py:925} INFO - DAG(s) 'dataset_s3_bucket_producer', 'dataset_alias_example_alias_producer', 'dataset_s3_bucket_consumer', 'dataset_alias_example_alias_consumer' retrieved from /home/airflow/.local/lib/python3.12/site-packages/airflow/example_dags/example_dataset_alias.py
[2025-08-16T12:34:39.275+0000] {logging_mixin.py:190} INFO - [2025-08-16T12:34:39.275+0000] {dag.py:3239} INFO - Sync 4 DAGs
[2025-08-16T12:34:39.305+0000] {logging_mixin.py:190} INFO - [2025-08-16T12:34:39.305+0000] {dag.py:4180} INFO - Setting next_dagrun for dataset_alias_example_alias_consumer to None, run_after=None
[2025-08-16T12:34:39.307+0000] {logging_mixin.py:190} INFO - [2025-08-16T12:34:39.307+0000] {dag.py:4180} INFO - Setting next_dagrun for dataset_alias_example_alias_producer to None, run_after=None
[2025-08-16T12:34:39.308+0000] {logging_mixin.py:190} INFO - [2025-08-16T12:34:39.308+0000] {dag.py:4180} INFO - Setting next_dagrun for dataset_s3_bucket_consumer to None, run_after=None
[2025-08-16T12:34:39.308+0000] {logging_mixin.py:190} INFO - [2025-08-16T12:34:39.308+0000] {dag.py:4180} INFO - Setting next_dagrun for dataset_s3_bucket_producer to None, run_after=None
[2025-08-16T12:34:39.322+0000] {processor.py:208} INFO - Processing /home/airflow/.local/lib/python3.12/site-packages/airflow/example_dags/example_dataset_alias.py took 0.641 seconds
[2025-08-16T12:35:09.526+0000] {processor.py:186} INFO - Started process (PID=351) to work on /home/airflow/.local/lib/python3.12/site-packages/airflow/example_dags/example_dataset_alias.py
[2025-08-16T12:35:09.527+0000] {processor.py:914} INFO - Processing file /home/airflow/.local/lib/python3.12/site-packages/airflow/example_dags/example_dataset_alias.py for tasks to queue
[2025-08-16T12:35:09.528+0000] {logging_mixin.py:190} INFO - [2025-08-16T12:35:09.528+0000] {dagbag.py:588} INFO - Filling up the DagBag from /home/airflow/.local/lib/python3.12/site-packages/airflow/example_dags/example_dataset_alias.py
[2025-08-16T12:35:09.899+0000] {processor.py:925} INFO - DAG(s) 'dataset_alias_example_alias_producer', 'dataset_s3_bucket_producer', 'dataset_alias_example_alias_consumer', 'dataset_s3_bucket_consumer' retrieved from /home/airflow/.local/lib/python3.12/site-packages/airflow/example_dags/example_dataset_alias.py
[2025-08-16T12:35:09.910+0000] {logging_mixin.py:190} INFO - [2025-08-16T12:35:09.910+0000] {dag.py:3239} INFO - Sync 4 DAGs
[2025-08-16T12:35:09.926+0000] {logging_mixin.py:190} INFO - [2025-08-16T12:35:09.926+0000] {dag.py:4180} INFO - Setting next_dagrun for dataset_alias_example_alias_consumer to None, run_after=None
[2025-08-16T12:35:09.927+0000] {logging_mixin.py:190} INFO - [2025-08-16T12:35:09.927+0000] {dag.py:4180} INFO - Setting next_dagrun for dataset_alias_example_alias_producer to None, run_after=None
[2025-08-16T12:35:09.928+0000] {logging_mixin.py:190} INFO - [2025-08-16T12:35:09.928+0000] {dag.py:4180} INFO - Setting next_dagrun for dataset_s3_bucket_consumer to None, run_after=None
[2025-08-16T12:35:09.929+0000] {logging_mixin.py:190} INFO - [2025-08-16T12:35:09.929+0000] {dag.py:4180} INFO - Setting next_dagrun for dataset_s3_bucket_producer to None, run_after=None
[2025-08-16T12:35:09.940+0000] {processor.py:208} INFO - Processing /home/airflow/.local/lib/python3.12/site-packages/airflow/example_dags/example_dataset_alias.py took 0.418 seconds
[2025-08-16T12:35:40.171+0000] {processor.py:186} INFO - Started process (PID=413) to work on /home/airflow/.local/lib/python3.12/site-packages/airflow/example_dags/example_dataset_alias.py
[2025-08-16T12:35:40.172+0000] {processor.py:914} INFO - Processing file /home/airflow/.local/lib/python3.12/site-packages/airflow/example_dags/example_dataset_alias.py for tasks to queue
[2025-08-16T12:35:40.175+0000] {logging_mixin.py:190} INFO - [2025-08-16T12:35:40.174+0000] {dagbag.py:588} INFO - Filling up the DagBag from /home/airflow/.local/lib/python3.12/site-packages/airflow/example_dags/example_dataset_alias.py
[2025-08-16T12:35:40.919+0000] {processor.py:925} INFO - DAG(s) 'dataset_s3_bucket_consumer', 'dataset_s3_bucket_producer', 'dataset_alias_example_alias_consumer', 'dataset_alias_example_alias_producer' retrieved from /home/airflow/.local/lib/python3.12/site-packages/airflow/example_dags/example_dataset_alias.py
[2025-08-16T12:35:40.930+0000] {logging_mixin.py:190} INFO - [2025-08-16T12:35:40.930+0000] {dag.py:3239} INFO - Sync 4 DAGs
[2025-08-16T12:35:40.947+0000] {logging_mixin.py:190} INFO - [2025-08-16T12:35:40.947+0000] {dag.py:4180} INFO - Setting next_dagrun for dataset_alias_example_alias_consumer to None, run_after=None
[2025-08-16T12:35:40.949+0000] {logging_mixin.py:190} INFO - [2025-08-16T12:35:40.949+0000] {dag.py:4180} INFO - Setting next_dagrun for dataset_alias_example_alias_producer to None, run_after=None
[2025-08-16T12:35:40.952+0000] {logging_mixin.py:190} INFO - [2025-08-16T12:35:40.951+0000] {dag.py:4180} INFO - Setting next_dagrun for dataset_s3_bucket_consumer to None, run_after=None
[2025-08-16T12:35:40.952+0000] {logging_mixin.py:190} INFO - [2025-08-16T12:35:40.952+0000] {dag.py:4180} INFO - Setting next_dagrun for dataset_s3_bucket_producer to None, run_after=None
[2025-08-16T12:35:40.964+0000] {processor.py:208} INFO - Processing /home/airflow/.local/lib/python3.12/site-packages/airflow/example_dags/example_dataset_alias.py took 0.801 seconds
[2025-08-16T12:36:11.262+0000] {processor.py:186} INFO - Started process (PID=476) to work on /home/airflow/.local/lib/python3.12/site-packages/airflow/example_dags/example_dataset_alias.py
[2025-08-16T12:36:11.264+0000] {processor.py:914} INFO - Processing file /home/airflow/.local/lib/python3.12/site-packages/airflow/example_dags/example_dataset_alias.py for tasks to queue
[2025-08-16T12:36:11.266+0000] {logging_mixin.py:190} INFO - [2025-08-16T12:36:11.266+0000] {dagbag.py:588} INFO - Filling up the DagBag from /home/airflow/.local/lib/python3.12/site-packages/airflow/example_dags/example_dataset_alias.py
[2025-08-16T12:36:11.610+0000] {processor.py:925} INFO - DAG(s) 'dataset_alias_example_alias_producer', 'dataset_s3_bucket_producer', 'dataset_s3_bucket_consumer', 'dataset_alias_example_alias_consumer' retrieved from /home/airflow/.local/lib/python3.12/site-packages/airflow/example_dags/example_dataset_alias.py
[2025-08-16T12:36:11.619+0000] {logging_mixin.py:190} INFO - [2025-08-16T12:36:11.619+0000] {dag.py:3239} INFO - Sync 4 DAGs
[2025-08-16T12:36:11.628+0000] {logging_mixin.py:190} INFO - [2025-08-16T12:36:11.628+0000] {dag.py:4180} INFO - Setting next_dagrun for dataset_alias_example_alias_consumer to None, run_after=None
[2025-08-16T12:36:11.630+0000] {logging_mixin.py:190} INFO - [2025-08-16T12:36:11.630+0000] {dag.py:4180} INFO - Setting next_dagrun for dataset_alias_example_alias_producer to None, run_after=None
[2025-08-16T12:36:11.630+0000] {logging_mixin.py:190} INFO - [2025-08-16T12:36:11.630+0000] {dag.py:4180} INFO - Setting next_dagrun for dataset_s3_bucket_consumer to None, run_after=None
[2025-08-16T12:36:11.632+0000] {logging_mixin.py:190} INFO - [2025-08-16T12:36:11.632+0000] {dag.py:4180} INFO - Setting next_dagrun for dataset_s3_bucket_producer to None, run_after=None
[2025-08-16T12:36:11.641+0000] {processor.py:208} INFO - Processing /home/airflow/.local/lib/python3.12/site-packages/airflow/example_dags/example_dataset_alias.py took 0.386 seconds
