[2025-08-16T12:33:04.076+0000] {processor.py:186} INFO - Started process (PID=84) to work on /home/airflow/.local/lib/python3.12/site-packages/airflow/example_dags/example_nested_branch_dag.py
[2025-08-16T12:33:04.077+0000] {processor.py:914} INFO - Processing file /home/airflow/.local/lib/python3.12/site-packages/airflow/example_dags/example_nested_branch_dag.py for tasks to queue
[2025-08-16T12:33:04.080+0000] {logging_mixin.py:190} INFO - [2025-08-16T12:33:04.079+0000] {dagbag.py:588} INFO - Filling up the DagBag from /home/airflow/.local/lib/python3.12/site-packages/airflow/example_dags/example_nested_branch_dag.py
[2025-08-16T12:33:04.092+0000] {processor.py:925} INFO - DAG(s) 'example_nested_branch_dag' retrieved from /home/airflow/.local/lib/python3.12/site-packages/airflow/example_dags/example_nested_branch_dag.py
[2025-08-16T12:33:04.226+0000] {logging_mixin.py:190} INFO - [2025-08-16T12:33:04.225+0000] {override.py:1912} INFO - Created Permission View: can delete on DAG:example_nested_branch_dag
[2025-08-16T12:33:04.236+0000] {logging_mixin.py:190} INFO - [2025-08-16T12:33:04.236+0000] {override.py:1912} INFO - Created Permission View: can read on DAG:example_nested_branch_dag
[2025-08-16T12:33:04.245+0000] {logging_mixin.py:190} INFO - [2025-08-16T12:33:04.244+0000] {override.py:1912} INFO - Created Permission View: can edit on DAG:example_nested_branch_dag
[2025-08-16T12:33:04.254+0000] {logging_mixin.py:190} INFO - [2025-08-16T12:33:04.253+0000] {override.py:1912} INFO - Created Permission View: can delete on DAG Run:example_nested_branch_dag
[2025-08-16T12:33:04.261+0000] {logging_mixin.py:190} INFO - [2025-08-16T12:33:04.261+0000] {override.py:1912} INFO - Created Permission View: menu access on DAG Run:example_nested_branch_dag
[2025-08-16T12:33:04.271+0000] {logging_mixin.py:190} INFO - [2025-08-16T12:33:04.271+0000] {override.py:1912} INFO - Created Permission View: can read on DAG Run:example_nested_branch_dag
[2025-08-16T12:33:04.283+0000] {logging_mixin.py:190} INFO - [2025-08-16T12:33:04.282+0000] {override.py:1912} INFO - Created Permission View: can create on DAG Run:example_nested_branch_dag
[2025-08-16T12:33:04.283+0000] {logging_mixin.py:190} INFO - [2025-08-16T12:33:04.283+0000] {dag.py:3239} INFO - Sync 1 DAGs
[2025-08-16T12:33:04.300+0000] {logging_mixin.py:190} INFO - [2025-08-16T12:33:04.299+0000] {dag.py:3262} INFO - Creating ORM DAG for example_nested_branch_dag
[2025-08-16T12:33:04.316+0000] {logging_mixin.py:190} INFO - [2025-08-16T12:33:04.315+0000] {dag.py:4180} INFO - Setting next_dagrun for example_nested_branch_dag to 2025-08-15 00:00:00+00:00, run_after=2025-08-16 00:00:00+00:00
[2025-08-16T12:33:04.334+0000] {processor.py:208} INFO - Processing /home/airflow/.local/lib/python3.12/site-packages/airflow/example_dags/example_nested_branch_dag.py took 0.263 seconds
[2025-08-16T12:33:35.076+0000] {processor.py:186} INFO - Started process (PID=147) to work on /home/airflow/.local/lib/python3.12/site-packages/airflow/example_dags/example_nested_branch_dag.py
[2025-08-16T12:33:35.077+0000] {processor.py:914} INFO - Processing file /home/airflow/.local/lib/python3.12/site-packages/airflow/example_dags/example_nested_branch_dag.py for tasks to queue
[2025-08-16T12:33:35.081+0000] {logging_mixin.py:190} INFO - [2025-08-16T12:33:35.081+0000] {dagbag.py:588} INFO - Filling up the DagBag from /home/airflow/.local/lib/python3.12/site-packages/airflow/example_dags/example_nested_branch_dag.py
[2025-08-16T12:33:35.089+0000] {processor.py:925} INFO - DAG(s) 'example_nested_branch_dag' retrieved from /home/airflow/.local/lib/python3.12/site-packages/airflow/example_dags/example_nested_branch_dag.py
[2025-08-16T12:33:35.105+0000] {logging_mixin.py:190} INFO - [2025-08-16T12:33:35.105+0000] {dag.py:3239} INFO - Sync 1 DAGs
[2025-08-16T12:33:35.121+0000] {logging_mixin.py:190} INFO - [2025-08-16T12:33:35.120+0000] {dag.py:4180} INFO - Setting next_dagrun for example_nested_branch_dag to 2025-08-15 00:00:00+00:00, run_after=2025-08-16 00:00:00+00:00
[2025-08-16T12:33:35.131+0000] {processor.py:208} INFO - Processing /home/airflow/.local/lib/python3.12/site-packages/airflow/example_dags/example_nested_branch_dag.py took 0.058 seconds
[2025-08-16T12:34:05.207+0000] {processor.py:186} INFO - Started process (PID=210) to work on /home/airflow/.local/lib/python3.12/site-packages/airflow/example_dags/example_nested_branch_dag.py
[2025-08-16T12:34:05.207+0000] {processor.py:914} INFO - Processing file /home/airflow/.local/lib/python3.12/site-packages/airflow/example_dags/example_nested_branch_dag.py for tasks to queue
[2025-08-16T12:34:05.208+0000] {logging_mixin.py:190} INFO - [2025-08-16T12:34:05.208+0000] {dagbag.py:588} INFO - Filling up the DagBag from /home/airflow/.local/lib/python3.12/site-packages/airflow/example_dags/example_nested_branch_dag.py
[2025-08-16T12:34:05.215+0000] {processor.py:925} INFO - DAG(s) 'example_nested_branch_dag' retrieved from /home/airflow/.local/lib/python3.12/site-packages/airflow/example_dags/example_nested_branch_dag.py
[2025-08-16T12:34:05.227+0000] {logging_mixin.py:190} INFO - [2025-08-16T12:34:05.227+0000] {dag.py:3239} INFO - Sync 1 DAGs
[2025-08-16T12:34:05.237+0000] {logging_mixin.py:190} INFO - [2025-08-16T12:34:05.237+0000] {dag.py:4180} INFO - Setting next_dagrun for example_nested_branch_dag to 2025-08-15 00:00:00+00:00, run_after=2025-08-16 00:00:00+00:00
[2025-08-16T12:34:05.244+0000] {processor.py:208} INFO - Processing /home/airflow/.local/lib/python3.12/site-packages/airflow/example_dags/example_nested_branch_dag.py took 0.040 seconds
[2025-08-16T12:34:36.407+0000] {processor.py:186} INFO - Started process (PID=273) to work on /home/airflow/.local/lib/python3.12/site-packages/airflow/example_dags/example_nested_branch_dag.py
[2025-08-16T12:34:36.408+0000] {processor.py:914} INFO - Processing file /home/airflow/.local/lib/python3.12/site-packages/airflow/example_dags/example_nested_branch_dag.py for tasks to queue
[2025-08-16T12:34:36.411+0000] {logging_mixin.py:190} INFO - [2025-08-16T12:34:36.411+0000] {dagbag.py:588} INFO - Filling up the DagBag from /home/airflow/.local/lib/python3.12/site-packages/airflow/example_dags/example_nested_branch_dag.py
[2025-08-16T12:34:36.419+0000] {processor.py:925} INFO - DAG(s) 'example_nested_branch_dag' retrieved from /home/airflow/.local/lib/python3.12/site-packages/airflow/example_dags/example_nested_branch_dag.py
[2025-08-16T12:34:36.438+0000] {logging_mixin.py:190} INFO - [2025-08-16T12:34:36.438+0000] {dag.py:3239} INFO - Sync 1 DAGs
[2025-08-16T12:34:36.457+0000] {logging_mixin.py:190} INFO - [2025-08-16T12:34:36.457+0000] {dag.py:4180} INFO - Setting next_dagrun for example_nested_branch_dag to 2025-08-15 00:00:00+00:00, run_after=2025-08-16 00:00:00+00:00
[2025-08-16T12:34:36.470+0000] {processor.py:208} INFO - Processing /home/airflow/.local/lib/python3.12/site-packages/airflow/example_dags/example_nested_branch_dag.py took 0.067 seconds
[2025-08-16T12:35:06.848+0000] {processor.py:186} INFO - Started process (PID=336) to work on /home/airflow/.local/lib/python3.12/site-packages/airflow/example_dags/example_nested_branch_dag.py
[2025-08-16T12:35:06.849+0000] {processor.py:914} INFO - Processing file /home/airflow/.local/lib/python3.12/site-packages/airflow/example_dags/example_nested_branch_dag.py for tasks to queue
[2025-08-16T12:35:06.852+0000] {logging_mixin.py:190} INFO - [2025-08-16T12:35:06.851+0000] {dagbag.py:588} INFO - Filling up the DagBag from /home/airflow/.local/lib/python3.12/site-packages/airflow/example_dags/example_nested_branch_dag.py
[2025-08-16T12:35:06.867+0000] {processor.py:925} INFO - DAG(s) 'example_nested_branch_dag' retrieved from /home/airflow/.local/lib/python3.12/site-packages/airflow/example_dags/example_nested_branch_dag.py
[2025-08-16T12:35:06.882+0000] {logging_mixin.py:190} INFO - [2025-08-16T12:35:06.881+0000] {dag.py:3239} INFO - Sync 1 DAGs
[2025-08-16T12:35:06.896+0000] {logging_mixin.py:190} INFO - [2025-08-16T12:35:06.896+0000] {dag.py:4180} INFO - Setting next_dagrun for example_nested_branch_dag to 2025-08-15 00:00:00+00:00, run_after=2025-08-16 00:00:00+00:00
[2025-08-16T12:35:06.911+0000] {processor.py:208} INFO - Processing /home/airflow/.local/lib/python3.12/site-packages/airflow/example_dags/example_nested_branch_dag.py took 0.070 seconds
[2025-08-16T12:35:37.393+0000] {processor.py:186} INFO - Started process (PID=397) to work on /home/airflow/.local/lib/python3.12/site-packages/airflow/example_dags/example_nested_branch_dag.py
[2025-08-16T12:35:37.394+0000] {processor.py:914} INFO - Processing file /home/airflow/.local/lib/python3.12/site-packages/airflow/example_dags/example_nested_branch_dag.py for tasks to queue
[2025-08-16T12:35:37.396+0000] {logging_mixin.py:190} INFO - [2025-08-16T12:35:37.395+0000] {dagbag.py:588} INFO - Filling up the DagBag from /home/airflow/.local/lib/python3.12/site-packages/airflow/example_dags/example_nested_branch_dag.py
[2025-08-16T12:35:37.402+0000] {processor.py:925} INFO - DAG(s) 'example_nested_branch_dag' retrieved from /home/airflow/.local/lib/python3.12/site-packages/airflow/example_dags/example_nested_branch_dag.py
[2025-08-16T12:35:37.413+0000] {logging_mixin.py:190} INFO - [2025-08-16T12:35:37.413+0000] {dag.py:3239} INFO - Sync 1 DAGs
[2025-08-16T12:35:37.424+0000] {logging_mixin.py:190} INFO - [2025-08-16T12:35:37.424+0000] {dag.py:4180} INFO - Setting next_dagrun for example_nested_branch_dag to 2025-08-15 00:00:00+00:00, run_after=2025-08-16 00:00:00+00:00
[2025-08-16T12:35:37.432+0000] {processor.py:208} INFO - Processing /home/airflow/.local/lib/python3.12/site-packages/airflow/example_dags/example_nested_branch_dag.py took 0.045 seconds
[2025-08-16T12:36:08.725+0000] {processor.py:186} INFO - Started process (PID=461) to work on /home/airflow/.local/lib/python3.12/site-packages/airflow/example_dags/example_nested_branch_dag.py
[2025-08-16T12:36:08.726+0000] {processor.py:914} INFO - Processing file /home/airflow/.local/lib/python3.12/site-packages/airflow/example_dags/example_nested_branch_dag.py for tasks to queue
[2025-08-16T12:36:08.727+0000] {logging_mixin.py:190} INFO - [2025-08-16T12:36:08.727+0000] {dagbag.py:588} INFO - Filling up the DagBag from /home/airflow/.local/lib/python3.12/site-packages/airflow/example_dags/example_nested_branch_dag.py
[2025-08-16T12:36:08.734+0000] {processor.py:925} INFO - DAG(s) 'example_nested_branch_dag' retrieved from /home/airflow/.local/lib/python3.12/site-packages/airflow/example_dags/example_nested_branch_dag.py
[2025-08-16T12:36:08.747+0000] {logging_mixin.py:190} INFO - [2025-08-16T12:36:08.747+0000] {dag.py:3239} INFO - Sync 1 DAGs
[2025-08-16T12:36:08.759+0000] {logging_mixin.py:190} INFO - [2025-08-16T12:36:08.759+0000] {dag.py:4180} INFO - Setting next_dagrun for example_nested_branch_dag to 2025-08-15 00:00:00+00:00, run_after=2025-08-16 00:00:00+00:00
[2025-08-16T12:36:08.768+0000] {processor.py:208} INFO - Processing /home/airflow/.local/lib/python3.12/site-packages/airflow/example_dags/example_nested_branch_dag.py took 0.047 seconds
[2025-08-16T12:36:40.182+0000] {processor.py:186} INFO - Started process (PID=524) to work on /home/airflow/.local/lib/python3.12/site-packages/airflow/example_dags/example_nested_branch_dag.py
[2025-08-16T12:36:40.186+0000] {processor.py:914} INFO - Processing file /home/airflow/.local/lib/python3.12/site-packages/airflow/example_dags/example_nested_branch_dag.py for tasks to queue
[2025-08-16T12:36:40.187+0000] {logging_mixin.py:190} INFO - [2025-08-16T12:36:40.187+0000] {dagbag.py:588} INFO - Filling up the DagBag from /home/airflow/.local/lib/python3.12/site-packages/airflow/example_dags/example_nested_branch_dag.py
[2025-08-16T12:36:40.195+0000] {processor.py:925} INFO - DAG(s) 'example_nested_branch_dag' retrieved from /home/airflow/.local/lib/python3.12/site-packages/airflow/example_dags/example_nested_branch_dag.py
[2025-08-16T12:36:40.206+0000] {logging_mixin.py:190} INFO - [2025-08-16T12:36:40.206+0000] {dag.py:3239} INFO - Sync 1 DAGs
[2025-08-16T12:36:40.221+0000] {logging_mixin.py:190} INFO - [2025-08-16T12:36:40.221+0000] {dag.py:4180} INFO - Setting next_dagrun for example_nested_branch_dag to 2025-08-15 00:00:00+00:00, run_after=2025-08-16 00:00:00+00:00
[2025-08-16T12:36:40.232+0000] {processor.py:208} INFO - Processing /home/airflow/.local/lib/python3.12/site-packages/airflow/example_dags/example_nested_branch_dag.py took 0.054 seconds
