[2025-08-16T12:33:03.865+0000] {processor.py:186} INFO - Started process (PID=82) to work on /home/airflow/.local/lib/python3.12/site-packages/airflow/example_dags/example_branch_datetime_operator.py
[2025-08-16T12:33:03.866+0000] {processor.py:914} INFO - Processing file /home/airflow/.local/lib/python3.12/site-packages/airflow/example_dags/example_branch_datetime_operator.py for tasks to queue
[2025-08-16T12:33:03.867+0000] {logging_mixin.py:190} INFO - [2025-08-16T12:33:03.867+0000] {dagbag.py:588} INFO - Filling up the DagBag from /home/airflow/.local/lib/python3.12/site-packages/airflow/example_dags/example_branch_datetime_operator.py
[2025-08-16T12:33:03.877+0000] {processor.py:925} INFO - DAG(s) 'example_branch_datetime_operator_2', 'example_branch_datetime_operator_3', 'example_branch_datetime_operator' retrieved from /home/airflow/.local/lib/python3.12/site-packages/airflow/example_dags/example_branch_datetime_operator.py
[2025-08-16T12:33:03.952+0000] {logging_mixin.py:190} INFO - [2025-08-16T12:33:03.952+0000] {override.py:1912} INFO - Created Permission View: can delete on DAG:example_branch_datetime_operator_2
[2025-08-16T12:33:03.957+0000] {logging_mixin.py:190} INFO - [2025-08-16T12:33:03.957+0000] {override.py:1912} INFO - Created Permission View: can read on DAG:example_branch_datetime_operator_2
[2025-08-16T12:33:03.962+0000] {logging_mixin.py:190} INFO - [2025-08-16T12:33:03.962+0000] {override.py:1912} INFO - Created Permission View: can edit on DAG:example_branch_datetime_operator_2
[2025-08-16T12:33:03.971+0000] {logging_mixin.py:190} INFO - [2025-08-16T12:33:03.970+0000] {override.py:1912} INFO - Created Permission View: can delete on DAG Run:example_branch_datetime_operator_2
[2025-08-16T12:33:03.979+0000] {logging_mixin.py:190} INFO - [2025-08-16T12:33:03.978+0000] {override.py:1912} INFO - Created Permission View: menu access on DAG Run:example_branch_datetime_operator_2
[2025-08-16T12:33:03.983+0000] {logging_mixin.py:190} INFO - [2025-08-16T12:33:03.983+0000] {override.py:1912} INFO - Created Permission View: can read on DAG Run:example_branch_datetime_operator_2
[2025-08-16T12:33:03.987+0000] {logging_mixin.py:190} INFO - [2025-08-16T12:33:03.987+0000] {override.py:1912} INFO - Created Permission View: can create on DAG Run:example_branch_datetime_operator_2
[2025-08-16T12:33:04.002+0000] {logging_mixin.py:190} INFO - [2025-08-16T12:33:04.001+0000] {override.py:1912} INFO - Created Permission View: can delete on DAG:example_branch_datetime_operator_3
[2025-08-16T12:33:04.007+0000] {logging_mixin.py:190} INFO - [2025-08-16T12:33:04.007+0000] {override.py:1912} INFO - Created Permission View: can read on DAG:example_branch_datetime_operator_3
[2025-08-16T12:33:04.011+0000] {logging_mixin.py:190} INFO - [2025-08-16T12:33:04.010+0000] {override.py:1912} INFO - Created Permission View: can edit on DAG:example_branch_datetime_operator_3
[2025-08-16T12:33:04.020+0000] {logging_mixin.py:190} INFO - [2025-08-16T12:33:04.019+0000] {override.py:1912} INFO - Created Permission View: can delete on DAG Run:example_branch_datetime_operator_3
[2025-08-16T12:33:04.025+0000] {logging_mixin.py:190} INFO - [2025-08-16T12:33:04.025+0000] {override.py:1912} INFO - Created Permission View: menu access on DAG Run:example_branch_datetime_operator_3
[2025-08-16T12:33:04.029+0000] {logging_mixin.py:190} INFO - [2025-08-16T12:33:04.029+0000] {override.py:1912} INFO - Created Permission View: can read on DAG Run:example_branch_datetime_operator_3
[2025-08-16T12:33:04.035+0000] {logging_mixin.py:190} INFO - [2025-08-16T12:33:04.035+0000] {override.py:1912} INFO - Created Permission View: can create on DAG Run:example_branch_datetime_operator_3
[2025-08-16T12:33:04.044+0000] {logging_mixin.py:190} INFO - [2025-08-16T12:33:04.043+0000] {override.py:1912} INFO - Created Permission View: can delete on DAG:example_branch_datetime_operator
[2025-08-16T12:33:04.049+0000] {logging_mixin.py:190} INFO - [2025-08-16T12:33:04.049+0000] {override.py:1912} INFO - Created Permission View: can read on DAG:example_branch_datetime_operator
[2025-08-16T12:33:04.056+0000] {logging_mixin.py:190} INFO - [2025-08-16T12:33:04.056+0000] {override.py:1912} INFO - Created Permission View: can edit on DAG:example_branch_datetime_operator
[2025-08-16T12:33:04.061+0000] {logging_mixin.py:190} INFO - [2025-08-16T12:33:04.061+0000] {override.py:1912} INFO - Created Permission View: can delete on DAG Run:example_branch_datetime_operator
[2025-08-16T12:33:04.070+0000] {logging_mixin.py:190} INFO - [2025-08-16T12:33:04.070+0000] {override.py:1912} INFO - Created Permission View: menu access on DAG Run:example_branch_datetime_operator
[2025-08-16T12:33:04.074+0000] {logging_mixin.py:190} INFO - [2025-08-16T12:33:04.074+0000] {override.py:1912} INFO - Created Permission View: can read on DAG Run:example_branch_datetime_operator
[2025-08-16T12:33:04.077+0000] {logging_mixin.py:190} INFO - [2025-08-16T12:33:04.077+0000] {override.py:1912} INFO - Created Permission View: can create on DAG Run:example_branch_datetime_operator
[2025-08-16T12:33:04.078+0000] {logging_mixin.py:190} INFO - [2025-08-16T12:33:04.078+0000] {dag.py:3239} INFO - Sync 3 DAGs
[2025-08-16T12:33:04.087+0000] {logging_mixin.py:190} INFO - [2025-08-16T12:33:04.087+0000] {dag.py:3262} INFO - Creating ORM DAG for example_branch_datetime_operator_2
[2025-08-16T12:33:04.088+0000] {logging_mixin.py:190} INFO - [2025-08-16T12:33:04.088+0000] {dag.py:3262} INFO - Creating ORM DAG for example_branch_datetime_operator
[2025-08-16T12:33:04.088+0000] {logging_mixin.py:190} INFO - [2025-08-16T12:33:04.088+0000] {dag.py:3262} INFO - Creating ORM DAG for example_branch_datetime_operator_3
[2025-08-16T12:33:04.095+0000] {logging_mixin.py:190} INFO - [2025-08-16T12:33:04.095+0000] {dag.py:4180} INFO - Setting next_dagrun for example_branch_datetime_operator to 2025-08-15 00:00:00+00:00, run_after=2025-08-16 00:00:00+00:00
[2025-08-16T12:33:04.096+0000] {logging_mixin.py:190} INFO - [2025-08-16T12:33:04.096+0000] {dag.py:4180} INFO - Setting next_dagrun for example_branch_datetime_operator_2 to 2025-08-15 00:00:00+00:00, run_after=2025-08-16 00:00:00+00:00
[2025-08-16T12:33:04.098+0000] {logging_mixin.py:190} INFO - [2025-08-16T12:33:04.097+0000] {dag.py:4180} INFO - Setting next_dagrun for example_branch_datetime_operator_3 to 2025-08-15 00:00:00+00:00, run_after=2025-08-16 00:00:00+00:00
[2025-08-16T12:33:04.115+0000] {processor.py:208} INFO - Processing /home/airflow/.local/lib/python3.12/site-packages/airflow/example_dags/example_branch_datetime_operator.py took 0.254 seconds
[2025-08-16T12:33:35.006+0000] {processor.py:186} INFO - Started process (PID=145) to work on /home/airflow/.local/lib/python3.12/site-packages/airflow/example_dags/example_branch_datetime_operator.py
[2025-08-16T12:33:35.008+0000] {processor.py:914} INFO - Processing file /home/airflow/.local/lib/python3.12/site-packages/airflow/example_dags/example_branch_datetime_operator.py for tasks to queue
[2025-08-16T12:33:35.013+0000] {logging_mixin.py:190} INFO - [2025-08-16T12:33:35.013+0000] {dagbag.py:588} INFO - Filling up the DagBag from /home/airflow/.local/lib/python3.12/site-packages/airflow/example_dags/example_branch_datetime_operator.py
[2025-08-16T12:33:35.022+0000] {processor.py:925} INFO - DAG(s) 'example_branch_datetime_operator', 'example_branch_datetime_operator_3', 'example_branch_datetime_operator_2' retrieved from /home/airflow/.local/lib/python3.12/site-packages/airflow/example_dags/example_branch_datetime_operator.py
[2025-08-16T12:33:35.042+0000] {logging_mixin.py:190} INFO - [2025-08-16T12:33:35.042+0000] {dag.py:3239} INFO - Sync 3 DAGs
[2025-08-16T12:33:35.054+0000] {logging_mixin.py:190} INFO - [2025-08-16T12:33:35.054+0000] {dag.py:4180} INFO - Setting next_dagrun for example_branch_datetime_operator to 2025-08-15 00:00:00+00:00, run_after=2025-08-16 00:00:00+00:00
[2025-08-16T12:33:35.057+0000] {logging_mixin.py:190} INFO - [2025-08-16T12:33:35.056+0000] {dag.py:4180} INFO - Setting next_dagrun for example_branch_datetime_operator_2 to 2025-08-15 00:00:00+00:00, run_after=2025-08-16 00:00:00+00:00
[2025-08-16T12:33:35.058+0000] {logging_mixin.py:190} INFO - [2025-08-16T12:33:35.058+0000] {dag.py:4180} INFO - Setting next_dagrun for example_branch_datetime_operator_3 to 2025-08-15 00:00:00+00:00, run_after=2025-08-16 00:00:00+00:00
[2025-08-16T12:33:35.066+0000] {processor.py:208} INFO - Processing /home/airflow/.local/lib/python3.12/site-packages/airflow/example_dags/example_branch_datetime_operator.py took 0.065 seconds
[2025-08-16T12:34:05.149+0000] {processor.py:186} INFO - Started process (PID=208) to work on /home/airflow/.local/lib/python3.12/site-packages/airflow/example_dags/example_branch_datetime_operator.py
[2025-08-16T12:34:05.150+0000] {processor.py:914} INFO - Processing file /home/airflow/.local/lib/python3.12/site-packages/airflow/example_dags/example_branch_datetime_operator.py for tasks to queue
[2025-08-16T12:34:05.151+0000] {logging_mixin.py:190} INFO - [2025-08-16T12:34:05.151+0000] {dagbag.py:588} INFO - Filling up the DagBag from /home/airflow/.local/lib/python3.12/site-packages/airflow/example_dags/example_branch_datetime_operator.py
[2025-08-16T12:34:05.157+0000] {processor.py:925} INFO - DAG(s) 'example_branch_datetime_operator_3', 'example_branch_datetime_operator_2', 'example_branch_datetime_operator' retrieved from /home/airflow/.local/lib/python3.12/site-packages/airflow/example_dags/example_branch_datetime_operator.py
[2025-08-16T12:34:05.171+0000] {logging_mixin.py:190} INFO - [2025-08-16T12:34:05.171+0000] {dag.py:3239} INFO - Sync 3 DAGs
[2025-08-16T12:34:05.184+0000] {logging_mixin.py:190} INFO - [2025-08-16T12:34:05.183+0000] {dag.py:4180} INFO - Setting next_dagrun for example_branch_datetime_operator to 2025-08-15 00:00:00+00:00, run_after=2025-08-16 00:00:00+00:00
[2025-08-16T12:34:05.186+0000] {logging_mixin.py:190} INFO - [2025-08-16T12:34:05.186+0000] {dag.py:4180} INFO - Setting next_dagrun for example_branch_datetime_operator_2 to 2025-08-15 00:00:00+00:00, run_after=2025-08-16 00:00:00+00:00
[2025-08-16T12:34:05.187+0000] {logging_mixin.py:190} INFO - [2025-08-16T12:34:05.187+0000] {dag.py:4180} INFO - Setting next_dagrun for example_branch_datetime_operator_3 to 2025-08-15 00:00:00+00:00, run_after=2025-08-16 00:00:00+00:00
[2025-08-16T12:34:05.194+0000] {processor.py:208} INFO - Processing /home/airflow/.local/lib/python3.12/site-packages/airflow/example_dags/example_branch_datetime_operator.py took 0.048 seconds
[2025-08-16T12:34:36.240+0000] {processor.py:186} INFO - Started process (PID=271) to work on /home/airflow/.local/lib/python3.12/site-packages/airflow/example_dags/example_branch_datetime_operator.py
[2025-08-16T12:34:36.241+0000] {processor.py:914} INFO - Processing file /home/airflow/.local/lib/python3.12/site-packages/airflow/example_dags/example_branch_datetime_operator.py for tasks to queue
[2025-08-16T12:34:36.242+0000] {logging_mixin.py:190} INFO - [2025-08-16T12:34:36.242+0000] {dagbag.py:588} INFO - Filling up the DagBag from /home/airflow/.local/lib/python3.12/site-packages/airflow/example_dags/example_branch_datetime_operator.py
[2025-08-16T12:34:36.251+0000] {processor.py:925} INFO - DAG(s) 'example_branch_datetime_operator', 'example_branch_datetime_operator_3', 'example_branch_datetime_operator_2' retrieved from /home/airflow/.local/lib/python3.12/site-packages/airflow/example_dags/example_branch_datetime_operator.py
[2025-08-16T12:34:36.269+0000] {logging_mixin.py:190} INFO - [2025-08-16T12:34:36.269+0000] {dag.py:3239} INFO - Sync 3 DAGs
[2025-08-16T12:34:36.282+0000] {logging_mixin.py:190} INFO - [2025-08-16T12:34:36.282+0000] {dag.py:4180} INFO - Setting next_dagrun for example_branch_datetime_operator to 2025-08-15 00:00:00+00:00, run_after=2025-08-16 00:00:00+00:00
[2025-08-16T12:34:36.286+0000] {logging_mixin.py:190} INFO - [2025-08-16T12:34:36.285+0000] {dag.py:4180} INFO - Setting next_dagrun for example_branch_datetime_operator_2 to 2025-08-15 00:00:00+00:00, run_after=2025-08-16 00:00:00+00:00
[2025-08-16T12:34:36.287+0000] {logging_mixin.py:190} INFO - [2025-08-16T12:34:36.287+0000] {dag.py:4180} INFO - Setting next_dagrun for example_branch_datetime_operator_3 to 2025-08-15 00:00:00+00:00, run_after=2025-08-16 00:00:00+00:00
[2025-08-16T12:34:36.296+0000] {processor.py:208} INFO - Processing /home/airflow/.local/lib/python3.12/site-packages/airflow/example_dags/example_branch_datetime_operator.py took 0.062 seconds
[2025-08-16T12:35:06.739+0000] {processor.py:186} INFO - Started process (PID=333) to work on /home/airflow/.local/lib/python3.12/site-packages/airflow/example_dags/example_branch_datetime_operator.py
[2025-08-16T12:35:06.740+0000] {processor.py:914} INFO - Processing file /home/airflow/.local/lib/python3.12/site-packages/airflow/example_dags/example_branch_datetime_operator.py for tasks to queue
[2025-08-16T12:35:06.742+0000] {logging_mixin.py:190} INFO - [2025-08-16T12:35:06.742+0000] {dagbag.py:588} INFO - Filling up the DagBag from /home/airflow/.local/lib/python3.12/site-packages/airflow/example_dags/example_branch_datetime_operator.py
[2025-08-16T12:35:06.751+0000] {processor.py:925} INFO - DAG(s) 'example_branch_datetime_operator_2', 'example_branch_datetime_operator', 'example_branch_datetime_operator_3' retrieved from /home/airflow/.local/lib/python3.12/site-packages/airflow/example_dags/example_branch_datetime_operator.py
[2025-08-16T12:35:06.768+0000] {logging_mixin.py:190} INFO - [2025-08-16T12:35:06.768+0000] {dag.py:3239} INFO - Sync 3 DAGs
[2025-08-16T12:35:06.782+0000] {logging_mixin.py:190} INFO - [2025-08-16T12:35:06.782+0000] {dag.py:4180} INFO - Setting next_dagrun for example_branch_datetime_operator to 2025-08-15 00:00:00+00:00, run_after=2025-08-16 00:00:00+00:00
[2025-08-16T12:35:06.785+0000] {logging_mixin.py:190} INFO - [2025-08-16T12:35:06.785+0000] {dag.py:4180} INFO - Setting next_dagrun for example_branch_datetime_operator_2 to 2025-08-15 00:00:00+00:00, run_after=2025-08-16 00:00:00+00:00
[2025-08-16T12:35:06.787+0000] {logging_mixin.py:190} INFO - [2025-08-16T12:35:06.787+0000] {dag.py:4180} INFO - Setting next_dagrun for example_branch_datetime_operator_3 to 2025-08-15 00:00:00+00:00, run_after=2025-08-16 00:00:00+00:00
[2025-08-16T12:35:06.799+0000] {processor.py:208} INFO - Processing /home/airflow/.local/lib/python3.12/site-packages/airflow/example_dags/example_branch_datetime_operator.py took 0.064 seconds
[2025-08-16T12:35:37.246+0000] {processor.py:186} INFO - Started process (PID=395) to work on /home/airflow/.local/lib/python3.12/site-packages/airflow/example_dags/example_branch_datetime_operator.py
[2025-08-16T12:35:37.249+0000] {processor.py:914} INFO - Processing file /home/airflow/.local/lib/python3.12/site-packages/airflow/example_dags/example_branch_datetime_operator.py for tasks to queue
[2025-08-16T12:35:37.251+0000] {logging_mixin.py:190} INFO - [2025-08-16T12:35:37.251+0000] {dagbag.py:588} INFO - Filling up the DagBag from /home/airflow/.local/lib/python3.12/site-packages/airflow/example_dags/example_branch_datetime_operator.py
[2025-08-16T12:35:37.259+0000] {processor.py:925} INFO - DAG(s) 'example_branch_datetime_operator_3', 'example_branch_datetime_operator', 'example_branch_datetime_operator_2' retrieved from /home/airflow/.local/lib/python3.12/site-packages/airflow/example_dags/example_branch_datetime_operator.py
[2025-08-16T12:35:37.276+0000] {logging_mixin.py:190} INFO - [2025-08-16T12:35:37.276+0000] {dag.py:3239} INFO - Sync 3 DAGs
[2025-08-16T12:35:37.292+0000] {logging_mixin.py:190} INFO - [2025-08-16T12:35:37.291+0000] {dag.py:4180} INFO - Setting next_dagrun for example_branch_datetime_operator to 2025-08-15 00:00:00+00:00, run_after=2025-08-16 00:00:00+00:00
[2025-08-16T12:35:37.295+0000] {logging_mixin.py:190} INFO - [2025-08-16T12:35:37.295+0000] {dag.py:4180} INFO - Setting next_dagrun for example_branch_datetime_operator_2 to 2025-08-15 00:00:00+00:00, run_after=2025-08-16 00:00:00+00:00
[2025-08-16T12:35:37.296+0000] {logging_mixin.py:190} INFO - [2025-08-16T12:35:37.296+0000] {dag.py:4180} INFO - Setting next_dagrun for example_branch_datetime_operator_3 to 2025-08-15 00:00:00+00:00, run_after=2025-08-16 00:00:00+00:00
[2025-08-16T12:35:37.307+0000] {processor.py:208} INFO - Processing /home/airflow/.local/lib/python3.12/site-packages/airflow/example_dags/example_branch_datetime_operator.py took 0.068 seconds
[2025-08-16T12:36:08.654+0000] {processor.py:186} INFO - Started process (PID=459) to work on /home/airflow/.local/lib/python3.12/site-packages/airflow/example_dags/example_branch_datetime_operator.py
[2025-08-16T12:36:08.655+0000] {processor.py:914} INFO - Processing file /home/airflow/.local/lib/python3.12/site-packages/airflow/example_dags/example_branch_datetime_operator.py for tasks to queue
[2025-08-16T12:36:08.657+0000] {logging_mixin.py:190} INFO - [2025-08-16T12:36:08.657+0000] {dagbag.py:588} INFO - Filling up the DagBag from /home/airflow/.local/lib/python3.12/site-packages/airflow/example_dags/example_branch_datetime_operator.py
[2025-08-16T12:36:08.668+0000] {processor.py:925} INFO - DAG(s) 'example_branch_datetime_operator', 'example_branch_datetime_operator_2', 'example_branch_datetime_operator_3' retrieved from /home/airflow/.local/lib/python3.12/site-packages/airflow/example_dags/example_branch_datetime_operator.py
[2025-08-16T12:36:08.683+0000] {logging_mixin.py:190} INFO - [2025-08-16T12:36:08.683+0000] {dag.py:3239} INFO - Sync 3 DAGs
[2025-08-16T12:36:08.697+0000] {logging_mixin.py:190} INFO - [2025-08-16T12:36:08.697+0000] {dag.py:4180} INFO - Setting next_dagrun for example_branch_datetime_operator to 2025-08-15 00:00:00+00:00, run_after=2025-08-16 00:00:00+00:00
[2025-08-16T12:36:08.700+0000] {logging_mixin.py:190} INFO - [2025-08-16T12:36:08.700+0000] {dag.py:4180} INFO - Setting next_dagrun for example_branch_datetime_operator_2 to 2025-08-15 00:00:00+00:00, run_after=2025-08-16 00:00:00+00:00
[2025-08-16T12:36:08.701+0000] {logging_mixin.py:190} INFO - [2025-08-16T12:36:08.700+0000] {dag.py:4180} INFO - Setting next_dagrun for example_branch_datetime_operator_3 to 2025-08-15 00:00:00+00:00, run_after=2025-08-16 00:00:00+00:00
[2025-08-16T12:36:08.709+0000] {processor.py:208} INFO - Processing /home/airflow/.local/lib/python3.12/site-packages/airflow/example_dags/example_branch_datetime_operator.py took 0.063 seconds
[2025-08-16T12:36:40.103+0000] {processor.py:186} INFO - Started process (PID=522) to work on /home/airflow/.local/lib/python3.12/site-packages/airflow/example_dags/example_branch_datetime_operator.py
[2025-08-16T12:36:40.104+0000] {processor.py:914} INFO - Processing file /home/airflow/.local/lib/python3.12/site-packages/airflow/example_dags/example_branch_datetime_operator.py for tasks to queue
[2025-08-16T12:36:40.107+0000] {logging_mixin.py:190} INFO - [2025-08-16T12:36:40.107+0000] {dagbag.py:588} INFO - Filling up the DagBag from /home/airflow/.local/lib/python3.12/site-packages/airflow/example_dags/example_branch_datetime_operator.py
[2025-08-16T12:36:40.115+0000] {processor.py:925} INFO - DAG(s) 'example_branch_datetime_operator_2', 'example_branch_datetime_operator_3', 'example_branch_datetime_operator' retrieved from /home/airflow/.local/lib/python3.12/site-packages/airflow/example_dags/example_branch_datetime_operator.py
[2025-08-16T12:36:40.129+0000] {logging_mixin.py:190} INFO - [2025-08-16T12:36:40.129+0000] {dag.py:3239} INFO - Sync 3 DAGs
[2025-08-16T12:36:40.148+0000] {logging_mixin.py:190} INFO - [2025-08-16T12:36:40.148+0000] {dag.py:4180} INFO - Setting next_dagrun for example_branch_datetime_operator to 2025-08-15 00:00:00+00:00, run_after=2025-08-16 00:00:00+00:00
[2025-08-16T12:36:40.151+0000] {logging_mixin.py:190} INFO - [2025-08-16T12:36:40.151+0000] {dag.py:4180} INFO - Setting next_dagrun for example_branch_datetime_operator_2 to 2025-08-15 00:00:00+00:00, run_after=2025-08-16 00:00:00+00:00
[2025-08-16T12:36:40.152+0000] {logging_mixin.py:190} INFO - [2025-08-16T12:36:40.152+0000] {dag.py:4180} INFO - Setting next_dagrun for example_branch_datetime_operator_3 to 2025-08-15 00:00:00+00:00, run_after=2025-08-16 00:00:00+00:00
[2025-08-16T12:36:40.161+0000] {processor.py:208} INFO - Processing /home/airflow/.local/lib/python3.12/site-packages/airflow/example_dags/example_branch_datetime_operator.py took 0.062 seconds
