[2025-08-16T12:33:07.293+0000] {processor.py:186} INFO - Started process (PID=104) to work on /home/airflow/.local/lib/python3.12/site-packages/airflow/example_dags/example_branch_operator.py
[2025-08-16T12:33:07.295+0000] {processor.py:914} INFO - Processing file /home/airflow/.local/lib/python3.12/site-packages/airflow/example_dags/example_branch_operator.py for tasks to queue
[2025-08-16T12:33:07.317+0000] {logging_mixin.py:190} INFO - [2025-08-16T12:33:07.317+0000] {dagbag.py:588} INFO - Filling up the DagBag from /home/airflow/.local/lib/python3.12/site-packages/airflow/example_dags/example_branch_operator.py
[2025-08-16T12:33:07.339+0000] {processor.py:925} INFO - DAG(s) 'example_branch_operator' retrieved from /home/airflow/.local/lib/python3.12/site-packages/airflow/example_dags/example_branch_operator.py
[2025-08-16T12:33:07.463+0000] {logging_mixin.py:190} INFO - [2025-08-16T12:33:07.462+0000] {override.py:1912} INFO - Created Permission View: can delete on DAG:example_branch_operator
[2025-08-16T12:33:07.477+0000] {logging_mixin.py:190} INFO - [2025-08-16T12:33:07.477+0000] {override.py:1912} INFO - Created Permission View: can read on DAG:example_branch_operator
[2025-08-16T12:33:07.482+0000] {logging_mixin.py:190} INFO - [2025-08-16T12:33:07.482+0000] {override.py:1912} INFO - Created Permission View: can edit on DAG:example_branch_operator
[2025-08-16T12:33:07.488+0000] {logging_mixin.py:190} INFO - [2025-08-16T12:33:07.488+0000] {override.py:1912} INFO - Created Permission View: can delete on DAG Run:example_branch_operator
[2025-08-16T12:33:07.493+0000] {logging_mixin.py:190} INFO - [2025-08-16T12:33:07.493+0000] {override.py:1912} INFO - Created Permission View: menu access on DAG Run:example_branch_operator
[2025-08-16T12:33:07.500+0000] {logging_mixin.py:190} INFO - [2025-08-16T12:33:07.500+0000] {override.py:1912} INFO - Created Permission View: can read on DAG Run:example_branch_operator
[2025-08-16T12:33:07.507+0000] {logging_mixin.py:190} INFO - [2025-08-16T12:33:07.507+0000] {override.py:1912} INFO - Created Permission View: can create on DAG Run:example_branch_operator
[2025-08-16T12:33:07.507+0000] {logging_mixin.py:190} INFO - [2025-08-16T12:33:07.507+0000] {dag.py:3239} INFO - Sync 1 DAGs
[2025-08-16T12:33:07.515+0000] {logging_mixin.py:190} INFO - [2025-08-16T12:33:07.515+0000] {dag.py:3262} INFO - Creating ORM DAG for example_branch_operator
[2025-08-16T12:33:07.525+0000] {logging_mixin.py:190} INFO - [2025-08-16T12:33:07.525+0000] {dag.py:4180} INFO - Setting next_dagrun for example_branch_operator to 2025-08-15 00:00:00+00:00, run_after=2025-08-16 00:00:00+00:00
[2025-08-16T12:33:07.536+0000] {processor.py:208} INFO - Processing /home/airflow/.local/lib/python3.12/site-packages/airflow/example_dags/example_branch_operator.py took 0.250 seconds
[2025-08-16T12:33:37.716+0000] {processor.py:186} INFO - Started process (PID=167) to work on /home/airflow/.local/lib/python3.12/site-packages/airflow/example_dags/example_branch_operator.py
[2025-08-16T12:33:37.717+0000] {processor.py:914} INFO - Processing file /home/airflow/.local/lib/python3.12/site-packages/airflow/example_dags/example_branch_operator.py for tasks to queue
[2025-08-16T12:33:37.718+0000] {logging_mixin.py:190} INFO - [2025-08-16T12:33:37.718+0000] {dagbag.py:588} INFO - Filling up the DagBag from /home/airflow/.local/lib/python3.12/site-packages/airflow/example_dags/example_branch_operator.py
[2025-08-16T12:33:37.729+0000] {processor.py:925} INFO - DAG(s) 'example_branch_operator' retrieved from /home/airflow/.local/lib/python3.12/site-packages/airflow/example_dags/example_branch_operator.py
[2025-08-16T12:33:37.747+0000] {logging_mixin.py:190} INFO - [2025-08-16T12:33:37.747+0000] {dag.py:3239} INFO - Sync 1 DAGs
[2025-08-16T12:33:37.762+0000] {logging_mixin.py:190} INFO - [2025-08-16T12:33:37.761+0000] {dag.py:4180} INFO - Setting next_dagrun for example_branch_operator to 2025-08-15 00:00:00+00:00, run_after=2025-08-16 00:00:00+00:00
[2025-08-16T12:33:37.774+0000] {processor.py:208} INFO - Processing /home/airflow/.local/lib/python3.12/site-packages/airflow/example_dags/example_branch_operator.py took 0.065 seconds
[2025-08-16T12:34:08.605+0000] {processor.py:186} INFO - Started process (PID=230) to work on /home/airflow/.local/lib/python3.12/site-packages/airflow/example_dags/example_branch_operator.py
[2025-08-16T12:34:08.606+0000] {processor.py:914} INFO - Processing file /home/airflow/.local/lib/python3.12/site-packages/airflow/example_dags/example_branch_operator.py for tasks to queue
[2025-08-16T12:34:08.607+0000] {logging_mixin.py:190} INFO - [2025-08-16T12:34:08.607+0000] {dagbag.py:588} INFO - Filling up the DagBag from /home/airflow/.local/lib/python3.12/site-packages/airflow/example_dags/example_branch_operator.py
[2025-08-16T12:34:08.622+0000] {processor.py:925} INFO - DAG(s) 'example_branch_operator' retrieved from /home/airflow/.local/lib/python3.12/site-packages/airflow/example_dags/example_branch_operator.py
[2025-08-16T12:34:08.636+0000] {logging_mixin.py:190} INFO - [2025-08-16T12:34:08.636+0000] {dag.py:3239} INFO - Sync 1 DAGs
[2025-08-16T12:34:08.649+0000] {logging_mixin.py:190} INFO - [2025-08-16T12:34:08.649+0000] {dag.py:4180} INFO - Setting next_dagrun for example_branch_operator to 2025-08-15 00:00:00+00:00, run_after=2025-08-16 00:00:00+00:00
[2025-08-16T12:34:08.658+0000] {processor.py:208} INFO - Processing /home/airflow/.local/lib/python3.12/site-packages/airflow/example_dags/example_branch_operator.py took 0.056 seconds
[2025-08-16T12:34:39.510+0000] {processor.py:186} INFO - Started process (PID=293) to work on /home/airflow/.local/lib/python3.12/site-packages/airflow/example_dags/example_branch_operator.py
[2025-08-16T12:34:39.511+0000] {processor.py:914} INFO - Processing file /home/airflow/.local/lib/python3.12/site-packages/airflow/example_dags/example_branch_operator.py for tasks to queue
[2025-08-16T12:34:39.514+0000] {logging_mixin.py:190} INFO - [2025-08-16T12:34:39.513+0000] {dagbag.py:588} INFO - Filling up the DagBag from /home/airflow/.local/lib/python3.12/site-packages/airflow/example_dags/example_branch_operator.py
[2025-08-16T12:34:39.537+0000] {processor.py:925} INFO - DAG(s) 'example_branch_operator' retrieved from /home/airflow/.local/lib/python3.12/site-packages/airflow/example_dags/example_branch_operator.py
[2025-08-16T12:34:39.572+0000] {logging_mixin.py:190} INFO - [2025-08-16T12:34:39.571+0000] {dag.py:3239} INFO - Sync 1 DAGs
[2025-08-16T12:34:39.595+0000] {logging_mixin.py:190} INFO - [2025-08-16T12:34:39.595+0000] {dag.py:4180} INFO - Setting next_dagrun for example_branch_operator to 2025-08-15 00:00:00+00:00, run_after=2025-08-16 00:00:00+00:00
[2025-08-16T12:34:39.622+0000] {processor.py:208} INFO - Processing /home/airflow/.local/lib/python3.12/site-packages/airflow/example_dags/example_branch_operator.py took 0.117 seconds
[2025-08-16T12:35:10.116+0000] {processor.py:186} INFO - Started process (PID=356) to work on /home/airflow/.local/lib/python3.12/site-packages/airflow/example_dags/example_branch_operator.py
[2025-08-16T12:35:10.117+0000] {processor.py:914} INFO - Processing file /home/airflow/.local/lib/python3.12/site-packages/airflow/example_dags/example_branch_operator.py for tasks to queue
[2025-08-16T12:35:10.118+0000] {logging_mixin.py:190} INFO - [2025-08-16T12:35:10.118+0000] {dagbag.py:588} INFO - Filling up the DagBag from /home/airflow/.local/lib/python3.12/site-packages/airflow/example_dags/example_branch_operator.py
[2025-08-16T12:35:10.133+0000] {processor.py:925} INFO - DAG(s) 'example_branch_operator' retrieved from /home/airflow/.local/lib/python3.12/site-packages/airflow/example_dags/example_branch_operator.py
[2025-08-16T12:35:10.150+0000] {logging_mixin.py:190} INFO - [2025-08-16T12:35:10.150+0000] {dag.py:3239} INFO - Sync 1 DAGs
[2025-08-16T12:35:10.165+0000] {logging_mixin.py:190} INFO - [2025-08-16T12:35:10.165+0000] {dag.py:4180} INFO - Setting next_dagrun for example_branch_operator to 2025-08-15 00:00:00+00:00, run_after=2025-08-16 00:00:00+00:00
[2025-08-16T12:35:10.175+0000] {processor.py:208} INFO - Processing /home/airflow/.local/lib/python3.12/site-packages/airflow/example_dags/example_branch_operator.py took 0.063 seconds
[2025-08-16T12:35:41.436+0000] {processor.py:186} INFO - Started process (PID=418) to work on /home/airflow/.local/lib/python3.12/site-packages/airflow/example_dags/example_branch_operator.py
[2025-08-16T12:35:41.437+0000] {processor.py:914} INFO - Processing file /home/airflow/.local/lib/python3.12/site-packages/airflow/example_dags/example_branch_operator.py for tasks to queue
[2025-08-16T12:35:41.439+0000] {logging_mixin.py:190} INFO - [2025-08-16T12:35:41.439+0000] {dagbag.py:588} INFO - Filling up the DagBag from /home/airflow/.local/lib/python3.12/site-packages/airflow/example_dags/example_branch_operator.py
[2025-08-16T12:35:41.449+0000] {processor.py:925} INFO - DAG(s) 'example_branch_operator' retrieved from /home/airflow/.local/lib/python3.12/site-packages/airflow/example_dags/example_branch_operator.py
[2025-08-16T12:35:41.465+0000] {logging_mixin.py:190} INFO - [2025-08-16T12:35:41.465+0000] {dag.py:3239} INFO - Sync 1 DAGs
[2025-08-16T12:35:41.496+0000] {logging_mixin.py:190} INFO - [2025-08-16T12:35:41.495+0000] {dag.py:4180} INFO - Setting next_dagrun for example_branch_operator to 2025-08-15 00:00:00+00:00, run_after=2025-08-16 00:00:00+00:00
[2025-08-16T12:35:41.520+0000] {processor.py:208} INFO - Processing /home/airflow/.local/lib/python3.12/site-packages/airflow/example_dags/example_branch_operator.py took 0.087 seconds
[2025-08-16T12:36:11.811+0000] {processor.py:186} INFO - Started process (PID=481) to work on /home/airflow/.local/lib/python3.12/site-packages/airflow/example_dags/example_branch_operator.py
[2025-08-16T12:36:11.812+0000] {processor.py:914} INFO - Processing file /home/airflow/.local/lib/python3.12/site-packages/airflow/example_dags/example_branch_operator.py for tasks to queue
[2025-08-16T12:36:11.813+0000] {logging_mixin.py:190} INFO - [2025-08-16T12:36:11.813+0000] {dagbag.py:588} INFO - Filling up the DagBag from /home/airflow/.local/lib/python3.12/site-packages/airflow/example_dags/example_branch_operator.py
[2025-08-16T12:36:11.822+0000] {processor.py:925} INFO - DAG(s) 'example_branch_operator' retrieved from /home/airflow/.local/lib/python3.12/site-packages/airflow/example_dags/example_branch_operator.py
[2025-08-16T12:36:11.838+0000] {logging_mixin.py:190} INFO - [2025-08-16T12:36:11.837+0000] {dag.py:3239} INFO - Sync 1 DAGs
[2025-08-16T12:36:11.855+0000] {logging_mixin.py:190} INFO - [2025-08-16T12:36:11.855+0000] {dag.py:4180} INFO - Setting next_dagrun for example_branch_operator to 2025-08-15 00:00:00+00:00, run_after=2025-08-16 00:00:00+00:00
[2025-08-16T12:36:11.865+0000] {processor.py:208} INFO - Processing /home/airflow/.local/lib/python3.12/site-packages/airflow/example_dags/example_branch_operator.py took 0.057 seconds
