[2025-08-16T12:33:03.216+0000] {processor.py:186} INFO - Started process (PID=76) to work on /home/airflow/.local/lib/python3.12/site-packages/airflow/example_dags/example_trigger_target_dag.py
[2025-08-16T12:33:03.217+0000] {processor.py:914} INFO - Processing file /home/airflow/.local/lib/python3.12/site-packages/airflow/example_dags/example_trigger_target_dag.py for tasks to queue
[2025-08-16T12:33:03.218+0000] {logging_mixin.py:190} INFO - [2025-08-16T12:33:03.218+0000] {dagbag.py:588} INFO - Filling up the DagBag from /home/airflow/.local/lib/python3.12/site-packages/airflow/example_dags/example_trigger_target_dag.py
[2025-08-16T12:33:03.227+0000] {processor.py:925} INFO - DAG(s) 'example_trigger_target_dag' retrieved from /home/airflow/.local/lib/python3.12/site-packages/airflow/example_dags/example_trigger_target_dag.py
[2025-08-16T12:33:03.284+0000] {logging_mixin.py:190} INFO - [2025-08-16T12:33:03.284+0000] {override.py:1912} INFO - Created Permission View: can delete on DAG:example_trigger_target_dag
[2025-08-16T12:33:03.290+0000] {logging_mixin.py:190} INFO - [2025-08-16T12:33:03.289+0000] {override.py:1912} INFO - Created Permission View: can read on DAG:example_trigger_target_dag
[2025-08-16T12:33:03.292+0000] {logging_mixin.py:190} INFO - [2025-08-16T12:33:03.292+0000] {override.py:1912} INFO - Created Permission View: can edit on DAG:example_trigger_target_dag
[2025-08-16T12:33:03.298+0000] {logging_mixin.py:190} INFO - [2025-08-16T12:33:03.297+0000] {override.py:1912} INFO - Created Permission View: can delete on DAG Run:example_trigger_target_dag
[2025-08-16T12:33:03.302+0000] {logging_mixin.py:190} INFO - [2025-08-16T12:33:03.302+0000] {override.py:1912} INFO - Created Permission View: menu access on DAG Run:example_trigger_target_dag
[2025-08-16T12:33:03.307+0000] {logging_mixin.py:190} INFO - [2025-08-16T12:33:03.306+0000] {override.py:1912} INFO - Created Permission View: can read on DAG Run:example_trigger_target_dag
[2025-08-16T12:33:03.313+0000] {logging_mixin.py:190} INFO - [2025-08-16T12:33:03.313+0000] {override.py:1912} INFO - Created Permission View: can create on DAG Run:example_trigger_target_dag
[2025-08-16T12:33:03.313+0000] {logging_mixin.py:190} INFO - [2025-08-16T12:33:03.313+0000] {dag.py:3239} INFO - Sync 1 DAGs
[2025-08-16T12:33:03.323+0000] {logging_mixin.py:190} INFO - [2025-08-16T12:33:03.323+0000] {dag.py:3262} INFO - Creating ORM DAG for example_trigger_target_dag
[2025-08-16T12:33:03.324+0000] {logging_mixin.py:190} INFO - [2025-08-16T12:33:03.324+0000] {dag.py:4180} INFO - Setting next_dagrun for example_trigger_target_dag to None, run_after=None
[2025-08-16T12:33:03.337+0000] {processor.py:208} INFO - Processing /home/airflow/.local/lib/python3.12/site-packages/airflow/example_dags/example_trigger_target_dag.py took 0.126 seconds
[2025-08-16T12:33:33.362+0000] {processor.py:186} INFO - Started process (PID=138) to work on /home/airflow/.local/lib/python3.12/site-packages/airflow/example_dags/example_trigger_target_dag.py
[2025-08-16T12:33:33.363+0000] {processor.py:914} INFO - Processing file /home/airflow/.local/lib/python3.12/site-packages/airflow/example_dags/example_trigger_target_dag.py for tasks to queue
[2025-08-16T12:33:33.365+0000] {logging_mixin.py:190} INFO - [2025-08-16T12:33:33.364+0000] {dagbag.py:588} INFO - Filling up the DagBag from /home/airflow/.local/lib/python3.12/site-packages/airflow/example_dags/example_trigger_target_dag.py
[2025-08-16T12:33:33.371+0000] {processor.py:925} INFO - DAG(s) 'example_trigger_target_dag' retrieved from /home/airflow/.local/lib/python3.12/site-packages/airflow/example_dags/example_trigger_target_dag.py
[2025-08-16T12:33:33.389+0000] {logging_mixin.py:190} INFO - [2025-08-16T12:33:33.389+0000] {dag.py:3239} INFO - Sync 1 DAGs
[2025-08-16T12:33:33.411+0000] {logging_mixin.py:190} INFO - [2025-08-16T12:33:33.410+0000] {dag.py:4180} INFO - Setting next_dagrun for example_trigger_target_dag to None, run_after=None
[2025-08-16T12:33:33.503+0000] {processor.py:208} INFO - Processing /home/airflow/.local/lib/python3.12/site-packages/airflow/example_dags/example_trigger_target_dag.py took 0.144 seconds
[2025-08-16T12:34:03.609+0000] {processor.py:186} INFO - Started process (PID=201) to work on /home/airflow/.local/lib/python3.12/site-packages/airflow/example_dags/example_trigger_target_dag.py
[2025-08-16T12:34:03.610+0000] {processor.py:914} INFO - Processing file /home/airflow/.local/lib/python3.12/site-packages/airflow/example_dags/example_trigger_target_dag.py for tasks to queue
[2025-08-16T12:34:03.613+0000] {logging_mixin.py:190} INFO - [2025-08-16T12:34:03.613+0000] {dagbag.py:588} INFO - Filling up the DagBag from /home/airflow/.local/lib/python3.12/site-packages/airflow/example_dags/example_trigger_target_dag.py
[2025-08-16T12:34:03.617+0000] {processor.py:925} INFO - DAG(s) 'example_trigger_target_dag' retrieved from /home/airflow/.local/lib/python3.12/site-packages/airflow/example_dags/example_trigger_target_dag.py
[2025-08-16T12:34:03.627+0000] {logging_mixin.py:190} INFO - [2025-08-16T12:34:03.627+0000] {dag.py:3239} INFO - Sync 1 DAGs
[2025-08-16T12:34:03.635+0000] {logging_mixin.py:190} INFO - [2025-08-16T12:34:03.635+0000] {dag.py:4180} INFO - Setting next_dagrun for example_trigger_target_dag to None, run_after=None
[2025-08-16T12:34:03.645+0000] {processor.py:208} INFO - Processing /home/airflow/.local/lib/python3.12/site-packages/airflow/example_dags/example_trigger_target_dag.py took 0.040 seconds
[2025-08-16T12:34:34.687+0000] {processor.py:186} INFO - Started process (PID=264) to work on /home/airflow/.local/lib/python3.12/site-packages/airflow/example_dags/example_trigger_target_dag.py
[2025-08-16T12:34:34.689+0000] {processor.py:914} INFO - Processing file /home/airflow/.local/lib/python3.12/site-packages/airflow/example_dags/example_trigger_target_dag.py for tasks to queue
[2025-08-16T12:34:34.691+0000] {logging_mixin.py:190} INFO - [2025-08-16T12:34:34.691+0000] {dagbag.py:588} INFO - Filling up the DagBag from /home/airflow/.local/lib/python3.12/site-packages/airflow/example_dags/example_trigger_target_dag.py
[2025-08-16T12:34:34.696+0000] {processor.py:925} INFO - DAG(s) 'example_trigger_target_dag' retrieved from /home/airflow/.local/lib/python3.12/site-packages/airflow/example_dags/example_trigger_target_dag.py
[2025-08-16T12:34:34.707+0000] {logging_mixin.py:190} INFO - [2025-08-16T12:34:34.706+0000] {dag.py:3239} INFO - Sync 1 DAGs
[2025-08-16T12:34:34.713+0000] {logging_mixin.py:190} INFO - [2025-08-16T12:34:34.713+0000] {dag.py:4180} INFO - Setting next_dagrun for example_trigger_target_dag to None, run_after=None
[2025-08-16T12:34:34.720+0000] {processor.py:208} INFO - Processing /home/airflow/.local/lib/python3.12/site-packages/airflow/example_dags/example_trigger_target_dag.py took 0.036 seconds
[2025-08-16T12:35:05.326+0000] {processor.py:186} INFO - Started process (PID=327) to work on /home/airflow/.local/lib/python3.12/site-packages/airflow/example_dags/example_trigger_target_dag.py
[2025-08-16T12:35:05.327+0000] {processor.py:914} INFO - Processing file /home/airflow/.local/lib/python3.12/site-packages/airflow/example_dags/example_trigger_target_dag.py for tasks to queue
[2025-08-16T12:35:05.329+0000] {logging_mixin.py:190} INFO - [2025-08-16T12:35:05.328+0000] {dagbag.py:588} INFO - Filling up the DagBag from /home/airflow/.local/lib/python3.12/site-packages/airflow/example_dags/example_trigger_target_dag.py
[2025-08-16T12:35:05.336+0000] {processor.py:925} INFO - DAG(s) 'example_trigger_target_dag' retrieved from /home/airflow/.local/lib/python3.12/site-packages/airflow/example_dags/example_trigger_target_dag.py
[2025-08-16T12:35:05.353+0000] {logging_mixin.py:190} INFO - [2025-08-16T12:35:05.353+0000] {dag.py:3239} INFO - Sync 1 DAGs
[2025-08-16T12:35:05.366+0000] {logging_mixin.py:190} INFO - [2025-08-16T12:35:05.366+0000] {dag.py:4180} INFO - Setting next_dagrun for example_trigger_target_dag to None, run_after=None
[2025-08-16T12:35:05.381+0000] {processor.py:208} INFO - Processing /home/airflow/.local/lib/python3.12/site-packages/airflow/example_dags/example_trigger_target_dag.py took 0.060 seconds
[2025-08-16T12:35:35.623+0000] {processor.py:186} INFO - Started process (PID=388) to work on /home/airflow/.local/lib/python3.12/site-packages/airflow/example_dags/example_trigger_target_dag.py
[2025-08-16T12:35:35.625+0000] {processor.py:914} INFO - Processing file /home/airflow/.local/lib/python3.12/site-packages/airflow/example_dags/example_trigger_target_dag.py for tasks to queue
[2025-08-16T12:35:35.627+0000] {logging_mixin.py:190} INFO - [2025-08-16T12:35:35.627+0000] {dagbag.py:588} INFO - Filling up the DagBag from /home/airflow/.local/lib/python3.12/site-packages/airflow/example_dags/example_trigger_target_dag.py
[2025-08-16T12:35:35.633+0000] {processor.py:925} INFO - DAG(s) 'example_trigger_target_dag' retrieved from /home/airflow/.local/lib/python3.12/site-packages/airflow/example_dags/example_trigger_target_dag.py
[2025-08-16T12:35:35.646+0000] {logging_mixin.py:190} INFO - [2025-08-16T12:35:35.646+0000] {dag.py:3239} INFO - Sync 1 DAGs
[2025-08-16T12:35:35.654+0000] {logging_mixin.py:190} INFO - [2025-08-16T12:35:35.654+0000] {dag.py:4180} INFO - Setting next_dagrun for example_trigger_target_dag to None, run_after=None
[2025-08-16T12:35:35.667+0000] {processor.py:208} INFO - Processing /home/airflow/.local/lib/python3.12/site-packages/airflow/example_dags/example_trigger_target_dag.py took 0.053 seconds
[2025-08-16T12:36:05.866+0000] {processor.py:186} INFO - Started process (PID=451) to work on /home/airflow/.local/lib/python3.12/site-packages/airflow/example_dags/example_trigger_target_dag.py
[2025-08-16T12:36:05.867+0000] {processor.py:914} INFO - Processing file /home/airflow/.local/lib/python3.12/site-packages/airflow/example_dags/example_trigger_target_dag.py for tasks to queue
[2025-08-16T12:36:05.869+0000] {logging_mixin.py:190} INFO - [2025-08-16T12:36:05.869+0000] {dagbag.py:588} INFO - Filling up the DagBag from /home/airflow/.local/lib/python3.12/site-packages/airflow/example_dags/example_trigger_target_dag.py
[2025-08-16T12:36:05.876+0000] {processor.py:925} INFO - DAG(s) 'example_trigger_target_dag' retrieved from /home/airflow/.local/lib/python3.12/site-packages/airflow/example_dags/example_trigger_target_dag.py
[2025-08-16T12:36:05.887+0000] {logging_mixin.py:190} INFO - [2025-08-16T12:36:05.887+0000] {dag.py:3239} INFO - Sync 1 DAGs
[2025-08-16T12:36:05.896+0000] {logging_mixin.py:190} INFO - [2025-08-16T12:36:05.896+0000] {dag.py:4180} INFO - Setting next_dagrun for example_trigger_target_dag to None, run_after=None
[2025-08-16T12:36:05.906+0000] {processor.py:208} INFO - Processing /home/airflow/.local/lib/python3.12/site-packages/airflow/example_dags/example_trigger_target_dag.py took 0.044 seconds
[2025-08-16T12:36:36.273+0000] {processor.py:186} INFO - Started process (PID=514) to work on /home/airflow/.local/lib/python3.12/site-packages/airflow/example_dags/example_trigger_target_dag.py
[2025-08-16T12:36:36.275+0000] {processor.py:914} INFO - Processing file /home/airflow/.local/lib/python3.12/site-packages/airflow/example_dags/example_trigger_target_dag.py for tasks to queue
[2025-08-16T12:36:36.276+0000] {logging_mixin.py:190} INFO - [2025-08-16T12:36:36.276+0000] {dagbag.py:588} INFO - Filling up the DagBag from /home/airflow/.local/lib/python3.12/site-packages/airflow/example_dags/example_trigger_target_dag.py
[2025-08-16T12:36:36.281+0000] {processor.py:925} INFO - DAG(s) 'example_trigger_target_dag' retrieved from /home/airflow/.local/lib/python3.12/site-packages/airflow/example_dags/example_trigger_target_dag.py
[2025-08-16T12:36:36.294+0000] {logging_mixin.py:190} INFO - [2025-08-16T12:36:36.294+0000] {dag.py:3239} INFO - Sync 1 DAGs
[2025-08-16T12:36:36.304+0000] {logging_mixin.py:190} INFO - [2025-08-16T12:36:36.303+0000] {dag.py:4180} INFO - Setting next_dagrun for example_trigger_target_dag to None, run_after=None
[2025-08-16T12:36:36.313+0000] {processor.py:208} INFO - Processing /home/airflow/.local/lib/python3.12/site-packages/airflow/example_dags/example_trigger_target_dag.py took 0.043 seconds
