[2025-08-16T12:33:01.789+0000] {processor.py:186} INFO - Started process (PID=71) to work on /home/airflow/.local/lib/python3.12/site-packages/airflow/example_dags/example_params_trigger_ui.py
[2025-08-16T12:33:01.790+0000] {processor.py:914} INFO - Processing file /home/airflow/.local/lib/python3.12/site-packages/airflow/example_dags/example_params_trigger_ui.py for tasks to queue
[2025-08-16T12:33:01.792+0000] {logging_mixin.py:190} INFO - [2025-08-16T12:33:01.792+0000] {dagbag.py:588} INFO - Filling up the DagBag from /home/airflow/.local/lib/python3.12/site-packages/airflow/example_dags/example_params_trigger_ui.py
[2025-08-16T12:33:01.805+0000] {processor.py:925} INFO - DAG(s) 'example_params_trigger_ui' retrieved from /home/airflow/.local/lib/python3.12/site-packages/airflow/example_dags/example_params_trigger_ui.py
[2025-08-16T12:33:01.929+0000] {logging_mixin.py:190} INFO - [2025-08-16T12:33:01.929+0000] {override.py:1912} INFO - Created Permission View: can delete on DAG:example_params_trigger_ui
[2025-08-16T12:33:01.935+0000] {logging_mixin.py:190} INFO - [2025-08-16T12:33:01.935+0000] {override.py:1912} INFO - Created Permission View: can read on DAG:example_params_trigger_ui
[2025-08-16T12:33:01.939+0000] {logging_mixin.py:190} INFO - [2025-08-16T12:33:01.939+0000] {override.py:1912} INFO - Created Permission View: can edit on DAG:example_params_trigger_ui
[2025-08-16T12:33:01.942+0000] {logging_mixin.py:190} INFO - [2025-08-16T12:33:01.942+0000] {override.py:1912} INFO - Created Permission View: can delete on DAG Run:example_params_trigger_ui
[2025-08-16T12:33:01.961+0000] {logging_mixin.py:190} INFO - [2025-08-16T12:33:01.961+0000] {override.py:1912} INFO - Created Permission View: menu access on DAG Run:example_params_trigger_ui
[2025-08-16T12:33:01.965+0000] {logging_mixin.py:190} INFO - [2025-08-16T12:33:01.965+0000] {override.py:1912} INFO - Created Permission View: can read on DAG Run:example_params_trigger_ui
[2025-08-16T12:33:01.968+0000] {logging_mixin.py:190} INFO - [2025-08-16T12:33:01.968+0000] {override.py:1912} INFO - Created Permission View: can create on DAG Run:example_params_trigger_ui
[2025-08-16T12:33:01.968+0000] {logging_mixin.py:190} INFO - [2025-08-16T12:33:01.968+0000] {dag.py:3239} INFO - Sync 1 DAGs
[2025-08-16T12:33:01.977+0000] {logging_mixin.py:190} INFO - [2025-08-16T12:33:01.977+0000] {dag.py:3262} INFO - Creating ORM DAG for example_params_trigger_ui
[2025-08-16T12:33:01.978+0000] {logging_mixin.py:190} INFO - [2025-08-16T12:33:01.978+0000] {dag.py:4180} INFO - Setting next_dagrun for example_params_trigger_ui to None, run_after=None
[2025-08-16T12:33:01.987+0000] {processor.py:208} INFO - Processing /home/airflow/.local/lib/python3.12/site-packages/airflow/example_dags/example_params_trigger_ui.py took 0.203 seconds
[2025-08-16T12:33:32.209+0000] {processor.py:186} INFO - Started process (PID=134) to work on /home/airflow/.local/lib/python3.12/site-packages/airflow/example_dags/example_params_trigger_ui.py
[2025-08-16T12:33:32.210+0000] {processor.py:914} INFO - Processing file /home/airflow/.local/lib/python3.12/site-packages/airflow/example_dags/example_params_trigger_ui.py for tasks to queue
[2025-08-16T12:33:32.211+0000] {logging_mixin.py:190} INFO - [2025-08-16T12:33:32.211+0000] {dagbag.py:588} INFO - Filling up the DagBag from /home/airflow/.local/lib/python3.12/site-packages/airflow/example_dags/example_params_trigger_ui.py
[2025-08-16T12:33:32.217+0000] {processor.py:925} INFO - DAG(s) 'example_params_trigger_ui' retrieved from /home/airflow/.local/lib/python3.12/site-packages/airflow/example_dags/example_params_trigger_ui.py
[2025-08-16T12:33:32.236+0000] {logging_mixin.py:190} INFO - [2025-08-16T12:33:32.236+0000] {dag.py:3239} INFO - Sync 1 DAGs
[2025-08-16T12:33:32.242+0000] {logging_mixin.py:190} INFO - [2025-08-16T12:33:32.242+0000] {dag.py:4180} INFO - Setting next_dagrun for example_params_trigger_ui to None, run_after=None
[2025-08-16T12:33:32.250+0000] {processor.py:208} INFO - Processing /home/airflow/.local/lib/python3.12/site-packages/airflow/example_dags/example_params_trigger_ui.py took 0.045 seconds
[2025-08-16T12:34:03.094+0000] {processor.py:186} INFO - Started process (PID=197) to work on /home/airflow/.local/lib/python3.12/site-packages/airflow/example_dags/example_params_trigger_ui.py
[2025-08-16T12:34:03.095+0000] {processor.py:914} INFO - Processing file /home/airflow/.local/lib/python3.12/site-packages/airflow/example_dags/example_params_trigger_ui.py for tasks to queue
[2025-08-16T12:34:03.099+0000] {logging_mixin.py:190} INFO - [2025-08-16T12:34:03.098+0000] {dagbag.py:588} INFO - Filling up the DagBag from /home/airflow/.local/lib/python3.12/site-packages/airflow/example_dags/example_params_trigger_ui.py
[2025-08-16T12:34:03.110+0000] {processor.py:925} INFO - DAG(s) 'example_params_trigger_ui' retrieved from /home/airflow/.local/lib/python3.12/site-packages/airflow/example_dags/example_params_trigger_ui.py
[2025-08-16T12:34:03.148+0000] {logging_mixin.py:190} INFO - [2025-08-16T12:34:03.148+0000] {dag.py:3239} INFO - Sync 1 DAGs
[2025-08-16T12:34:03.160+0000] {logging_mixin.py:190} INFO - [2025-08-16T12:34:03.160+0000] {dag.py:4180} INFO - Setting next_dagrun for example_params_trigger_ui to None, run_after=None
[2025-08-16T12:34:03.173+0000] {processor.py:208} INFO - Processing /home/airflow/.local/lib/python3.12/site-packages/airflow/example_dags/example_params_trigger_ui.py took 0.083 seconds
[2025-08-16T12:34:34.156+0000] {processor.py:186} INFO - Started process (PID=260) to work on /home/airflow/.local/lib/python3.12/site-packages/airflow/example_dags/example_params_trigger_ui.py
[2025-08-16T12:34:34.157+0000] {processor.py:914} INFO - Processing file /home/airflow/.local/lib/python3.12/site-packages/airflow/example_dags/example_params_trigger_ui.py for tasks to queue
[2025-08-16T12:34:34.158+0000] {logging_mixin.py:190} INFO - [2025-08-16T12:34:34.158+0000] {dagbag.py:588} INFO - Filling up the DagBag from /home/airflow/.local/lib/python3.12/site-packages/airflow/example_dags/example_params_trigger_ui.py
[2025-08-16T12:34:34.164+0000] {processor.py:925} INFO - DAG(s) 'example_params_trigger_ui' retrieved from /home/airflow/.local/lib/python3.12/site-packages/airflow/example_dags/example_params_trigger_ui.py
[2025-08-16T12:34:34.190+0000] {logging_mixin.py:190} INFO - [2025-08-16T12:34:34.190+0000] {dag.py:3239} INFO - Sync 1 DAGs
[2025-08-16T12:34:34.199+0000] {logging_mixin.py:190} INFO - [2025-08-16T12:34:34.199+0000] {dag.py:4180} INFO - Setting next_dagrun for example_params_trigger_ui to None, run_after=None
[2025-08-16T12:34:34.214+0000] {processor.py:208} INFO - Processing /home/airflow/.local/lib/python3.12/site-packages/airflow/example_dags/example_params_trigger_ui.py took 0.062 seconds
[2025-08-16T12:35:04.769+0000] {processor.py:186} INFO - Started process (PID=322) to work on /home/airflow/.local/lib/python3.12/site-packages/airflow/example_dags/example_params_trigger_ui.py
[2025-08-16T12:35:04.770+0000] {processor.py:914} INFO - Processing file /home/airflow/.local/lib/python3.12/site-packages/airflow/example_dags/example_params_trigger_ui.py for tasks to queue
[2025-08-16T12:35:04.771+0000] {logging_mixin.py:190} INFO - [2025-08-16T12:35:04.771+0000] {dagbag.py:588} INFO - Filling up the DagBag from /home/airflow/.local/lib/python3.12/site-packages/airflow/example_dags/example_params_trigger_ui.py
[2025-08-16T12:35:04.778+0000] {processor.py:925} INFO - DAG(s) 'example_params_trigger_ui' retrieved from /home/airflow/.local/lib/python3.12/site-packages/airflow/example_dags/example_params_trigger_ui.py
[2025-08-16T12:35:04.814+0000] {logging_mixin.py:190} INFO - [2025-08-16T12:35:04.814+0000] {dag.py:3239} INFO - Sync 1 DAGs
[2025-08-16T12:35:04.822+0000] {logging_mixin.py:190} INFO - [2025-08-16T12:35:04.821+0000] {dag.py:4180} INFO - Setting next_dagrun for example_params_trigger_ui to None, run_after=None
[2025-08-16T12:35:04.830+0000] {processor.py:208} INFO - Processing /home/airflow/.local/lib/python3.12/site-packages/airflow/example_dags/example_params_trigger_ui.py took 0.065 seconds
[2025-08-16T12:35:35.348+0000] {processor.py:186} INFO - Started process (PID=384) to work on /home/airflow/.local/lib/python3.12/site-packages/airflow/example_dags/example_params_trigger_ui.py
[2025-08-16T12:35:35.349+0000] {processor.py:914} INFO - Processing file /home/airflow/.local/lib/python3.12/site-packages/airflow/example_dags/example_params_trigger_ui.py for tasks to queue
[2025-08-16T12:35:35.352+0000] {logging_mixin.py:190} INFO - [2025-08-16T12:35:35.352+0000] {dagbag.py:588} INFO - Filling up the DagBag from /home/airflow/.local/lib/python3.12/site-packages/airflow/example_dags/example_params_trigger_ui.py
[2025-08-16T12:35:35.365+0000] {processor.py:925} INFO - DAG(s) 'example_params_trigger_ui' retrieved from /home/airflow/.local/lib/python3.12/site-packages/airflow/example_dags/example_params_trigger_ui.py
[2025-08-16T12:35:35.420+0000] {logging_mixin.py:190} INFO - [2025-08-16T12:35:35.420+0000] {dag.py:3239} INFO - Sync 1 DAGs
[2025-08-16T12:35:35.429+0000] {logging_mixin.py:190} INFO - [2025-08-16T12:35:35.429+0000] {dag.py:4180} INFO - Setting next_dagrun for example_params_trigger_ui to None, run_after=None
[2025-08-16T12:35:35.439+0000] {processor.py:208} INFO - Processing /home/airflow/.local/lib/python3.12/site-packages/airflow/example_dags/example_params_trigger_ui.py took 0.097 seconds
[2025-08-16T12:36:05.661+0000] {processor.py:186} INFO - Started process (PID=447) to work on /home/airflow/.local/lib/python3.12/site-packages/airflow/example_dags/example_params_trigger_ui.py
[2025-08-16T12:36:05.662+0000] {processor.py:914} INFO - Processing file /home/airflow/.local/lib/python3.12/site-packages/airflow/example_dags/example_params_trigger_ui.py for tasks to queue
[2025-08-16T12:36:05.664+0000] {logging_mixin.py:190} INFO - [2025-08-16T12:36:05.664+0000] {dagbag.py:588} INFO - Filling up the DagBag from /home/airflow/.local/lib/python3.12/site-packages/airflow/example_dags/example_params_trigger_ui.py
[2025-08-16T12:36:05.671+0000] {processor.py:925} INFO - DAG(s) 'example_params_trigger_ui' retrieved from /home/airflow/.local/lib/python3.12/site-packages/airflow/example_dags/example_params_trigger_ui.py
[2025-08-16T12:36:05.693+0000] {logging_mixin.py:190} INFO - [2025-08-16T12:36:05.693+0000] {dag.py:3239} INFO - Sync 1 DAGs
[2025-08-16T12:36:05.701+0000] {logging_mixin.py:190} INFO - [2025-08-16T12:36:05.701+0000] {dag.py:4180} INFO - Setting next_dagrun for example_params_trigger_ui to None, run_after=None
[2025-08-16T12:36:05.719+0000] {processor.py:208} INFO - Processing /home/airflow/.local/lib/python3.12/site-packages/airflow/example_dags/example_params_trigger_ui.py took 0.061 seconds
[2025-08-16T12:36:36.118+0000] {processor.py:186} INFO - Started process (PID=510) to work on /home/airflow/.local/lib/python3.12/site-packages/airflow/example_dags/example_params_trigger_ui.py
[2025-08-16T12:36:36.120+0000] {processor.py:914} INFO - Processing file /home/airflow/.local/lib/python3.12/site-packages/airflow/example_dags/example_params_trigger_ui.py for tasks to queue
[2025-08-16T12:36:36.121+0000] {logging_mixin.py:190} INFO - [2025-08-16T12:36:36.121+0000] {dagbag.py:588} INFO - Filling up the DagBag from /home/airflow/.local/lib/python3.12/site-packages/airflow/example_dags/example_params_trigger_ui.py
[2025-08-16T12:36:36.132+0000] {processor.py:925} INFO - DAG(s) 'example_params_trigger_ui' retrieved from /home/airflow/.local/lib/python3.12/site-packages/airflow/example_dags/example_params_trigger_ui.py
[2025-08-16T12:36:36.155+0000] {logging_mixin.py:190} INFO - [2025-08-16T12:36:36.155+0000] {dag.py:3239} INFO - Sync 1 DAGs
[2025-08-16T12:36:36.163+0000] {logging_mixin.py:190} INFO - [2025-08-16T12:36:36.162+0000] {dag.py:4180} INFO - Setting next_dagrun for example_params_trigger_ui to None, run_after=None
[2025-08-16T12:36:36.172+0000] {processor.py:208} INFO - Processing /home/airflow/.local/lib/python3.12/site-packages/airflow/example_dags/example_params_trigger_ui.py took 0.058 seconds
