[2025-08-16T12:32:56.843+0000] {processor.py:186} INFO - Started process (PID=63) to work on /home/airflow/.local/lib/python3.12/site-packages/airflow/example_dags/example_short_circuit_operator.py
[2025-08-16T12:32:56.845+0000] {processor.py:914} INFO - Processing file /home/airflow/.local/lib/python3.12/site-packages/airflow/example_dags/example_short_circuit_operator.py for tasks to queue
[2025-08-16T12:32:56.851+0000] {logging_mixin.py:190} INFO - [2025-08-16T12:32:56.851+0000] {dagbag.py:588} INFO - Filling up the DagBag from /home/airflow/.local/lib/python3.12/site-packages/airflow/example_dags/example_short_circuit_operator.py
[2025-08-16T12:32:56.865+0000] {processor.py:925} INFO - DAG(s) 'example_short_circuit_operator' retrieved from /home/airflow/.local/lib/python3.12/site-packages/airflow/example_dags/example_short_circuit_operator.py
[2025-08-16T12:32:57.065+0000] {logging_mixin.py:190} INFO - [2025-08-16T12:32:57.064+0000] {override.py:1912} INFO - Created Permission View: can delete on DAG:example_short_circuit_operator
[2025-08-16T12:32:57.083+0000] {logging_mixin.py:190} INFO - [2025-08-16T12:32:57.082+0000] {override.py:1912} INFO - Created Permission View: can read on DAG:example_short_circuit_operator
[2025-08-16T12:32:57.096+0000] {logging_mixin.py:190} INFO - [2025-08-16T12:32:57.095+0000] {override.py:1912} INFO - Created Permission View: can edit on DAG:example_short_circuit_operator
[2025-08-16T12:32:57.101+0000] {logging_mixin.py:190} INFO - [2025-08-16T12:32:57.100+0000] {override.py:1912} INFO - Created Permission View: can delete on DAG Run:example_short_circuit_operator
[2025-08-16T12:32:57.107+0000] {logging_mixin.py:190} INFO - [2025-08-16T12:32:57.106+0000] {override.py:1912} INFO - Created Permission View: menu access on DAG Run:example_short_circuit_operator
[2025-08-16T12:32:57.115+0000] {logging_mixin.py:190} INFO - [2025-08-16T12:32:57.115+0000] {override.py:1912} INFO - Created Permission View: can read on DAG Run:example_short_circuit_operator
[2025-08-16T12:32:57.126+0000] {logging_mixin.py:190} INFO - [2025-08-16T12:32:57.126+0000] {override.py:1912} INFO - Created Permission View: can create on DAG Run:example_short_circuit_operator
[2025-08-16T12:32:57.130+0000] {logging_mixin.py:190} INFO - [2025-08-16T12:32:57.127+0000] {dag.py:3239} INFO - Sync 1 DAGs
[2025-08-16T12:32:57.246+0000] {logging_mixin.py:190} INFO - [2025-08-16T12:32:57.246+0000] {dag.py:3262} INFO - Creating ORM DAG for example_short_circuit_operator
[2025-08-16T12:32:57.247+0000] {logging_mixin.py:190} INFO - [2025-08-16T12:32:57.247+0000] {dag.py:4180} INFO - Setting next_dagrun for example_short_circuit_operator to None, run_after=None
[2025-08-16T12:32:57.294+0000] {processor.py:208} INFO - Processing /home/airflow/.local/lib/python3.12/site-packages/airflow/example_dags/example_short_circuit_operator.py took 0.465 seconds
[2025-08-16T12:33:27.349+0000] {processor.py:186} INFO - Started process (PID=125) to work on /home/airflow/.local/lib/python3.12/site-packages/airflow/example_dags/example_short_circuit_operator.py
[2025-08-16T12:33:27.350+0000] {processor.py:914} INFO - Processing file /home/airflow/.local/lib/python3.12/site-packages/airflow/example_dags/example_short_circuit_operator.py for tasks to queue
[2025-08-16T12:33:27.351+0000] {logging_mixin.py:190} INFO - [2025-08-16T12:33:27.350+0000] {dagbag.py:588} INFO - Filling up the DagBag from /home/airflow/.local/lib/python3.12/site-packages/airflow/example_dags/example_short_circuit_operator.py
[2025-08-16T12:33:27.355+0000] {processor.py:925} INFO - DAG(s) 'example_short_circuit_operator' retrieved from /home/airflow/.local/lib/python3.12/site-packages/airflow/example_dags/example_short_circuit_operator.py
[2025-08-16T12:33:27.365+0000] {logging_mixin.py:190} INFO - [2025-08-16T12:33:27.365+0000] {dag.py:3239} INFO - Sync 1 DAGs
[2025-08-16T12:33:27.371+0000] {logging_mixin.py:190} INFO - [2025-08-16T12:33:27.371+0000] {dag.py:4180} INFO - Setting next_dagrun for example_short_circuit_operator to None, run_after=None
[2025-08-16T12:33:27.378+0000] {processor.py:208} INFO - Processing /home/airflow/.local/lib/python3.12/site-packages/airflow/example_dags/example_short_circuit_operator.py took 0.032 seconds
[2025-08-16T12:33:57.659+0000] {processor.py:186} INFO - Started process (PID=188) to work on /home/airflow/.local/lib/python3.12/site-packages/airflow/example_dags/example_short_circuit_operator.py
[2025-08-16T12:33:57.661+0000] {processor.py:914} INFO - Processing file /home/airflow/.local/lib/python3.12/site-packages/airflow/example_dags/example_short_circuit_operator.py for tasks to queue
[2025-08-16T12:33:57.662+0000] {logging_mixin.py:190} INFO - [2025-08-16T12:33:57.662+0000] {dagbag.py:588} INFO - Filling up the DagBag from /home/airflow/.local/lib/python3.12/site-packages/airflow/example_dags/example_short_circuit_operator.py
[2025-08-16T12:33:57.668+0000] {processor.py:925} INFO - DAG(s) 'example_short_circuit_operator' retrieved from /home/airflow/.local/lib/python3.12/site-packages/airflow/example_dags/example_short_circuit_operator.py
[2025-08-16T12:33:57.695+0000] {logging_mixin.py:190} INFO - [2025-08-16T12:33:57.694+0000] {dag.py:3239} INFO - Sync 1 DAGs
[2025-08-16T12:33:57.709+0000] {logging_mixin.py:190} INFO - [2025-08-16T12:33:57.709+0000] {dag.py:4180} INFO - Setting next_dagrun for example_short_circuit_operator to None, run_after=None
[2025-08-16T12:33:57.724+0000] {processor.py:208} INFO - Processing /home/airflow/.local/lib/python3.12/site-packages/airflow/example_dags/example_short_circuit_operator.py took 0.071 seconds
[2025-08-16T12:34:28.472+0000] {processor.py:186} INFO - Started process (PID=251) to work on /home/airflow/.local/lib/python3.12/site-packages/airflow/example_dags/example_short_circuit_operator.py
[2025-08-16T12:34:28.474+0000] {processor.py:914} INFO - Processing file /home/airflow/.local/lib/python3.12/site-packages/airflow/example_dags/example_short_circuit_operator.py for tasks to queue
[2025-08-16T12:34:28.477+0000] {logging_mixin.py:190} INFO - [2025-08-16T12:34:28.477+0000] {dagbag.py:588} INFO - Filling up the DagBag from /home/airflow/.local/lib/python3.12/site-packages/airflow/example_dags/example_short_circuit_operator.py
[2025-08-16T12:34:28.484+0000] {processor.py:925} INFO - DAG(s) 'example_short_circuit_operator' retrieved from /home/airflow/.local/lib/python3.12/site-packages/airflow/example_dags/example_short_circuit_operator.py
[2025-08-16T12:34:28.504+0000] {logging_mixin.py:190} INFO - [2025-08-16T12:34:28.504+0000] {dag.py:3239} INFO - Sync 1 DAGs
[2025-08-16T12:34:28.517+0000] {logging_mixin.py:190} INFO - [2025-08-16T12:34:28.517+0000] {dag.py:4180} INFO - Setting next_dagrun for example_short_circuit_operator to None, run_after=None
[2025-08-16T12:34:28.531+0000] {processor.py:208} INFO - Processing /home/airflow/.local/lib/python3.12/site-packages/airflow/example_dags/example_short_circuit_operator.py took 0.067 seconds
[2025-08-16T12:34:59.267+0000] {processor.py:186} INFO - Started process (PID=314) to work on /home/airflow/.local/lib/python3.12/site-packages/airflow/example_dags/example_short_circuit_operator.py
[2025-08-16T12:34:59.269+0000] {processor.py:914} INFO - Processing file /home/airflow/.local/lib/python3.12/site-packages/airflow/example_dags/example_short_circuit_operator.py for tasks to queue
[2025-08-16T12:34:59.271+0000] {logging_mixin.py:190} INFO - [2025-08-16T12:34:59.270+0000] {dagbag.py:588} INFO - Filling up the DagBag from /home/airflow/.local/lib/python3.12/site-packages/airflow/example_dags/example_short_circuit_operator.py
[2025-08-16T12:34:59.279+0000] {processor.py:925} INFO - DAG(s) 'example_short_circuit_operator' retrieved from /home/airflow/.local/lib/python3.12/site-packages/airflow/example_dags/example_short_circuit_operator.py
[2025-08-16T12:34:59.295+0000] {logging_mixin.py:190} INFO - [2025-08-16T12:34:59.294+0000] {dag.py:3239} INFO - Sync 1 DAGs
[2025-08-16T12:34:59.314+0000] {logging_mixin.py:190} INFO - [2025-08-16T12:34:59.313+0000] {dag.py:4180} INFO - Setting next_dagrun for example_short_circuit_operator to None, run_after=None
[2025-08-16T12:34:59.324+0000] {processor.py:208} INFO - Processing /home/airflow/.local/lib/python3.12/site-packages/airflow/example_dags/example_short_circuit_operator.py took 0.063 seconds
[2025-08-16T12:35:30.020+0000] {processor.py:186} INFO - Started process (PID=376) to work on /home/airflow/.local/lib/python3.12/site-packages/airflow/example_dags/example_short_circuit_operator.py
[2025-08-16T12:35:30.024+0000] {processor.py:914} INFO - Processing file /home/airflow/.local/lib/python3.12/site-packages/airflow/example_dags/example_short_circuit_operator.py for tasks to queue
[2025-08-16T12:35:30.031+0000] {logging_mixin.py:190} INFO - [2025-08-16T12:35:30.031+0000] {dagbag.py:588} INFO - Filling up the DagBag from /home/airflow/.local/lib/python3.12/site-packages/airflow/example_dags/example_short_circuit_operator.py
[2025-08-16T12:35:30.054+0000] {processor.py:925} INFO - DAG(s) 'example_short_circuit_operator' retrieved from /home/airflow/.local/lib/python3.12/site-packages/airflow/example_dags/example_short_circuit_operator.py
[2025-08-16T12:35:30.084+0000] {logging_mixin.py:190} INFO - [2025-08-16T12:35:30.083+0000] {dag.py:3239} INFO - Sync 1 DAGs
[2025-08-16T12:35:30.104+0000] {logging_mixin.py:190} INFO - [2025-08-16T12:35:30.104+0000] {dag.py:4180} INFO - Setting next_dagrun for example_short_circuit_operator to None, run_after=None
[2025-08-16T12:35:30.118+0000] {processor.py:208} INFO - Processing /home/airflow/.local/lib/python3.12/site-packages/airflow/example_dags/example_short_circuit_operator.py took 0.105 seconds
[2025-08-16T12:36:00.324+0000] {processor.py:186} INFO - Started process (PID=439) to work on /home/airflow/.local/lib/python3.12/site-packages/airflow/example_dags/example_short_circuit_operator.py
[2025-08-16T12:36:00.326+0000] {processor.py:914} INFO - Processing file /home/airflow/.local/lib/python3.12/site-packages/airflow/example_dags/example_short_circuit_operator.py for tasks to queue
[2025-08-16T12:36:00.329+0000] {logging_mixin.py:190} INFO - [2025-08-16T12:36:00.328+0000] {dagbag.py:588} INFO - Filling up the DagBag from /home/airflow/.local/lib/python3.12/site-packages/airflow/example_dags/example_short_circuit_operator.py
[2025-08-16T12:36:00.341+0000] {processor.py:925} INFO - DAG(s) 'example_short_circuit_operator' retrieved from /home/airflow/.local/lib/python3.12/site-packages/airflow/example_dags/example_short_circuit_operator.py
[2025-08-16T12:36:00.356+0000] {logging_mixin.py:190} INFO - [2025-08-16T12:36:00.356+0000] {dag.py:3239} INFO - Sync 1 DAGs
[2025-08-16T12:36:00.365+0000] {logging_mixin.py:190} INFO - [2025-08-16T12:36:00.365+0000] {dag.py:4180} INFO - Setting next_dagrun for example_short_circuit_operator to None, run_after=None
[2025-08-16T12:36:00.376+0000] {processor.py:208} INFO - Processing /home/airflow/.local/lib/python3.12/site-packages/airflow/example_dags/example_short_circuit_operator.py took 0.058 seconds
[2025-08-16T12:36:30.668+0000] {processor.py:186} INFO - Started process (PID=502) to work on /home/airflow/.local/lib/python3.12/site-packages/airflow/example_dags/example_short_circuit_operator.py
[2025-08-16T12:36:30.670+0000] {processor.py:914} INFO - Processing file /home/airflow/.local/lib/python3.12/site-packages/airflow/example_dags/example_short_circuit_operator.py for tasks to queue
[2025-08-16T12:36:30.673+0000] {logging_mixin.py:190} INFO - [2025-08-16T12:36:30.672+0000] {dagbag.py:588} INFO - Filling up the DagBag from /home/airflow/.local/lib/python3.12/site-packages/airflow/example_dags/example_short_circuit_operator.py
[2025-08-16T12:36:30.690+0000] {processor.py:925} INFO - DAG(s) 'example_short_circuit_operator' retrieved from /home/airflow/.local/lib/python3.12/site-packages/airflow/example_dags/example_short_circuit_operator.py
[2025-08-16T12:36:30.707+0000] {logging_mixin.py:190} INFO - [2025-08-16T12:36:30.707+0000] {dag.py:3239} INFO - Sync 1 DAGs
[2025-08-16T12:36:30.719+0000] {logging_mixin.py:190} INFO - [2025-08-16T12:36:30.719+0000] {dag.py:4180} INFO - Setting next_dagrun for example_short_circuit_operator to None, run_after=None
[2025-08-16T12:36:30.732+0000] {processor.py:208} INFO - Processing /home/airflow/.local/lib/python3.12/site-packages/airflow/example_dags/example_short_circuit_operator.py took 0.072 seconds
