[2025-08-16T12:32:57.380+0000] {processor.py:186} INFO - Started process (PID=64) to work on /home/airflow/.local/lib/python3.12/site-packages/airflow/example_dags/tutorial_objectstorage.py
[2025-08-16T12:32:57.383+0000] {processor.py:914} INFO - Processing file /home/airflow/.local/lib/python3.12/site-packages/airflow/example_dags/tutorial_objectstorage.py for tasks to queue
[2025-08-16T12:32:57.396+0000] {logging_mixin.py:190} INFO - [2025-08-16T12:32:57.395+0000] {dagbag.py:588} INFO - Filling up the DagBag from /home/airflow/.local/lib/python3.12/site-packages/airflow/example_dags/tutorial_objectstorage.py
[2025-08-16T12:32:57.447+0000] {processor.py:925} INFO - DAG(s) 'tutorial_objectstorage' retrieved from /home/airflow/.local/lib/python3.12/site-packages/airflow/example_dags/tutorial_objectstorage.py
[2025-08-16T12:32:57.692+0000] {logging_mixin.py:190} INFO - [2025-08-16T12:32:57.691+0000] {override.py:1912} INFO - Created Permission View: can delete on DAG:tutorial_objectstorage
[2025-08-16T12:32:57.725+0000] {logging_mixin.py:190} INFO - [2025-08-16T12:32:57.725+0000] {override.py:1912} INFO - Created Permission View: can read on DAG:tutorial_objectstorage
[2025-08-16T12:32:57.749+0000] {logging_mixin.py:190} INFO - [2025-08-16T12:32:57.749+0000] {override.py:1912} INFO - Created Permission View: can edit on DAG:tutorial_objectstorage
[2025-08-16T12:32:57.760+0000] {logging_mixin.py:190} INFO - [2025-08-16T12:32:57.759+0000] {override.py:1912} INFO - Created Permission View: can delete on DAG Run:tutorial_objectstorage
[2025-08-16T12:32:57.766+0000] {logging_mixin.py:190} INFO - [2025-08-16T12:32:57.766+0000] {override.py:1912} INFO - Created Permission View: menu access on DAG Run:tutorial_objectstorage
[2025-08-16T12:32:57.775+0000] {logging_mixin.py:190} INFO - [2025-08-16T12:32:57.775+0000] {override.py:1912} INFO - Created Permission View: can read on DAG Run:tutorial_objectstorage
[2025-08-16T12:32:57.791+0000] {logging_mixin.py:190} INFO - [2025-08-16T12:32:57.790+0000] {override.py:1912} INFO - Created Permission View: can create on DAG Run:tutorial_objectstorage
[2025-08-16T12:32:57.792+0000] {logging_mixin.py:190} INFO - [2025-08-16T12:32:57.791+0000] {dag.py:3239} INFO - Sync 1 DAGs
[2025-08-16T12:32:57.820+0000] {logging_mixin.py:190} INFO - [2025-08-16T12:32:57.820+0000] {dag.py:3262} INFO - Creating ORM DAG for tutorial_objectstorage
[2025-08-16T12:32:57.823+0000] {logging_mixin.py:190} INFO - [2025-08-16T12:32:57.823+0000] {dag.py:4180} INFO - Setting next_dagrun for tutorial_objectstorage to None, run_after=None
[2025-08-16T12:32:57.857+0000] {processor.py:208} INFO - Processing /home/airflow/.local/lib/python3.12/site-packages/airflow/example_dags/tutorial_objectstorage.py took 0.498 seconds
[2025-08-16T12:33:28.381+0000] {processor.py:186} INFO - Started process (PID=126) to work on /home/airflow/.local/lib/python3.12/site-packages/airflow/example_dags/tutorial_objectstorage.py
[2025-08-16T12:33:28.383+0000] {processor.py:914} INFO - Processing file /home/airflow/.local/lib/python3.12/site-packages/airflow/example_dags/tutorial_objectstorage.py for tasks to queue
[2025-08-16T12:33:28.385+0000] {logging_mixin.py:190} INFO - [2025-08-16T12:33:28.385+0000] {dagbag.py:588} INFO - Filling up the DagBag from /home/airflow/.local/lib/python3.12/site-packages/airflow/example_dags/tutorial_objectstorage.py
[2025-08-16T12:33:28.396+0000] {processor.py:925} INFO - DAG(s) 'tutorial_objectstorage' retrieved from /home/airflow/.local/lib/python3.12/site-packages/airflow/example_dags/tutorial_objectstorage.py
[2025-08-16T12:33:28.415+0000] {logging_mixin.py:190} INFO - [2025-08-16T12:33:28.415+0000] {dag.py:3239} INFO - Sync 1 DAGs
[2025-08-16T12:33:28.424+0000] {logging_mixin.py:190} INFO - [2025-08-16T12:33:28.424+0000] {dag.py:4180} INFO - Setting next_dagrun for tutorial_objectstorage to None, run_after=None
[2025-08-16T12:33:28.433+0000] {processor.py:208} INFO - Processing /home/airflow/.local/lib/python3.12/site-packages/airflow/example_dags/tutorial_objectstorage.py took 0.058 seconds
[2025-08-16T12:33:58.760+0000] {processor.py:186} INFO - Started process (PID=189) to work on /home/airflow/.local/lib/python3.12/site-packages/airflow/example_dags/tutorial_objectstorage.py
[2025-08-16T12:33:58.762+0000] {processor.py:914} INFO - Processing file /home/airflow/.local/lib/python3.12/site-packages/airflow/example_dags/tutorial_objectstorage.py for tasks to queue
[2025-08-16T12:33:58.764+0000] {logging_mixin.py:190} INFO - [2025-08-16T12:33:58.764+0000] {dagbag.py:588} INFO - Filling up the DagBag from /home/airflow/.local/lib/python3.12/site-packages/airflow/example_dags/tutorial_objectstorage.py
[2025-08-16T12:33:58.774+0000] {processor.py:925} INFO - DAG(s) 'tutorial_objectstorage' retrieved from /home/airflow/.local/lib/python3.12/site-packages/airflow/example_dags/tutorial_objectstorage.py
[2025-08-16T12:33:58.789+0000] {logging_mixin.py:190} INFO - [2025-08-16T12:33:58.788+0000] {dag.py:3239} INFO - Sync 1 DAGs
[2025-08-16T12:33:58.798+0000] {logging_mixin.py:190} INFO - [2025-08-16T12:33:58.798+0000] {dag.py:4180} INFO - Setting next_dagrun for tutorial_objectstorage to None, run_after=None
[2025-08-16T12:33:58.807+0000] {processor.py:208} INFO - Processing /home/airflow/.local/lib/python3.12/site-packages/airflow/example_dags/tutorial_objectstorage.py took 0.053 seconds
[2025-08-16T12:34:29.652+0000] {processor.py:186} INFO - Started process (PID=252) to work on /home/airflow/.local/lib/python3.12/site-packages/airflow/example_dags/tutorial_objectstorage.py
[2025-08-16T12:34:29.654+0000] {processor.py:914} INFO - Processing file /home/airflow/.local/lib/python3.12/site-packages/airflow/example_dags/tutorial_objectstorage.py for tasks to queue
[2025-08-16T12:34:29.662+0000] {logging_mixin.py:190} INFO - [2025-08-16T12:34:29.660+0000] {dagbag.py:588} INFO - Filling up the DagBag from /home/airflow/.local/lib/python3.12/site-packages/airflow/example_dags/tutorial_objectstorage.py
[2025-08-16T12:34:29.690+0000] {processor.py:925} INFO - DAG(s) 'tutorial_objectstorage' retrieved from /home/airflow/.local/lib/python3.12/site-packages/airflow/example_dags/tutorial_objectstorage.py
[2025-08-16T12:34:29.718+0000] {logging_mixin.py:190} INFO - [2025-08-16T12:34:29.718+0000] {dag.py:3239} INFO - Sync 1 DAGs
[2025-08-16T12:34:29.736+0000] {logging_mixin.py:190} INFO - [2025-08-16T12:34:29.736+0000] {dag.py:4180} INFO - Setting next_dagrun for tutorial_objectstorage to None, run_after=None
[2025-08-16T12:34:29.750+0000] {processor.py:208} INFO - Processing /home/airflow/.local/lib/python3.12/site-packages/airflow/example_dags/tutorial_objectstorage.py took 0.122 seconds
[2025-08-16T12:35:00.357+0000] {processor.py:186} INFO - Started process (PID=315) to work on /home/airflow/.local/lib/python3.12/site-packages/airflow/example_dags/tutorial_objectstorage.py
[2025-08-16T12:35:00.358+0000] {processor.py:914} INFO - Processing file /home/airflow/.local/lib/python3.12/site-packages/airflow/example_dags/tutorial_objectstorage.py for tasks to queue
[2025-08-16T12:35:00.361+0000] {logging_mixin.py:190} INFO - [2025-08-16T12:35:00.360+0000] {dagbag.py:588} INFO - Filling up the DagBag from /home/airflow/.local/lib/python3.12/site-packages/airflow/example_dags/tutorial_objectstorage.py
[2025-08-16T12:35:00.368+0000] {processor.py:925} INFO - DAG(s) 'tutorial_objectstorage' retrieved from /home/airflow/.local/lib/python3.12/site-packages/airflow/example_dags/tutorial_objectstorage.py
[2025-08-16T12:35:00.380+0000] {logging_mixin.py:190} INFO - [2025-08-16T12:35:00.380+0000] {dag.py:3239} INFO - Sync 1 DAGs
[2025-08-16T12:35:00.388+0000] {logging_mixin.py:190} INFO - [2025-08-16T12:35:00.388+0000] {dag.py:4180} INFO - Setting next_dagrun for tutorial_objectstorage to None, run_after=None
[2025-08-16T12:35:00.398+0000] {processor.py:208} INFO - Processing /home/airflow/.local/lib/python3.12/site-packages/airflow/example_dags/tutorial_objectstorage.py took 0.050 seconds
[2025-08-16T12:35:31.045+0000] {processor.py:186} INFO - Started process (PID=377) to work on /home/airflow/.local/lib/python3.12/site-packages/airflow/example_dags/tutorial_objectstorage.py
[2025-08-16T12:35:31.047+0000] {processor.py:914} INFO - Processing file /home/airflow/.local/lib/python3.12/site-packages/airflow/example_dags/tutorial_objectstorage.py for tasks to queue
[2025-08-16T12:35:31.049+0000] {logging_mixin.py:190} INFO - [2025-08-16T12:35:31.049+0000] {dagbag.py:588} INFO - Filling up the DagBag from /home/airflow/.local/lib/python3.12/site-packages/airflow/example_dags/tutorial_objectstorage.py
[2025-08-16T12:35:31.058+0000] {processor.py:925} INFO - DAG(s) 'tutorial_objectstorage' retrieved from /home/airflow/.local/lib/python3.12/site-packages/airflow/example_dags/tutorial_objectstorage.py
[2025-08-16T12:35:31.073+0000] {logging_mixin.py:190} INFO - [2025-08-16T12:35:31.072+0000] {dag.py:3239} INFO - Sync 1 DAGs
[2025-08-16T12:35:31.082+0000] {logging_mixin.py:190} INFO - [2025-08-16T12:35:31.082+0000] {dag.py:4180} INFO - Setting next_dagrun for tutorial_objectstorage to None, run_after=None
[2025-08-16T12:35:31.093+0000] {processor.py:208} INFO - Processing /home/airflow/.local/lib/python3.12/site-packages/airflow/example_dags/tutorial_objectstorage.py took 0.053 seconds
[2025-08-16T12:36:01.375+0000] {processor.py:186} INFO - Started process (PID=440) to work on /home/airflow/.local/lib/python3.12/site-packages/airflow/example_dags/tutorial_objectstorage.py
[2025-08-16T12:36:01.377+0000] {processor.py:914} INFO - Processing file /home/airflow/.local/lib/python3.12/site-packages/airflow/example_dags/tutorial_objectstorage.py for tasks to queue
[2025-08-16T12:36:01.380+0000] {logging_mixin.py:190} INFO - [2025-08-16T12:36:01.380+0000] {dagbag.py:588} INFO - Filling up the DagBag from /home/airflow/.local/lib/python3.12/site-packages/airflow/example_dags/tutorial_objectstorage.py
[2025-08-16T12:36:01.394+0000] {processor.py:925} INFO - DAG(s) 'tutorial_objectstorage' retrieved from /home/airflow/.local/lib/python3.12/site-packages/airflow/example_dags/tutorial_objectstorage.py
[2025-08-16T12:36:01.409+0000] {logging_mixin.py:190} INFO - [2025-08-16T12:36:01.409+0000] {dag.py:3239} INFO - Sync 1 DAGs
[2025-08-16T12:36:01.417+0000] {logging_mixin.py:190} INFO - [2025-08-16T12:36:01.417+0000] {dag.py:4180} INFO - Setting next_dagrun for tutorial_objectstorage to None, run_after=None
[2025-08-16T12:36:01.426+0000] {processor.py:208} INFO - Processing /home/airflow/.local/lib/python3.12/site-packages/airflow/example_dags/tutorial_objectstorage.py took 0.059 seconds
[2025-08-16T12:36:31.764+0000] {processor.py:186} INFO - Started process (PID=503) to work on /home/airflow/.local/lib/python3.12/site-packages/airflow/example_dags/tutorial_objectstorage.py
[2025-08-16T12:36:31.766+0000] {processor.py:914} INFO - Processing file /home/airflow/.local/lib/python3.12/site-packages/airflow/example_dags/tutorial_objectstorage.py for tasks to queue
[2025-08-16T12:36:31.771+0000] {logging_mixin.py:190} INFO - [2025-08-16T12:36:31.770+0000] {dagbag.py:588} INFO - Filling up the DagBag from /home/airflow/.local/lib/python3.12/site-packages/airflow/example_dags/tutorial_objectstorage.py
[2025-08-16T12:36:31.790+0000] {processor.py:925} INFO - DAG(s) 'tutorial_objectstorage' retrieved from /home/airflow/.local/lib/python3.12/site-packages/airflow/example_dags/tutorial_objectstorage.py
[2025-08-16T12:36:31.818+0000] {logging_mixin.py:190} INFO - [2025-08-16T12:36:31.818+0000] {dag.py:3239} INFO - Sync 1 DAGs
[2025-08-16T12:36:31.829+0000] {logging_mixin.py:190} INFO - [2025-08-16T12:36:31.829+0000] {dag.py:4180} INFO - Setting next_dagrun for tutorial_objectstorage to None, run_after=None
[2025-08-16T12:36:31.849+0000] {processor.py:208} INFO - Processing /home/airflow/.local/lib/python3.12/site-packages/airflow/example_dags/tutorial_objectstorage.py took 0.094 seconds
