[2025-08-16T12:33:07.134+0000] {processor.py:186} INFO - Started process (PID=102) to work on /home/airflow/.local/lib/python3.12/site-packages/airflow/example_dags/tutorial.py
[2025-08-16T12:33:07.134+0000] {processor.py:914} INFO - Processing file /home/airflow/.local/lib/python3.12/site-packages/airflow/example_dags/tutorial.py for tasks to queue
[2025-08-16T12:33:07.137+0000] {logging_mixin.py:190} INFO - [2025-08-16T12:33:07.136+0000] {dagbag.py:588} INFO - Filling up the DagBag from /home/airflow/.local/lib/python3.12/site-packages/airflow/example_dags/tutorial.py
[2025-08-16T12:33:07.145+0000] {processor.py:925} INFO - DAG(s) 'tutorial' retrieved from /home/airflow/.local/lib/python3.12/site-packages/airflow/example_dags/tutorial.py
[2025-08-16T12:33:07.220+0000] {logging_mixin.py:190} INFO - [2025-08-16T12:33:07.220+0000] {override.py:1912} INFO - Created Permission View: can delete on DAG:tutorial
[2025-08-16T12:33:07.226+0000] {logging_mixin.py:190} INFO - [2025-08-16T12:33:07.226+0000] {override.py:1912} INFO - Created Permission View: can read on DAG:tutorial
[2025-08-16T12:33:07.231+0000] {logging_mixin.py:190} INFO - [2025-08-16T12:33:07.231+0000] {override.py:1912} INFO - Created Permission View: can edit on DAG:tutorial
[2025-08-16T12:33:07.238+0000] {logging_mixin.py:190} INFO - [2025-08-16T12:33:07.238+0000] {override.py:1912} INFO - Created Permission View: can delete on DAG Run:tutorial
[2025-08-16T12:33:07.242+0000] {logging_mixin.py:190} INFO - [2025-08-16T12:33:07.242+0000] {override.py:1912} INFO - Created Permission View: menu access on DAG Run:tutorial
[2025-08-16T12:33:07.245+0000] {logging_mixin.py:190} INFO - [2025-08-16T12:33:07.245+0000] {override.py:1912} INFO - Created Permission View: can read on DAG Run:tutorial
[2025-08-16T12:33:07.248+0000] {logging_mixin.py:190} INFO - [2025-08-16T12:33:07.248+0000] {override.py:1912} INFO - Created Permission View: can create on DAG Run:tutorial
[2025-08-16T12:33:07.249+0000] {logging_mixin.py:190} INFO - [2025-08-16T12:33:07.248+0000] {dag.py:3239} INFO - Sync 1 DAGs
[2025-08-16T12:33:07.256+0000] {logging_mixin.py:190} INFO - [2025-08-16T12:33:07.256+0000] {dag.py:3262} INFO - Creating ORM DAG for tutorial
[2025-08-16T12:33:07.262+0000] {logging_mixin.py:190} INFO - [2025-08-16T12:33:07.262+0000] {dag.py:4180} INFO - Setting next_dagrun for tutorial to 2025-08-15 00:00:00+00:00, run_after=2025-08-16 00:00:00+00:00
[2025-08-16T12:33:07.270+0000] {processor.py:208} INFO - Processing /home/airflow/.local/lib/python3.12/site-packages/airflow/example_dags/tutorial.py took 0.142 seconds
[2025-08-16T12:33:37.569+0000] {processor.py:186} INFO - Started process (PID=165) to work on /home/airflow/.local/lib/python3.12/site-packages/airflow/example_dags/tutorial.py
[2025-08-16T12:33:37.570+0000] {processor.py:914} INFO - Processing file /home/airflow/.local/lib/python3.12/site-packages/airflow/example_dags/tutorial.py for tasks to queue
[2025-08-16T12:33:37.571+0000] {logging_mixin.py:190} INFO - [2025-08-16T12:33:37.571+0000] {dagbag.py:588} INFO - Filling up the DagBag from /home/airflow/.local/lib/python3.12/site-packages/airflow/example_dags/tutorial.py
[2025-08-16T12:33:37.577+0000] {processor.py:925} INFO - DAG(s) 'tutorial' retrieved from /home/airflow/.local/lib/python3.12/site-packages/airflow/example_dags/tutorial.py
[2025-08-16T12:33:37.590+0000] {logging_mixin.py:190} INFO - [2025-08-16T12:33:37.590+0000] {dag.py:3239} INFO - Sync 1 DAGs
[2025-08-16T12:33:37.606+0000] {logging_mixin.py:190} INFO - [2025-08-16T12:33:37.606+0000] {dag.py:4180} INFO - Setting next_dagrun for tutorial to 2025-08-15 00:00:00+00:00, run_after=2025-08-16 00:00:00+00:00
[2025-08-16T12:33:37.619+0000] {processor.py:208} INFO - Processing /home/airflow/.local/lib/python3.12/site-packages/airflow/example_dags/tutorial.py took 0.053 seconds
[2025-08-16T12:34:08.537+0000] {processor.py:186} INFO - Started process (PID=228) to work on /home/airflow/.local/lib/python3.12/site-packages/airflow/example_dags/tutorial.py
[2025-08-16T12:34:08.538+0000] {processor.py:914} INFO - Processing file /home/airflow/.local/lib/python3.12/site-packages/airflow/example_dags/tutorial.py for tasks to queue
[2025-08-16T12:34:08.539+0000] {logging_mixin.py:190} INFO - [2025-08-16T12:34:08.539+0000] {dagbag.py:588} INFO - Filling up the DagBag from /home/airflow/.local/lib/python3.12/site-packages/airflow/example_dags/tutorial.py
[2025-08-16T12:34:08.544+0000] {processor.py:925} INFO - DAG(s) 'tutorial' retrieved from /home/airflow/.local/lib/python3.12/site-packages/airflow/example_dags/tutorial.py
[2025-08-16T12:34:08.554+0000] {logging_mixin.py:190} INFO - [2025-08-16T12:34:08.554+0000] {dag.py:3239} INFO - Sync 1 DAGs
[2025-08-16T12:34:08.565+0000] {logging_mixin.py:190} INFO - [2025-08-16T12:34:08.565+0000] {dag.py:4180} INFO - Setting next_dagrun for tutorial to 2025-08-15 00:00:00+00:00, run_after=2025-08-16 00:00:00+00:00
[2025-08-16T12:34:08.573+0000] {processor.py:208} INFO - Processing /home/airflow/.local/lib/python3.12/site-packages/airflow/example_dags/tutorial.py took 0.039 seconds
[2025-08-16T12:34:39.387+0000] {processor.py:186} INFO - Started process (PID=291) to work on /home/airflow/.local/lib/python3.12/site-packages/airflow/example_dags/tutorial.py
[2025-08-16T12:34:39.389+0000] {processor.py:914} INFO - Processing file /home/airflow/.local/lib/python3.12/site-packages/airflow/example_dags/tutorial.py for tasks to queue
[2025-08-16T12:34:39.398+0000] {logging_mixin.py:190} INFO - [2025-08-16T12:34:39.396+0000] {dagbag.py:588} INFO - Filling up the DagBag from /home/airflow/.local/lib/python3.12/site-packages/airflow/example_dags/tutorial.py
[2025-08-16T12:34:39.410+0000] {processor.py:925} INFO - DAG(s) 'tutorial' retrieved from /home/airflow/.local/lib/python3.12/site-packages/airflow/example_dags/tutorial.py
[2025-08-16T12:34:39.432+0000] {logging_mixin.py:190} INFO - [2025-08-16T12:34:39.432+0000] {dag.py:3239} INFO - Sync 1 DAGs
[2025-08-16T12:34:39.453+0000] {logging_mixin.py:190} INFO - [2025-08-16T12:34:39.453+0000] {dag.py:4180} INFO - Setting next_dagrun for tutorial to 2025-08-15 00:00:00+00:00, run_after=2025-08-16 00:00:00+00:00
[2025-08-16T12:34:39.478+0000] {processor.py:208} INFO - Processing /home/airflow/.local/lib/python3.12/site-packages/airflow/example_dags/tutorial.py took 0.100 seconds
[2025-08-16T12:35:09.965+0000] {processor.py:186} INFO - Started process (PID=354) to work on /home/airflow/.local/lib/python3.12/site-packages/airflow/example_dags/tutorial.py
[2025-08-16T12:35:09.966+0000] {processor.py:914} INFO - Processing file /home/airflow/.local/lib/python3.12/site-packages/airflow/example_dags/tutorial.py for tasks to queue
[2025-08-16T12:35:09.969+0000] {logging_mixin.py:190} INFO - [2025-08-16T12:35:09.969+0000] {dagbag.py:588} INFO - Filling up the DagBag from /home/airflow/.local/lib/python3.12/site-packages/airflow/example_dags/tutorial.py
[2025-08-16T12:35:09.975+0000] {processor.py:925} INFO - DAG(s) 'tutorial' retrieved from /home/airflow/.local/lib/python3.12/site-packages/airflow/example_dags/tutorial.py
[2025-08-16T12:35:09.991+0000] {logging_mixin.py:190} INFO - [2025-08-16T12:35:09.991+0000] {dag.py:3239} INFO - Sync 1 DAGs
[2025-08-16T12:35:10.027+0000] {logging_mixin.py:190} INFO - [2025-08-16T12:35:10.026+0000] {dag.py:4180} INFO - Setting next_dagrun for tutorial to 2025-08-15 00:00:00+00:00, run_after=2025-08-16 00:00:00+00:00
[2025-08-16T12:35:10.081+0000] {processor.py:208} INFO - Processing /home/airflow/.local/lib/python3.12/site-packages/airflow/example_dags/tutorial.py took 0.119 seconds
[2025-08-16T12:35:41.266+0000] {processor.py:186} INFO - Started process (PID=416) to work on /home/airflow/.local/lib/python3.12/site-packages/airflow/example_dags/tutorial.py
[2025-08-16T12:35:41.267+0000] {processor.py:914} INFO - Processing file /home/airflow/.local/lib/python3.12/site-packages/airflow/example_dags/tutorial.py for tasks to queue
[2025-08-16T12:35:41.268+0000] {logging_mixin.py:190} INFO - [2025-08-16T12:35:41.268+0000] {dagbag.py:588} INFO - Filling up the DagBag from /home/airflow/.local/lib/python3.12/site-packages/airflow/example_dags/tutorial.py
[2025-08-16T12:35:41.273+0000] {processor.py:925} INFO - DAG(s) 'tutorial' retrieved from /home/airflow/.local/lib/python3.12/site-packages/airflow/example_dags/tutorial.py
[2025-08-16T12:35:41.286+0000] {logging_mixin.py:190} INFO - [2025-08-16T12:35:41.286+0000] {dag.py:3239} INFO - Sync 1 DAGs
[2025-08-16T12:35:41.303+0000] {logging_mixin.py:190} INFO - [2025-08-16T12:35:41.303+0000] {dag.py:4180} INFO - Setting next_dagrun for tutorial to 2025-08-15 00:00:00+00:00, run_after=2025-08-16 00:00:00+00:00
[2025-08-16T12:35:41.315+0000] {processor.py:208} INFO - Processing /home/airflow/.local/lib/python3.12/site-packages/airflow/example_dags/tutorial.py took 0.053 seconds
[2025-08-16T12:36:11.705+0000] {processor.py:186} INFO - Started process (PID=479) to work on /home/airflow/.local/lib/python3.12/site-packages/airflow/example_dags/tutorial.py
[2025-08-16T12:36:11.706+0000] {processor.py:914} INFO - Processing file /home/airflow/.local/lib/python3.12/site-packages/airflow/example_dags/tutorial.py for tasks to queue
[2025-08-16T12:36:11.707+0000] {logging_mixin.py:190} INFO - [2025-08-16T12:36:11.707+0000] {dagbag.py:588} INFO - Filling up the DagBag from /home/airflow/.local/lib/python3.12/site-packages/airflow/example_dags/tutorial.py
[2025-08-16T12:36:11.712+0000] {processor.py:925} INFO - DAG(s) 'tutorial' retrieved from /home/airflow/.local/lib/python3.12/site-packages/airflow/example_dags/tutorial.py
[2025-08-16T12:36:11.725+0000] {logging_mixin.py:190} INFO - [2025-08-16T12:36:11.725+0000] {dag.py:3239} INFO - Sync 1 DAGs
[2025-08-16T12:36:11.736+0000] {logging_mixin.py:190} INFO - [2025-08-16T12:36:11.736+0000] {dag.py:4180} INFO - Setting next_dagrun for tutorial to 2025-08-15 00:00:00+00:00, run_after=2025-08-16 00:00:00+00:00
[2025-08-16T12:36:11.745+0000] {processor.py:208} INFO - Processing /home/airflow/.local/lib/python3.12/site-packages/airflow/example_dags/tutorial.py took 0.043 seconds
