[2025-08-16T12:32:57.949+0000] {processor.py:186} INFO - Started process (PID=65) to work on /home/airflow/.local/lib/python3.12/site-packages/airflow/example_dags/tutorial_dag.py
[2025-08-16T12:32:57.950+0000] {processor.py:914} INFO - Processing file /home/airflow/.local/lib/python3.12/site-packages/airflow/example_dags/tutorial_dag.py for tasks to queue
[2025-08-16T12:32:57.952+0000] {logging_mixin.py:190} INFO - [2025-08-16T12:32:57.952+0000] {dagbag.py:588} INFO - Filling up the DagBag from /home/airflow/.local/lib/python3.12/site-packages/airflow/example_dags/tutorial_dag.py
[2025-08-16T12:32:58.083+0000] {processor.py:925} INFO - DAG(s) 'tutorial_dag' retrieved from /home/airflow/.local/lib/python3.12/site-packages/airflow/example_dags/tutorial_dag.py
[2025-08-16T12:32:58.613+0000] {logging_mixin.py:190} INFO - [2025-08-16T12:32:58.606+0000] {override.py:1912} INFO - Created Permission View: can delete on DAG:tutorial_dag
[2025-08-16T12:32:58.641+0000] {logging_mixin.py:190} INFO - [2025-08-16T12:32:58.641+0000] {override.py:1912} INFO - Created Permission View: can read on DAG:tutorial_dag
[2025-08-16T12:32:58.647+0000] {logging_mixin.py:190} INFO - [2025-08-16T12:32:58.647+0000] {override.py:1912} INFO - Created Permission View: can edit on DAG:tutorial_dag
[2025-08-16T12:32:58.697+0000] {logging_mixin.py:190} INFO - [2025-08-16T12:32:58.696+0000] {override.py:1912} INFO - Created Permission View: can delete on DAG Run:tutorial_dag
[2025-08-16T12:32:58.777+0000] {logging_mixin.py:190} INFO - [2025-08-16T12:32:58.777+0000] {override.py:1912} INFO - Created Permission View: menu access on DAG Run:tutorial_dag
[2025-08-16T12:32:58.822+0000] {logging_mixin.py:190} INFO - [2025-08-16T12:32:58.822+0000] {override.py:1912} INFO - Created Permission View: can read on DAG Run:tutorial_dag
[2025-08-16T12:32:58.844+0000] {logging_mixin.py:190} INFO - [2025-08-16T12:32:58.844+0000] {override.py:1912} INFO - Created Permission View: can create on DAG Run:tutorial_dag
[2025-08-16T12:32:58.845+0000] {logging_mixin.py:190} INFO - [2025-08-16T12:32:58.845+0000] {dag.py:3239} INFO - Sync 1 DAGs
[2025-08-16T12:32:58.936+0000] {logging_mixin.py:190} INFO - [2025-08-16T12:32:58.936+0000] {dag.py:3262} INFO - Creating ORM DAG for tutorial_dag
[2025-08-16T12:32:58.938+0000] {logging_mixin.py:190} INFO - [2025-08-16T12:32:58.938+0000] {dag.py:4180} INFO - Setting next_dagrun for tutorial_dag to None, run_after=None
[2025-08-16T12:32:59.031+0000] {processor.py:208} INFO - Processing /home/airflow/.local/lib/python3.12/site-packages/airflow/example_dags/tutorial_dag.py took 1.100 seconds
[2025-08-16T12:33:29.432+0000] {processor.py:186} INFO - Started process (PID=127) to work on /home/airflow/.local/lib/python3.12/site-packages/airflow/example_dags/tutorial_dag.py
[2025-08-16T12:33:29.434+0000] {processor.py:914} INFO - Processing file /home/airflow/.local/lib/python3.12/site-packages/airflow/example_dags/tutorial_dag.py for tasks to queue
[2025-08-16T12:33:29.437+0000] {logging_mixin.py:190} INFO - [2025-08-16T12:33:29.436+0000] {dagbag.py:588} INFO - Filling up the DagBag from /home/airflow/.local/lib/python3.12/site-packages/airflow/example_dags/tutorial_dag.py
[2025-08-16T12:33:29.447+0000] {processor.py:925} INFO - DAG(s) 'tutorial_dag' retrieved from /home/airflow/.local/lib/python3.12/site-packages/airflow/example_dags/tutorial_dag.py
[2025-08-16T12:33:29.468+0000] {logging_mixin.py:190} INFO - [2025-08-16T12:33:29.468+0000] {dag.py:3239} INFO - Sync 1 DAGs
[2025-08-16T12:33:29.477+0000] {logging_mixin.py:190} INFO - [2025-08-16T12:33:29.477+0000] {dag.py:4180} INFO - Setting next_dagrun for tutorial_dag to None, run_after=None
[2025-08-16T12:33:29.487+0000] {processor.py:208} INFO - Processing /home/airflow/.local/lib/python3.12/site-packages/airflow/example_dags/tutorial_dag.py took 0.062 seconds
[2025-08-16T12:33:59.782+0000] {processor.py:186} INFO - Started process (PID=190) to work on /home/airflow/.local/lib/python3.12/site-packages/airflow/example_dags/tutorial_dag.py
[2025-08-16T12:33:59.784+0000] {processor.py:914} INFO - Processing file /home/airflow/.local/lib/python3.12/site-packages/airflow/example_dags/tutorial_dag.py for tasks to queue
[2025-08-16T12:33:59.786+0000] {logging_mixin.py:190} INFO - [2025-08-16T12:33:59.785+0000] {dagbag.py:588} INFO - Filling up the DagBag from /home/airflow/.local/lib/python3.12/site-packages/airflow/example_dags/tutorial_dag.py
[2025-08-16T12:33:59.794+0000] {processor.py:925} INFO - DAG(s) 'tutorial_dag' retrieved from /home/airflow/.local/lib/python3.12/site-packages/airflow/example_dags/tutorial_dag.py
[2025-08-16T12:33:59.812+0000] {logging_mixin.py:190} INFO - [2025-08-16T12:33:59.812+0000] {dag.py:3239} INFO - Sync 1 DAGs
[2025-08-16T12:33:59.823+0000] {logging_mixin.py:190} INFO - [2025-08-16T12:33:59.823+0000] {dag.py:4180} INFO - Setting next_dagrun for tutorial_dag to None, run_after=None
[2025-08-16T12:33:59.832+0000] {processor.py:208} INFO - Processing /home/airflow/.local/lib/python3.12/site-packages/airflow/example_dags/tutorial_dag.py took 0.056 seconds
[2025-08-16T12:34:30.666+0000] {processor.py:186} INFO - Started process (PID=253) to work on /home/airflow/.local/lib/python3.12/site-packages/airflow/example_dags/tutorial_dag.py
[2025-08-16T12:34:30.667+0000] {processor.py:914} INFO - Processing file /home/airflow/.local/lib/python3.12/site-packages/airflow/example_dags/tutorial_dag.py for tasks to queue
[2025-08-16T12:34:30.669+0000] {logging_mixin.py:190} INFO - [2025-08-16T12:34:30.669+0000] {dagbag.py:588} INFO - Filling up the DagBag from /home/airflow/.local/lib/python3.12/site-packages/airflow/example_dags/tutorial_dag.py
[2025-08-16T12:34:30.675+0000] {processor.py:925} INFO - DAG(s) 'tutorial_dag' retrieved from /home/airflow/.local/lib/python3.12/site-packages/airflow/example_dags/tutorial_dag.py
[2025-08-16T12:34:30.687+0000] {logging_mixin.py:190} INFO - [2025-08-16T12:34:30.687+0000] {dag.py:3239} INFO - Sync 1 DAGs
[2025-08-16T12:34:30.694+0000] {logging_mixin.py:190} INFO - [2025-08-16T12:34:30.694+0000] {dag.py:4180} INFO - Setting next_dagrun for tutorial_dag to None, run_after=None
[2025-08-16T12:34:30.702+0000] {processor.py:208} INFO - Processing /home/airflow/.local/lib/python3.12/site-packages/airflow/example_dags/tutorial_dag.py took 0.040 seconds
[2025-08-16T12:35:01.369+0000] {processor.py:186} INFO - Started process (PID=316) to work on /home/airflow/.local/lib/python3.12/site-packages/airflow/example_dags/tutorial_dag.py
[2025-08-16T12:35:01.370+0000] {processor.py:914} INFO - Processing file /home/airflow/.local/lib/python3.12/site-packages/airflow/example_dags/tutorial_dag.py for tasks to queue
[2025-08-16T12:35:01.372+0000] {logging_mixin.py:190} INFO - [2025-08-16T12:35:01.372+0000] {dagbag.py:588} INFO - Filling up the DagBag from /home/airflow/.local/lib/python3.12/site-packages/airflow/example_dags/tutorial_dag.py
[2025-08-16T12:35:01.380+0000] {processor.py:925} INFO - DAG(s) 'tutorial_dag' retrieved from /home/airflow/.local/lib/python3.12/site-packages/airflow/example_dags/tutorial_dag.py
[2025-08-16T12:35:01.396+0000] {logging_mixin.py:190} INFO - [2025-08-16T12:35:01.396+0000] {dag.py:3239} INFO - Sync 1 DAGs
[2025-08-16T12:35:01.405+0000] {logging_mixin.py:190} INFO - [2025-08-16T12:35:01.405+0000] {dag.py:4180} INFO - Setting next_dagrun for tutorial_dag to None, run_after=None
[2025-08-16T12:35:01.414+0000] {processor.py:208} INFO - Processing /home/airflow/.local/lib/python3.12/site-packages/airflow/example_dags/tutorial_dag.py took 0.051 seconds
[2025-08-16T12:35:32.059+0000] {processor.py:186} INFO - Started process (PID=378) to work on /home/airflow/.local/lib/python3.12/site-packages/airflow/example_dags/tutorial_dag.py
[2025-08-16T12:35:32.060+0000] {processor.py:914} INFO - Processing file /home/airflow/.local/lib/python3.12/site-packages/airflow/example_dags/tutorial_dag.py for tasks to queue
[2025-08-16T12:35:32.061+0000] {logging_mixin.py:190} INFO - [2025-08-16T12:35:32.061+0000] {dagbag.py:588} INFO - Filling up the DagBag from /home/airflow/.local/lib/python3.12/site-packages/airflow/example_dags/tutorial_dag.py
[2025-08-16T12:35:32.066+0000] {processor.py:925} INFO - DAG(s) 'tutorial_dag' retrieved from /home/airflow/.local/lib/python3.12/site-packages/airflow/example_dags/tutorial_dag.py
[2025-08-16T12:35:32.078+0000] {logging_mixin.py:190} INFO - [2025-08-16T12:35:32.078+0000] {dag.py:3239} INFO - Sync 1 DAGs
[2025-08-16T12:35:32.086+0000] {logging_mixin.py:190} INFO - [2025-08-16T12:35:32.086+0000] {dag.py:4180} INFO - Setting next_dagrun for tutorial_dag to None, run_after=None
[2025-08-16T12:35:32.098+0000] {processor.py:208} INFO - Processing /home/airflow/.local/lib/python3.12/site-packages/airflow/example_dags/tutorial_dag.py took 0.049 seconds
[2025-08-16T12:36:02.435+0000] {processor.py:186} INFO - Started process (PID=441) to work on /home/airflow/.local/lib/python3.12/site-packages/airflow/example_dags/tutorial_dag.py
[2025-08-16T12:36:02.438+0000] {processor.py:914} INFO - Processing file /home/airflow/.local/lib/python3.12/site-packages/airflow/example_dags/tutorial_dag.py for tasks to queue
[2025-08-16T12:36:02.441+0000] {logging_mixin.py:190} INFO - [2025-08-16T12:36:02.441+0000] {dagbag.py:588} INFO - Filling up the DagBag from /home/airflow/.local/lib/python3.12/site-packages/airflow/example_dags/tutorial_dag.py
[2025-08-16T12:36:02.449+0000] {processor.py:925} INFO - DAG(s) 'tutorial_dag' retrieved from /home/airflow/.local/lib/python3.12/site-packages/airflow/example_dags/tutorial_dag.py
[2025-08-16T12:36:02.466+0000] {logging_mixin.py:190} INFO - [2025-08-16T12:36:02.465+0000] {dag.py:3239} INFO - Sync 1 DAGs
[2025-08-16T12:36:02.475+0000] {logging_mixin.py:190} INFO - [2025-08-16T12:36:02.475+0000] {dag.py:4180} INFO - Setting next_dagrun for tutorial_dag to None, run_after=None
[2025-08-16T12:36:02.485+0000] {processor.py:208} INFO - Processing /home/airflow/.local/lib/python3.12/site-packages/airflow/example_dags/tutorial_dag.py took 0.057 seconds
[2025-08-16T12:36:32.863+0000] {processor.py:186} INFO - Started process (PID=504) to work on /home/airflow/.local/lib/python3.12/site-packages/airflow/example_dags/tutorial_dag.py
[2025-08-16T12:36:32.864+0000] {processor.py:914} INFO - Processing file /home/airflow/.local/lib/python3.12/site-packages/airflow/example_dags/tutorial_dag.py for tasks to queue
[2025-08-16T12:36:32.866+0000] {logging_mixin.py:190} INFO - [2025-08-16T12:36:32.866+0000] {dagbag.py:588} INFO - Filling up the DagBag from /home/airflow/.local/lib/python3.12/site-packages/airflow/example_dags/tutorial_dag.py
[2025-08-16T12:36:32.877+0000] {processor.py:925} INFO - DAG(s) 'tutorial_dag' retrieved from /home/airflow/.local/lib/python3.12/site-packages/airflow/example_dags/tutorial_dag.py
[2025-08-16T12:36:32.897+0000] {logging_mixin.py:190} INFO - [2025-08-16T12:36:32.897+0000] {dag.py:3239} INFO - Sync 1 DAGs
[2025-08-16T12:36:32.906+0000] {logging_mixin.py:190} INFO - [2025-08-16T12:36:32.906+0000] {dag.py:4180} INFO - Setting next_dagrun for tutorial_dag to None, run_after=None
[2025-08-16T12:36:32.918+0000] {processor.py:208} INFO - Processing /home/airflow/.local/lib/python3.12/site-packages/airflow/example_dags/tutorial_dag.py took 0.082 seconds
