[2025-08-16T12:33:05.704+0000] {processor.py:186} INFO - Started process (PID=92) to work on /home/airflow/.local/lib/python3.12/site-packages/airflow/example_dags/tutorial_taskflow_templates.py
[2025-08-16T12:33:05.705+0000] {processor.py:914} INFO - Processing file /home/airflow/.local/lib/python3.12/site-packages/airflow/example_dags/tutorial_taskflow_templates.py for tasks to queue
[2025-08-16T12:33:05.707+0000] {logging_mixin.py:190} INFO - [2025-08-16T12:33:05.706+0000] {dagbag.py:588} INFO - Filling up the DagBag from /home/airflow/.local/lib/python3.12/site-packages/airflow/example_dags/tutorial_taskflow_templates.py
[2025-08-16T12:33:05.714+0000] {processor.py:925} INFO - DAG(s) 'tutorial_taskflow_templates' retrieved from /home/airflow/.local/lib/python3.12/site-packages/airflow/example_dags/tutorial_taskflow_templates.py
[2025-08-16T12:33:05.770+0000] {logging_mixin.py:190} INFO - [2025-08-16T12:33:05.769+0000] {override.py:1912} INFO - Created Permission View: can delete on DAG:tutorial_taskflow_templates
[2025-08-16T12:33:05.776+0000] {logging_mixin.py:190} INFO - [2025-08-16T12:33:05.776+0000] {override.py:1912} INFO - Created Permission View: can read on DAG:tutorial_taskflow_templates
[2025-08-16T12:33:05.782+0000] {logging_mixin.py:190} INFO - [2025-08-16T12:33:05.782+0000] {override.py:1912} INFO - Created Permission View: can edit on DAG:tutorial_taskflow_templates
[2025-08-16T12:33:05.786+0000] {logging_mixin.py:190} INFO - [2025-08-16T12:33:05.786+0000] {override.py:1912} INFO - Created Permission View: can delete on DAG Run:tutorial_taskflow_templates
[2025-08-16T12:33:05.788+0000] {logging_mixin.py:190} INFO - [2025-08-16T12:33:05.788+0000] {override.py:1912} INFO - Created Permission View: menu access on DAG Run:tutorial_taskflow_templates
[2025-08-16T12:33:05.792+0000] {logging_mixin.py:190} INFO - [2025-08-16T12:33:05.791+0000] {override.py:1912} INFO - Created Permission View: can read on DAG Run:tutorial_taskflow_templates
[2025-08-16T12:33:05.795+0000] {logging_mixin.py:190} INFO - [2025-08-16T12:33:05.794+0000] {override.py:1912} INFO - Created Permission View: can create on DAG Run:tutorial_taskflow_templates
[2025-08-16T12:33:05.795+0000] {logging_mixin.py:190} INFO - [2025-08-16T12:33:05.795+0000] {dag.py:3239} INFO - Sync 1 DAGs
[2025-08-16T12:33:05.801+0000] {logging_mixin.py:190} INFO - [2025-08-16T12:33:05.801+0000] {dag.py:3262} INFO - Creating ORM DAG for tutorial_taskflow_templates
[2025-08-16T12:33:05.806+0000] {logging_mixin.py:190} INFO - [2025-08-16T12:33:05.806+0000] {dag.py:4180} INFO - Setting next_dagrun for tutorial_taskflow_templates to 2025-08-15 00:00:00+00:00, run_after=2025-08-16 00:00:00+00:00
[2025-08-16T12:33:05.817+0000] {processor.py:208} INFO - Processing /home/airflow/.local/lib/python3.12/site-packages/airflow/example_dags/tutorial_taskflow_templates.py took 0.116 seconds
[2025-08-16T12:33:36.421+0000] {processor.py:186} INFO - Started process (PID=155) to work on /home/airflow/.local/lib/python3.12/site-packages/airflow/example_dags/tutorial_taskflow_templates.py
[2025-08-16T12:33:36.421+0000] {processor.py:914} INFO - Processing file /home/airflow/.local/lib/python3.12/site-packages/airflow/example_dags/tutorial_taskflow_templates.py for tasks to queue
[2025-08-16T12:33:36.423+0000] {logging_mixin.py:190} INFO - [2025-08-16T12:33:36.423+0000] {dagbag.py:588} INFO - Filling up the DagBag from /home/airflow/.local/lib/python3.12/site-packages/airflow/example_dags/tutorial_taskflow_templates.py
[2025-08-16T12:33:36.429+0000] {processor.py:925} INFO - DAG(s) 'tutorial_taskflow_templates' retrieved from /home/airflow/.local/lib/python3.12/site-packages/airflow/example_dags/tutorial_taskflow_templates.py
[2025-08-16T12:33:36.441+0000] {logging_mixin.py:190} INFO - [2025-08-16T12:33:36.441+0000] {dag.py:3239} INFO - Sync 1 DAGs
[2025-08-16T12:33:36.455+0000] {logging_mixin.py:190} INFO - [2025-08-16T12:33:36.455+0000] {dag.py:4180} INFO - Setting next_dagrun for tutorial_taskflow_templates to 2025-08-15 00:00:00+00:00, run_after=2025-08-16 00:00:00+00:00
[2025-08-16T12:33:36.465+0000] {processor.py:208} INFO - Processing /home/airflow/.local/lib/python3.12/site-packages/airflow/example_dags/tutorial_taskflow_templates.py took 0.048 seconds
[2025-08-16T12:34:06.508+0000] {processor.py:186} INFO - Started process (PID=217) to work on /home/airflow/.local/lib/python3.12/site-packages/airflow/example_dags/tutorial_taskflow_templates.py
[2025-08-16T12:34:06.509+0000] {processor.py:914} INFO - Processing file /home/airflow/.local/lib/python3.12/site-packages/airflow/example_dags/tutorial_taskflow_templates.py for tasks to queue
[2025-08-16T12:34:06.510+0000] {logging_mixin.py:190} INFO - [2025-08-16T12:34:06.510+0000] {dagbag.py:588} INFO - Filling up the DagBag from /home/airflow/.local/lib/python3.12/site-packages/airflow/example_dags/tutorial_taskflow_templates.py
[2025-08-16T12:34:06.517+0000] {processor.py:925} INFO - DAG(s) 'tutorial_taskflow_templates' retrieved from /home/airflow/.local/lib/python3.12/site-packages/airflow/example_dags/tutorial_taskflow_templates.py
[2025-08-16T12:34:06.526+0000] {logging_mixin.py:190} INFO - [2025-08-16T12:34:06.526+0000] {dag.py:3239} INFO - Sync 1 DAGs
[2025-08-16T12:34:06.537+0000] {logging_mixin.py:190} INFO - [2025-08-16T12:34:06.537+0000] {dag.py:4180} INFO - Setting next_dagrun for tutorial_taskflow_templates to 2025-08-15 00:00:00+00:00, run_after=2025-08-16 00:00:00+00:00
[2025-08-16T12:34:06.545+0000] {processor.py:208} INFO - Processing /home/airflow/.local/lib/python3.12/site-packages/airflow/example_dags/tutorial_taskflow_templates.py took 0.040 seconds
[2025-08-16T12:34:36.681+0000] {processor.py:186} INFO - Started process (PID=280) to work on /home/airflow/.local/lib/python3.12/site-packages/airflow/example_dags/tutorial_taskflow_templates.py
[2025-08-16T12:34:36.682+0000] {processor.py:914} INFO - Processing file /home/airflow/.local/lib/python3.12/site-packages/airflow/example_dags/tutorial_taskflow_templates.py for tasks to queue
[2025-08-16T12:34:36.684+0000] {logging_mixin.py:190} INFO - [2025-08-16T12:34:36.684+0000] {dagbag.py:588} INFO - Filling up the DagBag from /home/airflow/.local/lib/python3.12/site-packages/airflow/example_dags/tutorial_taskflow_templates.py
[2025-08-16T12:34:36.694+0000] {processor.py:925} INFO - DAG(s) 'tutorial_taskflow_templates' retrieved from /home/airflow/.local/lib/python3.12/site-packages/airflow/example_dags/tutorial_taskflow_templates.py
[2025-08-16T12:34:36.708+0000] {logging_mixin.py:190} INFO - [2025-08-16T12:34:36.707+0000] {dag.py:3239} INFO - Sync 1 DAGs
[2025-08-16T12:34:36.721+0000] {logging_mixin.py:190} INFO - [2025-08-16T12:34:36.721+0000] {dag.py:4180} INFO - Setting next_dagrun for tutorial_taskflow_templates to 2025-08-15 00:00:00+00:00, run_after=2025-08-16 00:00:00+00:00
[2025-08-16T12:34:36.728+0000] {processor.py:208} INFO - Processing /home/airflow/.local/lib/python3.12/site-packages/airflow/example_dags/tutorial_taskflow_templates.py took 0.052 seconds
[2025-08-16T12:35:07.474+0000] {processor.py:186} INFO - Started process (PID=343) to work on /home/airflow/.local/lib/python3.12/site-packages/airflow/example_dags/tutorial_taskflow_templates.py
[2025-08-16T12:35:07.475+0000] {processor.py:914} INFO - Processing file /home/airflow/.local/lib/python3.12/site-packages/airflow/example_dags/tutorial_taskflow_templates.py for tasks to queue
[2025-08-16T12:35:07.476+0000] {logging_mixin.py:190} INFO - [2025-08-16T12:35:07.476+0000] {dagbag.py:588} INFO - Filling up the DagBag from /home/airflow/.local/lib/python3.12/site-packages/airflow/example_dags/tutorial_taskflow_templates.py
[2025-08-16T12:35:07.490+0000] {processor.py:925} INFO - DAG(s) 'tutorial_taskflow_templates' retrieved from /home/airflow/.local/lib/python3.12/site-packages/airflow/example_dags/tutorial_taskflow_templates.py
[2025-08-16T12:35:07.507+0000] {logging_mixin.py:190} INFO - [2025-08-16T12:35:07.507+0000] {dag.py:3239} INFO - Sync 1 DAGs
[2025-08-16T12:35:07.521+0000] {logging_mixin.py:190} INFO - [2025-08-16T12:35:07.521+0000] {dag.py:4180} INFO - Setting next_dagrun for tutorial_taskflow_templates to 2025-08-15 00:00:00+00:00, run_after=2025-08-16 00:00:00+00:00
[2025-08-16T12:35:07.538+0000] {processor.py:208} INFO - Processing /home/airflow/.local/lib/python3.12/site-packages/airflow/example_dags/tutorial_taskflow_templates.py took 0.068 seconds
[2025-08-16T12:35:37.712+0000] {processor.py:186} INFO - Started process (PID=405) to work on /home/airflow/.local/lib/python3.12/site-packages/airflow/example_dags/tutorial_taskflow_templates.py
[2025-08-16T12:35:37.715+0000] {processor.py:914} INFO - Processing file /home/airflow/.local/lib/python3.12/site-packages/airflow/example_dags/tutorial_taskflow_templates.py for tasks to queue
[2025-08-16T12:35:37.717+0000] {logging_mixin.py:190} INFO - [2025-08-16T12:35:37.716+0000] {dagbag.py:588} INFO - Filling up the DagBag from /home/airflow/.local/lib/python3.12/site-packages/airflow/example_dags/tutorial_taskflow_templates.py
[2025-08-16T12:35:37.724+0000] {processor.py:925} INFO - DAG(s) 'tutorial_taskflow_templates' retrieved from /home/airflow/.local/lib/python3.12/site-packages/airflow/example_dags/tutorial_taskflow_templates.py
[2025-08-16T12:35:37.735+0000] {logging_mixin.py:190} INFO - [2025-08-16T12:35:37.735+0000] {dag.py:3239} INFO - Sync 1 DAGs
[2025-08-16T12:35:37.746+0000] {logging_mixin.py:190} INFO - [2025-08-16T12:35:37.746+0000] {dag.py:4180} INFO - Setting next_dagrun for tutorial_taskflow_templates to 2025-08-15 00:00:00+00:00, run_after=2025-08-16 00:00:00+00:00
[2025-08-16T12:35:37.755+0000] {processor.py:208} INFO - Processing /home/airflow/.local/lib/python3.12/site-packages/airflow/example_dags/tutorial_taskflow_templates.py took 0.047 seconds
[2025-08-16T12:36:08.924+0000] {processor.py:186} INFO - Started process (PID=468) to work on /home/airflow/.local/lib/python3.12/site-packages/airflow/example_dags/tutorial_taskflow_templates.py
[2025-08-16T12:36:08.924+0000] {processor.py:914} INFO - Processing file /home/airflow/.local/lib/python3.12/site-packages/airflow/example_dags/tutorial_taskflow_templates.py for tasks to queue
[2025-08-16T12:36:08.926+0000] {logging_mixin.py:190} INFO - [2025-08-16T12:36:08.925+0000] {dagbag.py:588} INFO - Filling up the DagBag from /home/airflow/.local/lib/python3.12/site-packages/airflow/example_dags/tutorial_taskflow_templates.py
[2025-08-16T12:36:08.932+0000] {processor.py:925} INFO - DAG(s) 'tutorial_taskflow_templates' retrieved from /home/airflow/.local/lib/python3.12/site-packages/airflow/example_dags/tutorial_taskflow_templates.py
[2025-08-16T12:36:08.943+0000] {logging_mixin.py:190} INFO - [2025-08-16T12:36:08.943+0000] {dag.py:3239} INFO - Sync 1 DAGs
[2025-08-16T12:36:08.954+0000] {logging_mixin.py:190} INFO - [2025-08-16T12:36:08.954+0000] {dag.py:4180} INFO - Setting next_dagrun for tutorial_taskflow_templates to 2025-08-15 00:00:00+00:00, run_after=2025-08-16 00:00:00+00:00
[2025-08-16T12:36:08.962+0000] {processor.py:208} INFO - Processing /home/airflow/.local/lib/python3.12/site-packages/airflow/example_dags/tutorial_taskflow_templates.py took 0.041 seconds
[2025-08-16T12:36:40.383+0000] {processor.py:186} INFO - Started process (PID=531) to work on /home/airflow/.local/lib/python3.12/site-packages/airflow/example_dags/tutorial_taskflow_templates.py
[2025-08-16T12:36:40.384+0000] {processor.py:914} INFO - Processing file /home/airflow/.local/lib/python3.12/site-packages/airflow/example_dags/tutorial_taskflow_templates.py for tasks to queue
[2025-08-16T12:36:40.385+0000] {logging_mixin.py:190} INFO - [2025-08-16T12:36:40.385+0000] {dagbag.py:588} INFO - Filling up the DagBag from /home/airflow/.local/lib/python3.12/site-packages/airflow/example_dags/tutorial_taskflow_templates.py
[2025-08-16T12:36:40.394+0000] {processor.py:925} INFO - DAG(s) 'tutorial_taskflow_templates' retrieved from /home/airflow/.local/lib/python3.12/site-packages/airflow/example_dags/tutorial_taskflow_templates.py
[2025-08-16T12:36:40.404+0000] {logging_mixin.py:190} INFO - [2025-08-16T12:36:40.404+0000] {dag.py:3239} INFO - Sync 1 DAGs
[2025-08-16T12:36:40.418+0000] {logging_mixin.py:190} INFO - [2025-08-16T12:36:40.418+0000] {dag.py:4180} INFO - Setting next_dagrun for tutorial_taskflow_templates to 2025-08-15 00:00:00+00:00, run_after=2025-08-16 00:00:00+00:00
[2025-08-16T12:36:40.430+0000] {processor.py:208} INFO - Processing /home/airflow/.local/lib/python3.12/site-packages/airflow/example_dags/tutorial_taskflow_templates.py took 0.050 seconds
